{"uid":"d300ec95f979d63f","name":"test_app_resources_conflicts","fullName":"tests.integration.ha_tests.test_smoke#test_app_resources_conflicts","historyId":"fc3d47f8f6eb9cb2bfcadac8a642071f","time":{"start":1759368939311,"stop":1759369074131,"duration":134820},"description":"Test application deploy in dirty environment with garbage storage from another application.","descriptionHtml":"<p>Test application deploy in dirty environment with garbage storage from another application.</p>\n","status":"broken","statusMessage":"lightkube.core.exceptions.ApiError: Apply failed with 1 conflict: conflict with \"kubelite\" using v1: .spec.volumeName","statusTrace":"Traceback (most recent call last):\n  File \"/root/spread_project/.tox/integration/lib/python3.12/site-packages/lightkube/core/generic_client.py\", line 300, in raise_for_status\n    resp.raise_for_status()\n  File \"/root/spread_project/.tox/integration/lib/python3.12/site-packages/httpx/_models.py\", line 829, in raise_for_status\n    raise HTTPStatusError(message, request=request, response=self)\nhttpx.HTTPStatusError: Client error '409 Conflict' for url 'https://10.1.0.253:16443/api/v1/namespaces/testing/persistentvolumeclaims/postgresql-k8s2-pgdata-8b197e0d-postgresql-k8s2-0?fieldManager=lightkube'\nFor more information check: https://developer.mozilla.org/en-US/docs/Web/HTTP/Status/409\n\nDuring handling of the above exception, another exception occurred:\n\nTraceback (most recent call last):\n  File \"/root/spread_project/.tox/integration/lib/python3.12/site-packages/_pytest/runner.py\", line 344, in from_call\n    result: TResult | None = func()\n                             ^^^^^^\n  File \"/root/spread_project/.tox/integration/lib/python3.12/site-packages/_pytest/runner.py\", line 246, in <lambda>\n    lambda: runtest_hook(item=item, **kwds), when=when, reraise=reraise\n            ^^^^^^^^^^^^^^^^^^^^^^^^^^^^^^^\n  File \"/root/spread_project/.tox/integration/lib/python3.12/site-packages/pluggy/_hooks.py\", line 512, in __call__\n    return self._hookexec(self.name, self._hookimpls.copy(), kwargs, firstresult)\n           ^^^^^^^^^^^^^^^^^^^^^^^^^^^^^^^^^^^^^^^^^^^^^^^^^^^^^^^^^^^^^^^^^^^^^^\n  File \"/root/spread_project/.tox/integration/lib/python3.12/site-packages/pluggy/_manager.py\", line 120, in _hookexec\n    return self._inner_hookexec(hook_name, methods, kwargs, firstresult)\n           ^^^^^^^^^^^^^^^^^^^^^^^^^^^^^^^^^^^^^^^^^^^^^^^^^^^^^^^^^^^^^\n  File \"/root/spread_project/.tox/integration/lib/python3.12/site-packages/pluggy/_callers.py\", line 167, in _multicall\n    raise exception\n  File \"/root/spread_project/.tox/integration/lib/python3.12/site-packages/pluggy/_callers.py\", line 139, in _multicall\n    teardown.throw(exception)\n  File \"/root/spread_project/.tox/integration/lib/python3.12/site-packages/_pytest/logging.py\", line 850, in pytest_runtest_call\n    yield\n  File \"/root/spread_project/.tox/integration/lib/python3.12/site-packages/pluggy/_callers.py\", line 139, in _multicall\n    teardown.throw(exception)\n  File \"/root/spread_project/.tox/integration/lib/python3.12/site-packages/pluggy/_callers.py\", line 53, in run_old_style_hookwrapper\n    return result.get_result()\n           ^^^^^^^^^^^^^^^^^^^\n  File \"/root/spread_project/.tox/integration/lib/python3.12/site-packages/pluggy/_result.py\", line 103, in get_result\n    raise exc.with_traceback(tb)\n  File \"/root/spread_project/.tox/integration/lib/python3.12/site-packages/pluggy/_callers.py\", line 38, in run_old_style_hookwrapper\n    res = yield\n          ^^^^^\n  File \"/root/spread_project/.tox/integration/lib/python3.12/site-packages/pluggy/_callers.py\", line 139, in _multicall\n    teardown.throw(exception)\n  File \"/root/spread_project/.tox/integration/lib/python3.12/site-packages/_pytest/capture.py\", line 900, in pytest_runtest_call\n    return (yield)\n            ^^^^^\n  File \"/root/spread_project/.tox/integration/lib/python3.12/site-packages/pluggy/_callers.py\", line 139, in _multicall\n    teardown.throw(exception)\n  File \"/root/spread_project/.tox/integration/lib/python3.12/site-packages/_pytest/skipping.py\", line 263, in pytest_runtest_call\n    return (yield)\n            ^^^^^\n  File \"/root/spread_project/.tox/integration/lib/python3.12/site-packages/pluggy/_callers.py\", line 121, in _multicall\n    res = hook_impl.function(*args)\n          ^^^^^^^^^^^^^^^^^^^^^^^^^\n  File \"/root/spread_project/.tox/integration/lib/python3.12/site-packages/_pytest/runner.py\", line 178, in pytest_runtest_call\n    item.runtest()\n  File \"/root/spread_project/.tox/integration/lib/python3.12/site-packages/_pytest/python.py\", line 1671, in runtest\n    self.ihook.pytest_pyfunc_call(pyfuncitem=self)\n  File \"/root/spread_project/.tox/integration/lib/python3.12/site-packages/pluggy/_hooks.py\", line 512, in __call__\n    return self._hookexec(self.name, self._hookimpls.copy(), kwargs, firstresult)\n           ^^^^^^^^^^^^^^^^^^^^^^^^^^^^^^^^^^^^^^^^^^^^^^^^^^^^^^^^^^^^^^^^^^^^^^\n  File \"/root/spread_project/.tox/integration/lib/python3.12/site-packages/pluggy/_manager.py\", line 120, in _hookexec\n    return self._inner_hookexec(hook_name, methods, kwargs, firstresult)\n           ^^^^^^^^^^^^^^^^^^^^^^^^^^^^^^^^^^^^^^^^^^^^^^^^^^^^^^^^^^^^^\n  File \"/root/spread_project/.tox/integration/lib/python3.12/site-packages/pluggy/_callers.py\", line 167, in _multicall\n    raise exception\n  File \"/root/spread_project/.tox/integration/lib/python3.12/site-packages/pluggy/_callers.py\", line 139, in _multicall\n    teardown.throw(exception)\n  File \"/root/spread_project/.tox/integration/lib/python3.12/site-packages/pluggy/_callers.py\", line 53, in run_old_style_hookwrapper\n    return result.get_result()\n           ^^^^^^^^^^^^^^^^^^^\n  File \"/root/spread_project/.tox/integration/lib/python3.12/site-packages/pluggy/_result.py\", line 103, in get_result\n    raise exc.with_traceback(tb)\n  File \"/root/spread_project/.tox/integration/lib/python3.12/site-packages/pluggy/_callers.py\", line 38, in run_old_style_hookwrapper\n    res = yield\n          ^^^^^\n  File \"/root/spread_project/.tox/integration/lib/python3.12/site-packages/pluggy/_callers.py\", line 121, in _multicall\n    res = hook_impl.function(*args)\n          ^^^^^^^^^^^^^^^^^^^^^^^^^\n  File \"/root/spread_project/.tox/integration/lib/python3.12/site-packages/_pytest/python.py\", line 157, in pytest_pyfunc_call\n    result = testfunction(**testargs)\n             ^^^^^^^^^^^^^^^^^^^^^^^^\n  File \"/root/spread_project/.tox/integration/lib/python3.12/site-packages/pytest_asyncio/plugin.py\", line 529, in inner\n    _loop.run_until_complete(task)\n  File \"/usr/lib/python3.12/asyncio/base_events.py\", line 687, in run_until_complete\n    return future.result()\n           ^^^^^^^^^^^^^^^\n  File \"/root/spread_project/tests/integration/ha_tests/test_smoke.py\", line 193, in test_app_resources_conflicts\n    apply_pvc_config(ops_test, dup_primary_pvc)\n  File \"/root/spread_project/tests/integration/ha_tests/helpers.py\", line 1133, in apply_pvc_config\n    client.apply(pvc_config, namespace=ops_test.model.name, field_manager=\"lightkube\")\n  File \"/root/spread_project/.tox/integration/lib/python3.12/site-packages/lightkube/core/client.py\", line 757, in apply\n    return self.patch(\n           ^^^^^^^^^^^\n  File \"/root/spread_project/.tox/integration/lib/python3.12/site-packages/lightkube/core/client.py\", line 493, in patch\n    return self._client.request(\n           ^^^^^^^^^^^^^^^^^^^^^\n  File \"/root/spread_project/.tox/integration/lib/python3.12/site-packages/lightkube/core/generic_client.py\", line 384, in request\n    return self.handle_response(method, resp, br)\n           ^^^^^^^^^^^^^^^^^^^^^^^^^^^^^^^^^^^^^^\n  File \"/root/spread_project/.tox/integration/lib/python3.12/site-packages/lightkube/core/generic_client.py\", line 316, in handle_response\n    self.raise_for_status(resp)\n  File \"/root/spread_project/.tox/integration/lib/python3.12/site-packages/lightkube/core/generic_client.py\", line 302, in raise_for_status\n    raise transform_exception(e)\nlightkube.core.exceptions.ApiError: Apply failed with 1 conflict: conflict with \"kubelite\" using v1: .spec.volumeName","flaky":false,"newFailed":false,"newBroken":true,"newPassed":false,"retriesCount":1,"retriesStatusChange":true,"beforeStages":[{"name":"event_loop","time":{"start":1759368659390,"stop":1759368659391,"duration":1},"status":"passed","steps":[],"attachments":[],"parameters":[],"shouldDisplayMessage":false,"stepsCount":0,"attachmentsCount":0,"hasContent":false,"attachmentStep":false},{"name":"tmp_path_factory","time":{"start":1759368659391,"stop":1759368659391,"duration":0},"status":"passed","steps":[],"attachments":[],"parameters":[],"shouldDisplayMessage":false,"stepsCount":0,"attachmentsCount":0,"hasContent":false,"attachmentStep":false},{"name":"charm","time":{"start":1759368659391,"stop":1759368659391,"duration":0},"status":"passed","steps":[],"attachments":[],"parameters":[],"shouldDisplayMessage":false,"stepsCount":0,"attachmentsCount":0,"hasContent":false,"attachmentStep":false},{"name":"ops_test","time":{"start":1759368659391,"stop":1759368659649,"duration":258},"status":"passed","steps":[],"attachments":[],"parameters":[],"shouldDisplayMessage":false,"stepsCount":0,"attachmentsCount":0,"hasContent":false,"attachmentStep":false},{"name":"abort_on_fail","time":{"start":1759368939311,"stop":1759368939311,"duration":0},"status":"passed","steps":[],"attachments":[],"parameters":[],"shouldDisplayMessage":false,"stepsCount":0,"attachmentsCount":0,"hasContent":false,"attachmentStep":false}],"testStage":{"description":"Test application deploy in dirty environment with garbage storage from another application.","status":"broken","statusMessage":"lightkube.core.exceptions.ApiError: Apply failed with 1 conflict: conflict with \"kubelite\" using v1: .spec.volumeName","statusTrace":"Traceback (most recent call last):\n  File \"/root/spread_project/.tox/integration/lib/python3.12/site-packages/lightkube/core/generic_client.py\", line 300, in raise_for_status\n    resp.raise_for_status()\n  File \"/root/spread_project/.tox/integration/lib/python3.12/site-packages/httpx/_models.py\", line 829, in raise_for_status\n    raise HTTPStatusError(message, request=request, response=self)\nhttpx.HTTPStatusError: Client error '409 Conflict' for url 'https://10.1.0.253:16443/api/v1/namespaces/testing/persistentvolumeclaims/postgresql-k8s2-pgdata-8b197e0d-postgresql-k8s2-0?fieldManager=lightkube'\nFor more information check: https://developer.mozilla.org/en-US/docs/Web/HTTP/Status/409\n\nDuring handling of the above exception, another exception occurred:\n\nTraceback (most recent call last):\n  File \"/root/spread_project/.tox/integration/lib/python3.12/site-packages/_pytest/runner.py\", line 344, in from_call\n    result: TResult | None = func()\n                             ^^^^^^\n  File \"/root/spread_project/.tox/integration/lib/python3.12/site-packages/_pytest/runner.py\", line 246, in <lambda>\n    lambda: runtest_hook(item=item, **kwds), when=when, reraise=reraise\n            ^^^^^^^^^^^^^^^^^^^^^^^^^^^^^^^\n  File \"/root/spread_project/.tox/integration/lib/python3.12/site-packages/pluggy/_hooks.py\", line 512, in __call__\n    return self._hookexec(self.name, self._hookimpls.copy(), kwargs, firstresult)\n           ^^^^^^^^^^^^^^^^^^^^^^^^^^^^^^^^^^^^^^^^^^^^^^^^^^^^^^^^^^^^^^^^^^^^^^\n  File \"/root/spread_project/.tox/integration/lib/python3.12/site-packages/pluggy/_manager.py\", line 120, in _hookexec\n    return self._inner_hookexec(hook_name, methods, kwargs, firstresult)\n           ^^^^^^^^^^^^^^^^^^^^^^^^^^^^^^^^^^^^^^^^^^^^^^^^^^^^^^^^^^^^^\n  File \"/root/spread_project/.tox/integration/lib/python3.12/site-packages/pluggy/_callers.py\", line 167, in _multicall\n    raise exception\n  File \"/root/spread_project/.tox/integration/lib/python3.12/site-packages/pluggy/_callers.py\", line 139, in _multicall\n    teardown.throw(exception)\n  File \"/root/spread_project/.tox/integration/lib/python3.12/site-packages/_pytest/logging.py\", line 850, in pytest_runtest_call\n    yield\n  File \"/root/spread_project/.tox/integration/lib/python3.12/site-packages/pluggy/_callers.py\", line 139, in _multicall\n    teardown.throw(exception)\n  File \"/root/spread_project/.tox/integration/lib/python3.12/site-packages/pluggy/_callers.py\", line 53, in run_old_style_hookwrapper\n    return result.get_result()\n           ^^^^^^^^^^^^^^^^^^^\n  File \"/root/spread_project/.tox/integration/lib/python3.12/site-packages/pluggy/_result.py\", line 103, in get_result\n    raise exc.with_traceback(tb)\n  File \"/root/spread_project/.tox/integration/lib/python3.12/site-packages/pluggy/_callers.py\", line 38, in run_old_style_hookwrapper\n    res = yield\n          ^^^^^\n  File \"/root/spread_project/.tox/integration/lib/python3.12/site-packages/pluggy/_callers.py\", line 139, in _multicall\n    teardown.throw(exception)\n  File \"/root/spread_project/.tox/integration/lib/python3.12/site-packages/_pytest/capture.py\", line 900, in pytest_runtest_call\n    return (yield)\n            ^^^^^\n  File \"/root/spread_project/.tox/integration/lib/python3.12/site-packages/pluggy/_callers.py\", line 139, in _multicall\n    teardown.throw(exception)\n  File \"/root/spread_project/.tox/integration/lib/python3.12/site-packages/_pytest/skipping.py\", line 263, in pytest_runtest_call\n    return (yield)\n            ^^^^^\n  File \"/root/spread_project/.tox/integration/lib/python3.12/site-packages/pluggy/_callers.py\", line 121, in _multicall\n    res = hook_impl.function(*args)\n          ^^^^^^^^^^^^^^^^^^^^^^^^^\n  File \"/root/spread_project/.tox/integration/lib/python3.12/site-packages/_pytest/runner.py\", line 178, in pytest_runtest_call\n    item.runtest()\n  File \"/root/spread_project/.tox/integration/lib/python3.12/site-packages/_pytest/python.py\", line 1671, in runtest\n    self.ihook.pytest_pyfunc_call(pyfuncitem=self)\n  File \"/root/spread_project/.tox/integration/lib/python3.12/site-packages/pluggy/_hooks.py\", line 512, in __call__\n    return self._hookexec(self.name, self._hookimpls.copy(), kwargs, firstresult)\n           ^^^^^^^^^^^^^^^^^^^^^^^^^^^^^^^^^^^^^^^^^^^^^^^^^^^^^^^^^^^^^^^^^^^^^^\n  File \"/root/spread_project/.tox/integration/lib/python3.12/site-packages/pluggy/_manager.py\", line 120, in _hookexec\n    return self._inner_hookexec(hook_name, methods, kwargs, firstresult)\n           ^^^^^^^^^^^^^^^^^^^^^^^^^^^^^^^^^^^^^^^^^^^^^^^^^^^^^^^^^^^^^\n  File \"/root/spread_project/.tox/integration/lib/python3.12/site-packages/pluggy/_callers.py\", line 167, in _multicall\n    raise exception\n  File \"/root/spread_project/.tox/integration/lib/python3.12/site-packages/pluggy/_callers.py\", line 139, in _multicall\n    teardown.throw(exception)\n  File \"/root/spread_project/.tox/integration/lib/python3.12/site-packages/pluggy/_callers.py\", line 53, in run_old_style_hookwrapper\n    return result.get_result()\n           ^^^^^^^^^^^^^^^^^^^\n  File \"/root/spread_project/.tox/integration/lib/python3.12/site-packages/pluggy/_result.py\", line 103, in get_result\n    raise exc.with_traceback(tb)\n  File \"/root/spread_project/.tox/integration/lib/python3.12/site-packages/pluggy/_callers.py\", line 38, in run_old_style_hookwrapper\n    res = yield\n          ^^^^^\n  File \"/root/spread_project/.tox/integration/lib/python3.12/site-packages/pluggy/_callers.py\", line 121, in _multicall\n    res = hook_impl.function(*args)\n          ^^^^^^^^^^^^^^^^^^^^^^^^^\n  File \"/root/spread_project/.tox/integration/lib/python3.12/site-packages/_pytest/python.py\", line 157, in pytest_pyfunc_call\n    result = testfunction(**testargs)\n             ^^^^^^^^^^^^^^^^^^^^^^^^\n  File \"/root/spread_project/.tox/integration/lib/python3.12/site-packages/pytest_asyncio/plugin.py\", line 529, in inner\n    _loop.run_until_complete(task)\n  File \"/usr/lib/python3.12/asyncio/base_events.py\", line 687, in run_until_complete\n    return future.result()\n           ^^^^^^^^^^^^^^^\n  File \"/root/spread_project/tests/integration/ha_tests/test_smoke.py\", line 193, in test_app_resources_conflicts\n    apply_pvc_config(ops_test, dup_primary_pvc)\n  File \"/root/spread_project/tests/integration/ha_tests/helpers.py\", line 1133, in apply_pvc_config\n    client.apply(pvc_config, namespace=ops_test.model.name, field_manager=\"lightkube\")\n  File \"/root/spread_project/.tox/integration/lib/python3.12/site-packages/lightkube/core/client.py\", line 757, in apply\n    return self.patch(\n           ^^^^^^^^^^^\n  File \"/root/spread_project/.tox/integration/lib/python3.12/site-packages/lightkube/core/client.py\", line 493, in patch\n    return self._client.request(\n           ^^^^^^^^^^^^^^^^^^^^^\n  File \"/root/spread_project/.tox/integration/lib/python3.12/site-packages/lightkube/core/generic_client.py\", line 384, in request\n    return self.handle_response(method, resp, br)\n           ^^^^^^^^^^^^^^^^^^^^^^^^^^^^^^^^^^^^^^\n  File \"/root/spread_project/.tox/integration/lib/python3.12/site-packages/lightkube/core/generic_client.py\", line 316, in handle_response\n    self.raise_for_status(resp)\n  File \"/root/spread_project/.tox/integration/lib/python3.12/site-packages/lightkube/core/generic_client.py\", line 302, in raise_for_status\n    raise transform_exception(e)\nlightkube.core.exceptions.ApiError: Apply failed with 1 conflict: conflict with \"kubelite\" using v1: .spec.volumeName","steps":[],"attachments":[{"uid":"fd7acf30e3ec2069","name":"log","source":"fd7acf30e3ec2069.txt","type":"text/plain","size":8685}],"parameters":[],"shouldDisplayMessage":true,"stepsCount":0,"attachmentsCount":1,"hasContent":true,"attachmentStep":false},"afterStages":[{"name":"abort_on_fail::0","time":{"start":1759369074159,"stop":1759369074159,"duration":0},"status":"passed","steps":[],"attachments":[],"parameters":[],"shouldDisplayMessage":false,"stepsCount":0,"attachmentsCount":0,"hasContent":false,"attachmentStep":false},{"name":"ops_test::finalizer","time":{"start":1759369074159,"stop":1759369074547,"duration":388},"status":"passed","steps":[],"attachments":[],"parameters":[],"shouldDisplayMessage":false,"stepsCount":0,"attachmentsCount":0,"hasContent":false,"attachmentStep":false},{"name":"event_loop::2","time":{"start":1759369074548,"stop":1759369074548,"duration":0},"status":"passed","steps":[],"attachments":[],"parameters":[],"shouldDisplayMessage":false,"stepsCount":0,"attachmentsCount":0,"hasContent":false,"attachmentStep":false},{"name":"event_loop::_close_event_loop","time":{"start":1759369074548,"stop":1759369074548,"duration":0},"status":"passed","steps":[],"attachments":[],"parameters":[],"shouldDisplayMessage":false,"stepsCount":0,"attachmentsCount":0,"hasContent":false,"attachmentStep":false},{"name":"event_loop::_provide_clean_event_loop","time":{"start":1759369074548,"stop":1759369074548,"duration":0},"status":"passed","steps":[],"attachments":[],"parameters":[],"shouldDisplayMessage":false,"stepsCount":0,"attachmentsCount":0,"hasContent":false,"attachmentStep":false}],"labels":[{"name":"tag","value":"abort_on_fail"},{"name":"tag","value":"asyncio"},{"name":"parentSuite","value":"tests.integration.ha_tests"},{"name":"suite","value":"test_smoke"},{"name":"host","value":"runnervm3ublj"},{"name":"thread","value":"21538-MainThread"},{"name":"framework","value":"pytest"},{"name":"language","value":"cpython3"},{"name":"package","value":"tests.integration.ha_tests.test_smoke"},{"name":"resultFormat","value":"allure2"}],"parameters":[],"links":[],"hidden":false,"retry":false,"extra":{"severity":"normal","retries":[{"uid":"d47999632eb7f7da","status":"unknown","time":{}}],"categories":[{"name":"Test defects","matchedStatuses":[]}],"history":{"statistic":{"failed":0,"broken":3,"skipped":3,"passed":434,"unknown":16,"total":456},"items":[{"uid":"421a1119bbcf2aab","reportUrl":"../4592//#testresult/421a1119bbcf2aab","status":"passed","time":{"start":1759282577951,"stop":1759283215397,"duration":637446}},{"uid":"103976ef10ba9a3a","reportUrl":"../4582//#testresult/103976ef10ba9a3a","status":"passed","time":{"start":1759196868828,"stop":1759197505075,"duration":636247}},{"uid":"9927237e17f9e2c2","reportUrl":"../4572//#testresult/9927237e17f9e2c2","status":"passed","time":{"start":1759109858371,"stop":1759110493299,"duration":634928}},{"uid":"13ec2ba91b42d85","reportUrl":"../4571//#testresult/13ec2ba91b42d85","status":"passed","time":{"start":1759023996169,"stop":1759024638114,"duration":641945}},{"uid":"52ee8f093c572490","reportUrl":"../4570//#testresult/52ee8f093c572490","status":"passed","time":{"start":1758936949197,"stop":1758937606536,"duration":657339}},{"uid":"92141df3a5384d42","reportUrl":"../4563//#testresult/92141df3a5384d42","status":"passed","time":{"start":1758850603961,"stop":1758851242712,"duration":638751}},{"uid":"88200000301bb3f3","reportUrl":"../4562//#testresult/88200000301bb3f3","status":"passed","time":{"start":1758764347408,"stop":1758764988897,"duration":641489}},{"uid":"8c2e6f04413cc58e","reportUrl":"../4559//#testresult/8c2e6f04413cc58e","status":"passed","time":{"start":1758677755173,"stop":1758678395672,"duration":640499}},{"uid":"696d661ea6e925d8","reportUrl":"../4548//#testresult/696d661ea6e925d8","status":"passed","time":{"start":1758591334011,"stop":1758591970550,"duration":636539}},{"uid":"cef639d7762af7b7","reportUrl":"../4544//#testresult/cef639d7762af7b7","status":"passed","time":{"start":1758504961208,"stop":1758505596423,"duration":635215}},{"uid":"654478204084f8bc","reportUrl":"../4542//#testresult/654478204084f8bc","status":"passed","time":{"start":1758418654622,"stop":1758419309239,"duration":654617}},{"uid":"d2280a55fd0578f8","reportUrl":"../4540//#testresult/d2280a55fd0578f8","status":"passed","time":{"start":1758332248626,"stop":1758332889762,"duration":641136}},{"uid":"f9980775a6e32bd9","reportUrl":"../4539//#testresult/f9980775a6e32bd9","status":"passed","time":{"start":1758245853149,"stop":1758246492350,"duration":639201}},{"uid":"ffb206de53de61f0","reportUrl":"../4538//#testresult/ffb206de53de61f0","status":"passed","time":{"start":1758159347882,"stop":1758159984162,"duration":636280}},{"uid":"909047d21bd50510","reportUrl":"../4535//#testresult/909047d21bd50510","status":"passed","time":{"start":1758073043975,"stop":1758073682040,"duration":638065}},{"uid":"5f37ec7e0e5b40c0","reportUrl":"../4528//#testresult/5f37ec7e0e5b40c0","status":"passed","time":{"start":1757986623218,"stop":1757987260808,"duration":637590}},{"uid":"2371fb141caeafe5","reportUrl":"../4524//#testresult/2371fb141caeafe5","status":"unknown","time":{}},{"uid":"f0e06c262e034379","reportUrl":"../4521//#testresult/f0e06c262e034379","status":"unknown","time":{}},{"uid":"a8cfe4fee5e34a40","reportUrl":"../4520//#testresult/a8cfe4fee5e34a40","status":"unknown","time":{}},{"uid":"ceec9c475249797e","reportUrl":"../4515//#testresult/ceec9c475249797e","status":"unknown","time":{}}]},"tags":["asyncio","abort_on_fail"]},"source":"d300ec95f979d63f.json","parameterValues":[]}