{"uid":"dc0fa4012aa9fa3c","name":"test_tls","fullName":"tests.integration.test_tls#test_tls","historyId":"2261d1bf845985b00a372e1561d88e5e","time":{"start":1759368647850,"stop":1759369342038,"duration":694188},"status":"failed","statusMessage":"AssertionError: TLS is not being used on pg_rewind connections\nassert 'connection authorized: user=rewind database=postgres SSL enabled' in '/var/log/postgresql/postgresql-4_0132.log:2025-10-02 01:32:47 UTC [885]: user=operator,db=postgres,app=[unknown],client=10.1.0.39,line=15 LOG:  00000: statement: GRANT ALL PRIVILEGES ON DATABASE postgres TO \"rewind\";\\n/var/log/postgresql/postgresql-4_0132.log:2025-10-02 01:32:47 UTC [890]: user=operator,db=postgres,app=[unknown],client=10.1.0.39,line=11 LOG:  00000: statement: GRANT \"internal_access\" TO \"rewind\";\\n/var/log/postgresql/postgresql-4_0138.log:2025-10-02 01:38:31 UTC [6560]: user=operator,db=postgres,app=[unknown],client=10.1.0.39,line=9 LOG:  00000: statement: CREATE TABLE pgrewindtest (testcol INT);\\n/var/log/postgresql/postgresql-4_0138.log:2025-10-02 01:38:31 UTC [6560]: user=operator,db=postgres,app=[unknown],client=10.1.0.39,line=11 LOG:  00000: AUDIT: SESSION,2,1,DDL,CREATE TABLE,TABLE,public.pgrewindtest,CREATE TABLE pgrewindtest (testcol INT);,<not logged>\\n'","statusTrace":"Traceback (most recent call last):\n  File \"/root/spread_project/.tox/integration/lib/python3.12/site-packages/_pytest/runner.py\", line 344, in from_call\n    result: TResult | None = func()\n                             ^^^^^^\n  File \"/root/spread_project/.tox/integration/lib/python3.12/site-packages/_pytest/runner.py\", line 246, in <lambda>\n    lambda: runtest_hook(item=item, **kwds), when=when, reraise=reraise\n            ^^^^^^^^^^^^^^^^^^^^^^^^^^^^^^^\n  File \"/root/spread_project/.tox/integration/lib/python3.12/site-packages/pluggy/_hooks.py\", line 512, in __call__\n    return self._hookexec(self.name, self._hookimpls.copy(), kwargs, firstresult)\n           ^^^^^^^^^^^^^^^^^^^^^^^^^^^^^^^^^^^^^^^^^^^^^^^^^^^^^^^^^^^^^^^^^^^^^^\n  File \"/root/spread_project/.tox/integration/lib/python3.12/site-packages/pluggy/_manager.py\", line 120, in _hookexec\n    return self._inner_hookexec(hook_name, methods, kwargs, firstresult)\n           ^^^^^^^^^^^^^^^^^^^^^^^^^^^^^^^^^^^^^^^^^^^^^^^^^^^^^^^^^^^^^\n  File \"/root/spread_project/.tox/integration/lib/python3.12/site-packages/pluggy/_callers.py\", line 167, in _multicall\n    raise exception\n  File \"/root/spread_project/.tox/integration/lib/python3.12/site-packages/pluggy/_callers.py\", line 139, in _multicall\n    teardown.throw(exception)\n  File \"/root/spread_project/.tox/integration/lib/python3.12/site-packages/_pytest/logging.py\", line 850, in pytest_runtest_call\n    yield\n  File \"/root/spread_project/.tox/integration/lib/python3.12/site-packages/pluggy/_callers.py\", line 139, in _multicall\n    teardown.throw(exception)\n  File \"/root/spread_project/.tox/integration/lib/python3.12/site-packages/pluggy/_callers.py\", line 53, in run_old_style_hookwrapper\n    return result.get_result()\n           ^^^^^^^^^^^^^^^^^^^\n  File \"/root/spread_project/.tox/integration/lib/python3.12/site-packages/pluggy/_result.py\", line 103, in get_result\n    raise exc.with_traceback(tb)\n  File \"/root/spread_project/.tox/integration/lib/python3.12/site-packages/pluggy/_callers.py\", line 38, in run_old_style_hookwrapper\n    res = yield\n          ^^^^^\n  File \"/root/spread_project/.tox/integration/lib/python3.12/site-packages/pluggy/_callers.py\", line 139, in _multicall\n    teardown.throw(exception)\n  File \"/root/spread_project/.tox/integration/lib/python3.12/site-packages/_pytest/capture.py\", line 900, in pytest_runtest_call\n    return (yield)\n            ^^^^^\n  File \"/root/spread_project/.tox/integration/lib/python3.12/site-packages/pluggy/_callers.py\", line 139, in _multicall\n    teardown.throw(exception)\n  File \"/root/spread_project/.tox/integration/lib/python3.12/site-packages/_pytest/skipping.py\", line 263, in pytest_runtest_call\n    return (yield)\n            ^^^^^\n  File \"/root/spread_project/.tox/integration/lib/python3.12/site-packages/pluggy/_callers.py\", line 121, in _multicall\n    res = hook_impl.function(*args)\n          ^^^^^^^^^^^^^^^^^^^^^^^^^\n  File \"/root/spread_project/.tox/integration/lib/python3.12/site-packages/_pytest/runner.py\", line 178, in pytest_runtest_call\n    item.runtest()\n  File \"/root/spread_project/.tox/integration/lib/python3.12/site-packages/_pytest/python.py\", line 1671, in runtest\n    self.ihook.pytest_pyfunc_call(pyfuncitem=self)\n  File \"/root/spread_project/.tox/integration/lib/python3.12/site-packages/pluggy/_hooks.py\", line 512, in __call__\n    return self._hookexec(self.name, self._hookimpls.copy(), kwargs, firstresult)\n           ^^^^^^^^^^^^^^^^^^^^^^^^^^^^^^^^^^^^^^^^^^^^^^^^^^^^^^^^^^^^^^^^^^^^^^\n  File \"/root/spread_project/.tox/integration/lib/python3.12/site-packages/pluggy/_manager.py\", line 120, in _hookexec\n    return self._inner_hookexec(hook_name, methods, kwargs, firstresult)\n           ^^^^^^^^^^^^^^^^^^^^^^^^^^^^^^^^^^^^^^^^^^^^^^^^^^^^^^^^^^^^^\n  File \"/root/spread_project/.tox/integration/lib/python3.12/site-packages/pluggy/_callers.py\", line 167, in _multicall\n    raise exception\n  File \"/root/spread_project/.tox/integration/lib/python3.12/site-packages/pluggy/_callers.py\", line 139, in _multicall\n    teardown.throw(exception)\n  File \"/root/spread_project/.tox/integration/lib/python3.12/site-packages/pluggy/_callers.py\", line 53, in run_old_style_hookwrapper\n    return result.get_result()\n           ^^^^^^^^^^^^^^^^^^^\n  File \"/root/spread_project/.tox/integration/lib/python3.12/site-packages/pluggy/_result.py\", line 103, in get_result\n    raise exc.with_traceback(tb)\n  File \"/root/spread_project/.tox/integration/lib/python3.12/site-packages/pluggy/_callers.py\", line 38, in run_old_style_hookwrapper\n    res = yield\n          ^^^^^\n  File \"/root/spread_project/.tox/integration/lib/python3.12/site-packages/pluggy/_callers.py\", line 121, in _multicall\n    res = hook_impl.function(*args)\n          ^^^^^^^^^^^^^^^^^^^^^^^^^\n  File \"/root/spread_project/.tox/integration/lib/python3.12/site-packages/_pytest/python.py\", line 157, in pytest_pyfunc_call\n    result = testfunction(**testargs)\n             ^^^^^^^^^^^^^^^^^^^^^^^^\n  File \"/root/spread_project/.tox/integration/lib/python3.12/site-packages/pytest_asyncio/plugin.py\", line 529, in inner\n    _loop.run_until_complete(task)\n  File \"/usr/lib/python3.12/asyncio/base_events.py\", line 687, in run_until_complete\n    return future.result()\n           ^^^^^^^^^^^^^^^\n  File \"/root/spread_project/tests/integration/test_tls.py\", line 164, in test_tls\n    for attempt in Retrying(stop=stop_after_delay(60 * 3), wait=wait_fixed(2), reraise=True):\n  File \"/root/spread_project/.tox/integration/lib/python3.12/site-packages/tenacity/__init__.py\", line 445, in __iter__\n    do = self.iter(retry_state=retry_state)\n         ^^^^^^^^^^^^^^^^^^^^^^^^^^^^^^^^^^\n  File \"/root/spread_project/.tox/integration/lib/python3.12/site-packages/tenacity/__init__.py\", line 378, in iter\n    result = action(retry_state)\n             ^^^^^^^^^^^^^^^^^^^\n  File \"/root/spread_project/.tox/integration/lib/python3.12/site-packages/tenacity/__init__.py\", line 420, in exc_check\n    raise retry_exc.reraise()\n          ^^^^^^^^^^^^^^^^^^^\n  File \"/root/spread_project/.tox/integration/lib/python3.12/site-packages/tenacity/__init__.py\", line 187, in reraise\n    raise self.last_attempt.result()\n          ^^^^^^^^^^^^^^^^^^^^^^^^^^\n  File \"/usr/lib/python3.12/concurrent/futures/_base.py\", line 449, in result\n    return self.__get_result()\n           ^^^^^^^^^^^^^^^^^^^\n  File \"/usr/lib/python3.12/concurrent/futures/_base.py\", line 401, in __get_result\n    raise self._exception\n  File \"/root/spread_project/tests/integration/test_tls.py\", line 166, in test_tls\n    await check_tls_rewind(ops_test)\n  File \"/root/spread_project/tests/integration/test_tls.py\", line 69, in check_tls_rewind\n    assert \"connection authorized: user=rewind database=postgres SSL enabled\" in logs, (\nAssertionError: TLS is not being used on pg_rewind connections\nassert 'connection authorized: user=rewind database=postgres SSL enabled' in '/var/log/postgresql/postgresql-4_0132.log:2025-10-02 01:32:47 UTC [885]: user=operator,db=postgres,app=[unknown],client=10.1.0.39,line=15 LOG:  00000: statement: GRANT ALL PRIVILEGES ON DATABASE postgres TO \"rewind\";\\n/var/log/postgresql/postgresql-4_0132.log:2025-10-02 01:32:47 UTC [890]: user=operator,db=postgres,app=[unknown],client=10.1.0.39,line=11 LOG:  00000: statement: GRANT \"internal_access\" TO \"rewind\";\\n/var/log/postgresql/postgresql-4_0138.log:2025-10-02 01:38:31 UTC [6560]: user=operator,db=postgres,app=[unknown],client=10.1.0.39,line=9 LOG:  00000: statement: CREATE TABLE pgrewindtest (testcol INT);\\n/var/log/postgresql/postgresql-4_0138.log:2025-10-02 01:38:31 UTC [6560]: user=operator,db=postgres,app=[unknown],client=10.1.0.39,line=11 LOG:  00000: AUDIT: SESSION,2,1,DDL,CREATE TABLE,TABLE,public.pgrewindtest,CREATE TABLE pgrewindtest (testcol INT);,<not logged>\\n'","flaky":false,"newFailed":true,"newBroken":false,"newPassed":false,"retriesCount":1,"retriesStatusChange":true,"beforeStages":[{"name":"ops_test","time":{"start":1759368640679,"stop":1759368640995,"duration":316},"status":"passed","steps":[],"attachments":[],"parameters":[],"shouldDisplayMessage":false,"stepsCount":0,"attachmentsCount":0,"hasContent":false,"attachmentStep":false},{"name":"event_loop","time":{"start":1759368640679,"stop":1759368640679,"duration":0},"status":"passed","steps":[],"attachments":[],"parameters":[],"shouldDisplayMessage":false,"stepsCount":0,"attachmentsCount":0,"hasContent":false,"attachmentStep":false},{"name":"tmp_path_factory","time":{"start":1759368640679,"stop":1759368640679,"duration":0},"status":"passed","steps":[],"attachments":[],"parameters":[],"shouldDisplayMessage":false,"stepsCount":0,"attachmentsCount":0,"hasContent":false,"attachmentStep":false},{"name":"abort_on_fail","time":{"start":1759368647848,"stop":1759368647848,"duration":0},"status":"passed","steps":[],"attachments":[],"parameters":[],"shouldDisplayMessage":false,"stepsCount":0,"attachmentsCount":0,"hasContent":false,"attachmentStep":false}],"testStage":{"status":"failed","statusMessage":"AssertionError: TLS is not being used on pg_rewind connections\nassert 'connection authorized: user=rewind database=postgres SSL enabled' in '/var/log/postgresql/postgresql-4_0132.log:2025-10-02 01:32:47 UTC [885]: user=operator,db=postgres,app=[unknown],client=10.1.0.39,line=15 LOG:  00000: statement: GRANT ALL PRIVILEGES ON DATABASE postgres TO \"rewind\";\\n/var/log/postgresql/postgresql-4_0132.log:2025-10-02 01:32:47 UTC [890]: user=operator,db=postgres,app=[unknown],client=10.1.0.39,line=11 LOG:  00000: statement: GRANT \"internal_access\" TO \"rewind\";\\n/var/log/postgresql/postgresql-4_0138.log:2025-10-02 01:38:31 UTC [6560]: user=operator,db=postgres,app=[unknown],client=10.1.0.39,line=9 LOG:  00000: statement: CREATE TABLE pgrewindtest (testcol INT);\\n/var/log/postgresql/postgresql-4_0138.log:2025-10-02 01:38:31 UTC [6560]: user=operator,db=postgres,app=[unknown],client=10.1.0.39,line=11 LOG:  00000: AUDIT: SESSION,2,1,DDL,CREATE TABLE,TABLE,public.pgrewindtest,CREATE TABLE pgrewindtest (testcol INT);,<not logged>\\n'","statusTrace":"Traceback (most recent call last):\n  File \"/root/spread_project/.tox/integration/lib/python3.12/site-packages/_pytest/runner.py\", line 344, in from_call\n    result: TResult | None = func()\n                             ^^^^^^\n  File \"/root/spread_project/.tox/integration/lib/python3.12/site-packages/_pytest/runner.py\", line 246, in <lambda>\n    lambda: runtest_hook(item=item, **kwds), when=when, reraise=reraise\n            ^^^^^^^^^^^^^^^^^^^^^^^^^^^^^^^\n  File \"/root/spread_project/.tox/integration/lib/python3.12/site-packages/pluggy/_hooks.py\", line 512, in __call__\n    return self._hookexec(self.name, self._hookimpls.copy(), kwargs, firstresult)\n           ^^^^^^^^^^^^^^^^^^^^^^^^^^^^^^^^^^^^^^^^^^^^^^^^^^^^^^^^^^^^^^^^^^^^^^\n  File \"/root/spread_project/.tox/integration/lib/python3.12/site-packages/pluggy/_manager.py\", line 120, in _hookexec\n    return self._inner_hookexec(hook_name, methods, kwargs, firstresult)\n           ^^^^^^^^^^^^^^^^^^^^^^^^^^^^^^^^^^^^^^^^^^^^^^^^^^^^^^^^^^^^^\n  File \"/root/spread_project/.tox/integration/lib/python3.12/site-packages/pluggy/_callers.py\", line 167, in _multicall\n    raise exception\n  File \"/root/spread_project/.tox/integration/lib/python3.12/site-packages/pluggy/_callers.py\", line 139, in _multicall\n    teardown.throw(exception)\n  File \"/root/spread_project/.tox/integration/lib/python3.12/site-packages/_pytest/logging.py\", line 850, in pytest_runtest_call\n    yield\n  File \"/root/spread_project/.tox/integration/lib/python3.12/site-packages/pluggy/_callers.py\", line 139, in _multicall\n    teardown.throw(exception)\n  File \"/root/spread_project/.tox/integration/lib/python3.12/site-packages/pluggy/_callers.py\", line 53, in run_old_style_hookwrapper\n    return result.get_result()\n           ^^^^^^^^^^^^^^^^^^^\n  File \"/root/spread_project/.tox/integration/lib/python3.12/site-packages/pluggy/_result.py\", line 103, in get_result\n    raise exc.with_traceback(tb)\n  File \"/root/spread_project/.tox/integration/lib/python3.12/site-packages/pluggy/_callers.py\", line 38, in run_old_style_hookwrapper\n    res = yield\n          ^^^^^\n  File \"/root/spread_project/.tox/integration/lib/python3.12/site-packages/pluggy/_callers.py\", line 139, in _multicall\n    teardown.throw(exception)\n  File \"/root/spread_project/.tox/integration/lib/python3.12/site-packages/_pytest/capture.py\", line 900, in pytest_runtest_call\n    return (yield)\n            ^^^^^\n  File \"/root/spread_project/.tox/integration/lib/python3.12/site-packages/pluggy/_callers.py\", line 139, in _multicall\n    teardown.throw(exception)\n  File \"/root/spread_project/.tox/integration/lib/python3.12/site-packages/_pytest/skipping.py\", line 263, in pytest_runtest_call\n    return (yield)\n            ^^^^^\n  File \"/root/spread_project/.tox/integration/lib/python3.12/site-packages/pluggy/_callers.py\", line 121, in _multicall\n    res = hook_impl.function(*args)\n          ^^^^^^^^^^^^^^^^^^^^^^^^^\n  File \"/root/spread_project/.tox/integration/lib/python3.12/site-packages/_pytest/runner.py\", line 178, in pytest_runtest_call\n    item.runtest()\n  File \"/root/spread_project/.tox/integration/lib/python3.12/site-packages/_pytest/python.py\", line 1671, in runtest\n    self.ihook.pytest_pyfunc_call(pyfuncitem=self)\n  File \"/root/spread_project/.tox/integration/lib/python3.12/site-packages/pluggy/_hooks.py\", line 512, in __call__\n    return self._hookexec(self.name, self._hookimpls.copy(), kwargs, firstresult)\n           ^^^^^^^^^^^^^^^^^^^^^^^^^^^^^^^^^^^^^^^^^^^^^^^^^^^^^^^^^^^^^^^^^^^^^^\n  File \"/root/spread_project/.tox/integration/lib/python3.12/site-packages/pluggy/_manager.py\", line 120, in _hookexec\n    return self._inner_hookexec(hook_name, methods, kwargs, firstresult)\n           ^^^^^^^^^^^^^^^^^^^^^^^^^^^^^^^^^^^^^^^^^^^^^^^^^^^^^^^^^^^^^\n  File \"/root/spread_project/.tox/integration/lib/python3.12/site-packages/pluggy/_callers.py\", line 167, in _multicall\n    raise exception\n  File \"/root/spread_project/.tox/integration/lib/python3.12/site-packages/pluggy/_callers.py\", line 139, in _multicall\n    teardown.throw(exception)\n  File \"/root/spread_project/.tox/integration/lib/python3.12/site-packages/pluggy/_callers.py\", line 53, in run_old_style_hookwrapper\n    return result.get_result()\n           ^^^^^^^^^^^^^^^^^^^\n  File \"/root/spread_project/.tox/integration/lib/python3.12/site-packages/pluggy/_result.py\", line 103, in get_result\n    raise exc.with_traceback(tb)\n  File \"/root/spread_project/.tox/integration/lib/python3.12/site-packages/pluggy/_callers.py\", line 38, in run_old_style_hookwrapper\n    res = yield\n          ^^^^^\n  File \"/root/spread_project/.tox/integration/lib/python3.12/site-packages/pluggy/_callers.py\", line 121, in _multicall\n    res = hook_impl.function(*args)\n          ^^^^^^^^^^^^^^^^^^^^^^^^^\n  File \"/root/spread_project/.tox/integration/lib/python3.12/site-packages/_pytest/python.py\", line 157, in pytest_pyfunc_call\n    result = testfunction(**testargs)\n             ^^^^^^^^^^^^^^^^^^^^^^^^\n  File \"/root/spread_project/.tox/integration/lib/python3.12/site-packages/pytest_asyncio/plugin.py\", line 529, in inner\n    _loop.run_until_complete(task)\n  File \"/usr/lib/python3.12/asyncio/base_events.py\", line 687, in run_until_complete\n    return future.result()\n           ^^^^^^^^^^^^^^^\n  File \"/root/spread_project/tests/integration/test_tls.py\", line 164, in test_tls\n    for attempt in Retrying(stop=stop_after_delay(60 * 3), wait=wait_fixed(2), reraise=True):\n  File \"/root/spread_project/.tox/integration/lib/python3.12/site-packages/tenacity/__init__.py\", line 445, in __iter__\n    do = self.iter(retry_state=retry_state)\n         ^^^^^^^^^^^^^^^^^^^^^^^^^^^^^^^^^^\n  File \"/root/spread_project/.tox/integration/lib/python3.12/site-packages/tenacity/__init__.py\", line 378, in iter\n    result = action(retry_state)\n             ^^^^^^^^^^^^^^^^^^^\n  File \"/root/spread_project/.tox/integration/lib/python3.12/site-packages/tenacity/__init__.py\", line 420, in exc_check\n    raise retry_exc.reraise()\n          ^^^^^^^^^^^^^^^^^^^\n  File \"/root/spread_project/.tox/integration/lib/python3.12/site-packages/tenacity/__init__.py\", line 187, in reraise\n    raise self.last_attempt.result()\n          ^^^^^^^^^^^^^^^^^^^^^^^^^^\n  File \"/usr/lib/python3.12/concurrent/futures/_base.py\", line 449, in result\n    return self.__get_result()\n           ^^^^^^^^^^^^^^^^^^^\n  File \"/usr/lib/python3.12/concurrent/futures/_base.py\", line 401, in __get_result\n    raise self._exception\n  File \"/root/spread_project/tests/integration/test_tls.py\", line 166, in test_tls\n    await check_tls_rewind(ops_test)\n  File \"/root/spread_project/tests/integration/test_tls.py\", line 69, in check_tls_rewind\n    assert \"connection authorized: user=rewind database=postgres SSL enabled\" in logs, (\nAssertionError: TLS is not being used on pg_rewind connections\nassert 'connection authorized: user=rewind database=postgres SSL enabled' in '/var/log/postgresql/postgresql-4_0132.log:2025-10-02 01:32:47 UTC [885]: user=operator,db=postgres,app=[unknown],client=10.1.0.39,line=15 LOG:  00000: statement: GRANT ALL PRIVILEGES ON DATABASE postgres TO \"rewind\";\\n/var/log/postgresql/postgresql-4_0132.log:2025-10-02 01:32:47 UTC [890]: user=operator,db=postgres,app=[unknown],client=10.1.0.39,line=11 LOG:  00000: statement: GRANT \"internal_access\" TO \"rewind\";\\n/var/log/postgresql/postgresql-4_0138.log:2025-10-02 01:38:31 UTC [6560]: user=operator,db=postgres,app=[unknown],client=10.1.0.39,line=9 LOG:  00000: statement: CREATE TABLE pgrewindtest (testcol INT);\\n/var/log/postgresql/postgresql-4_0138.log:2025-10-02 01:38:31 UTC [6560]: user=operator,db=postgres,app=[unknown],client=10.1.0.39,line=11 LOG:  00000: AUDIT: SESSION,2,1,DDL,CREATE TABLE,TABLE,public.pgrewindtest,CREATE TABLE pgrewindtest (testcol INT);,<not logged>\\n'","steps":[],"attachments":[{"uid":"591f1aaef81b1fac","name":"log","source":"591f1aaef81b1fac.txt","type":"text/plain","size":18874}],"parameters":[],"shouldDisplayMessage":true,"stepsCount":0,"attachmentsCount":1,"hasContent":true,"attachmentStep":false},"afterStages":[{"name":"abort_on_fail::0","time":{"start":1759369342063,"stop":1759369342063,"duration":0},"status":"passed","steps":[],"attachments":[],"parameters":[],"shouldDisplayMessage":false,"stepsCount":0,"attachmentsCount":0,"hasContent":false,"attachmentStep":false},{"name":"ops_test::finalizer","time":{"start":1759369342084,"stop":1759369342747,"duration":663},"status":"passed","steps":[],"attachments":[],"parameters":[],"shouldDisplayMessage":false,"stepsCount":0,"attachmentsCount":0,"hasContent":false,"attachmentStep":false},{"name":"event_loop::2","time":{"start":1759369342748,"stop":1759369342748,"duration":0},"status":"passed","steps":[],"attachments":[],"parameters":[],"shouldDisplayMessage":false,"stepsCount":0,"attachmentsCount":0,"hasContent":false,"attachmentStep":false},{"name":"event_loop::_close_event_loop","time":{"start":1759369342748,"stop":1759369342749,"duration":1},"status":"passed","steps":[],"attachments":[],"parameters":[],"shouldDisplayMessage":false,"stepsCount":0,"attachmentsCount":0,"hasContent":false,"attachmentStep":false},{"name":"event_loop::_provide_clean_event_loop","time":{"start":1759369342749,"stop":1759369342749,"duration":0},"status":"passed","steps":[],"attachments":[],"parameters":[],"shouldDisplayMessage":false,"stepsCount":0,"attachmentsCount":0,"hasContent":false,"attachmentStep":false}],"labels":[{"name":"tag","value":"abort_on_fail"},{"name":"tag","value":"asyncio"},{"name":"parentSuite","value":"tests.integration"},{"name":"suite","value":"test_tls"},{"name":"host","value":"runnervm3ublj"},{"name":"thread","value":"20948-MainThread"},{"name":"framework","value":"pytest"},{"name":"language","value":"cpython3"},{"name":"package","value":"tests.integration.test_tls"},{"name":"resultFormat","value":"allure2"}],"parameters":[],"links":[],"hidden":false,"retry":false,"extra":{"severity":"normal","retries":[{"uid":"fc8129c801e34659","status":"unknown","time":{}}],"categories":[{"name":"Product defects","matchedStatuses":[]}],"history":{"statistic":{"failed":23,"broken":1,"skipped":0,"passed":366,"unknown":12,"total":402},"items":[{"uid":"a2a4fe556f98e51","reportUrl":"../4592//#testresult/a2a4fe556f98e51","status":"passed","time":{"start":1759282297122,"stop":1759282872323,"duration":575201}},{"uid":"badd45084f5b4825","reportUrl":"../4582//#testresult/badd45084f5b4825","status":"passed","time":{"start":1759196993246,"stop":1759197596842,"duration":603596}},{"uid":"747ad8e2ca6db983","reportUrl":"../4572//#testresult/747ad8e2ca6db983","status":"passed","time":{"start":1759109489601,"stop":1759110101945,"duration":612344}},{"uid":"aca158b1c4076127","reportUrl":"../4571//#testresult/aca158b1c4076127","status":"passed","time":{"start":1759023680116,"stop":1759024249478,"duration":569362}},{"uid":"68970b29929057ef","reportUrl":"../4570//#testresult/68970b29929057ef","status":"passed","time":{"start":1758936737604,"stop":1758937292217,"duration":554613}},{"uid":"bc5abfd7bfd717a3","reportUrl":"../4563//#testresult/bc5abfd7bfd717a3","status":"passed","time":{"start":1758850230341,"stop":1758850802274,"duration":571933}},{"uid":"c25f5f5ee0eea22d","reportUrl":"../4562//#testresult/c25f5f5ee0eea22d","status":"passed","time":{"start":1758764189817,"stop":1758764702946,"duration":513129}},{"uid":"7bfec286ba6deaf2","reportUrl":"../4559//#testresult/7bfec286ba6deaf2","status":"failed","statusDetails":"AssertionError: TLS is not being used on pg_rewind connections\nassert 'connection authorized: user=rewind database=postgres SSL enabled' in '/var/log/postgresql/postgresql-3_0134.log:2025-09-24 01:34:30 UTC [882]: user=operator,db=postgres,app=[unknown],client=10.1.0.77,line=15 LOG:  00000: statement: GRANT ALL PRIVILEGES ON DATABASE postgres TO \"rewind\";\\n/var/log/postgresql/postgresql-3_0134.log:2025-09-24 01:34:30 UTC [887]: user=operator,db=postgres,app=[unknown],client=10.1.0.77,line=11 LOG:  00000: statement: GRANT \"internal_access\" TO \"rewind\";\\n/var/log/postgresql/postgresql-3_0139.log:2025-09-24 01:39:54 UTC [6565]: user=operator,db=postgres,app=[unknown],client=10.1.0.77,line=9 LOG:  00000: statement: CREATE TABLE pgrewindtest (testcol INT);\\n/var/log/postgresql/postgresql-3_0139.log:2025-09-24 01:39:54 UTC [6565]: user=operator,db=postgres,app=[unknown],client=10.1.0.77,line=11 LOG:  00000: AUDIT: SESSION,2,1,DDL,CREATE TABLE,TABLE,public.pgrewindtest,CREATE TABLE pgrewindtest (testcol INT);,<not logged>\\n'","time":{"start":1758677552156,"stop":1758678215202,"duration":663046}},{"uid":"c58dff05a579fabb","reportUrl":"../4548//#testresult/c58dff05a579fabb","status":"passed","time":{"start":1758591133961,"stop":1758591681153,"duration":547192}},{"uid":"f622d6ed97259352","reportUrl":"../4544//#testresult/f622d6ed97259352","status":"failed","statusDetails":"AssertionError: TLS is not being used on pg_rewind connections\nassert 'connection authorized: user=rewind database=postgres SSL enabled' in '/var/log/postgresql/postgresql-1_0134.log:2025-09-22 01:34:09 UTC [883]: user=operator,db=postgres,app=[unknown],client=10.1.0.206,line=15 LOG:  00000: statement: GRANT ALL PRIVILEGES ON DATABASE postgres TO \"rewind\";\\n/var/log/postgresql/postgresql-1_0134.log:2025-09-22 01:34:09 UTC [888]: user=operator,db=postgres,app=[unknown],client=10.1.0.206,line=11 LOG:  00000: statement: GRANT \"internal_access\" TO \"rewind\";\\n/var/log/postgresql/postgresql-1_0140.log:2025-09-22 01:40:02 UTC [6767]: user=operator,db=postgres,app=[unknown],client=10.1.0.206,line=9 LOG:  00000: statement: CREATE TABLE pgrewindtest (testcol INT);\\n/var/log/postgresql/postgresql-1_0140.log:2025-09-22 01:40:02 UTC [6767]: user=operator,db=postgres,app=[unknown],client=10.1.0.206,line=11 LOG:  00000: AUDIT: SESSION,2,1,DDL,CREATE TABLE,TABLE,public.pgrewindtest,CREATE TABLE pgrewindtest (testcol INT);,<not logged>\\n'","time":{"start":1758504734231,"stop":1758505429222,"duration":694991}},{"uid":"febf0444d4ab8536","reportUrl":"../4542//#testresult/febf0444d4ab8536","status":"passed","time":{"start":1758418355077,"stop":1758418894652,"duration":539575}},{"uid":"747d1912b14fde5b","reportUrl":"../4540//#testresult/747d1912b14fde5b","status":"passed","time":{"start":1758331963459,"stop":1758332532357,"duration":568898}},{"uid":"6b893346111fa8b9","reportUrl":"../4539//#testresult/6b893346111fa8b9","status":"passed","time":{"start":1758245568580,"stop":1758246113418,"duration":544838}},{"uid":"1f76a3a74d1e0127","reportUrl":"../4538//#testresult/1f76a3a74d1e0127","status":"passed","time":{"start":1758159199281,"stop":1758159758721,"duration":559440}},{"uid":"58e3a65788c90a3","reportUrl":"../4535//#testresult/58e3a65788c90a3","status":"passed","time":{"start":1758072657820,"stop":1758073189597,"duration":531777}},{"uid":"df05f13badccf892","reportUrl":"../4528//#testresult/df05f13badccf892","status":"failed","statusDetails":"AssertionError: TLS is not being used on pg_rewind connections\nassert 'connection authorized: user=rewind database=postgres SSL enabled' in '/var/log/postgresql/postgresql-2_0134.log:2025-09-16 01:34:00 UTC [883]: user=operator,db=postgres,app=[unknown],client=10.1.0.152,line=15 LOG:  00000: statement: GRANT ALL PRIVILEGES ON DATABASE postgres TO \"rewind\";\\n/var/log/postgresql/postgresql-2_0134.log:2025-09-16 01:34:00 UTC [888]: user=operator,db=postgres,app=[unknown],client=10.1.0.152,line=11 LOG:  00000: statement: GRANT \"internal_access\" TO \"rewind\";\\n/var/log/postgresql/postgresql-2_0140.log:2025-09-16 01:40:14 UTC [6047]: user=operator,db=postgres,app=[unknown],client=10.1.0.152,line=9 LOG:  00000: statement: CREATE TABLE pgrewindtest (testcol INT);\\n/var/log/postgresql/postgresql-2_0140.log:2025-09-16 01:40:14 UTC [6047]: user=operator,db=postgres,app=[unknown],client=10.1.0.152,line=11 LOG:  00000: AUDIT: SESSION,2,1,DDL,CREATE TABLE,TABLE,public.pgrewindtest,CREATE TABLE pgrewindtest (testcol INT);,<not logged>\\n'","time":{"start":1757986323992,"stop":1757987039788,"duration":715796}},{"uid":"3f5a17fb88ea7794","reportUrl":"../4524//#testresult/3f5a17fb88ea7794","status":"unknown","time":{}},{"uid":"5c511aa1e9142282","reportUrl":"../4521//#testresult/5c511aa1e9142282","status":"unknown","time":{}},{"uid":"dffdc96016b24a94","reportUrl":"../4520//#testresult/dffdc96016b24a94","status":"unknown","time":{}},{"uid":"522c49c6a24fea2a","reportUrl":"../4515//#testresult/522c49c6a24fea2a","status":"passed","time":{"start":1757640656886,"stop":1757641246445,"duration":589559}}]},"tags":["asyncio","abort_on_fail"]},"source":"dc0fa4012aa9fa3c.json","parameterValues":[]}