[32mINFO    [0m integration.ha_tests.test_upgrade_to_primary_label:test_upgrade_to_primary_label.py:80 starting continuous writes to the database
[33mWARNING [0m juju.model:model.py:1564 relate is deprecated and will be removed. Use integrate instead.
[32mINFO    [0m juju.model:model.py:2972 Waiting for model:
  postgresql-test-app/0 [idle] active: 
  postgresql-k8s/0 [idle] active: 
  postgresql-k8s/1 [idle] active: 
  postgresql-k8s/2 [idle] active: Primary
[32mINFO    [0m juju.model:model.py:2972 Waiting for model:
  postgresql-test-app/0 [idle] active: received database credentials of the first database
  postgresql-k8s/0 [executing] active: 
[32mINFO    [0m integration.ha_tests.test_upgrade_to_primary_label:test_upgrade_to_primary_label.py:84 checking whether writes are increasing
[32mINFO    [0m httpx:_client.py:1038 HTTP Request: GET https://10.1.0.207:16443/api/v1/namespaces/test/pods/postgresql-k8s-0 "HTTP/1.1 200 OK"
[32mINFO    [0m httpx:_client.py:1038 HTTP Request: GET https://10.1.0.207:16443/api/v1/namespaces/test/pods/postgresql-k8s-2 "HTTP/1.1 200 OK"
[32mINFO    [0m integration.ha_tests.helpers:helpers.py:248 Initial writes {'test.postgresql-k8s-0': 182, 'test.postgresql-k8s-2': 184}
[32mINFO    [0m httpx:_client.py:1038 HTTP Request: GET https://10.1.0.207:16443/api/v1/namespaces/test/pods/postgresql-k8s-0 "HTTP/1.1 200 OK"
[32mINFO    [0m httpx:_client.py:1038 HTTP Request: GET https://10.1.0.207:16443/api/v1/namespaces/test/pods/postgresql-k8s-2 "HTTP/1.1 200 OK"
[32mINFO    [0m integration.ha_tests.helpers:helpers.py:254 Retry writes {'test.postgresql-k8s-0': 325, 'test.postgresql-k8s-2': 327}
[32mINFO    [0m integration.ha_tests.test_upgrade_to_primary_label:test_upgrade_to_primary_label.py:87 Get leader unit
[32mINFO    [0m integration.ha_tests.test_upgrade_to_primary_label:test_upgrade_to_primary_label.py:93 Run pre-upgrade-check action
[32mINFO    [0m integration.ha_tests.test_upgrade_to_primary_label:test_upgrade_to_primary_label.py:107 Refresh the charm
[32mINFO    [0m integration.ha_tests.test_upgrade_to_primary_label:test_upgrade_to_primary_label.py:110 Get first upgrading unit
[32mINFO    [0m juju.model:model.py:2972 Waiting for model:
  postgresql-k8s/0 [idle] waiting: other units upgrading first...
  postgresql-k8s/1 [idle] waiting: other units upgrading first...
  postgresql-k8s/2 [idle] maintenance: upgrade completed
[32mINFO    [0m juju.model:model.py:2972 Waiting for model:
  postgresql-k8s/0 [executing] waiting: other units upgrading first...
  postgresql-k8s/1 [executing] waiting: other units upgrading first...
  postgresql-k8s/2 [executing] active: 
[32mINFO    [0m juju.model:model.py:2972 Waiting for model:
  postgresql-k8s/0 [idle] waiting: other units upgrading first...
  postgresql-k8s/1 [idle] waiting: other units upgrading first...
  postgresql-k8s/2 [idle] active: 
[32mINFO    [0m integration.ha_tests.test_upgrade_to_primary_label:test_upgrade_to_primary_label.py:123 checking whether writes are increasing
[32mINFO    [0m httpx:_client.py:1038 HTTP Request: GET https://10.1.0.207:16443/api/v1/namespaces/test/pods/postgresql-k8s-0 "HTTP/1.1 200 OK"
[32mINFO    [0m httpx:_client.py:1038 HTTP Request: GET https://10.1.0.207:16443/api/v1/namespaces/test/pods/postgresql-k8s-1 "HTTP/1.1 200 OK"
[32mINFO    [0m integration.ha_tests.helpers:helpers.py:248 Initial writes {'test.postgresql-k8s-0': 10626, 'test.postgresql-k8s-1': 10627}
[32mINFO    [0m httpx:_client.py:1038 HTTP Request: GET https://10.1.0.207:16443/api/v1/namespaces/test/pods/postgresql-k8s-0 "HTTP/1.1 200 OK"
[32mINFO    [0m httpx:_client.py:1038 HTTP Request: GET https://10.1.0.207:16443/api/v1/namespaces/test/pods/postgresql-k8s-1 "HTTP/1.1 200 OK"
[32mINFO    [0m integration.ha_tests.helpers:helpers.py:254 Retry writes {'test.postgresql-k8s-0': 10770, 'test.postgresql-k8s-1': 10771}
[32mINFO    [0m httpx:_client.py:1038 HTTP Request: GET https://10.1.0.207:16443/api/v1/namespaces/test/pods/postgresql-k8s-0 "HTTP/1.1 200 OK"
[32mINFO    [0m httpx:_client.py:1038 HTTP Request: GET https://10.1.0.207:16443/api/v1/namespaces/test/pods/postgresql-k8s-1 "HTTP/1.1 200 OK"
[32mINFO    [0m httpx:_client.py:1038 HTTP Request: GET https://10.1.0.207:16443/api/v1/namespaces/test/pods/postgresql-k8s-2 "HTTP/1.1 200 OK"
[32mINFO    [0m integration.ha_tests.test_upgrade_to_primary_label:test_upgrade_to_primary_label.py:131 Resume upgrade
[32mINFO    [0m integration.ha_tests.test_upgrade_to_primary_label:test_upgrade_to_primary_label.py:135 Wait for application to upgrade
[32mINFO    [0m juju.model:model.py:2972 Waiting for model:
  postgresql-k8s/0 [idle] waiting: other units upgrading first...
  postgresql-k8s/1 [executing] maintenance: stopping charm software
  postgresql-k8s/2 [idle] active: 
[32mINFO    [0m juju.model:model.py:2972 Waiting for model:
  postgresql-k8s/0 [idle] waiting: other units upgrading first...
  postgresql-k8s/1 [idle] waiting: awaiting for cluster to start
  postgresql-k8s/2 [idle] active: 
[32mINFO    [0m juju.model:model.py:2972 Waiting for model:
  postgresql-k8s/0 [idle] waiting: other units upgrading first...
  postgresql-k8s/1 [idle] waiting: awaiting for cluster to start
  postgresql-k8s/2 [idle] active: 
[32mINFO    [0m juju.model:model.py:2972 Waiting for model:
  postgresql-k8s/0 [idle] waiting: other units upgrading first...
  postgresql-k8s/1 [idle] waiting: awaiting for cluster to start
  postgresql-k8s/2 [idle] active: 
[32mINFO    [0m juju.model:model.py:2972 Waiting for model:
  postgresql-k8s/0 [executing] maintenance: 
  postgresql-k8s/1 [idle] maintenance: upgrade completed
  postgresql-k8s/2 [idle] active: 
[32mINFO    [0m juju.model:model.py:2972 Waiting for model:
  postgresql-k8s/0 [executing] waiting: awaiting for cluster to start
  postgresql-k8s/1 [idle] maintenance: upgrade completed
  postgresql-k8s/2 [idle] active: 
[32mINFO    [0m juju.model:model.py:2972 Waiting for model:
  postgresql-k8s/0 [idle] maintenance: upgrade completed
  postgresql-k8s/1 [idle] maintenance: upgrade completed
  postgresql-k8s/2 [idle] active: 
[32mINFO    [0m juju.model:model.py:2972 Waiting for model:
  postgresql-k8s/0 [idle] active: 
  postgresql-k8s/1 [idle] active: 
  postgresql-k8s/2 [idle] active:
[32mINFO    [0m pytest_operator.plugin:plugin.py:903 Model status:

Model  Controller          Cloud/Region        Version  SLA          Timestamp
test   microk8s-localhost  microk8s/localhost  3.4.6    unsupported  01:49:28Z

App                  Version  Status  Scale  Charm                Channel      Rev  Address         Exposed  Message
postgresql-k8s       14.13    active      3  postgresql-k8s                      0  10.152.183.219  no       
postgresql-test-app           active      1  postgresql-test-app  latest/edge  305  10.152.183.252  no       received database credentials of the first database

Unit                    Workload  Agent      Address      Ports  Message
postgresql-k8s/0        active    idle       10.1.194.81         
postgresql-k8s/1        active    idle       10.1.194.80         
postgresql-k8s/2*       active    idle       10.1.194.79         
postgresql-test-app/0*  active    executing  10.1.194.72         received database credentials of the first database

[32mINFO    [0m pytest_operator.plugin:plugin.py:909 Juju error logs:

unit-postgresql-k8s-2: 01:43:56 ERROR unit.postgresql-k8s/2.juju-log database:4: failed to change plugins: 
Traceback (most recent call last):
  File "/var/lib/juju/agents/unit-postgresql-k8s-2/charm/lib/charms/postgresql_k8s/v0/postgresql.py", line 346, in enable_disable_extensions
    cursor.execute(
psycopg2.errors.ObjectNotInPrerequisiteState: pgaudit must be loaded via shared_preload_libraries


During handling of the above exception, another exception occurred:

Traceback (most recent call last):
  File "/var/lib/juju/agents/unit-postgresql-k8s-2/charm/./src/charm.py", line 719, in _handle_enable_disable_extensions
    self.postgresql.enable_disable_extensions(extensions, database)
  File "/var/lib/juju/agents/unit-postgresql-k8s-2/charm/lib/charms/tempo_coordinator_k8s/v0/charm_tracing.py", line 1064, in wrapped_function
    return callable(*args, **kwargs)  # type: ignore
  File "/var/lib/juju/agents/unit-postgresql-k8s-2/charm/lib/charms/postgresql_k8s/v0/postgresql.py", line 357, in enable_disable_extensions
    raise PostgreSQLEnableDisableExtensionError()
charms.postgresql_k8s.v0.postgresql.PostgreSQLEnableDisableExtensionError
unit-postgresql-k8s-1: 01:47:06 ERROR unit.postgresql-k8s/1.juju-log failed to change plugins: 
Traceback (most recent call last):
  File "/var/lib/juju/agents/unit-postgresql-k8s-1/charm/lib/charms/postgresql_k8s/v0/postgresql.py", line 346, in enable_disable_extensions
    cursor.execute(
psycopg2.errors.ObjectNotInPrerequisiteState: pgaudit must be loaded via shared_preload_libraries


During handling of the above exception, another exception occurred:

Traceback (most recent call last):
  File "/var/lib/juju/agents/unit-postgresql-k8s-1/charm/./src/charm.py", line 719, in _handle_enable_disable_extensions
    self.postgresql.enable_disable_extensions(extensions, database)
  File "/var/lib/juju/agents/unit-postgresql-k8s-1/charm/lib/charms/tempo_coordinator_k8s/v0/charm_tracing.py", line 1064, in wrapped_function
    return callable(*args, **kwargs)  # type: ignore
  File "/var/lib/juju/agents/unit-postgresql-k8s-1/charm/lib/charms/postgresql_k8s/v0/postgresql.py", line 357, in enable_disable_extensions
    raise PostgreSQLEnableDisableExtensionError()
charms.postgresql_k8s.v0.postgresql.PostgreSQLEnableDisableExtensionError
controller-0: 01:49:12 ERROR juju.worker.caasapplicationprovisioner.runner exited "postgresql-k8s": rpc error: code = Unavailable desc = error reading from server: read unix @->/var/snap/microk8s/7549/var/kubernetes/backend/kine.sock:12379: read: connection reset by peer
unit-postgresql-k8s-2: 01:49:12 ERROR unit.postgresql-k8s/2.juju-log upgrade:1: Uncaught exception while in charm code:
Traceback (most recent call last):
  File "/var/lib/juju/agents/unit-postgresql-k8s-2/charm/venv/ops/model.py", line 3319, in _run
    result = subprocess.run(args, **kwargs)  # type: ignore
  File "/usr/lib/python3.10/subprocess.py", line 526, in run
    raise CalledProcessError(retcode, process.args,
subprocess.CalledProcessError: Command '('/var/lib/juju/tools/unit-postgresql-k8s-2/secret-get', '--label', 'database.4.tls.secret', '--format=json')' returned non-zero exit status 1.

The above exception was the direct cause of the following exception:

Traceback (most recent call last):
  File "/var/lib/juju/agents/unit-postgresql-k8s-2/charm/./src/charm.py", line 2239, in <module>
    main(PostgresqlOperatorCharm, use_juju_for_storage=True)
  File "/var/lib/juju/agents/unit-postgresql-k8s-2/charm/venv/ops/__init__.py", line 343, in __call__
    return _main.main(charm_class=charm_class, use_juju_for_storage=use_juju_for_storage)
  File "/var/lib/juju/agents/unit-postgresql-k8s-2/charm/venv/ops/_main.py", line 543, in main
    manager.run()
  File "/var/lib/juju/agents/unit-postgresql-k8s-2/charm/venv/ops/_main.py", line 529, in run
    self._emit()
  File "/var/lib/juju/agents/unit-postgresql-k8s-2/charm/venv/ops/_main.py", line 518, in _emit
    _emit_charm_event(self.charm, self.dispatcher.event_name, self._juju_context)
  File "/var/lib/juju/agents/unit-postgresql-k8s-2/charm/venv/ops/_main.py", line 134, in _emit_charm_event
    event_to_emit.emit(*args, **kwargs)
  File "/var/lib/juju/agents/unit-postgresql-k8s-2/charm/venv/ops/framework.py", line 347, in emit
    framework._emit(event)
  File "/var/lib/juju/agents/unit-postgresql-k8s-2/charm/venv/ops/framework.py", line 857, in _emit
    self._reemit(event_path)
  File "/var/lib/juju/agents/unit-postgresql-k8s-2/charm/venv/ops/framework.py", line 947, in _reemit
    custom_handler(event)
  File "/var/lib/juju/agents/unit-postgresql-k8s-2/charm/lib/charms/tempo_coordinator_k8s/v0/charm_tracing.py", line 1064, in wrapped_function
    return callable(*args, **kwargs)  # type: ignore
  File "/var/lib/juju/agents/unit-postgresql-k8s-2/charm/src/upgrade.py", line 154, in _on_upgrade_changed
    self.charm.update_config()
  File "/var/lib/juju/agents/unit-postgresql-k8s-2/charm/lib/charms/tempo_coordinator_k8s/v0/charm_tracing.py", line 1064, in wrapped_function
    return callable(*args, **kwargs)  # type: ignore
  File "/var/lib/juju/agents/unit-postgresql-k8s-2/charm/./src/charm.py", line 1893, in update_config
    self._handle_postgresql_restart_need()
  File "/var/lib/juju/agents/unit-postgresql-k8s-2/charm/lib/charms/tempo_coordinator_k8s/v0/charm_tracing.py", line 1064, in wrapped_function
    return callable(*args, **kwargs)  # type: ignore
  File "/var/lib/juju/agents/unit-postgresql-k8s-2/charm/./src/charm.py", line 1954, in _handle_postgresql_restart_need
    self.postgresql_client_relation.update_tls_flag("True" if self.is_tls_enabled else "False")
  File "/var/lib/juju/agents/unit-postgresql-k8s-2/charm/lib/charms/tempo_coordinator_k8s/v0/charm_tracing.py", line 1064, in wrapped_function
    return callable(*args, **kwargs)  # type: ignore
  File "/var/lib/juju/agents/unit-postgresql-k8s-2/charm/src/relations/postgresql_provider.py", line 224, in update_tls_flag
    self.database_provides.set_tls(relation.id, tls)
  File "/var/lib/juju/agents/unit-postgresql-k8s-2/charm/lib/charms/data_platform_libs/v0/data_interfaces.py", line 1683, in set_tls
    self.update_relation_data(relation_id, {"tls": tls})
  File "/var/lib/juju/agents/unit-postgresql-k8s-2/charm/lib/charms/data_platform_libs/v0/data_interfaces.py", line 496, in wrapper
    return f(self, *args, **kwargs)
  File "/var/lib/juju/agents/unit-postgresql-k8s-2/charm/lib/charms/data_platform_libs/v0/data_interfaces.py", line 1407, in update_relation_data
    return self._update_relation_data(relation, data)
  File "/var/lib/juju/agents/unit-postgresql-k8s-2/charm/lib/charms/data_platform_libs/v0/data_interfaces.py", line 1639, in _update_relation_data
    _, normal_fields = self._process_secret_fields(
  File "/var/lib/juju/agents/unit-postgresql-k8s-2/charm/lib/charms/data_platform_libs/v0/data_interfaces.py", line 1190, in _process_secret_fields
    if group_result := operation(relation, group, secret_fields, *args, **kwargs):
  File "/var/lib/juju/agents/unit-postgresql-k8s-2/charm/lib/charms/data_platform_libs/v0/data_interfaces.py", line 1532, in _add_or_update_relation_secrets
    if self._get_relation_secret(relation.id, group):
  File "/var/lib/juju/agents/unit-postgresql-k8s-2/charm/lib/charms/data_platform_libs/v0/data_interfaces.py", line 508, in wrapper
    return f(self, *args, **kwargs)
  File "/var/lib/juju/agents/unit-postgresql-k8s-2/charm/lib/charms/data_platform_libs/v0/data_interfaces.py", line 1587, in _get_relation_secret
    if secret := self.secrets.get(label):
  File "/var/lib/juju/agents/unit-postgresql-k8s-2/charm/lib/charms/data_platform_libs/v0/data_interfaces.py", line 812, in get
    if secret.meta:
  File "/var/lib/juju/agents/unit-postgresql-k8s-2/charm/lib/charms/data_platform_libs/v0/data_interfaces.py", line 642, in meta
    self._secret_meta = self._model.get_secret(label=self.label)
  File "/var/lib/juju/agents/unit-postgresql-k8s-2/charm/venv/ops/model.py", line 307, in get_secret
    content = self._backend.secret_get(id=id, label=label)
  File "/var/lib/juju/agents/unit-postgresql-k8s-2/charm/venv/ops/model.py", line 3691, in secret_get
    result = self._run('secret-get', *args, return_output=True, use_json=True)
  File "/var/lib/juju/agents/unit-postgresql-k8s-2/charm/venv/ops/model.py", line 3321, in _run
    raise ModelError(e.stderr) from e
ops.model.ModelError: ERROR unable to determine legacy status for namespace "test": rpc error: code = Unavailable desc = error reading from server: read unix @->/var/snap/microk8s/7549/var/kubernetes/backend/kine.sock:12379: read: connection reset by peer

unit-postgresql-k8s-2: 01:49:12 ERROR juju.worker.uniter.operation hook "upgrade-relation-changed" (via hook dispatching script: dispatch) failed: exit status 1

[32mINFO    [0m pytest_operator.plugin:plugin.py:991 Forgetting model main...