[32mINFO    [0m pytest_operator.plugin:plugin.py:766 Connecting to existing model microk8s-localhost:test on unspecified cloud
[32mINFO    [0m integration.test_backups_pitr:test_backups_pitr.py:108 deploying the next charms: s3-integrator, self-signed-certificates, postgresql
[32mINFO    [0m juju.model:__init__.py:2301 Deploying ch:amd64/jammy/s3-integrator-77
[32mINFO    [0m juju.model:__init__.py:2301 Deploying ch:amd64/jammy/self-signed-certificates-155
[32mINFO    [0m juju.model:__init__.py:2301 Deploying local:postgresql-k8s-0
[32mINFO    [0m integration.test_backups_pitr:test_backups_pitr.py:113 integrating self-signed-certificates with postgresql and waiting them to stabilize
[33mWARNING [0m juju.model:__init__.py:1683 relate is deprecated and will be removed. Use integrate instead.
[32mINFO    [0m juju.model:__init__.py:3254 Waiting for model:
  postgresql-k8s-gcp/0 [allocating] waiting: installing agent
  postgresql-k8s-gcp/1 [allocating] waiting: installing agent
  self-signed-certificates/0 [allocating] waiting: installing agent
[32mINFO    [0m juju.model:__init__.py:3254 Waiting for model:
  postgresql-k8s-gcp/0 [executing] maintenance: installing charm software
  postgresql-k8s-gcp/1 [executing] maintenance: installing charm software
[32mINFO    [0m juju.model:__init__.py:3254 Waiting for model:
  postgresql-k8s-gcp/0 [executing] unknown: 
  postgresql-k8s-gcp/1 [idle] waiting: awaiting for cluster to start
  self-signed-certificates/0 [idle] active: 
[32mINFO    [0m juju.model:__init__.py:3254 Waiting for model:
  postgresql-k8s-gcp/0 [idle] unknown: 
  postgresql-k8s-gcp/1 [executing] waiting: awaiting for primary endpoint to be ready
[32mINFO    [0m juju.model:__init__.py:3254 Waiting for model:
  postgresql-k8s-gcp/0 [idle] unknown: 
  postgresql-k8s-gcp/1 [idle] active: Primary
[32mINFO    [0m juju.model:__init__.py:3254 Waiting for model:
  postgresql-k8s-gcp/0 [idle] waiting: awaiting for cluster to start
  postgresql-k8s-gcp/1 [idle] maintenance: Executing restart operation
  self-signed-certificates/0 [idle] active: 
[32mINFO    [0m juju.model:__init__.py:3254 Waiting for model:
  postgresql-k8s-gcp/0 [idle] waiting: awaiting for cluster to start
  postgresql-k8s-gcp/1 [idle] active: Primary
[32mINFO    [0m juju.model:__init__.py:3254 Waiting for model:
  postgresql-k8s-gcp/0 [idle] waiting: awaiting for cluster to start
  postgresql-k8s-gcp/1 [idle] active: Primary
[32mINFO    [0m juju.model:__init__.py:3254 Waiting for model:
  postgresql-k8s-gcp/0 [idle] waiting: awaiting for member to start
  postgresql-k8s-gcp/1 [idle] active: Primary
[32mINFO    [0m juju.model:__init__.py:3254 Waiting for model:
  postgresql-k8s-gcp/0 [idle] active: 
  postgresql-k8s-gcp/1 [idle] active: Primary
[32mINFO    [0m integration.test_backups_pitr:test_backups_pitr.py:126 configuring S3 integrator for gcp
[32mINFO    [0m integration.test_backups_pitr:test_backups_pitr.py:134 integrating s3-integrator with postgresql and waiting model to stabilize
[33mWARNING [0m juju.model:__init__.py:1683 relate is deprecated and will be removed. Use integrate instead.
[32mINFO    [0m juju.model:__init__.py:3254 Waiting for model:
  s3-integrator/0 [executing] blocked: Missing parameters: ['access-key', 'secret-key']
  self-signed-certificates/0 [idle] active: 
  postgresql-k8s-gcp/0 [idle] active: 
  postgresql-k8s-gcp/1 [executing] active: Primary
[32mINFO    [0m juju.model:__init__.py:3254 Waiting for model:
  postgresql-k8s-gcp/0 [idle] active: 
  postgresql-k8s-gcp/1 [executing] maintenance: initialising stanza
[32mINFO    [0m integration.test_backups_pitr:test_backups_pitr.py:147 1: creating table
[32mINFO    [0m integration.test_backups_pitr:test_backups_pitr.py:150 1: creating backup b1
[32mINFO    [0m integration.test_backups_pitr:test_backups_pitr.py:71 deleting the previously created backups
[32mINFO    [0m pytest_operator.plugin:plugin.py:903 Model status:

Model  Controller          Cloud/Region        Version  SLA          Timestamp
test   microk8s-localhost  microk8s/localhost  3.6.1    unsupported  01:36:06Z

App                       Version  Status   Scale  Charm                     Channel        Rev  Address         Exposed  Message
postgresql-k8s-gcp        14.13    waiting      2  postgresql-k8s                             0  10.152.183.49   no       installing agent
s3-integrator                      active       1  s3-integrator             latest/stable   77  10.152.183.175  no       
self-signed-certificates           active       1  self-signed-certificates  latest/stable  155  10.152.183.241  no       

Unit                         Workload     Agent  Address      Ports  Message
postgresql-k8s-gcp/0         maintenance  idle   10.1.13.204         creating backup
postgresql-k8s-gcp/1*        active       idle   10.1.13.205         Primary
s3-integrator/0*             active       idle   10.1.13.200         
self-signed-certificates/0*  active       idle   10.1.13.201         

[32mINFO    [0m pytest_operator.plugin:plugin.py:909 Juju error logs:

unit-postgresql-k8s-gcp-0: 01:36:01 ERROR unit.postgresql-k8s-gcp/0.juju-log non-zero exit code 101 executing ['pgbackrest', '--stanza=test.patroni-postgresql-k8s-gcp', '--log-level-console=debug', '--type=full', 'backup']
Traceback (most recent call last):
  File "/var/lib/juju/agents/unit-postgresql-k8s-gcp-0/charm/src/backups.py", line 829, in _on_create_backup_action
    stdout, stderr = self._execute_command(command, stream=True)
  File "/var/lib/juju/agents/unit-postgresql-k8s-gcp-0/charm/lib/charms/tempo_coordinator_k8s/v0/charm_tracing.py", line 1064, in wrapped_function
    return callable(*args, **kwargs)  # type: ignore
  File "/var/lib/juju/agents/unit-postgresql-k8s-gcp-0/charm/src/backups.py", line 306, in _execute_command
    process.wait()
  File "/var/lib/juju/agents/unit-postgresql-k8s-gcp-0/charm/venv/lib/python3.10/site-packages/ops/pebble.py", line 1712, in wait
    raise ExecError(self._command, exit_code, None, None)
ops.pebble.ExecError: non-zero exit code 101 executing ['pgbackrest', '--stanza=test.patroni-postgresql-k8s-gcp', '--log-level-console=debug', '--type=full', 'backup']
unit-postgresql-k8s-gcp-0: 01:36:01 ERROR unit.postgresql-k8s-gcp/0.juju-log Uncaught exception while in charm code:
Traceback (most recent call last):
  File "/var/lib/juju/agents/unit-postgresql-k8s-gcp-0/charm/src/backups.py", line 829, in _on_create_backup_action
    stdout, stderr = self._execute_command(command, stream=True)
  File "/var/lib/juju/agents/unit-postgresql-k8s-gcp-0/charm/lib/charms/tempo_coordinator_k8s/v0/charm_tracing.py", line 1064, in wrapped_function
    return callable(*args, **kwargs)  # type: ignore
  File "/var/lib/juju/agents/unit-postgresql-k8s-gcp-0/charm/src/backups.py", line 306, in _execute_command
    process.wait()
  File "/var/lib/juju/agents/unit-postgresql-k8s-gcp-0/charm/venv/lib/python3.10/site-packages/ops/pebble.py", line 1712, in wait
    raise ExecError(self._command, exit_code, None, None)
ops.pebble.ExecError: non-zero exit code 101 executing ['pgbackrest', '--stanza=test.patroni-postgresql-k8s-gcp', '--log-level-console=debug', '--type=full', 'backup']

During handling of the above exception, another exception occurred:

Traceback (most recent call last):
  File "/var/lib/juju/agents/unit-postgresql-k8s-gcp-0/charm/src/charm.py", line 2247, in <module>
    main(PostgresqlOperatorCharm, use_juju_for_storage=True)
  File "/var/lib/juju/agents/unit-postgresql-k8s-gcp-0/charm/venv/lib/python3.10/site-packages/ops/__init__.py", line 343, in __call__
    return _main.main(charm_class=charm_class, use_juju_for_storage=use_juju_for_storage)
  File "/var/lib/juju/agents/unit-postgresql-k8s-gcp-0/charm/venv/lib/python3.10/site-packages/ops/_main.py", line 543, in main
    manager.run()
  File "/var/lib/juju/agents/unit-postgresql-k8s-gcp-0/charm/venv/lib/python3.10/site-packages/ops/_main.py", line 529, in run
    self._emit()
  File "/var/lib/juju/agents/unit-postgresql-k8s-gcp-0/charm/venv/lib/python3.10/site-packages/ops/_main.py", line 518, in _emit
    _emit_charm_event(self.charm, self.dispatcher.event_name, self._juju_context)
  File "/var/lib/juju/agents/unit-postgresql-k8s-gcp-0/charm/venv/lib/python3.10/site-packages/ops/_main.py", line 134, in _emit_charm_event
    event_to_emit.emit(*args, **kwargs)
  File "/var/lib/juju/agents/unit-postgresql-k8s-gcp-0/charm/venv/lib/python3.10/site-packages/ops/framework.py", line 347, in emit
    framework._emit(event)
  File "/var/lib/juju/agents/unit-postgresql-k8s-gcp-0/charm/venv/lib/python3.10/site-packages/ops/framework.py", line 857, in _emit
    self._reemit(event_path)
  File "/var/lib/juju/agents/unit-postgresql-k8s-gcp-0/charm/venv/lib/python3.10/site-packages/ops/framework.py", line 947, in _reemit
    custom_handler(event)
  File "/var/lib/juju/agents/unit-postgresql-k8s-gcp-0/charm/lib/charms/tempo_coordinator_k8s/v0/charm_tracing.py", line 1064, in wrapped_function
    return callable(*args, **kwargs)  # type: ignore
  File "/var/lib/juju/agents/unit-postgresql-k8s-gcp-0/charm/src/backups.py", line 835, in _on_create_backup_action
    backup_label_stdout_line = re.findall(
  File "/usr/lib/python3.10/re.py", line 240, in findall
    return _compile(pattern, flags).findall(string)
TypeError: expected string or bytes-like object

[32mINFO    [0m pytest_operator.plugin:plugin.py:991 Forgetting model main...