{"uid":"ff8a3d27620b51dc","name":"test_pg_hba","fullName":"tests.integration.test_pg_hba#test_pg_hba","historyId":"7282af4fcc039ce9ef214380d2f0e762","time":{"start":1751506349821,"stop":1751506652056,"duration":302235},"status":"broken","statusMessage":"psycopg2.OperationalError: connection to server at \"10.1.32.74\", port 5432 failed: FATAL:  no pg_hba.conf entry for host \"10.1.0.215\", user \"relation_id_0\", database \"test_1\", no encryption","statusTrace":"Traceback (most recent call last):\n  File \"/root/spread_project/.tox/integration/lib/python3.12/site-packages/_pytest/runner.py\", line 344, in from_call\n    result: TResult | None = func()\n                             ^^^^^^\n  File \"/root/spread_project/.tox/integration/lib/python3.12/site-packages/_pytest/runner.py\", line 246, in <lambda>\n    lambda: runtest_hook(item=item, **kwds), when=when, reraise=reraise\n            ^^^^^^^^^^^^^^^^^^^^^^^^^^^^^^^\n  File \"/root/spread_project/.tox/integration/lib/python3.12/site-packages/pluggy/_hooks.py\", line 512, in __call__\n    return self._hookexec(self.name, self._hookimpls.copy(), kwargs, firstresult)\n           ^^^^^^^^^^^^^^^^^^^^^^^^^^^^^^^^^^^^^^^^^^^^^^^^^^^^^^^^^^^^^^^^^^^^^^\n  File \"/root/spread_project/.tox/integration/lib/python3.12/site-packages/pluggy/_manager.py\", line 120, in _hookexec\n    return self._inner_hookexec(hook_name, methods, kwargs, firstresult)\n           ^^^^^^^^^^^^^^^^^^^^^^^^^^^^^^^^^^^^^^^^^^^^^^^^^^^^^^^^^^^^^\n  File \"/root/spread_project/.tox/integration/lib/python3.12/site-packages/pluggy/_callers.py\", line 167, in _multicall\n    raise exception\n  File \"/root/spread_project/.tox/integration/lib/python3.12/site-packages/pluggy/_callers.py\", line 139, in _multicall\n    teardown.throw(exception)\n  File \"/root/spread_project/.tox/integration/lib/python3.12/site-packages/_pytest/logging.py\", line 850, in pytest_runtest_call\n    yield\n  File \"/root/spread_project/.tox/integration/lib/python3.12/site-packages/pluggy/_callers.py\", line 139, in _multicall\n    teardown.throw(exception)\n  File \"/root/spread_project/.tox/integration/lib/python3.12/site-packages/pluggy/_callers.py\", line 53, in run_old_style_hookwrapper\n    return result.get_result()\n           ^^^^^^^^^^^^^^^^^^^\n  File \"/root/spread_project/.tox/integration/lib/python3.12/site-packages/pluggy/_result.py\", line 103, in get_result\n    raise exc.with_traceback(tb)\n  File \"/root/spread_project/.tox/integration/lib/python3.12/site-packages/pluggy/_callers.py\", line 38, in run_old_style_hookwrapper\n    res = yield\n          ^^^^^\n  File \"/root/spread_project/.tox/integration/lib/python3.12/site-packages/pluggy/_callers.py\", line 139, in _multicall\n    teardown.throw(exception)\n  File \"/root/spread_project/.tox/integration/lib/python3.12/site-packages/_pytest/capture.py\", line 900, in pytest_runtest_call\n    return (yield)\n            ^^^^^\n  File \"/root/spread_project/.tox/integration/lib/python3.12/site-packages/pluggy/_callers.py\", line 139, in _multicall\n    teardown.throw(exception)\n  File \"/root/spread_project/.tox/integration/lib/python3.12/site-packages/_pytest/skipping.py\", line 263, in pytest_runtest_call\n    return (yield)\n            ^^^^^\n  File \"/root/spread_project/.tox/integration/lib/python3.12/site-packages/pluggy/_callers.py\", line 121, in _multicall\n    res = hook_impl.function(*args)\n          ^^^^^^^^^^^^^^^^^^^^^^^^^\n  File \"/root/spread_project/.tox/integration/lib/python3.12/site-packages/_pytest/runner.py\", line 178, in pytest_runtest_call\n    item.runtest()\n  File \"/root/spread_project/.tox/integration/lib/python3.12/site-packages/_pytest/python.py\", line 1671, in runtest\n    self.ihook.pytest_pyfunc_call(pyfuncitem=self)\n  File \"/root/spread_project/.tox/integration/lib/python3.12/site-packages/pluggy/_hooks.py\", line 512, in __call__\n    return self._hookexec(self.name, self._hookimpls.copy(), kwargs, firstresult)\n           ^^^^^^^^^^^^^^^^^^^^^^^^^^^^^^^^^^^^^^^^^^^^^^^^^^^^^^^^^^^^^^^^^^^^^^\n  File \"/root/spread_project/.tox/integration/lib/python3.12/site-packages/pluggy/_manager.py\", line 120, in _hookexec\n    return self._inner_hookexec(hook_name, methods, kwargs, firstresult)\n           ^^^^^^^^^^^^^^^^^^^^^^^^^^^^^^^^^^^^^^^^^^^^^^^^^^^^^^^^^^^^^\n  File \"/root/spread_project/.tox/integration/lib/python3.12/site-packages/pluggy/_callers.py\", line 167, in _multicall\n    raise exception\n  File \"/root/spread_project/.tox/integration/lib/python3.12/site-packages/pluggy/_callers.py\", line 139, in _multicall\n    teardown.throw(exception)\n  File \"/root/spread_project/.tox/integration/lib/python3.12/site-packages/pluggy/_callers.py\", line 53, in run_old_style_hookwrapper\n    return result.get_result()\n           ^^^^^^^^^^^^^^^^^^^\n  File \"/root/spread_project/.tox/integration/lib/python3.12/site-packages/pluggy/_result.py\", line 103, in get_result\n    raise exc.with_traceback(tb)\n  File \"/root/spread_project/.tox/integration/lib/python3.12/site-packages/pluggy/_callers.py\", line 38, in run_old_style_hookwrapper\n    res = yield\n          ^^^^^\n  File \"/root/spread_project/.tox/integration/lib/python3.12/site-packages/pluggy/_callers.py\", line 121, in _multicall\n    res = hook_impl.function(*args)\n          ^^^^^^^^^^^^^^^^^^^^^^^^^\n  File \"/root/spread_project/.tox/integration/lib/python3.12/site-packages/_pytest/python.py\", line 157, in pytest_pyfunc_call\n    result = testfunction(**testargs)\n             ^^^^^^^^^^^^^^^^^^^^^^^^\n  File \"/root/spread_project/.tox/integration/lib/python3.12/site-packages/pytest_asyncio/plugin.py\", line 529, in inner\n    _loop.run_until_complete(task)\n  File \"/usr/lib/python3.12/asyncio/base_events.py\", line 687, in run_until_complete\n    return future.result()\n           ^^^^^^^^^^^^^^^\n  File \"/root/spread_project/tests/integration/test_pg_hba.py\", line 112, in test_pg_hba\n    db_connect(\n  File \"/root/spread_project/tests/integration/helpers.py\", line 270, in db_connect\n    return psycopg2.connect(\n           ^^^^^^^^^^^^^^^^^\n  File \"/root/spread_project/.tox/integration/lib/python3.12/site-packages/psycopg2/__init__.py\", line 122, in connect\n    conn = _connect(dsn, connection_factory=connection_factory, **kwasync)\n           ^^^^^^^^^^^^^^^^^^^^^^^^^^^^^^^^^^^^^^^^^^^^^^^^^^^^^^^^^^^^^^^\npsycopg2.OperationalError: connection to server at \"10.1.32.74\", port 5432 failed: FATAL:  no pg_hba.conf entry for host \"10.1.0.215\", user \"relation_id_0\", database \"test_1\", no encryption","flaky":false,"newFailed":false,"newBroken":true,"newPassed":false,"retriesCount":1,"retriesStatusChange":true,"beforeStages":[{"name":"event_loop","time":{"start":1751506349609,"stop":1751506349609,"duration":0},"status":"passed","steps":[],"attachments":[],"parameters":[],"shouldDisplayMessage":false,"stepsCount":0,"attachmentsCount":0,"hasContent":false,"attachmentStep":false},{"name":"tmp_path_factory","time":{"start":1751506349609,"stop":1751506349610,"duration":1},"status":"passed","steps":[],"attachments":[],"parameters":[],"shouldDisplayMessage":false,"stepsCount":0,"attachmentsCount":0,"hasContent":false,"attachmentStep":false},{"name":"charm","time":{"start":1751506349609,"stop":1751506349609,"duration":0},"status":"passed","steps":[],"attachments":[],"parameters":[],"shouldDisplayMessage":false,"stepsCount":0,"attachmentsCount":0,"hasContent":false,"attachmentStep":false},{"name":"ops_test","time":{"start":1751506349610,"stop":1751506349820,"duration":210},"status":"passed","steps":[],"attachments":[],"parameters":[],"shouldDisplayMessage":false,"stepsCount":0,"attachmentsCount":0,"hasContent":false,"attachmentStep":false},{"name":"abort_on_fail","time":{"start":1751506349820,"stop":1751506349820,"duration":0},"status":"passed","steps":[],"attachments":[],"parameters":[],"shouldDisplayMessage":false,"stepsCount":0,"attachmentsCount":0,"hasContent":false,"attachmentStep":false}],"testStage":{"status":"broken","statusMessage":"psycopg2.OperationalError: connection to server at \"10.1.32.74\", port 5432 failed: FATAL:  no pg_hba.conf entry for host \"10.1.0.215\", user \"relation_id_0\", database \"test_1\", no encryption","statusTrace":"Traceback (most recent call last):\n  File \"/root/spread_project/.tox/integration/lib/python3.12/site-packages/_pytest/runner.py\", line 344, in from_call\n    result: TResult | None = func()\n                             ^^^^^^\n  File \"/root/spread_project/.tox/integration/lib/python3.12/site-packages/_pytest/runner.py\", line 246, in <lambda>\n    lambda: runtest_hook(item=item, **kwds), when=when, reraise=reraise\n            ^^^^^^^^^^^^^^^^^^^^^^^^^^^^^^^\n  File \"/root/spread_project/.tox/integration/lib/python3.12/site-packages/pluggy/_hooks.py\", line 512, in __call__\n    return self._hookexec(self.name, self._hookimpls.copy(), kwargs, firstresult)\n           ^^^^^^^^^^^^^^^^^^^^^^^^^^^^^^^^^^^^^^^^^^^^^^^^^^^^^^^^^^^^^^^^^^^^^^\n  File \"/root/spread_project/.tox/integration/lib/python3.12/site-packages/pluggy/_manager.py\", line 120, in _hookexec\n    return self._inner_hookexec(hook_name, methods, kwargs, firstresult)\n           ^^^^^^^^^^^^^^^^^^^^^^^^^^^^^^^^^^^^^^^^^^^^^^^^^^^^^^^^^^^^^\n  File \"/root/spread_project/.tox/integration/lib/python3.12/site-packages/pluggy/_callers.py\", line 167, in _multicall\n    raise exception\n  File \"/root/spread_project/.tox/integration/lib/python3.12/site-packages/pluggy/_callers.py\", line 139, in _multicall\n    teardown.throw(exception)\n  File \"/root/spread_project/.tox/integration/lib/python3.12/site-packages/_pytest/logging.py\", line 850, in pytest_runtest_call\n    yield\n  File \"/root/spread_project/.tox/integration/lib/python3.12/site-packages/pluggy/_callers.py\", line 139, in _multicall\n    teardown.throw(exception)\n  File \"/root/spread_project/.tox/integration/lib/python3.12/site-packages/pluggy/_callers.py\", line 53, in run_old_style_hookwrapper\n    return result.get_result()\n           ^^^^^^^^^^^^^^^^^^^\n  File \"/root/spread_project/.tox/integration/lib/python3.12/site-packages/pluggy/_result.py\", line 103, in get_result\n    raise exc.with_traceback(tb)\n  File \"/root/spread_project/.tox/integration/lib/python3.12/site-packages/pluggy/_callers.py\", line 38, in run_old_style_hookwrapper\n    res = yield\n          ^^^^^\n  File \"/root/spread_project/.tox/integration/lib/python3.12/site-packages/pluggy/_callers.py\", line 139, in _multicall\n    teardown.throw(exception)\n  File \"/root/spread_project/.tox/integration/lib/python3.12/site-packages/_pytest/capture.py\", line 900, in pytest_runtest_call\n    return (yield)\n            ^^^^^\n  File \"/root/spread_project/.tox/integration/lib/python3.12/site-packages/pluggy/_callers.py\", line 139, in _multicall\n    teardown.throw(exception)\n  File \"/root/spread_project/.tox/integration/lib/python3.12/site-packages/_pytest/skipping.py\", line 263, in pytest_runtest_call\n    return (yield)\n            ^^^^^\n  File \"/root/spread_project/.tox/integration/lib/python3.12/site-packages/pluggy/_callers.py\", line 121, in _multicall\n    res = hook_impl.function(*args)\n          ^^^^^^^^^^^^^^^^^^^^^^^^^\n  File \"/root/spread_project/.tox/integration/lib/python3.12/site-packages/_pytest/runner.py\", line 178, in pytest_runtest_call\n    item.runtest()\n  File \"/root/spread_project/.tox/integration/lib/python3.12/site-packages/_pytest/python.py\", line 1671, in runtest\n    self.ihook.pytest_pyfunc_call(pyfuncitem=self)\n  File \"/root/spread_project/.tox/integration/lib/python3.12/site-packages/pluggy/_hooks.py\", line 512, in __call__\n    return self._hookexec(self.name, self._hookimpls.copy(), kwargs, firstresult)\n           ^^^^^^^^^^^^^^^^^^^^^^^^^^^^^^^^^^^^^^^^^^^^^^^^^^^^^^^^^^^^^^^^^^^^^^\n  File \"/root/spread_project/.tox/integration/lib/python3.12/site-packages/pluggy/_manager.py\", line 120, in _hookexec\n    return self._inner_hookexec(hook_name, methods, kwargs, firstresult)\n           ^^^^^^^^^^^^^^^^^^^^^^^^^^^^^^^^^^^^^^^^^^^^^^^^^^^^^^^^^^^^^\n  File \"/root/spread_project/.tox/integration/lib/python3.12/site-packages/pluggy/_callers.py\", line 167, in _multicall\n    raise exception\n  File \"/root/spread_project/.tox/integration/lib/python3.12/site-packages/pluggy/_callers.py\", line 139, in _multicall\n    teardown.throw(exception)\n  File \"/root/spread_project/.tox/integration/lib/python3.12/site-packages/pluggy/_callers.py\", line 53, in run_old_style_hookwrapper\n    return result.get_result()\n           ^^^^^^^^^^^^^^^^^^^\n  File \"/root/spread_project/.tox/integration/lib/python3.12/site-packages/pluggy/_result.py\", line 103, in get_result\n    raise exc.with_traceback(tb)\n  File \"/root/spread_project/.tox/integration/lib/python3.12/site-packages/pluggy/_callers.py\", line 38, in run_old_style_hookwrapper\n    res = yield\n          ^^^^^\n  File \"/root/spread_project/.tox/integration/lib/python3.12/site-packages/pluggy/_callers.py\", line 121, in _multicall\n    res = hook_impl.function(*args)\n          ^^^^^^^^^^^^^^^^^^^^^^^^^\n  File \"/root/spread_project/.tox/integration/lib/python3.12/site-packages/_pytest/python.py\", line 157, in pytest_pyfunc_call\n    result = testfunction(**testargs)\n             ^^^^^^^^^^^^^^^^^^^^^^^^\n  File \"/root/spread_project/.tox/integration/lib/python3.12/site-packages/pytest_asyncio/plugin.py\", line 529, in inner\n    _loop.run_until_complete(task)\n  File \"/usr/lib/python3.12/asyncio/base_events.py\", line 687, in run_until_complete\n    return future.result()\n           ^^^^^^^^^^^^^^^\n  File \"/root/spread_project/tests/integration/test_pg_hba.py\", line 112, in test_pg_hba\n    db_connect(\n  File \"/root/spread_project/tests/integration/helpers.py\", line 270, in db_connect\n    return psycopg2.connect(\n           ^^^^^^^^^^^^^^^^^\n  File \"/root/spread_project/.tox/integration/lib/python3.12/site-packages/psycopg2/__init__.py\", line 122, in connect\n    conn = _connect(dsn, connection_factory=connection_factory, **kwasync)\n           ^^^^^^^^^^^^^^^^^^^^^^^^^^^^^^^^^^^^^^^^^^^^^^^^^^^^^^^^^^^^^^^\npsycopg2.OperationalError: connection to server at \"10.1.32.74\", port 5432 failed: FATAL:  no pg_hba.conf entry for host \"10.1.0.215\", user \"relation_id_0\", database \"test_1\", no encryption","steps":[],"attachments":[{"uid":"93470da9de79c122","name":"log","source":"93470da9de79c122.txt","type":"text/plain","size":4725}],"parameters":[],"shouldDisplayMessage":true,"stepsCount":0,"attachmentsCount":1,"hasContent":true,"attachmentStep":false},"afterStages":[{"name":"abort_on_fail::0","time":{"start":1751506652098,"stop":1751506652098,"duration":0},"status":"passed","steps":[],"attachments":[],"parameters":[],"shouldDisplayMessage":false,"stepsCount":0,"attachmentsCount":0,"hasContent":false,"attachmentStep":false},{"name":"ops_test::finalizer","time":{"start":1751506652100,"stop":1751506652483,"duration":383},"status":"passed","steps":[],"attachments":[],"parameters":[],"shouldDisplayMessage":false,"stepsCount":0,"attachmentsCount":0,"hasContent":false,"attachmentStep":false},{"name":"event_loop::2","time":{"start":1751506652484,"stop":1751506652484,"duration":0},"status":"passed","steps":[],"attachments":[],"parameters":[],"shouldDisplayMessage":false,"stepsCount":0,"attachmentsCount":0,"hasContent":false,"attachmentStep":false},{"name":"event_loop::_close_event_loop","time":{"start":1751506652484,"stop":1751506652484,"duration":0},"status":"passed","steps":[],"attachments":[],"parameters":[],"shouldDisplayMessage":false,"stepsCount":0,"attachmentsCount":0,"hasContent":false,"attachmentStep":false},{"name":"event_loop::_provide_clean_event_loop","time":{"start":1751506652484,"stop":1751506652484,"duration":0},"status":"passed","steps":[],"attachments":[],"parameters":[],"shouldDisplayMessage":false,"stepsCount":0,"attachmentsCount":0,"hasContent":false,"attachmentStep":false}],"labels":[{"name":"tag","value":"abort_on_fail"},{"name":"tag","value":"asyncio"},{"name":"tag","value":"asyncio"},{"name":"parentSuite","value":"tests.integration"},{"name":"suite","value":"test_pg_hba"},{"name":"host","value":"pkrvmbietmlfzoi"},{"name":"thread","value":"20314-MainThread"},{"name":"framework","value":"pytest"},{"name":"language","value":"cpython3"},{"name":"package","value":"tests.integration.test_pg_hba"},{"name":"resultFormat","value":"allure2"}],"parameters":[],"links":[],"hidden":false,"retry":false,"extra":{"severity":"normal","retries":[{"uid":"8b7888405cbe2e90","status":"unknown","time":{}}],"categories":[{"name":"Test defects","matchedStatuses":[]}],"history":{"statistic":{"failed":0,"broken":13,"skipped":0,"passed":40,"unknown":1,"total":54},"items":[{"uid":"e69c85eafaecc230","reportUrl":"../4229//#testresult/e69c85eafaecc230","status":"unknown","time":{}},{"uid":"ca31245270e81030","reportUrl":"../4218//#testresult/ca31245270e81030","status":"passed","time":{"start":1751333540879,"stop":1751333835463,"duration":294584}},{"uid":"3b79cda8097130f8","reportUrl":"../4214//#testresult/3b79cda8097130f8","status":"broken","statusDetails":"psycopg2.OperationalError: connection to server at \"10.1.230.138\", port 5432 failed: FATAL:  no pg_hba.conf entry for host \"10.1.0.161\", user \"relation_id_0\", database \"test_1\", no encryption","time":{"start":1751247072547,"stop":1751247357806,"duration":285259}},{"uid":"33a8f73e8988087e","reportUrl":"../4213//#testresult/33a8f73e8988087e","status":"broken","statusDetails":"psycopg2.OperationalError: connection to server at \"10.1.191.10\", port 5432 failed: FATAL:  no pg_hba.conf entry for host \"10.1.0.53\", user \"relation_id_0\", database \"test_1\", no encryption","time":{"start":1751160684620,"stop":1751160980631,"duration":296011}},{"uid":"55acf979779ee8bf","reportUrl":"../4212//#testresult/55acf979779ee8bf","status":"passed","time":{"start":1751074300987,"stop":1751074599601,"duration":298614}},{"uid":"25602dede0025f13","reportUrl":"../4211//#testresult/25602dede0025f13","status":"passed","time":{"start":1750987872182,"stop":1750988171359,"duration":299177}},{"uid":"d3d533b66cbea82b","reportUrl":"../4205//#testresult/d3d533b66cbea82b","status":"passed","time":{"start":1750901451471,"stop":1750901731936,"duration":280465}},{"uid":"61a8db0b6c42325","reportUrl":"../4193//#testresult/61a8db0b6c42325","status":"passed","time":{"start":1750815009353,"stop":1750815315923,"duration":306570}},{"uid":"f6726a5fc4dd7e0e","reportUrl":"../4186//#testresult/f6726a5fc4dd7e0e","status":"passed","time":{"start":1750728623269,"stop":1750728912652,"duration":289383}},{"uid":"56131a3b015f0317","reportUrl":"../4185//#testresult/56131a3b015f0317","status":"broken","statusDetails":"psycopg2.OperationalError: connection to server at \"10.1.37.75\", port 5432 failed: FATAL:  no pg_hba.conf entry for host \"10.1.0.157\", user \"relation_id_0\", database \"test_1\", no encryption","time":{"start":1750642289450,"stop":1750642578932,"duration":289482}},{"uid":"8b9bf53733245dc8","reportUrl":"../4184//#testresult/8b9bf53733245dc8","status":"broken","statusDetails":"psycopg2.OperationalError: connection to server at \"10.1.180.202\", port 5432 failed: FATAL:  no pg_hba.conf entry for host \"10.1.0.62\", user \"relation_id_0\", database \"test_1\", no encryption","time":{"start":1750555818811,"stop":1750556110886,"duration":292075}},{"uid":"59608c2e31e13882","reportUrl":"../4183//#testresult/59608c2e31e13882","status":"passed","time":{"start":1750469989887,"stop":1750470287742,"duration":297855}},{"uid":"e74d3146bc96fba5","reportUrl":"../4177//#testresult/e74d3146bc96fba5","status":"passed","time":{"start":1750383034810,"stop":1750383322404,"duration":287594}},{"uid":"ec62f3bd0818a2f4","reportUrl":"../4167//#testresult/ec62f3bd0818a2f4","status":"broken","statusDetails":"psycopg2.OperationalError: connection to server at \"10.1.177.138\", port 5432 failed: Connection refused\n\tIs the server running on that host and accepting TCP/IP connections?","time":{"start":1750296681185,"stop":1750296965216,"duration":284031}},{"uid":"b891cfbd44fb66c7","reportUrl":"../4159//#testresult/b891cfbd44fb66c7","status":"passed","time":{"start":1750210247435,"stop":1750210533475,"duration":286040}},{"uid":"e53d5a83c105393d","reportUrl":"../4148//#testresult/e53d5a83c105393d","status":"passed","time":{"start":1750123881493,"stop":1750124201468,"duration":319975}},{"uid":"f314ec68cd3bdf64","reportUrl":"../4140//#testresult/f314ec68cd3bdf64","status":"broken","statusDetails":"psycopg2.OperationalError: connection to server at \"10.1.230.202\", port 5432 failed: FATAL:  no pg_hba.conf entry for host \"10.1.0.45\", user \"relation_id_0\", database \"test_1\", no encryption","time":{"start":1750037517543,"stop":1750037837422,"duration":319879}},{"uid":"546d36bbe1063c98","reportUrl":"../4139//#testresult/546d36bbe1063c98","status":"passed","time":{"start":1749951319605,"stop":1749951622187,"duration":302582}},{"uid":"84105247fb542831","reportUrl":"../4137//#testresult/84105247fb542831","status":"passed","time":{"start":1749864624948,"stop":1749864983120,"duration":358172}},{"uid":"fe496f8cb690bf82","reportUrl":"../4136//#testresult/fe496f8cb690bf82","status":"broken","statusDetails":"TimeoutError: Timed out waiting for model:\n  data-integrator/0 [idle] blocked: Please relate the data-integrator with the desired product","time":{"start":1749778233711,"stop":1749778844516,"duration":610805}}]},"tags":["asyncio","abort_on_fail"]},"source":"ff8a3d27620b51dc.json","parameterValues":[]}