{"uid":"241bbc4795bba629","name":"test_admin_role","fullName":"tests.integration.new_relations.test_new_relations_1#test_admin_role","historyId":"b1c6825ce6d004b1ed18a452b25e5c6a","time":{"start":1753236076075,"stop":1753236078775,"duration":2700},"description":"Test that the admin role gives access to all the databases.","descriptionHtml":"<p>Test that the admin role gives access to all the databases.</p>\n","status":"broken","statusMessage":"juju.errors.JujuError: base \"ubuntu@22.04/stable\" is not supported, supported bases are: ubuntu@24.04","statusTrace":"Traceback (most recent call last):\n  File \"/root/spread_project/.tox/integration/lib/python3.12/site-packages/_pytest/runner.py\", line 344, in from_call\n    result: TResult | None = func()\n                             ^^^^^^\n  File \"/root/spread_project/.tox/integration/lib/python3.12/site-packages/_pytest/runner.py\", line 246, in <lambda>\n    lambda: runtest_hook(item=item, **kwds), when=when, reraise=reraise\n            ^^^^^^^^^^^^^^^^^^^^^^^^^^^^^^^\n  File \"/root/spread_project/.tox/integration/lib/python3.12/site-packages/pluggy/_hooks.py\", line 512, in __call__\n    return self._hookexec(self.name, self._hookimpls.copy(), kwargs, firstresult)\n           ^^^^^^^^^^^^^^^^^^^^^^^^^^^^^^^^^^^^^^^^^^^^^^^^^^^^^^^^^^^^^^^^^^^^^^\n  File \"/root/spread_project/.tox/integration/lib/python3.12/site-packages/pluggy/_manager.py\", line 120, in _hookexec\n    return self._inner_hookexec(hook_name, methods, kwargs, firstresult)\n           ^^^^^^^^^^^^^^^^^^^^^^^^^^^^^^^^^^^^^^^^^^^^^^^^^^^^^^^^^^^^^\n  File \"/root/spread_project/.tox/integration/lib/python3.12/site-packages/pluggy/_callers.py\", line 167, in _multicall\n    raise exception\n  File \"/root/spread_project/.tox/integration/lib/python3.12/site-packages/pluggy/_callers.py\", line 139, in _multicall\n    teardown.throw(exception)\n  File \"/root/spread_project/.tox/integration/lib/python3.12/site-packages/_pytest/logging.py\", line 850, in pytest_runtest_call\n    yield\n  File \"/root/spread_project/.tox/integration/lib/python3.12/site-packages/pluggy/_callers.py\", line 139, in _multicall\n    teardown.throw(exception)\n  File \"/root/spread_project/.tox/integration/lib/python3.12/site-packages/pluggy/_callers.py\", line 53, in run_old_style_hookwrapper\n    return result.get_result()\n           ^^^^^^^^^^^^^^^^^^^\n  File \"/root/spread_project/.tox/integration/lib/python3.12/site-packages/pluggy/_result.py\", line 103, in get_result\n    raise exc.with_traceback(tb)\n  File \"/root/spread_project/.tox/integration/lib/python3.12/site-packages/pluggy/_callers.py\", line 38, in run_old_style_hookwrapper\n    res = yield\n          ^^^^^\n  File \"/root/spread_project/.tox/integration/lib/python3.12/site-packages/pluggy/_callers.py\", line 139, in _multicall\n    teardown.throw(exception)\n  File \"/root/spread_project/.tox/integration/lib/python3.12/site-packages/_pytest/capture.py\", line 900, in pytest_runtest_call\n    return (yield)\n            ^^^^^\n  File \"/root/spread_project/.tox/integration/lib/python3.12/site-packages/pluggy/_callers.py\", line 139, in _multicall\n    teardown.throw(exception)\n  File \"/root/spread_project/.tox/integration/lib/python3.12/site-packages/_pytest/skipping.py\", line 263, in pytest_runtest_call\n    return (yield)\n            ^^^^^\n  File \"/root/spread_project/.tox/integration/lib/python3.12/site-packages/pluggy/_callers.py\", line 121, in _multicall\n    res = hook_impl.function(*args)\n          ^^^^^^^^^^^^^^^^^^^^^^^^^\n  File \"/root/spread_project/.tox/integration/lib/python3.12/site-packages/_pytest/runner.py\", line 178, in pytest_runtest_call\n    item.runtest()\n  File \"/root/spread_project/.tox/integration/lib/python3.12/site-packages/_pytest/python.py\", line 1671, in runtest\n    self.ihook.pytest_pyfunc_call(pyfuncitem=self)\n  File \"/root/spread_project/.tox/integration/lib/python3.12/site-packages/pluggy/_hooks.py\", line 512, in __call__\n    return self._hookexec(self.name, self._hookimpls.copy(), kwargs, firstresult)\n           ^^^^^^^^^^^^^^^^^^^^^^^^^^^^^^^^^^^^^^^^^^^^^^^^^^^^^^^^^^^^^^^^^^^^^^\n  File \"/root/spread_project/.tox/integration/lib/python3.12/site-packages/pluggy/_manager.py\", line 120, in _hookexec\n    return self._inner_hookexec(hook_name, methods, kwargs, firstresult)\n           ^^^^^^^^^^^^^^^^^^^^^^^^^^^^^^^^^^^^^^^^^^^^^^^^^^^^^^^^^^^^^\n  File \"/root/spread_project/.tox/integration/lib/python3.12/site-packages/pluggy/_callers.py\", line 167, in _multicall\n    raise exception\n  File \"/root/spread_project/.tox/integration/lib/python3.12/site-packages/pluggy/_callers.py\", line 139, in _multicall\n    teardown.throw(exception)\n  File \"/root/spread_project/.tox/integration/lib/python3.12/site-packages/pluggy/_callers.py\", line 53, in run_old_style_hookwrapper\n    return result.get_result()\n           ^^^^^^^^^^^^^^^^^^^\n  File \"/root/spread_project/.tox/integration/lib/python3.12/site-packages/pluggy/_result.py\", line 103, in get_result\n    raise exc.with_traceback(tb)\n  File \"/root/spread_project/.tox/integration/lib/python3.12/site-packages/pluggy/_callers.py\", line 38, in run_old_style_hookwrapper\n    res = yield\n          ^^^^^\n  File \"/root/spread_project/.tox/integration/lib/python3.12/site-packages/pluggy/_callers.py\", line 121, in _multicall\n    res = hook_impl.function(*args)\n          ^^^^^^^^^^^^^^^^^^^^^^^^^\n  File \"/root/spread_project/.tox/integration/lib/python3.12/site-packages/_pytest/python.py\", line 157, in pytest_pyfunc_call\n    result = testfunction(**testargs)\n             ^^^^^^^^^^^^^^^^^^^^^^^^\n  File \"/root/spread_project/.tox/integration/lib/python3.12/site-packages/pytest_asyncio/plugin.py\", line 529, in inner\n    _loop.run_until_complete(task)\n  File \"/usr/lib/python3.12/asyncio/base_events.py\", line 687, in run_until_complete\n    return future.result()\n           ^^^^^^^^^^^^^^^\n  File \"/root/spread_project/tests/integration/new_relations/test_new_relations_1.py\", line 455, in test_admin_role\n    await ops_test.model.deploy(DATA_INTEGRATOR_APP_NAME, base=CHARM_BASE)\n  File \"/root/spread_project/.tox/integration/lib/python3.12/site-packages/juju/model/__init__.py\", line 1999, in deploy\n    return await self._deploy(\n           ^^^^^^^^^^^^^^^^^^^\n  File \"/root/spread_project/.tox/integration/lib/python3.12/site-packages/juju/model/__init__.py\", line 2376, in _deploy\n    raise JujuError(\"\\n\".join(errors))\njuju.errors.JujuError: base \"ubuntu@22.04/stable\" is not supported, supported bases are: ubuntu@24.04","flaky":false,"newFailed":false,"newBroken":false,"newPassed":false,"retriesCount":1,"retriesStatusChange":true,"beforeStages":[{"name":"event_loop","time":{"start":1753234587817,"stop":1753234587818,"duration":1},"status":"passed","steps":[],"attachments":[],"parameters":[],"shouldDisplayMessage":false,"stepsCount":0,"attachmentsCount":0,"hasContent":false,"attachmentStep":false},{"name":"tmp_path_factory","time":{"start":1753234587818,"stop":1753234587818,"duration":0},"status":"passed","steps":[],"attachments":[],"parameters":[],"shouldDisplayMessage":false,"stepsCount":0,"attachmentsCount":0,"hasContent":false,"attachmentStep":false},{"name":"ops_test","time":{"start":1753234587818,"stop":1753234588033,"duration":215},"status":"passed","steps":[],"attachments":[],"parameters":[],"shouldDisplayMessage":false,"stepsCount":0,"attachmentsCount":0,"hasContent":false,"attachmentStep":false},{"name":"abort_on_fail","time":{"start":1753236076075,"stop":1753236076075,"duration":0},"status":"passed","steps":[],"attachments":[],"parameters":[],"shouldDisplayMessage":false,"stepsCount":0,"attachmentsCount":0,"hasContent":false,"attachmentStep":false}],"testStage":{"description":"Test that the admin role gives access to all the databases.","status":"broken","statusMessage":"juju.errors.JujuError: base \"ubuntu@22.04/stable\" is not supported, supported bases are: ubuntu@24.04","statusTrace":"Traceback (most recent call last):\n  File \"/root/spread_project/.tox/integration/lib/python3.12/site-packages/_pytest/runner.py\", line 344, in from_call\n    result: TResult | None = func()\n                             ^^^^^^\n  File \"/root/spread_project/.tox/integration/lib/python3.12/site-packages/_pytest/runner.py\", line 246, in <lambda>\n    lambda: runtest_hook(item=item, **kwds), when=when, reraise=reraise\n            ^^^^^^^^^^^^^^^^^^^^^^^^^^^^^^^\n  File \"/root/spread_project/.tox/integration/lib/python3.12/site-packages/pluggy/_hooks.py\", line 512, in __call__\n    return self._hookexec(self.name, self._hookimpls.copy(), kwargs, firstresult)\n           ^^^^^^^^^^^^^^^^^^^^^^^^^^^^^^^^^^^^^^^^^^^^^^^^^^^^^^^^^^^^^^^^^^^^^^\n  File \"/root/spread_project/.tox/integration/lib/python3.12/site-packages/pluggy/_manager.py\", line 120, in _hookexec\n    return self._inner_hookexec(hook_name, methods, kwargs, firstresult)\n           ^^^^^^^^^^^^^^^^^^^^^^^^^^^^^^^^^^^^^^^^^^^^^^^^^^^^^^^^^^^^^\n  File \"/root/spread_project/.tox/integration/lib/python3.12/site-packages/pluggy/_callers.py\", line 167, in _multicall\n    raise exception\n  File \"/root/spread_project/.tox/integration/lib/python3.12/site-packages/pluggy/_callers.py\", line 139, in _multicall\n    teardown.throw(exception)\n  File \"/root/spread_project/.tox/integration/lib/python3.12/site-packages/_pytest/logging.py\", line 850, in pytest_runtest_call\n    yield\n  File \"/root/spread_project/.tox/integration/lib/python3.12/site-packages/pluggy/_callers.py\", line 139, in _multicall\n    teardown.throw(exception)\n  File \"/root/spread_project/.tox/integration/lib/python3.12/site-packages/pluggy/_callers.py\", line 53, in run_old_style_hookwrapper\n    return result.get_result()\n           ^^^^^^^^^^^^^^^^^^^\n  File \"/root/spread_project/.tox/integration/lib/python3.12/site-packages/pluggy/_result.py\", line 103, in get_result\n    raise exc.with_traceback(tb)\n  File \"/root/spread_project/.tox/integration/lib/python3.12/site-packages/pluggy/_callers.py\", line 38, in run_old_style_hookwrapper\n    res = yield\n          ^^^^^\n  File \"/root/spread_project/.tox/integration/lib/python3.12/site-packages/pluggy/_callers.py\", line 139, in _multicall\n    teardown.throw(exception)\n  File \"/root/spread_project/.tox/integration/lib/python3.12/site-packages/_pytest/capture.py\", line 900, in pytest_runtest_call\n    return (yield)\n            ^^^^^\n  File \"/root/spread_project/.tox/integration/lib/python3.12/site-packages/pluggy/_callers.py\", line 139, in _multicall\n    teardown.throw(exception)\n  File \"/root/spread_project/.tox/integration/lib/python3.12/site-packages/_pytest/skipping.py\", line 263, in pytest_runtest_call\n    return (yield)\n            ^^^^^\n  File \"/root/spread_project/.tox/integration/lib/python3.12/site-packages/pluggy/_callers.py\", line 121, in _multicall\n    res = hook_impl.function(*args)\n          ^^^^^^^^^^^^^^^^^^^^^^^^^\n  File \"/root/spread_project/.tox/integration/lib/python3.12/site-packages/_pytest/runner.py\", line 178, in pytest_runtest_call\n    item.runtest()\n  File \"/root/spread_project/.tox/integration/lib/python3.12/site-packages/_pytest/python.py\", line 1671, in runtest\n    self.ihook.pytest_pyfunc_call(pyfuncitem=self)\n  File \"/root/spread_project/.tox/integration/lib/python3.12/site-packages/pluggy/_hooks.py\", line 512, in __call__\n    return self._hookexec(self.name, self._hookimpls.copy(), kwargs, firstresult)\n           ^^^^^^^^^^^^^^^^^^^^^^^^^^^^^^^^^^^^^^^^^^^^^^^^^^^^^^^^^^^^^^^^^^^^^^\n  File \"/root/spread_project/.tox/integration/lib/python3.12/site-packages/pluggy/_manager.py\", line 120, in _hookexec\n    return self._inner_hookexec(hook_name, methods, kwargs, firstresult)\n           ^^^^^^^^^^^^^^^^^^^^^^^^^^^^^^^^^^^^^^^^^^^^^^^^^^^^^^^^^^^^^\n  File \"/root/spread_project/.tox/integration/lib/python3.12/site-packages/pluggy/_callers.py\", line 167, in _multicall\n    raise exception\n  File \"/root/spread_project/.tox/integration/lib/python3.12/site-packages/pluggy/_callers.py\", line 139, in _multicall\n    teardown.throw(exception)\n  File \"/root/spread_project/.tox/integration/lib/python3.12/site-packages/pluggy/_callers.py\", line 53, in run_old_style_hookwrapper\n    return result.get_result()\n           ^^^^^^^^^^^^^^^^^^^\n  File \"/root/spread_project/.tox/integration/lib/python3.12/site-packages/pluggy/_result.py\", line 103, in get_result\n    raise exc.with_traceback(tb)\n  File \"/root/spread_project/.tox/integration/lib/python3.12/site-packages/pluggy/_callers.py\", line 38, in run_old_style_hookwrapper\n    res = yield\n          ^^^^^\n  File \"/root/spread_project/.tox/integration/lib/python3.12/site-packages/pluggy/_callers.py\", line 121, in _multicall\n    res = hook_impl.function(*args)\n          ^^^^^^^^^^^^^^^^^^^^^^^^^\n  File \"/root/spread_project/.tox/integration/lib/python3.12/site-packages/_pytest/python.py\", line 157, in pytest_pyfunc_call\n    result = testfunction(**testargs)\n             ^^^^^^^^^^^^^^^^^^^^^^^^\n  File \"/root/spread_project/.tox/integration/lib/python3.12/site-packages/pytest_asyncio/plugin.py\", line 529, in inner\n    _loop.run_until_complete(task)\n  File \"/usr/lib/python3.12/asyncio/base_events.py\", line 687, in run_until_complete\n    return future.result()\n           ^^^^^^^^^^^^^^^\n  File \"/root/spread_project/tests/integration/new_relations/test_new_relations_1.py\", line 455, in test_admin_role\n    await ops_test.model.deploy(DATA_INTEGRATOR_APP_NAME, base=CHARM_BASE)\n  File \"/root/spread_project/.tox/integration/lib/python3.12/site-packages/juju/model/__init__.py\", line 1999, in deploy\n    return await self._deploy(\n           ^^^^^^^^^^^^^^^^^^^\n  File \"/root/spread_project/.tox/integration/lib/python3.12/site-packages/juju/model/__init__.py\", line 2376, in _deploy\n    raise JujuError(\"\\n\".join(errors))\njuju.errors.JujuError: base \"ubuntu@22.04/stable\" is not supported, supported bases are: ubuntu@24.04","steps":[],"attachments":[{"uid":"a6bdc1d8971c0711","name":"log","source":"a6bdc1d8971c0711.txt","type":"text/plain","size":90}],"parameters":[],"shouldDisplayMessage":true,"stepsCount":0,"attachmentsCount":1,"hasContent":true,"attachmentStep":false},"afterStages":[{"name":"abort_on_fail::0","time":{"start":1753236078779,"stop":1753236078779,"duration":0},"status":"passed","steps":[],"attachments":[],"parameters":[],"shouldDisplayMessage":false,"stepsCount":0,"attachmentsCount":0,"hasContent":false,"attachmentStep":false},{"name":"ops_test::finalizer","time":{"start":1753236078784,"stop":1753236079230,"duration":446},"status":"passed","steps":[],"attachments":[],"parameters":[],"shouldDisplayMessage":false,"stepsCount":0,"attachmentsCount":0,"hasContent":false,"attachmentStep":false},{"name":"event_loop::2","time":{"start":1753236079231,"stop":1753236079231,"duration":0},"status":"passed","steps":[],"attachments":[],"parameters":[],"shouldDisplayMessage":false,"stepsCount":0,"attachmentsCount":0,"hasContent":false,"attachmentStep":false},{"name":"event_loop::_close_event_loop","time":{"start":1753236079231,"stop":1753236079231,"duration":0},"status":"passed","steps":[],"attachments":[],"parameters":[],"shouldDisplayMessage":false,"stepsCount":0,"attachmentsCount":0,"hasContent":false,"attachmentStep":false},{"name":"event_loop::_provide_clean_event_loop","time":{"start":1753236079231,"stop":1753236079232,"duration":1},"status":"passed","steps":[],"attachments":[],"parameters":[],"shouldDisplayMessage":false,"stepsCount":0,"attachmentsCount":0,"hasContent":false,"attachmentStep":false}],"labels":[{"name":"tag","value":"abort_on_fail"},{"name":"tag","value":"asyncio"},{"name":"tag","value":"asyncio"},{"name":"parentSuite","value":"tests.integration.new_relations"},{"name":"suite","value":"test_new_relations_1"},{"name":"host","value":"pkrvmpptgkbjq6m"},{"name":"thread","value":"20428-MainThread"},{"name":"framework","value":"pytest"},{"name":"language","value":"cpython3"},{"name":"package","value":"tests.integration.new_relations.test_new_relations_1"},{"name":"resultFormat","value":"allure2"}],"parameters":[],"links":[],"hidden":false,"retry":false,"extra":{"severity":"normal","retries":[{"uid":"b42967b192ac2546","status":"unknown","time":{}}],"categories":[{"name":"Test defects","matchedStatuses":[]}],"history":{"statistic":{"failed":0,"broken":11,"skipped":2,"passed":139,"unknown":1,"total":153},"items":[{"uid":"bf4d2ab5bc23d214","reportUrl":"../4297//#testresult/bf4d2ab5bc23d214","status":"broken","statusDetails":"juju.errors.JujuError: base \"ubuntu@22.04/stable\" is not supported, supported bases are: ubuntu@24.04","time":{"start":1753150636191,"stop":1753150638644,"duration":2453}},{"uid":"b18948749071dd95","reportUrl":"../4289//#testresult/b18948749071dd95","status":"broken","statusDetails":"juju.errors.JujuError: base \"ubuntu@22.04/stable\" is not supported, supported bases are: ubuntu@24.04","time":{"start":1753063025262,"stop":1753063026934,"duration":1672}},{"uid":"95cea35c47123e8c","reportUrl":"../4288//#testresult/95cea35c47123e8c","status":"broken","statusDetails":"juju.errors.JujuError: base \"ubuntu@22.04/stable\" is not supported, supported bases are: ubuntu@24.04","time":{"start":1752976586136,"stop":1752976587731,"duration":1595}},{"uid":"4f52e593c7b45649","reportUrl":"../4285//#testresult/4f52e593c7b45649","status":"broken","statusDetails":"juju.errors.JujuError: base \"ubuntu@22.04/stable\" is not supported, supported bases are: ubuntu@24.04","time":{"start":1752890105900,"stop":1752890107638,"duration":1738}},{"uid":"5a53c84b6bc0089d","reportUrl":"../4283//#testresult/5a53c84b6bc0089d","status":"skipped","statusDetails":"XFAIL aborted\n\n_pytest.outcomes.XFailed: aborted","time":{"start":1752806834860,"stop":1752806834860,"duration":0}},{"uid":"b90cad0dd7e26d67","reportUrl":"../4282//#testresult/b90cad0dd7e26d67","status":"broken","statusDetails":"juju.errors.JujuError: base \"ubuntu@22.04/stable\" is not supported, supported bases are: ubuntu@24.04","time":{"start":1752717490456,"stop":1752717492035,"duration":1579}},{"uid":"7b6ca4f5162b9551","reportUrl":"../4274//#testresult/7b6ca4f5162b9551","status":"broken","statusDetails":"juju.errors.JujuError: base \"ubuntu@22.04/stable\" is not supported, supported bases are: ubuntu@24.04","time":{"start":1752631136955,"stop":1752631139620,"duration":2665}},{"uid":"edec6b2ea8b2aefd","reportUrl":"../4262//#testresult/edec6b2ea8b2aefd","status":"broken","statusDetails":"juju.errors.JujuError: base \"ubuntu@22.04/stable\" is not supported, supported bases are: ubuntu@24.04","time":{"start":1752544648039,"stop":1752544650808,"duration":2769}},{"uid":"4e5b78cc7ad0162f","reportUrl":"../4259//#testresult/4e5b78cc7ad0162f","status":"broken","statusDetails":"juju.errors.JujuError: base \"ubuntu@22.04/stable\" is not supported, supported bases are: ubuntu@24.04","time":{"start":1752458203395,"stop":1752458205094,"duration":1699}},{"uid":"e59992b30583f395","reportUrl":"../4258//#testresult/e59992b30583f395","status":"broken","statusDetails":"juju.errors.JujuError: base \"ubuntu@22.04/stable\" is not supported, supported bases are: ubuntu@24.04","time":{"start":1752371799951,"stop":1752371801673,"duration":1722}},{"uid":"84acc3f1115ca5d2","reportUrl":"../4257//#testresult/84acc3f1115ca5d2","status":"broken","statusDetails":"juju.errors.JujuError: base \"ubuntu@22.04/stable\" is not supported, supported bases are: ubuntu@24.04","time":{"start":1752285438494,"stop":1752285440927,"duration":2433}},{"uid":"92cb058bda98b39f","reportUrl":"../4255//#testresult/92cb058bda98b39f","status":"passed","time":{"start":1752199002267,"stop":1752199133506,"duration":131239}},{"uid":"fe83289749d3267b","reportUrl":"../4254//#testresult/fe83289749d3267b","status":"passed","time":{"start":1752112678431,"stop":1752112816053,"duration":137622}},{"uid":"ad109b48bdefa82","reportUrl":"../4250//#testresult/ad109b48bdefa82","status":"passed","time":{"start":1752026196632,"stop":1752026330520,"duration":133888}},{"uid":"181203403e80cc99","reportUrl":"../4244//#testresult/181203403e80cc99","status":"passed","time":{"start":1751939842301,"stop":1751939969954,"duration":127653}},{"uid":"7e46290666698451","reportUrl":"../4241//#testresult/7e46290666698451","status":"passed","time":{"start":1751853412467,"stop":1751853544018,"duration":131551}},{"uid":"24897a2ba03e5ff6","reportUrl":"../4240//#testresult/24897a2ba03e5ff6","status":"passed","time":{"start":1751766890375,"stop":1751767017540,"duration":127165}},{"uid":"9986371f67fea0b7","reportUrl":"../4239//#testresult/9986371f67fea0b7","status":"passed","time":{"start":1751680562706,"stop":1751680668119,"duration":105413}},{"uid":"2100633405017bcd","reportUrl":"../4238//#testresult/2100633405017bcd","status":"passed","time":{"start":1751594227166,"stop":1751594355358,"duration":128192}},{"uid":"7bf265e14b447942","reportUrl":"../4233//#testresult/7bf265e14b447942","status":"passed","time":{"start":1751507822240,"stop":1751507955560,"duration":133320}}]},"tags":["asyncio","abort_on_fail"]},"source":"241bbc4795bba629.json","parameterValues":[]}