{"uid":"6f9cc7429d9e633c","name":"test_no_prefix_dbs","fullName":"tests.integration.test_username_prefix#test_no_prefix_dbs","historyId":"5850e37743e1253d5623a75bf14c2f37","time":{"start":1771119338495,"stop":1771119354340,"duration":15845},"status":"failed","statusMessage":"AssertionError: assert 'prefix-databases' not in {'data': '{\"database\": \"postgre*\", \"external-node-connectivity\": \"true\", \"provided-secrets\": \"[\\\\\"mtls-cert\\\\\"]\", \"requested-entity-secret\": \"secret://674be49c-3aaa-4339-876b-b53742c2098b/d68i54fh7brs7biic1ug\", \"requested-secrets\": \"[\\\\\"username\\\\\", \\\\\"password\\\\\", \\\\\"tls\\\\\", \\\\\"tls-ca\\\\\", \\\\\"uris\\\\\", \\\\\"read-only-uris\\\\\", \\\\\"entity-name\\\\\", \\\\\"entity-password\\\\\"]\"}', 'database': 'postgre*', 'endpoints': 'postgresql-k8s-primary.testing.svc.cluster.local:5432', 'password': 'password', ...}","statusTrace":"Traceback (most recent call last):\n  File \"/root/spread_project/.tox/integration/lib/python3.12/site-packages/_pytest/runner.py\", line 353, in from_call\n    result: TResult | None = func()\n                             ^^^^^^\n  File \"/root/spread_project/.tox/integration/lib/python3.12/site-packages/_pytest/runner.py\", line 245, in <lambda>\n    lambda: runtest_hook(item=item, **kwds),\n            ^^^^^^^^^^^^^^^^^^^^^^^^^^^^^^^\n  File \"/root/spread_project/.tox/integration/lib/python3.12/site-packages/pluggy/_hooks.py\", line 512, in __call__\n    return self._hookexec(self.name, self._hookimpls.copy(), kwargs, firstresult)\n           ^^^^^^^^^^^^^^^^^^^^^^^^^^^^^^^^^^^^^^^^^^^^^^^^^^^^^^^^^^^^^^^^^^^^^^\n  File \"/root/spread_project/.tox/integration/lib/python3.12/site-packages/pluggy/_manager.py\", line 120, in _hookexec\n    return self._inner_hookexec(hook_name, methods, kwargs, firstresult)\n           ^^^^^^^^^^^^^^^^^^^^^^^^^^^^^^^^^^^^^^^^^^^^^^^^^^^^^^^^^^^^^\n  File \"/root/spread_project/.tox/integration/lib/python3.12/site-packages/pluggy/_callers.py\", line 167, in _multicall\n    raise exception\n  File \"/root/spread_project/.tox/integration/lib/python3.12/site-packages/pluggy/_callers.py\", line 139, in _multicall\n    teardown.throw(exception)\n  File \"/root/spread_project/.tox/integration/lib/python3.12/site-packages/_pytest/logging.py\", line 850, in pytest_runtest_call\n    yield\n  File \"/root/spread_project/.tox/integration/lib/python3.12/site-packages/pluggy/_callers.py\", line 139, in _multicall\n    teardown.throw(exception)\n  File \"/root/spread_project/.tox/integration/lib/python3.12/site-packages/pluggy/_callers.py\", line 53, in run_old_style_hookwrapper\n    return result.get_result()\n           ^^^^^^^^^^^^^^^^^^^\n  File \"/root/spread_project/.tox/integration/lib/python3.12/site-packages/pluggy/_result.py\", line 103, in get_result\n    raise exc.with_traceback(tb)\n  File \"/root/spread_project/.tox/integration/lib/python3.12/site-packages/pluggy/_callers.py\", line 38, in run_old_style_hookwrapper\n    res = yield\n          ^^^^^\n  File \"/root/spread_project/.tox/integration/lib/python3.12/site-packages/pluggy/_callers.py\", line 139, in _multicall\n    teardown.throw(exception)\n  File \"/root/spread_project/.tox/integration/lib/python3.12/site-packages/_pytest/capture.py\", line 900, in pytest_runtest_call\n    return (yield)\n            ^^^^^\n  File \"/root/spread_project/.tox/integration/lib/python3.12/site-packages/pluggy/_callers.py\", line 139, in _multicall\n    teardown.throw(exception)\n  File \"/root/spread_project/.tox/integration/lib/python3.12/site-packages/_pytest/skipping.py\", line 268, in pytest_runtest_call\n    return (yield)\n            ^^^^^\n  File \"/root/spread_project/.tox/integration/lib/python3.12/site-packages/pluggy/_callers.py\", line 121, in _multicall\n    res = hook_impl.function(*args)\n          ^^^^^^^^^^^^^^^^^^^^^^^^^\n  File \"/root/spread_project/.tox/integration/lib/python3.12/site-packages/_pytest/runner.py\", line 179, in pytest_runtest_call\n    item.runtest()\n  File \"/root/spread_project/.tox/integration/lib/python3.12/site-packages/_pytest/python.py\", line 1720, in runtest\n    self.ihook.pytest_pyfunc_call(pyfuncitem=self)\n  File \"/root/spread_project/.tox/integration/lib/python3.12/site-packages/pluggy/_hooks.py\", line 512, in __call__\n    return self._hookexec(self.name, self._hookimpls.copy(), kwargs, firstresult)\n           ^^^^^^^^^^^^^^^^^^^^^^^^^^^^^^^^^^^^^^^^^^^^^^^^^^^^^^^^^^^^^^^^^^^^^^\n  File \"/root/spread_project/.tox/integration/lib/python3.12/site-packages/pluggy/_manager.py\", line 120, in _hookexec\n    return self._inner_hookexec(hook_name, methods, kwargs, firstresult)\n           ^^^^^^^^^^^^^^^^^^^^^^^^^^^^^^^^^^^^^^^^^^^^^^^^^^^^^^^^^^^^^\n  File \"/root/spread_project/.tox/integration/lib/python3.12/site-packages/pluggy/_callers.py\", line 167, in _multicall\n    raise exception\n  File \"/root/spread_project/.tox/integration/lib/python3.12/site-packages/pluggy/_callers.py\", line 139, in _multicall\n    teardown.throw(exception)\n  File \"/root/spread_project/.tox/integration/lib/python3.12/site-packages/pluggy/_callers.py\", line 53, in run_old_style_hookwrapper\n    return result.get_result()\n           ^^^^^^^^^^^^^^^^^^^\n  File \"/root/spread_project/.tox/integration/lib/python3.12/site-packages/pluggy/_result.py\", line 103, in get_result\n    raise exc.with_traceback(tb)\n  File \"/root/spread_project/.tox/integration/lib/python3.12/site-packages/pluggy/_callers.py\", line 38, in run_old_style_hookwrapper\n    res = yield\n          ^^^^^\n  File \"/root/spread_project/.tox/integration/lib/python3.12/site-packages/pluggy/_callers.py\", line 121, in _multicall\n    res = hook_impl.function(*args)\n          ^^^^^^^^^^^^^^^^^^^^^^^^^\n  File \"/root/spread_project/.tox/integration/lib/python3.12/site-packages/_pytest/python.py\", line 166, in pytest_pyfunc_call\n    result = testfunction(**testargs)\n             ^^^^^^^^^^^^^^^^^^^^^^^^\n  File \"/root/spread_project/tests/integration/test_username_prefix.py\", line 180, in test_no_prefix_dbs\n    assert \"prefix-databases\" not in pg_data\nAssertionError: assert 'prefix-databases' not in {'data': '{\"database\": \"postgre*\", \"external-node-connectivity\": \"true\", \"provided-secrets\": \"[\\\\\"mtls-cert\\\\\"]\", \"requested-entity-secret\": \"secret://674be49c-3aaa-4339-876b-b53742c2098b/d68i54fh7brs7biic1ug\", \"requested-secrets\": \"[\\\\\"username\\\\\", \\\\\"password\\\\\", \\\\\"tls\\\\\", \\\\\"tls-ca\\\\\", \\\\\"uris\\\\\", \\\\\"read-only-uris\\\\\", \\\\\"entity-name\\\\\", \\\\\"entity-password\\\\\"]\"}', 'database': 'postgre*', 'endpoints': 'postgresql-k8s-primary.testing.svc.cluster.local:5432', 'password': 'password', ...}","flaky":false,"newFailed":true,"newBroken":false,"newPassed":false,"retriesCount":1,"retriesStatusChange":true,"beforeStages":[{"name":"juju","time":{"start":1771119053719,"stop":1771119053719,"duration":0},"status":"passed","steps":[],"attachments":[],"parameters":[],"shouldDisplayMessage":false,"stepsCount":0,"attachmentsCount":0,"hasContent":false,"attachmentStep":false},{"name":"abort_on_fail","time":{"start":1771119338495,"stop":1771119338495,"duration":0},"status":"passed","steps":[],"attachments":[],"parameters":[],"shouldDisplayMessage":false,"stepsCount":0,"attachmentsCount":0,"hasContent":false,"attachmentStep":false}],"testStage":{"status":"failed","statusMessage":"AssertionError: assert 'prefix-databases' not in {'data': '{\"database\": \"postgre*\", \"external-node-connectivity\": \"true\", \"provided-secrets\": \"[\\\\\"mtls-cert\\\\\"]\", \"requested-entity-secret\": \"secret://674be49c-3aaa-4339-876b-b53742c2098b/d68i54fh7brs7biic1ug\", \"requested-secrets\": \"[\\\\\"username\\\\\", \\\\\"password\\\\\", \\\\\"tls\\\\\", \\\\\"tls-ca\\\\\", \\\\\"uris\\\\\", \\\\\"read-only-uris\\\\\", \\\\\"entity-name\\\\\", \\\\\"entity-password\\\\\"]\"}', 'database': 'postgre*', 'endpoints': 'postgresql-k8s-primary.testing.svc.cluster.local:5432', 'password': 'password', ...}","statusTrace":"Traceback (most recent call last):\n  File \"/root/spread_project/.tox/integration/lib/python3.12/site-packages/_pytest/runner.py\", line 353, in from_call\n    result: TResult | None = func()\n                             ^^^^^^\n  File \"/root/spread_project/.tox/integration/lib/python3.12/site-packages/_pytest/runner.py\", line 245, in <lambda>\n    lambda: runtest_hook(item=item, **kwds),\n            ^^^^^^^^^^^^^^^^^^^^^^^^^^^^^^^\n  File \"/root/spread_project/.tox/integration/lib/python3.12/site-packages/pluggy/_hooks.py\", line 512, in __call__\n    return self._hookexec(self.name, self._hookimpls.copy(), kwargs, firstresult)\n           ^^^^^^^^^^^^^^^^^^^^^^^^^^^^^^^^^^^^^^^^^^^^^^^^^^^^^^^^^^^^^^^^^^^^^^\n  File \"/root/spread_project/.tox/integration/lib/python3.12/site-packages/pluggy/_manager.py\", line 120, in _hookexec\n    return self._inner_hookexec(hook_name, methods, kwargs, firstresult)\n           ^^^^^^^^^^^^^^^^^^^^^^^^^^^^^^^^^^^^^^^^^^^^^^^^^^^^^^^^^^^^^\n  File \"/root/spread_project/.tox/integration/lib/python3.12/site-packages/pluggy/_callers.py\", line 167, in _multicall\n    raise exception\n  File \"/root/spread_project/.tox/integration/lib/python3.12/site-packages/pluggy/_callers.py\", line 139, in _multicall\n    teardown.throw(exception)\n  File \"/root/spread_project/.tox/integration/lib/python3.12/site-packages/_pytest/logging.py\", line 850, in pytest_runtest_call\n    yield\n  File \"/root/spread_project/.tox/integration/lib/python3.12/site-packages/pluggy/_callers.py\", line 139, in _multicall\n    teardown.throw(exception)\n  File \"/root/spread_project/.tox/integration/lib/python3.12/site-packages/pluggy/_callers.py\", line 53, in run_old_style_hookwrapper\n    return result.get_result()\n           ^^^^^^^^^^^^^^^^^^^\n  File \"/root/spread_project/.tox/integration/lib/python3.12/site-packages/pluggy/_result.py\", line 103, in get_result\n    raise exc.with_traceback(tb)\n  File \"/root/spread_project/.tox/integration/lib/python3.12/site-packages/pluggy/_callers.py\", line 38, in run_old_style_hookwrapper\n    res = yield\n          ^^^^^\n  File \"/root/spread_project/.tox/integration/lib/python3.12/site-packages/pluggy/_callers.py\", line 139, in _multicall\n    teardown.throw(exception)\n  File \"/root/spread_project/.tox/integration/lib/python3.12/site-packages/_pytest/capture.py\", line 900, in pytest_runtest_call\n    return (yield)\n            ^^^^^\n  File \"/root/spread_project/.tox/integration/lib/python3.12/site-packages/pluggy/_callers.py\", line 139, in _multicall\n    teardown.throw(exception)\n  File \"/root/spread_project/.tox/integration/lib/python3.12/site-packages/_pytest/skipping.py\", line 268, in pytest_runtest_call\n    return (yield)\n            ^^^^^\n  File \"/root/spread_project/.tox/integration/lib/python3.12/site-packages/pluggy/_callers.py\", line 121, in _multicall\n    res = hook_impl.function(*args)\n          ^^^^^^^^^^^^^^^^^^^^^^^^^\n  File \"/root/spread_project/.tox/integration/lib/python3.12/site-packages/_pytest/runner.py\", line 179, in pytest_runtest_call\n    item.runtest()\n  File \"/root/spread_project/.tox/integration/lib/python3.12/site-packages/_pytest/python.py\", line 1720, in runtest\n    self.ihook.pytest_pyfunc_call(pyfuncitem=self)\n  File \"/root/spread_project/.tox/integration/lib/python3.12/site-packages/pluggy/_hooks.py\", line 512, in __call__\n    return self._hookexec(self.name, self._hookimpls.copy(), kwargs, firstresult)\n           ^^^^^^^^^^^^^^^^^^^^^^^^^^^^^^^^^^^^^^^^^^^^^^^^^^^^^^^^^^^^^^^^^^^^^^\n  File \"/root/spread_project/.tox/integration/lib/python3.12/site-packages/pluggy/_manager.py\", line 120, in _hookexec\n    return self._inner_hookexec(hook_name, methods, kwargs, firstresult)\n           ^^^^^^^^^^^^^^^^^^^^^^^^^^^^^^^^^^^^^^^^^^^^^^^^^^^^^^^^^^^^^\n  File \"/root/spread_project/.tox/integration/lib/python3.12/site-packages/pluggy/_callers.py\", line 167, in _multicall\n    raise exception\n  File \"/root/spread_project/.tox/integration/lib/python3.12/site-packages/pluggy/_callers.py\", line 139, in _multicall\n    teardown.throw(exception)\n  File \"/root/spread_project/.tox/integration/lib/python3.12/site-packages/pluggy/_callers.py\", line 53, in run_old_style_hookwrapper\n    return result.get_result()\n           ^^^^^^^^^^^^^^^^^^^\n  File \"/root/spread_project/.tox/integration/lib/python3.12/site-packages/pluggy/_result.py\", line 103, in get_result\n    raise exc.with_traceback(tb)\n  File \"/root/spread_project/.tox/integration/lib/python3.12/site-packages/pluggy/_callers.py\", line 38, in run_old_style_hookwrapper\n    res = yield\n          ^^^^^\n  File \"/root/spread_project/.tox/integration/lib/python3.12/site-packages/pluggy/_callers.py\", line 121, in _multicall\n    res = hook_impl.function(*args)\n          ^^^^^^^^^^^^^^^^^^^^^^^^^\n  File \"/root/spread_project/.tox/integration/lib/python3.12/site-packages/_pytest/python.py\", line 166, in pytest_pyfunc_call\n    result = testfunction(**testargs)\n             ^^^^^^^^^^^^^^^^^^^^^^^^\n  File \"/root/spread_project/tests/integration/test_username_prefix.py\", line 180, in test_no_prefix_dbs\n    assert \"prefix-databases\" not in pg_data\nAssertionError: assert 'prefix-databases' not in {'data': '{\"database\": \"postgre*\", \"external-node-connectivity\": \"true\", \"provided-secrets\": \"[\\\\\"mtls-cert\\\\\"]\", \"requested-entity-secret\": \"secret://674be49c-3aaa-4339-876b-b53742c2098b/d68i54fh7brs7biic1ug\", \"requested-secrets\": \"[\\\\\"username\\\\\", \\\\\"password\\\\\", \\\\\"tls\\\\\", \\\\\"tls-ca\\\\\", \\\\\"uris\\\\\", \\\\\"read-only-uris\\\\\", \\\\\"entity-name\\\\\", \\\\\"entity-password\\\\\"]\"}', 'database': 'postgre*', 'endpoints': 'postgresql-k8s-primary.testing.svc.cluster.local:5432', 'password': 'password', ...}","steps":[],"attachments":[{"uid":"a417ce95eb101397","name":"log","source":"a417ce95eb101397.txt","type":"text/plain","size":22331}],"parameters":[],"shouldDisplayMessage":true,"stepsCount":0,"attachmentsCount":1,"hasContent":true,"attachmentStep":false},"afterStages":[{"name":"abort_on_fail::0","time":{"start":1771119354344,"stop":1771119354344,"duration":0},"status":"passed","steps":[],"attachments":[],"parameters":[],"shouldDisplayMessage":false,"stepsCount":0,"attachmentsCount":0,"hasContent":false,"attachmentStep":false},{"name":"juju::0","time":{"start":1771119354345,"stop":1771119354345,"duration":0},"status":"passed","steps":[],"attachments":[],"parameters":[],"shouldDisplayMessage":false,"stepsCount":0,"attachmentsCount":0,"hasContent":false,"attachmentStep":false}],"labels":[{"name":"parentSuite","value":"tests.integration"},{"name":"suite","value":"test_username_prefix"},{"name":"host","value":"runnervmjduv7"},{"name":"thread","value":"17477-MainThread"},{"name":"framework","value":"pytest"},{"name":"language","value":"cpython3"},{"name":"package","value":"tests.integration.test_username_prefix"},{"name":"resultFormat","value":"allure2"}],"parameters":[],"links":[],"hidden":false,"retry":false,"extra":{"severity":"normal","retries":[{"uid":"b4f25a9b52e7b975","status":"unknown","time":{}}],"categories":[{"name":"Product defects","matchedStatuses":[]}],"history":{"statistic":{"failed":2,"broken":0,"skipped":0,"passed":28,"unknown":1,"total":31},"items":[{"uid":"7dd6de374f7fa1e5","reportUrl":"../5250//#testresult/7dd6de374f7fa1e5","status":"passed","time":{"start":1771032944406,"stop":1771032995058,"duration":50652}},{"uid":"3ddbc439227c8ad","reportUrl":"../5243//#testresult/3ddbc439227c8ad","status":"passed","time":{"start":1770946607950,"stop":1770946645028,"duration":37078}},{"uid":"13c587b09bd747e0","reportUrl":"../5236//#testresult/13c587b09bd747e0","status":"passed","time":{"start":1770860148346,"stop":1770860192905,"duration":44559}},{"uid":"79af1894446df7c4","reportUrl":"../5207//#testresult/79af1894446df7c4","status":"passed","time":{"start":1770687666099,"stop":1770687712542,"duration":46443}},{"uid":"696dbee3d253216c","reportUrl":"../5187//#testresult/696dbee3d253216c","status":"passed","time":{"start":1770600912785,"stop":1770600956259,"duration":43474}},{"uid":"f874e736e7e40319","reportUrl":"../5184//#testresult/f874e736e7e40319","status":"unknown","time":{}},{"uid":"96be9ad8cd51e6a","reportUrl":"../5176//#testresult/96be9ad8cd51e6a","status":"passed","time":{"start":1770428084195,"stop":1770428127545,"duration":43350}},{"uid":"e4f2cb54f12ef920","reportUrl":"../5169//#testresult/e4f2cb54f12ef920","status":"passed","time":{"start":1770341686357,"stop":1770341730360,"duration":44003}},{"uid":"e981d0adf680b029","reportUrl":"../5158//#testresult/e981d0adf680b029","status":"passed","time":{"start":1770255323494,"stop":1770255365869,"duration":42375}},{"uid":"3ea47b9f7f786537","reportUrl":"../5152//#testresult/3ea47b9f7f786537","status":"passed","time":{"start":1770168915578,"stop":1770168958920,"duration":43342}},{"uid":"bfbc9513f2b7e6a3","reportUrl":"../5136//#testresult/bfbc9513f2b7e6a3","status":"passed","time":{"start":1770083614556,"stop":1770083655864,"duration":41308}},{"uid":"9edafb6a6e9394c8","reportUrl":"../5129//#testresult/9edafb6a6e9394c8","status":"failed","statusDetails":"AssertionError: assert 'prefix-databases' not in {'data': '{\"database\": \"postgre*\", \"external-node-connectivity\": \"true\", \"provided-secrets\": \"[\\\\\"mtls-cert\\\\\"]\", \"requested-entity-secret\": \"secret://97f06ef2-1d70-4152-8fd8-9e17c943dce7/d5vvubhf1t1s7bnj4bdg\", \"requested-secrets\": \"[\\\\\"username\\\\\", \\\\\"password\\\\\", \\\\\"tls\\\\\", \\\\\"tls-ca\\\\\", \\\\\"uris\\\\\", \\\\\"read-only-uris\\\\\", \\\\\"entity-name\\\\\", \\\\\"entity-password\\\\\"]\"}', 'database': 'postgre*', 'endpoints': 'postgresql-k8s-primary.testing.svc.cluster.local:5432', 'password': 'password', ...}","time":{"start":1769996177376,"stop":1769996196340,"duration":18964}},{"uid":"5dcfa074c6781702","reportUrl":"../5127//#testresult/5dcfa074c6781702","status":"passed","time":{"start":1769909766711,"stop":1769909812955,"duration":46244}},{"uid":"7ca10de83a20a865","reportUrl":"../5123//#testresult/7ca10de83a20a865","status":"passed","time":{"start":1769823275211,"stop":1769823320050,"duration":44839}},{"uid":"8e6d470d34d71bf5","reportUrl":"../5120//#testresult/8e6d470d34d71bf5","status":"passed","time":{"start":1769737044194,"stop":1769737089028,"duration":44834}},{"uid":"b93a552fe148f400","reportUrl":"../5113//#testresult/b93a552fe148f400","status":"passed","time":{"start":1769650799501,"stop":1769650845651,"duration":46150}},{"uid":"80d9f2586c33209","reportUrl":"../5105//#testresult/80d9f2586c33209","status":"passed","time":{"start":1769564476112,"stop":1769564524815,"duration":48703}},{"uid":"185be978808d77dd","reportUrl":"../5097//#testresult/185be978808d77dd","status":"passed","time":{"start":1769478104185,"stop":1769478154152,"duration":49967}},{"uid":"a87cdee976bf32f5","reportUrl":"../5089//#testresult/a87cdee976bf32f5","status":"passed","time":{"start":1769391265576,"stop":1769391310327,"duration":44751}},{"uid":"c59337cd2af7694b","reportUrl":"../5087//#testresult/c59337cd2af7694b","status":"passed","time":{"start":1769304856863,"stop":1769304903285,"duration":46422}}]},"tags":[]},"source":"6f9cc7429d9e633c.json","parameterValues":[]}