{"uid":"4b4757e66a1912dae1a509f688f20b0f","children":[{"name":"Product defects","children":[{"name":"AssertionError: assert 0 == 1\n +  where 0 = <built-in function countOf>(dict_values(['replica', 'replica', 'primary']), 'master')\n +    where <built-in function countOf> = operator.countOf\n +    and   dict_values(['replica', 'replica', 'primary']) = <built-in method values of dict object at 0x7f26f55ca200>()\n +      where <built-in method values of dict object at 0x7f26f55ca200> = {'postgresql-k8s/0': 'replica', 'postgresql-k8s/1': 'replica', 'postgresql-k8s/2': 'primary'}.values","children":[{"name":"test_fail_and_rollback","uid":"794d48d549479f91","parentUid":"15bbb206bd9f522a2d6757cc05244e9b","status":"failed","time":{"start":1730425080985,"stop":1730425606313,"duration":525328},"flaky":false,"newFailed":false,"newPassed":false,"newBroken":false,"retriesCount":1,"retriesStatusChange":true,"parameters":[],"tags":["unstable","asyncio","@pytest.mark.skipif(False, reason='Requires amd64 architecture')","group(1)"]}],"uid":"15bbb206bd9f522a2d6757cc05244e9b"}],"uid":"8fb3a91ba5aaf9de24cc8a92edc82b5d"},{"name":"Test defects","children":[{"name":"tenacity.RetryError: RetryError[<Future at 0x7f25c81cc9a0 state=finished raised AssertionError>]","children":[{"name":"test_restore_on_new_cluster","uid":"2f5e49a29283f083","parentUid":"bb21401ad4f4bfd70f5b61ebf2c35e8a","status":"broken","time":{"start":1730426118906,"stop":1730426590142,"duration":471236},"flaky":false,"newFailed":false,"newPassed":false,"newBroken":true,"retriesCount":1,"retriesStatusChange":true,"parameters":[],"tags":["asyncio","group('GCP')"]}],"uid":"bb21401ad4f4bfd70f5b61ebf2c35e8a"}],"uid":"bdbf199525818fae7a8651db9eafe741"}],"name":"categories"}