[32mINFO    [0m integration.ha_tests.test_upgrade_to_primary_label:test_upgrade_to_primary_label.py:80 starting continuous writes to the database
[33mWARNING [0m juju.model:model.py:1564 relate is deprecated and will be removed. Use integrate instead.
[32mINFO    [0m juju.model:model.py:2972 Waiting for model:
  postgresql-test-app/0 [idle] active: 
  postgresql-k8s/0 [idle] active: 
  postgresql-k8s/1 [idle] active: Primary
  postgresql-k8s/2 [idle] active: 
[32mINFO    [0m integration.ha_tests.test_upgrade_to_primary_label:test_upgrade_to_primary_label.py:84 checking whether writes are increasing
[32mINFO    [0m httpx:_client.py:1038 HTTP Request: GET https://10.1.1.18:16443/api/v1/namespaces/test/pods/postgresql-k8s-0 "HTTP/1.1 200 OK"
[32mINFO    [0m httpx:_client.py:1038 HTTP Request: GET https://10.1.1.18:16443/api/v1/namespaces/test/pods/postgresql-k8s-1 "HTTP/1.1 200 OK"
[32mINFO    [0m integration.ha_tests.helpers:helpers.py:243 Initial writes {'test.postgresql-k8s-0': 186, 'test.postgresql-k8s-1': 188}
[32mINFO    [0m httpx:_client.py:1038 HTTP Request: GET https://10.1.1.18:16443/api/v1/namespaces/test/pods/postgresql-k8s-0 "HTTP/1.1 200 OK"
[32mINFO    [0m httpx:_client.py:1038 HTTP Request: GET https://10.1.1.18:16443/api/v1/namespaces/test/pods/postgresql-k8s-1 "HTTP/1.1 200 OK"
[32mINFO    [0m integration.ha_tests.helpers:helpers.py:249 Retry writes {'test.postgresql-k8s-0': 326, 'test.postgresql-k8s-1': 327}
[32mINFO    [0m integration.ha_tests.test_upgrade_to_primary_label:test_upgrade_to_primary_label.py:87 Get leader unit
[32mINFO    [0m integration.ha_tests.test_upgrade_to_primary_label:test_upgrade_to_primary_label.py:93 Run pre-upgrade-check action
[32mINFO    [0m integration.ha_tests.test_upgrade_to_primary_label:test_upgrade_to_primary_label.py:107 Refresh the charm
[32mINFO    [0m integration.ha_tests.test_upgrade_to_primary_label:test_upgrade_to_primary_label.py:110 Get first upgrading unit
[32mINFO    [0m juju.model:model.py:2972 Waiting for model:
  postgresql-k8s/0 [idle] waiting: other units upgrading first...
  postgresql-k8s/1 [idle] waiting: other units upgrading first...
  postgresql-k8s/2 [idle] maintenance: upgrade completed
[32mINFO    [0m juju.model:model.py:2972 Waiting for model:
  postgresql-k8s/0 [idle] waiting: other units upgrading first...
  postgresql-k8s/1 [idle] waiting: other units upgrading first...
  postgresql-k8s/2 [idle] maintenance: upgrade completed
[32mINFO    [0m integration.ha_tests.test_upgrade_to_primary_label:test_upgrade_to_primary_label.py:123 checking whether writes are increasing
[32mINFO    [0m httpx:_client.py:1038 HTTP Request: GET https://10.1.1.18:16443/api/v1/namespaces/test/pods/postgresql-k8s-0 "HTTP/1.1 200 OK"
[32mINFO    [0m httpx:_client.py:1038 HTTP Request: GET https://10.1.1.18:16443/api/v1/namespaces/test/pods/postgresql-k8s-1 "HTTP/1.1 200 OK"
[32mINFO    [0m integration.ha_tests.helpers:helpers.py:243 Initial writes {'test.postgresql-k8s-0': 13721, 'test.postgresql-k8s-1': 13723}
[32mINFO    [0m httpx:_client.py:1038 HTTP Request: GET https://10.1.1.18:16443/api/v1/namespaces/test/pods/postgresql-k8s-0 "HTTP/1.1 200 OK"
[32mINFO    [0m httpx:_client.py:1038 HTTP Request: GET https://10.1.1.18:16443/api/v1/namespaces/test/pods/postgresql-k8s-1 "HTTP/1.1 200 OK"
[32mINFO    [0m integration.ha_tests.helpers:helpers.py:249 Retry writes {'test.postgresql-k8s-0': 13858, 'test.postgresql-k8s-1': 13859}
[32mINFO    [0m httpx:_client.py:1038 HTTP Request: GET https://10.1.1.18:16443/api/v1/namespaces/test/pods/postgresql-k8s-0 "HTTP/1.1 200 OK"
[32mINFO    [0m httpx:_client.py:1038 HTTP Request: GET https://10.1.1.18:16443/api/v1/namespaces/test/pods/postgresql-k8s-1 "HTTP/1.1 200 OK"
[32mINFO    [0m httpx:_client.py:1038 HTTP Request: GET https://10.1.1.18:16443/api/v1/namespaces/test/pods/postgresql-k8s-2 "HTTP/1.1 200 OK"
[32mINFO    [0m integration.ha_tests.test_upgrade_to_primary_label:test_upgrade_to_primary_label.py:131 Resume upgrade
[32mINFO    [0m integration.ha_tests.test_upgrade_to_primary_label:test_upgrade_to_primary_label.py:135 Wait for application to upgrade
[32mINFO    [0m juju.model:model.py:2972 Waiting for model:
  postgresql-k8s/0 [idle] waiting: other units upgrading first...
  postgresql-k8s/1 [executing] maintenance: stopping charm software
  postgresql-k8s/2 [idle] maintenance: upgrade completed
[32mINFO    [0m juju.model:model.py:2972 Waiting for model:
  postgresql-k8s/0 [idle] waiting: other units upgrading first...
  postgresql-k8s/1 [executing] waiting: awaiting for cluster to start
  postgresql-k8s/2 [idle] maintenance: upgrade completed
[32mINFO    [0m juju.model:model.py:2972 Waiting for model:
  postgresql-k8s/0 [idle] waiting: other units upgrading first...
  postgresql-k8s/1 [idle] active: 
  postgresql-k8s/2 [idle] maintenance: upgrade completed
[32mINFO    [0m juju.model:model.py:2972 Waiting for model:
  postgresql-k8s/0 [executing] maintenance: 
  postgresql-k8s/1 [idle] active: 
  postgresql-k8s/2 [idle] active: Primary
[32mINFO    [0m juju.model:model.py:2972 Waiting for model:
  postgresql-k8s/0 [executing] waiting: awaiting for cluster to start
  postgresql-k8s/1 [executing] active: 
  postgresql-k8s/2 [idle] active: Primary
[32mINFO    [0m juju.model:model.py:2972 Waiting for model:
  postgresql-k8s/0 [executing] maintenance: upgrade completed
  postgresql-k8s/1 [executing] active: 
  postgresql-k8s/2 [executing] active: Primary
[32mINFO    [0m juju.model:model.py:2972 Waiting for model:
  postgresql-k8s/0 [executing] active: 
  postgresql-k8s/1 [executing] active: 
  postgresql-k8s/2 [executing] active: 
[32mINFO    [0m juju.model:model.py:2972 Waiting for model:
  postgresql-k8s/0 [idle] active: 
  postgresql-k8s/1 [idle] active: 
  postgresql-k8s/2 [idle] active: 
[32mINFO    [0m httpx:_client.py:1038 HTTP Request: GET https://10.1.1.18:16443/api/v1/namespaces/test/pods/postgresql-k8s-0 "HTTP/1.1 200 OK"
[32mINFO    [0m httpx:_client.py:1038 HTTP Request: GET https://10.1.1.18:16443/api/v1/namespaces/test/pods/postgresql-k8s-1 "HTTP/1.1 200 OK"
[32mINFO    [0m httpx:_client.py:1038 HTTP Request: GET https://10.1.1.18:16443/api/v1/namespaces/test/pods/postgresql-k8s-2 "HTTP/1.1 200 OK"
[32mINFO    [0m integration.ha_tests.test_upgrade_to_primary_label:test_upgrade_to_primary_label.py:146 Ensure continuous_writes after upgrade
[32mINFO    [0m httpx:_client.py:1038 HTTP Request: GET https://10.1.1.18:16443/api/v1/namespaces/test/pods/postgresql-k8s-1 "HTTP/1.1 200 OK"
[32mINFO    [0m httpx:_client.py:1038 HTTP Request: GET https://10.1.1.18:16443/api/v1/namespaces/test/pods/postgresql-k8s-2 "HTTP/1.1 200 OK"
[32mINFO    [0m integration.ha_tests.helpers:helpers.py:243 Initial writes {'test.postgresql-k8s-1': 28024, 'test.postgresql-k8s-2': 28026}
[32mINFO    [0m httpx:_client.py:1038 HTTP Request: GET https://10.1.1.18:16443/api/v1/namespaces/test/pods/postgresql-k8s-1 "HTTP/1.1 200 OK"
[32mINFO    [0m httpx:_client.py:1038 HTTP Request: GET https://10.1.1.18:16443/api/v1/namespaces/test/pods/postgresql-k8s-2 "HTTP/1.1 200 OK"
[32mINFO    [0m integration.ha_tests.helpers:helpers.py:249 Retry writes {'test.postgresql-k8s-1': 28162, 'test.postgresql-k8s-2': 28163}
[32mINFO    [0m integration.ha_tests.test_upgrade_to_primary_label:test_upgrade_to_primary_label.py:151 Checking whether no writes were lost
[32mINFO    [0m httpx:_client.py:1038 HTTP Request: GET https://10.1.1.18:16443/api/v1/namespaces/test/pods/postgresql-k8s-1 "HTTP/1.1 200 OK"
[32mINFO    [0m httpx:_client.py:1038 HTTP Request: GET https://10.1.1.18:16443/api/v1/namespaces/test/pods/postgresql-k8s-2 "HTTP/1.1 200 OK"
[32mINFO    [0m pytest_operator.plugin:plugin.py:903 Model status:

Model  Controller          Cloud/Region        Version  SLA          Timestamp
test   microk8s-localhost  microk8s/localhost  3.4.6    unsupported  01:44:17Z

App                  Version  Status  Scale  Charm                Channel      Rev  Address        Exposed  Message
postgresql-k8s       14.13    active      3  postgresql-k8s                      0  10.152.183.37  no       
postgresql-test-app           active      1  postgresql-test-app  latest/edge  305  10.152.183.31  no       received database credentials of the first database

Unit                    Workload  Agent  Address      Ports  Message
postgresql-k8s/0        active    idle   10.1.75.145         
postgresql-k8s/1*       active    idle   10.1.75.144         
postgresql-k8s/2        active    idle   10.1.75.143         
postgresql-test-app/0*  active    idle   10.1.75.136         received database credentials of the first database

[32mINFO    [0m pytest_operator.plugin:plugin.py:909 Juju error logs:

unit-postgresql-k8s-2: 01:39:26 ERROR unit.postgresql-k8s/2.juju-log failed to change plugins: 
Traceback (most recent call last):
  File "/var/lib/juju/agents/unit-postgresql-k8s-2/charm/lib/charms/postgresql_k8s/v0/postgresql.py", line 354, in enable_disable_extensions
    cursor.execute(
psycopg2.errors.ObjectNotInPrerequisiteState: pgaudit must be loaded via shared_preload_libraries


The above exception was the direct cause of the following exception:

Traceback (most recent call last):
  File "/var/lib/juju/agents/unit-postgresql-k8s-2/charm/./src/charm.py", line 723, in _handle_enable_disable_extensions
    self.postgresql.enable_disable_extensions(extensions, database)
  File "/var/lib/juju/agents/unit-postgresql-k8s-2/charm/lib/charms/tempo_coordinator_k8s/v0/charm_tracing.py", line 1064, in wrapped_function
    return callable(*args, **kwargs)  # type: ignore
  File "/var/lib/juju/agents/unit-postgresql-k8s-2/charm/lib/charms/postgresql_k8s/v0/postgresql.py", line 365, in enable_disable_extensions
    raise PostgreSQLEnableDisableExtensionError() from e
charms.postgresql_k8s.v0.postgresql.PostgreSQLEnableDisableExtensionError
unit-postgresql-k8s-1: 01:41:14 ERROR unit.postgresql-k8s/1.juju-log database:4: failed to change plugins: 
Traceback (most recent call last):
  File "/var/lib/juju/agents/unit-postgresql-k8s-1/charm/lib/charms/postgresql_k8s/v0/postgresql.py", line 354, in enable_disable_extensions
    cursor.execute(
psycopg2.errors.ObjectNotInPrerequisiteState: pgaudit must be loaded via shared_preload_libraries


The above exception was the direct cause of the following exception:

Traceback (most recent call last):
  File "/var/lib/juju/agents/unit-postgresql-k8s-1/charm/./src/charm.py", line 723, in _handle_enable_disable_extensions
    self.postgresql.enable_disable_extensions(extensions, database)
  File "/var/lib/juju/agents/unit-postgresql-k8s-1/charm/lib/charms/tempo_coordinator_k8s/v0/charm_tracing.py", line 1064, in wrapped_function
    return callable(*args, **kwargs)  # type: ignore
  File "/var/lib/juju/agents/unit-postgresql-k8s-1/charm/lib/charms/postgresql_k8s/v0/postgresql.py", line 365, in enable_disable_extensions
    raise PostgreSQLEnableDisableExtensionError() from e
charms.postgresql_k8s.v0.postgresql.PostgreSQLEnableDisableExtensionError

[32mINFO    [0m pytest_operator.plugin:plugin.py:991 Forgetting model main...