[32mINFO    [0m juju.model:model.py:2098 Deploying ch:amd64/focal/indico-213
[32mINFO    [0m juju.model:model.py:2098 Deploying ch:amd64/focal/redis-k8s-7
[32mINFO    [0m juju.model:model.py:2098 Deploying ch:amd64/focal/redis-k8s-7
[33mWARNING [0m juju.model:model.py:1564 relate is deprecated and will be removed. Use integrate instead.
[33mWARNING [0m juju.model:model.py:1564 relate is deprecated and will be removed. Use integrate instead.
[32mINFO    [0m juju.model:model.py:2972 Waiting for model:
  indico/0 [allocating] waiting: installing agent
[32mINFO    [0m juju.model:model.py:2972 Waiting for model:
  indico/0 [allocating] waiting: installing agent
[32mINFO    [0m juju.model:model.py:2972 Waiting for model:
  indico/0 [idle] waiting: Waiting for database availability
[32mINFO    [0m integration.new_relations.test_new_relations:test_new_relations.py:692 Verifying that the charm doesn't block when the extensions are enabled
[32mINFO    [0m juju.model:model.py:2972 Waiting for model:
  database/0 [executing] active: Primary
  database/1 [executing] active: 
  database/2 [executing] active: 
[32mINFO    [0m juju.model:model.py:2972 Waiting for model:
  database/0 [idle] active: Primary
[33mWARNING [0m juju.model:model.py:1564 relate is deprecated and will be removed. Use integrate instead.
[32mINFO    [0m juju.model:model.py:2972 Waiting for model:
  database/0 [idle] active: Primary
  database/1 [executing] active: 
  database/2 [executing] active: 
  indico/0 [executing] waiting: Waiting for database availability
[32mINFO    [0m juju.model:model.py:2972 Waiting for model:
  database/0 [idle] active: Primary
  database/1 [idle] active: 
  database/2 [idle] active: 
  indico/0 [executing] maintenance: Adding indico layer to pebble
[32mINFO    [0m pytest_operator.plugin:plugin.py:903 Model status:

Model  Controller          Cloud/Region        Version  SLA          Timestamp
test   microk8s-localhost  microk8s/localhost  3.4.5    unsupported  01:59:06Z

App                      Version               Status   Scale  Charm                Channel        Rev  Address         Exposed  Message
another-application                            active       1  postgresql-test-app  latest/edge    217  10.152.183.160  no       received database credentials of the first database
another-data-integrator                        waiting      1  data-integrator      latest/stable   41  10.152.183.58   no       installing agent
another-database         14.12                 active       3  postgresql-k8s                        0  10.152.183.197  no       
data-integrator                                waiting      1  data-integrator      latest/stable   41  10.152.183.21   no       installing agent
database                 14.12                 active       3  postgresql-k8s                        1  10.152.183.176  no       
indico                   3.3.1                 active       1  indico               latest/stable  213  10.152.183.121  no       
other-discourse-k8s      3.2.0                 active       1  discourse-k8s        latest/stable  124  10.152.183.43   no       
postgresql-test-app                            active       2  postgresql-test-app  latest/edge    217  10.152.183.88   no       received database credentials of the first database
redis-broker             ubuntu/redis@691f315  active       1  redis-k8s            latest/stable    7                  no       
redis-cache              ubuntu/redis@691f315  active       1  redis-k8s            latest/stable    7                  no       
redis-k8s                7.2.5                 active       1  redis-k8s            latest/edge     34  10.152.183.38   no       

Unit                        Workload  Agent  Address       Ports     Message
another-application/0*      active    idle   10.1.167.86             received database credentials of the first database
another-data-integrator/0*  blocked   idle   10.1.167.90             Please relate the data-integrator with the desired product
another-database/0          active    idle   10.1.167.79             
another-database/1          active    idle   10.1.167.80             
another-database/2*         active    idle   10.1.167.81             Primary
data-integrator/0*          blocked   idle   10.1.167.89             Please relate the data-integrator with the desired product
database/0*                 active    idle   10.1.167.83             Primary
database/1                  active    idle   10.1.167.87             
database/2                  active    idle   10.1.167.88             
indico/0*                   active    idle   10.1.167.97             
other-discourse-k8s/0*      active    idle   10.1.167.94             
postgresql-test-app/0*      active    idle   10.1.167.72             received database credentials of the first database
postgresql-test-app/1       active    idle   10.1.167.73             received database credentials of the first database
redis-broker/0*             active    idle   10.1.167.99   6379/TCP  
redis-cache/0*              active    idle   10.1.167.101  6379/TCP  
redis-k8s/0*                active    idle   10.1.167.93             

[32mINFO    [0m pytest_operator.plugin:plugin.py:909 Juju error logs:

unit-database-0: 01:41:05 ERROR unit.database/0.juju-log Kubernetes service get failed: services "database" not found
unit-database-0: 01:41:05 ERROR unit.database/0.juju-log Kubernetes service patch failed: services "database" not found
unit-database-0: 01:41:13 ERROR unit.database/0.juju-log Kubernetes service get failed: services "database" not found
unit-database-0: 01:41:13 ERROR unit.database/0.juju-log Kubernetes service patch failed: services "database" not found
unit-database-0: 01:41:21 ERROR unit.database/0.juju-log Kubernetes service get failed: services "database" not found
unit-database-0: 01:41:21 ERROR unit.database/0.juju-log Kubernetes service patch failed: services "database" not found
unit-database-0: 01:49:47 ERROR unit.database/0.juju-log database:20: Invalid extra user roles: test
unit-database-0: 01:49:47 ERROR unit.database/0.juju-log database:20: invalid role(s) for extra user roles
Traceback (most recent call last):
  File "/var/lib/juju/agents/unit-database-0/charm/src/relations/postgresql_provider.py", line 89, in _on_database_requested
    self.charm.postgresql.create_user(user, password, extra_user_roles=extra_user_roles)
  File "/var/lib/juju/agents/unit-database-0/charm/lib/charms/tempo_k8s/v1/charm_tracing.py", line 724, in wrapped_function
    return callable(*args, **kwargs)  # type: ignore
  File "/var/lib/juju/agents/unit-database-0/charm/lib/charms/postgresql_k8s/v0/postgresql.py", line 225, in create_user
    raise PostgreSQLCreateUserError(INVALID_EXTRA_USER_ROLE_BLOCKING_MESSAGE)
charms.postgresql_k8s.v0.postgresql.PostgreSQLCreateUserError: invalid role(s) for extra user roles
unit-database-0: 01:49:50 ERROR unit.database/0.juju-log database:21: Invalid extra user roles: test
unit-database-0: 01:49:50 ERROR unit.database/0.juju-log database:21: invalid role(s) for extra user roles
Traceback (most recent call last):
  File "/var/lib/juju/agents/unit-database-0/charm/src/relations/postgresql_provider.py", line 89, in _on_database_requested
    self.charm.postgresql.create_user(user, password, extra_user_roles=extra_user_roles)
  File "/var/lib/juju/agents/unit-database-0/charm/lib/charms/tempo_k8s/v1/charm_tracing.py", line 724, in wrapped_function
    return callable(*args, **kwargs)  # type: ignore
  File "/var/lib/juju/agents/unit-database-0/charm/lib/charms/postgresql_k8s/v0/postgresql.py", line 225, in create_user
    raise PostgreSQLCreateUserError(INVALID_EXTRA_USER_ROLE_BLOCKING_MESSAGE)
charms.postgresql_k8s.v0.postgresql.PostgreSQLCreateUserError: invalid role(s) for extra user roles

[32mINFO    [0m pytest_operator.plugin:plugin.py:991 Forgetting model main...