[32mINFO    [0m juju.model:__init__.py:2301 Deploying local:postgresql-k8s-3
[32mINFO    [0m juju.model:__init__.py:3254 Waiting for model:
  test-storage-postgresql-k8s/0 [allocating] waiting: agent initialising
[32mINFO    [0m juju.model:__init__.py:3254 Waiting for model:
  test-storage-postgresql-k8s/0 [idle] waiting: awaiting for cluster to start
[32mINFO    [0m juju.model:__init__.py:3254 Waiting for model:
  test-storage-postgresql-k8s/0 [idle] waiting: awaiting for primary endpoint to be ready
[32mINFO    [0m pytest_operator.plugin:plugin.py:936 Model status:

Model    Controller          Cloud/Region        Version  SLA          Timestamp
testing  concierge-microk8s  microk8s/localhost  3.6.4    unsupported  02:08:22Z

App                          Version  Status  Scale  Charm           Channel  Rev  Address         Exposed  Message
postgresql-k8s               14.17    active      3  postgresql-k8s             2  10.152.183.234  no       
test-storage-postgresql-k8s  14.17    active      1  postgresql-k8s             3  10.152.183.54   no       Primary

Unit                            Workload  Agent  Address      Ports  Message
postgresql-k8s/0*               active    idle   10.1.51.220         Primary
postgresql-k8s/1                active    idle   10.1.51.221         
postgresql-k8s/2                active    idle   10.1.51.222         
test-storage-postgresql-k8s/0*  active    idle   10.1.51.224         Primary

[32mINFO    [0m pytest_operator.plugin:plugin.py:942 Juju error logs:

unit-postgresql-k8s-0: 01:32:30 ERROR unit.postgresql-k8s/0.juju-log database-peers:0: Uncaught exception while in charm code:
Traceback (most recent call last):
  File "/var/lib/juju/agents/unit-postgresql-k8s-0/charm/venv/lib/python3.10/site-packages/websocket/_socket.py", line 118, in recv
    bytes_ = _recv()
  File "/var/lib/juju/agents/unit-postgresql-k8s-0/charm/venv/lib/python3.10/site-packages/websocket/_socket.py", line 97, in _recv
    return sock.recv(bufsize)
TimeoutError: timed out

During handling of the above exception, another exception occurred:

Traceback (most recent call last):
  File "/var/lib/juju/agents/unit-postgresql-k8s-0/charm/venv/lib/python3.10/site-packages/ops/pebble.py", line 2906, in exec
    control_ws = self._connect_websocket(task_id, 'control')
  File "/var/lib/juju/agents/unit-postgresql-k8s-0/charm/venv/lib/python3.10/site-packages/ops/pebble.py", line 2994, in _connect_websocket
    ws.connect(url, socket=sock)
  File "/var/lib/juju/agents/unit-postgresql-k8s-0/charm/venv/lib/python3.10/site-packages/websocket/_core.py", line 261, in connect
    self.handshake_response = handshake(self.sock, url, *addrs, **options)
  File "/var/lib/juju/agents/unit-postgresql-k8s-0/charm/venv/lib/python3.10/site-packages/websocket/_handshake.py", line 65, in handshake
    status, resp = _get_resp_headers(sock)
  File "/var/lib/juju/agents/unit-postgresql-k8s-0/charm/venv/lib/python3.10/site-packages/websocket/_handshake.py", line 141, in _get_resp_headers
    status, resp_headers, status_message = read_headers(sock)
  File "/var/lib/juju/agents/unit-postgresql-k8s-0/charm/venv/lib/python3.10/site-packages/websocket/_http.py", line 351, in read_headers
    line = recv_line(sock)
  File "/var/lib/juju/agents/unit-postgresql-k8s-0/charm/venv/lib/python3.10/site-packages/websocket/_socket.py", line 140, in recv_line
    c = recv(sock, 1)
  File "/var/lib/juju/agents/unit-postgresql-k8s-0/charm/venv/lib/python3.10/site-packages/websocket/_socket.py", line 120, in recv
    raise WebSocketTimeoutException("Connection timed out")
websocket._exceptions.WebSocketTimeoutException: Connection timed out

The above exception was the direct cause of the following exception:

Traceback (most recent call last):
  File "/var/lib/juju/agents/unit-postgresql-k8s-0/charm/src/charm.py", line 2340, in <module>
    main(PostgresqlOperatorCharm, use_juju_for_storage=True)
  File "/var/lib/juju/agents/unit-postgresql-k8s-0/charm/venv/lib/python3.10/site-packages/ops/__init__.py", line 343, in __call__
    return _main.main(charm_class=charm_class, use_juju_for_storage=use_juju_for_storage)
  File "/var/lib/juju/agents/unit-postgresql-k8s-0/charm/venv/lib/python3.10/site-packages/ops/_main.py", line 558, in main
    manager.run()
  File "/var/lib/juju/agents/unit-postgresql-k8s-0/charm/venv/lib/python3.10/site-packages/ops/_main.py", line 543, in run
    self._emit()
  File "/var/lib/juju/agents/unit-postgresql-k8s-0/charm/venv/lib/python3.10/site-packages/ops/_main.py", line 499, in _emit
    self.framework.reemit()
  File "/var/lib/juju/agents/unit-postgresql-k8s-0/charm/venv/lib/python3.10/site-packages/ops/framework.py", line 916, in reemit
    self._reemit()
  File "/var/lib/juju/agents/unit-postgresql-k8s-0/charm/venv/lib/python3.10/site-packages/ops/framework.py", line 996, in _reemit
    custom_handler(event)
  File "/var/lib/juju/agents/unit-postgresql-k8s-0/charm/lib/charms/tempo_coordinator_k8s/v0/charm_tracing.py", line 1109, in wrapped_function
    return callable(*args, **kwargs)  # type: ignore
  File "/var/lib/juju/agents/unit-postgresql-k8s-0/charm/src/charm.py", line 977, in _on_postgresql_pebble_ready
    self._create_pgdata(container)
  File "/var/lib/juju/agents/unit-postgresql-k8s-0/charm/lib/charms/tempo_coordinator_k8s/v0/charm_tracing.py", line 1109, in wrapped_function
    return callable(*args, **kwargs)  # type: ignore
  File "/var/lib/juju/agents/unit-postgresql-k8s-0/charm/src/charm.py", line 953, in _create_pgdata
    container.exec([
  File "/var/lib/juju/agents/unit-postgresql-k8s-0/charm/venv/lib/python3.10/site-packages/ops/model.py", line 2997, in exec
    return self._pebble.exec(
  File "/var/lib/juju/agents/unit-postgresql-k8s-0/charm/venv/lib/python3.10/site-packages/ops/pebble.py", line 2915, in exec
    raise ChangeError(change.err, change) from e
ops.pebble.ChangeError: cannot perform the following tasks:
- Execute command "chown" (exec 5: timeout waiting for websocket connections: context deadline exceeded)
----- Logs from task 0 -----
2025-03-23T01:32:30Z ERROR exec 5: timeout waiting for websocket connections: context deadline exceeded
-----
unit-postgresql-k8s-0: 01:32:30 ERROR juju.worker.uniter.operation hook "database-peers-relation-joined" (via hook dispatching script: dispatch) failed: exit status 1
unit-postgresql-k8s-2: 01:37:36 ERROR unit.postgresql-k8s/2.juju-log Cluster upgrade failed, ensure pre-upgrade checks are ran first.
unit-postgresql-k8s-0: 01:49:24 ERROR unit.postgresql-k8s/0.juju-log Cluster upgrade failed, ensure pre-upgrade checks are ran first.
unit-postgresql-k8s-2: 01:59:30 ERROR unit.postgresql-k8s/2.juju-log pgdata folder not found in /var/lib/postgresql/data/pgdata
unit-postgresql-k8s-1: 01:59:30 ERROR unit.postgresql-k8s/1.juju-log pgdata folder not found in /var/lib/postgresql/data/pgdata
controller-0: 02:01:49 ERROR juju.worker.caasapplicationprovisioner.runner exited "postgresql-k8s": cannot scale dying application to 0: application "postgresql-k8s" not found

[32mINFO    [0m pytest_operator.plugin:plugin.py:1024 Forgetting model main...