{"uid":"746cb888f319c8b2","name":"test_upgrade_from_edge","fullName":"tests.integration.high_availability.test_async_replication_upgrade#test_upgrade_from_edge","historyId":"d79fc3a887248243c4518ea12eaedfd1","time":{"start":1771378881040,"stop":1771379659146,"duration":778106},"description":"Upgrade the two PostgreSQL clusters.","descriptionHtml":"<p>Upgrade the two PostgreSQL clusters.</p>\n","status":"broken","statusMessage":"jubilant._juju.CLIError: Command '['juju', 'status', '--model', 'testing-other', '--format', 'json']' returned non-zero exit status 1.\nStdout:\n{}\n\nStderr:\nERROR connection is shut down","statusTrace":"Traceback (most recent call last):\n  File \"/root/spread_project/.tox/integration/lib/python3.12/site-packages/_pytest/runner.py\", line 353, in from_call\n    result: TResult | None = func()\n                             ^^^^^^\n  File \"/root/spread_project/.tox/integration/lib/python3.12/site-packages/_pytest/runner.py\", line 245, in <lambda>\n    lambda: runtest_hook(item=item, **kwds),\n            ^^^^^^^^^^^^^^^^^^^^^^^^^^^^^^^\n  File \"/root/spread_project/.tox/integration/lib/python3.12/site-packages/pluggy/_hooks.py\", line 512, in __call__\n    return self._hookexec(self.name, self._hookimpls.copy(), kwargs, firstresult)\n           ^^^^^^^^^^^^^^^^^^^^^^^^^^^^^^^^^^^^^^^^^^^^^^^^^^^^^^^^^^^^^^^^^^^^^^\n  File \"/root/spread_project/.tox/integration/lib/python3.12/site-packages/pluggy/_manager.py\", line 120, in _hookexec\n    return self._inner_hookexec(hook_name, methods, kwargs, firstresult)\n           ^^^^^^^^^^^^^^^^^^^^^^^^^^^^^^^^^^^^^^^^^^^^^^^^^^^^^^^^^^^^^\n  File \"/root/spread_project/.tox/integration/lib/python3.12/site-packages/pluggy/_callers.py\", line 167, in _multicall\n    raise exception\n  File \"/root/spread_project/.tox/integration/lib/python3.12/site-packages/pluggy/_callers.py\", line 139, in _multicall\n    teardown.throw(exception)\n  File \"/root/spread_project/.tox/integration/lib/python3.12/site-packages/_pytest/logging.py\", line 850, in pytest_runtest_call\n    yield\n  File \"/root/spread_project/.tox/integration/lib/python3.12/site-packages/pluggy/_callers.py\", line 139, in _multicall\n    teardown.throw(exception)\n  File \"/root/spread_project/.tox/integration/lib/python3.12/site-packages/pluggy/_callers.py\", line 53, in run_old_style_hookwrapper\n    return result.get_result()\n           ^^^^^^^^^^^^^^^^^^^\n  File \"/root/spread_project/.tox/integration/lib/python3.12/site-packages/pluggy/_result.py\", line 103, in get_result\n    raise exc.with_traceback(tb)\n  File \"/root/spread_project/.tox/integration/lib/python3.12/site-packages/pluggy/_callers.py\", line 38, in run_old_style_hookwrapper\n    res = yield\n          ^^^^^\n  File \"/root/spread_project/.tox/integration/lib/python3.12/site-packages/pluggy/_callers.py\", line 139, in _multicall\n    teardown.throw(exception)\n  File \"/root/spread_project/.tox/integration/lib/python3.12/site-packages/_pytest/capture.py\", line 900, in pytest_runtest_call\n    return (yield)\n            ^^^^^\n  File \"/root/spread_project/.tox/integration/lib/python3.12/site-packages/pluggy/_callers.py\", line 139, in _multicall\n    teardown.throw(exception)\n  File \"/root/spread_project/.tox/integration/lib/python3.12/site-packages/_pytest/skipping.py\", line 268, in pytest_runtest_call\n    return (yield)\n            ^^^^^\n  File \"/root/spread_project/.tox/integration/lib/python3.12/site-packages/pluggy/_callers.py\", line 121, in _multicall\n    res = hook_impl.function(*args)\n          ^^^^^^^^^^^^^^^^^^^^^^^^^\n  File \"/root/spread_project/.tox/integration/lib/python3.12/site-packages/_pytest/runner.py\", line 179, in pytest_runtest_call\n    item.runtest()\n  File \"/root/spread_project/.tox/integration/lib/python3.12/site-packages/_pytest/python.py\", line 1720, in runtest\n    self.ihook.pytest_pyfunc_call(pyfuncitem=self)\n  File \"/root/spread_project/.tox/integration/lib/python3.12/site-packages/pluggy/_hooks.py\", line 512, in __call__\n    return self._hookexec(self.name, self._hookimpls.copy(), kwargs, firstresult)\n           ^^^^^^^^^^^^^^^^^^^^^^^^^^^^^^^^^^^^^^^^^^^^^^^^^^^^^^^^^^^^^^^^^^^^^^\n  File \"/root/spread_project/.tox/integration/lib/python3.12/site-packages/pluggy/_manager.py\", line 120, in _hookexec\n    return self._inner_hookexec(hook_name, methods, kwargs, firstresult)\n           ^^^^^^^^^^^^^^^^^^^^^^^^^^^^^^^^^^^^^^^^^^^^^^^^^^^^^^^^^^^^^\n  File \"/root/spread_project/.tox/integration/lib/python3.12/site-packages/pluggy/_callers.py\", line 167, in _multicall\n    raise exception\n  File \"/root/spread_project/.tox/integration/lib/python3.12/site-packages/pluggy/_callers.py\", line 139, in _multicall\n    teardown.throw(exception)\n  File \"/root/spread_project/.tox/integration/lib/python3.12/site-packages/pluggy/_callers.py\", line 53, in run_old_style_hookwrapper\n    return result.get_result()\n           ^^^^^^^^^^^^^^^^^^^\n  File \"/root/spread_project/.tox/integration/lib/python3.12/site-packages/pluggy/_result.py\", line 103, in get_result\n    raise exc.with_traceback(tb)\n  File \"/root/spread_project/.tox/integration/lib/python3.12/site-packages/pluggy/_callers.py\", line 38, in run_old_style_hookwrapper\n    res = yield\n          ^^^^^\n  File \"/root/spread_project/.tox/integration/lib/python3.12/site-packages/pluggy/_callers.py\", line 121, in _multicall\n    res = hook_impl.function(*args)\n          ^^^^^^^^^^^^^^^^^^^^^^^^^\n  File \"/root/spread_project/.tox/integration/lib/python3.12/site-packages/_pytest/python.py\", line 166, in pytest_pyfunc_call\n    result = testfunction(**testargs)\n             ^^^^^^^^^^^^^^^^^^^^^^^^\n  File \"/root/spread_project/tests/integration/high_availability/test_async_replication_upgrade.py\", line 210, in test_upgrade_from_edge\n    run_upgrade(model_2, DB_APP_2, charm)\n  File \"/root/spread_project/tests/integration/high_availability/high_availability_helpers_new.py\", line 278, in run_upgrade\n    juju.wait(\n  File \"/root/spread_project/.tox/integration/lib/python3.12/site-packages/jubilant/_juju.py\", line 1452, in wait\n    stdout, _ = self._cli('status', '--format', 'json', log=False)\n                ^^^^^^^^^^^^^^^^^^^^^^^^^^^^^^^^^^^^^^^^^^^^^^^^^^\n  File \"/root/spread_project/.tox/integration/lib/python3.12/site-packages/jubilant/_juju.py\", line 405, in _cli\n    raise CLIError(e.returncode, e.cmd, e.stdout, e.stderr) from None\njubilant._juju.CLIError: Command '['juju', 'status', '--model', 'testing-other', '--format', 'json']' returned non-zero exit status 1.\nStdout:\n{}\n\nStderr:\nERROR connection is shut down","flaky":false,"newFailed":false,"newBroken":false,"newPassed":false,"retriesCount":1,"retriesStatusChange":true,"beforeStages":[{"name":"first_model","time":{"start":1771378322176,"stop":1771378322176,"duration":0},"status":"passed","steps":[],"attachments":[],"parameters":[],"shouldDisplayMessage":false,"stepsCount":0,"attachmentsCount":0,"hasContent":false,"attachmentStep":false},{"name":"charm","time":{"start":1771378322176,"stop":1771378322176,"duration":0},"status":"passed","steps":[],"attachments":[],"parameters":[],"shouldDisplayMessage":false,"stepsCount":0,"attachmentsCount":0,"hasContent":false,"attachmentStep":false},{"name":"juju","time":{"start":1771378322176,"stop":1771378322176,"duration":0},"status":"passed","steps":[],"attachments":[],"parameters":[],"shouldDisplayMessage":false,"stepsCount":0,"attachmentsCount":0,"hasContent":false,"attachmentStep":false},{"name":"second_model","time":{"start":1771378322176,"stop":1771378322408,"duration":232},"status":"passed","steps":[],"attachments":[],"parameters":[],"shouldDisplayMessage":false,"stepsCount":0,"attachmentsCount":0,"hasContent":false,"attachmentStep":false},{"name":"abort_on_fail","time":{"start":1771378878450,"stop":1771378878450,"duration":0},"status":"passed","steps":[],"attachments":[],"parameters":[],"shouldDisplayMessage":false,"stepsCount":0,"attachmentsCount":0,"hasContent":false,"attachmentStep":false},{"name":"first_model_continuous_writes","time":{"start":1771378878451,"stop":1771378881039,"duration":2588},"status":"passed","steps":[],"attachments":[],"parameters":[],"shouldDisplayMessage":false,"stepsCount":0,"attachmentsCount":0,"hasContent":false,"attachmentStep":false}],"testStage":{"description":"Upgrade the two PostgreSQL clusters.","status":"broken","statusMessage":"jubilant._juju.CLIError: Command '['juju', 'status', '--model', 'testing-other', '--format', 'json']' returned non-zero exit status 1.\nStdout:\n{}\n\nStderr:\nERROR connection is shut down","statusTrace":"Traceback (most recent call last):\n  File \"/root/spread_project/.tox/integration/lib/python3.12/site-packages/_pytest/runner.py\", line 353, in from_call\n    result: TResult | None = func()\n                             ^^^^^^\n  File \"/root/spread_project/.tox/integration/lib/python3.12/site-packages/_pytest/runner.py\", line 245, in <lambda>\n    lambda: runtest_hook(item=item, **kwds),\n            ^^^^^^^^^^^^^^^^^^^^^^^^^^^^^^^\n  File \"/root/spread_project/.tox/integration/lib/python3.12/site-packages/pluggy/_hooks.py\", line 512, in __call__\n    return self._hookexec(self.name, self._hookimpls.copy(), kwargs, firstresult)\n           ^^^^^^^^^^^^^^^^^^^^^^^^^^^^^^^^^^^^^^^^^^^^^^^^^^^^^^^^^^^^^^^^^^^^^^\n  File \"/root/spread_project/.tox/integration/lib/python3.12/site-packages/pluggy/_manager.py\", line 120, in _hookexec\n    return self._inner_hookexec(hook_name, methods, kwargs, firstresult)\n           ^^^^^^^^^^^^^^^^^^^^^^^^^^^^^^^^^^^^^^^^^^^^^^^^^^^^^^^^^^^^^\n  File \"/root/spread_project/.tox/integration/lib/python3.12/site-packages/pluggy/_callers.py\", line 167, in _multicall\n    raise exception\n  File \"/root/spread_project/.tox/integration/lib/python3.12/site-packages/pluggy/_callers.py\", line 139, in _multicall\n    teardown.throw(exception)\n  File \"/root/spread_project/.tox/integration/lib/python3.12/site-packages/_pytest/logging.py\", line 850, in pytest_runtest_call\n    yield\n  File \"/root/spread_project/.tox/integration/lib/python3.12/site-packages/pluggy/_callers.py\", line 139, in _multicall\n    teardown.throw(exception)\n  File \"/root/spread_project/.tox/integration/lib/python3.12/site-packages/pluggy/_callers.py\", line 53, in run_old_style_hookwrapper\n    return result.get_result()\n           ^^^^^^^^^^^^^^^^^^^\n  File \"/root/spread_project/.tox/integration/lib/python3.12/site-packages/pluggy/_result.py\", line 103, in get_result\n    raise exc.with_traceback(tb)\n  File \"/root/spread_project/.tox/integration/lib/python3.12/site-packages/pluggy/_callers.py\", line 38, in run_old_style_hookwrapper\n    res = yield\n          ^^^^^\n  File \"/root/spread_project/.tox/integration/lib/python3.12/site-packages/pluggy/_callers.py\", line 139, in _multicall\n    teardown.throw(exception)\n  File \"/root/spread_project/.tox/integration/lib/python3.12/site-packages/_pytest/capture.py\", line 900, in pytest_runtest_call\n    return (yield)\n            ^^^^^\n  File \"/root/spread_project/.tox/integration/lib/python3.12/site-packages/pluggy/_callers.py\", line 139, in _multicall\n    teardown.throw(exception)\n  File \"/root/spread_project/.tox/integration/lib/python3.12/site-packages/_pytest/skipping.py\", line 268, in pytest_runtest_call\n    return (yield)\n            ^^^^^\n  File \"/root/spread_project/.tox/integration/lib/python3.12/site-packages/pluggy/_callers.py\", line 121, in _multicall\n    res = hook_impl.function(*args)\n          ^^^^^^^^^^^^^^^^^^^^^^^^^\n  File \"/root/spread_project/.tox/integration/lib/python3.12/site-packages/_pytest/runner.py\", line 179, in pytest_runtest_call\n    item.runtest()\n  File \"/root/spread_project/.tox/integration/lib/python3.12/site-packages/_pytest/python.py\", line 1720, in runtest\n    self.ihook.pytest_pyfunc_call(pyfuncitem=self)\n  File \"/root/spread_project/.tox/integration/lib/python3.12/site-packages/pluggy/_hooks.py\", line 512, in __call__\n    return self._hookexec(self.name, self._hookimpls.copy(), kwargs, firstresult)\n           ^^^^^^^^^^^^^^^^^^^^^^^^^^^^^^^^^^^^^^^^^^^^^^^^^^^^^^^^^^^^^^^^^^^^^^\n  File \"/root/spread_project/.tox/integration/lib/python3.12/site-packages/pluggy/_manager.py\", line 120, in _hookexec\n    return self._inner_hookexec(hook_name, methods, kwargs, firstresult)\n           ^^^^^^^^^^^^^^^^^^^^^^^^^^^^^^^^^^^^^^^^^^^^^^^^^^^^^^^^^^^^^\n  File \"/root/spread_project/.tox/integration/lib/python3.12/site-packages/pluggy/_callers.py\", line 167, in _multicall\n    raise exception\n  File \"/root/spread_project/.tox/integration/lib/python3.12/site-packages/pluggy/_callers.py\", line 139, in _multicall\n    teardown.throw(exception)\n  File \"/root/spread_project/.tox/integration/lib/python3.12/site-packages/pluggy/_callers.py\", line 53, in run_old_style_hookwrapper\n    return result.get_result()\n           ^^^^^^^^^^^^^^^^^^^\n  File \"/root/spread_project/.tox/integration/lib/python3.12/site-packages/pluggy/_result.py\", line 103, in get_result\n    raise exc.with_traceback(tb)\n  File \"/root/spread_project/.tox/integration/lib/python3.12/site-packages/pluggy/_callers.py\", line 38, in run_old_style_hookwrapper\n    res = yield\n          ^^^^^\n  File \"/root/spread_project/.tox/integration/lib/python3.12/site-packages/pluggy/_callers.py\", line 121, in _multicall\n    res = hook_impl.function(*args)\n          ^^^^^^^^^^^^^^^^^^^^^^^^^\n  File \"/root/spread_project/.tox/integration/lib/python3.12/site-packages/_pytest/python.py\", line 166, in pytest_pyfunc_call\n    result = testfunction(**testargs)\n             ^^^^^^^^^^^^^^^^^^^^^^^^\n  File \"/root/spread_project/tests/integration/high_availability/test_async_replication_upgrade.py\", line 210, in test_upgrade_from_edge\n    run_upgrade(model_2, DB_APP_2, charm)\n  File \"/root/spread_project/tests/integration/high_availability/high_availability_helpers_new.py\", line 278, in run_upgrade\n    juju.wait(\n  File \"/root/spread_project/.tox/integration/lib/python3.12/site-packages/jubilant/_juju.py\", line 1452, in wait\n    stdout, _ = self._cli('status', '--format', 'json', log=False)\n                ^^^^^^^^^^^^^^^^^^^^^^^^^^^^^^^^^^^^^^^^^^^^^^^^^^\n  File \"/root/spread_project/.tox/integration/lib/python3.12/site-packages/jubilant/_juju.py\", line 405, in _cli\n    raise CLIError(e.returncode, e.cmd, e.stdout, e.stderr) from None\njubilant._juju.CLIError: Command '['juju', 'status', '--model', 'testing-other', '--format', 'json']' returned non-zero exit status 1.\nStdout:\n{}\n\nStderr:\nERROR connection is shut down","steps":[],"attachments":[{"uid":"7bb33c7ebe6fa27e","name":"log","source":"7bb33c7ebe6fa27e.txt","type":"text/plain","size":3134}],"parameters":[],"shouldDisplayMessage":true,"stepsCount":0,"attachmentsCount":1,"hasContent":true,"attachmentStep":false},"afterStages":[{"name":"first_model_continuous_writes::0","time":{"start":1771379659151,"stop":1771379666493,"duration":7342},"status":"passed","steps":[],"attachments":[],"parameters":[],"shouldDisplayMessage":false,"stepsCount":0,"attachmentsCount":0,"hasContent":false,"attachmentStep":false},{"name":"second_model::0","time":{"start":1771379666494,"stop":1771379759904,"duration":93410},"status":"passed","steps":[],"attachments":[],"parameters":[],"shouldDisplayMessage":false,"stepsCount":0,"attachmentsCount":0,"hasContent":false,"attachmentStep":false},{"name":"abort_on_fail::0","time":{"start":1771379666494,"stop":1771379666494,"duration":0},"status":"passed","steps":[],"attachments":[],"parameters":[],"shouldDisplayMessage":false,"stepsCount":0,"attachmentsCount":0,"hasContent":false,"attachmentStep":false},{"name":"first_model::0","time":{"start":1771379759905,"stop":1771379759905,"duration":0},"status":"passed","steps":[],"attachments":[],"parameters":[],"shouldDisplayMessage":false,"stepsCount":0,"attachmentsCount":0,"hasContent":false,"attachmentStep":false},{"name":"juju::0","time":{"start":1771379759905,"stop":1771379759905,"duration":0},"status":"passed","steps":[],"attachments":[],"parameters":[],"shouldDisplayMessage":false,"stepsCount":0,"attachmentsCount":0,"hasContent":false,"attachmentStep":false}],"labels":[{"name":"parentSuite","value":"tests.integration.high_availability"},{"name":"suite","value":"test_async_replication_upgrade"},{"name":"host","value":"runnervmjduv7"},{"name":"thread","value":"17764-MainThread"},{"name":"framework","value":"pytest"},{"name":"language","value":"cpython3"},{"name":"package","value":"tests.integration.high_availability.test_async_replication_upgrade"},{"name":"resultFormat","value":"allure2"}],"parameters":[],"links":[],"hidden":false,"retry":false,"extra":{"severity":"normal","retries":[{"uid":"abc3df02d5d1f100","status":"unknown","time":{}}],"categories":[{"name":"Test defects","matchedStatuses":[]}],"history":{"statistic":{"failed":0,"broken":7,"skipped":0,"passed":20,"unknown":7,"total":34},"items":[{"uid":"17f6d663826276ef","reportUrl":"../5260//#testresult/17f6d663826276ef","status":"broken","statusDetails":"jubilant._juju.CLIError: Command '['juju', 'status', '--model', 'testing', '--format', 'json']' returned non-zero exit status 1.\nStdout:\n{}\n\nStderr:\nERROR connection is shut down","time":{"start":1771292378903,"stop":1771292379570,"duration":667}},{"uid":"808fc0a9fdc89990","reportUrl":"../5254//#testresult/808fc0a9fdc89990","status":"passed","time":{"start":1771205977420,"stop":1771207000159,"duration":1022739}},{"uid":"d02994c604ee02c4","reportUrl":"../5252//#testresult/d02994c604ee02c4","status":"passed","time":{"start":1771119592705,"stop":1771120590378,"duration":997673}},{"uid":"2bd2c96702fd75ba","reportUrl":"../5250//#testresult/2bd2c96702fd75ba","status":"passed","time":{"start":1771033188001,"stop":1771034206304,"duration":1018303}},{"uid":"6bc126b576b9b694","reportUrl":"../5243//#testresult/6bc126b576b9b694","status":"passed","time":{"start":1770946827850,"stop":1770947822192,"duration":994342}},{"uid":"dbfd3af129f8af00","reportUrl":"../5236//#testresult/dbfd3af129f8af00","status":"passed","time":{"start":1770860444232,"stop":1770861430075,"duration":985843}},{"uid":"16cf314ebde03979","reportUrl":"../5207//#testresult/16cf314ebde03979","status":"passed","time":{"start":1770687982069,"stop":1770689010154,"duration":1028085}},{"uid":"e17091dcedf1c92f","reportUrl":"../5187//#testresult/e17091dcedf1c92f","status":"broken","statusDetails":"jubilant._juju.CLIError: Command '['juju', 'status', '--model', 'testing-other', '--format', 'json']' returned non-zero exit status 1.\nStdout:\n{}\n\nStderr:\nERROR connection is shut down","time":{"start":1770601200708,"stop":1770601846080,"duration":645372}},{"uid":"e32e1927672d979c","reportUrl":"../5184//#testresult/e32e1927672d979c","status":"passed","time":{"start":1770514864494,"stop":1770515871482,"duration":1006988}},{"uid":"755999f2b1ff2e77","reportUrl":"../5176//#testresult/755999f2b1ff2e77","status":"passed","time":{"start":1770428384275,"stop":1770429405938,"duration":1021663}},{"uid":"d070f6a2a5c916e9","reportUrl":"../5169//#testresult/d070f6a2a5c916e9","status":"passed","time":{"start":1770341994677,"stop":1770342985184,"duration":990507}},{"uid":"28409b7e71b19c24","reportUrl":"../5158//#testresult/28409b7e71b19c24","status":"broken","statusDetails":"jubilant._juju.CLIError: Command '['juju', 'status', '--model', 'testing', '--format', 'json']' returned non-zero exit status 1.\nStdout:\n{}\n\nStderr:\nERROR connection is shut down","time":{"start":1770255612835,"stop":1770255822620,"duration":209785}},{"uid":"f23967ab5ae757c4","reportUrl":"../5152//#testresult/f23967ab5ae757c4","status":"passed","time":{"start":1770169350259,"stop":1770170359036,"duration":1008777}},{"uid":"746a01f8025cfd85","reportUrl":"../5136//#testresult/746a01f8025cfd85","status":"passed","time":{"start":1770083892073,"stop":1770084902742,"duration":1010669}},{"uid":"37345845c378c219","reportUrl":"../5129//#testresult/37345845c378c219","status":"broken","statusDetails":"jubilant._juju.CLIError: Command '['juju', 'status', '--model', 'testing', '--format', 'json']' returned non-zero exit status 1.\nStdout:\n{}\n\nStderr:\nERROR connection is shut down","time":{"start":1769996387794,"stop":1769996515741,"duration":127947}},{"uid":"9f918109f7d21d24","reportUrl":"../5127//#testresult/9f918109f7d21d24","status":"passed","time":{"start":1769910019821,"stop":1769911016541,"duration":996720}},{"uid":"e8982bf4ed0c9d0c","reportUrl":"../5123//#testresult/e8982bf4ed0c9d0c","status":"passed","time":{"start":1769823571627,"stop":1769824549943,"duration":978316}},{"uid":"3046bf99eabbaa5","reportUrl":"../5120//#testresult/3046bf99eabbaa5","status":"passed","time":{"start":1769737318706,"stop":1769738304108,"duration":985402}},{"uid":"b954eb2906216c3e","reportUrl":"../5113//#testresult/b954eb2906216c3e","status":"passed","time":{"start":1769651025541,"stop":1769652013286,"duration":987745}},{"uid":"230d932296735e0f","reportUrl":"../5105//#testresult/230d932296735e0f","status":"passed","time":{"start":1769564688058,"stop":1769565688560,"duration":1000502}}]},"tags":[]},"source":"746cb888f319c8b2.json","parameterValues":[]}