[33mWARNING [0m juju.client.connection:connection.py:858 unexpected facade SSHServer received from the controller
[32mINFO    [0m pytest_operator.plugin:plugin.py:806 Connecting to existing model concierge-microk8s:testing on unspecified cloud
[33mWARNING [0m juju.client.connection:connection.py:858 unexpected facade SSHServer received from the controller
[33mWARNING [0m juju.client.connection:connection.py:858 unexpected facade SSHSession received from the controller
[33mWARNING [0m juju.client.connection:connection.py:858 unexpected facade SSHTunneler received from the controller
[33mWARNING [0m juju.client.connection:connection.py:858 unexpected facade SSHServer received from the controller
[33mWARNING [0m juju.client.connection:connection.py:858 unexpected facade SSHServer received from the controller
[32mINFO    [0m juju.model:__init__.py:2301 Deploying ch:amd64/jammy/s3-integrator-145
[32mINFO    [0m juju.model:__init__.py:2301 Deploying ch:amd64/noble/self-signed-certificates-317
[32mINFO    [0m juju.model:__init__.py:2301 Deploying local:postgresql-k8s-0
[33mWARNING [0m juju.model:__init__.py:1683 relate is deprecated and will be removed. Use integrate instead.
[32mINFO    [0m juju.model:__init__.py:3254 Waiting for model:
  postgresql-k8s-aws/0 [allocating] waiting: installing agent
  postgresql-k8s-aws/1 [allocating] waiting: installing agent
[32mINFO    [0m juju.model:__init__.py:3254 Waiting for model:
  postgresql-k8s-aws/0 [executing] maintenance: installing charm software
  postgresql-k8s-aws/1 [executing] maintenance: installing charm software
[32mINFO    [0m juju.model:__init__.py:3254 Waiting for model:
  postgresql-k8s-aws/0 [executing] active: Primary (degraded)
  postgresql-k8s-aws/1 [executing] unknown: 
[32mINFO    [0m juju.model:__init__.py:3254 Waiting for model:
  postgresql-k8s-aws/0 [executing] active: Primary (degraded)
  postgresql-k8s-aws/1 [idle] waiting: awaiting for cluster to start
[32mINFO    [0m juju.model:__init__.py:3254 Waiting for model:
  postgresql-k8s-aws/0 [idle] active: Primary (degraded)
  postgresql-k8s-aws/1 [idle] waiting: awaiting for cluster to start
[32mINFO    [0m juju.model:__init__.py:3254 Waiting for model:
  postgresql-k8s-aws/1 [idle] active: 
[33mWARNING [0m juju.model:__init__.py:1683 relate is deprecated and will be removed. Use integrate instead.
[32mINFO    [0m integration.helpers:helpers.py:876 configuring S3 integrator for AWS
[32mINFO    [0m juju.model:__init__.py:3254 Waiting for model:
  postgresql-k8s-aws/0 [executing] active: Primary
  postgresql-k8s-aws/1 [executing] active: 
  s3-integrator/0 [executing] blocked: Missing parameters: ['access-key', 'secret-key']
[32mINFO    [0m juju.model:__init__.py:3254 Waiting for model:
  postgresql-k8s-aws/0 [executing] active: Primary
  postgresql-k8s-aws/1 [idle] active: 
  s3-integrator/0 [idle] active: 
[32mINFO    [0m juju.model:__init__.py:3254 Waiting for model:
  postgresql-k8s-aws/0 [idle] active: Primary
  postgresql-k8s-aws/1 [idle] active: 
[32mINFO    [0m integration.helpers:helpers.py:897 creating a table in the database
[32mINFO    [0m juju.model:__init__.py:3254 Waiting for model:
  s3-integrator/0 [idle] active: 
  self-signed-certificates/0 [idle] active: 
  postgresql-k8s-aws/0 [idle] active: Primary
  postgresql-k8s-aws/1 [idle] active: 
[32mINFO    [0m integration.helpers:helpers.py:908 creating a backup
[32mINFO    [0m juju.model:__init__.py:3254 Waiting for model:
  s3-integrator/0 [idle] active: 
  self-signed-certificates/0 [idle] active: 
  postgresql-k8s-aws/0 [executing] active: Primary
  postgresql-k8s-aws/1 [idle] active: 
[32mINFO    [0m integration.helpers:helpers.py:917 listing the available backups
[32mINFO    [0m juju.model:__init__.py:3254 Waiting for model:
  s3-integrator/0 [idle] active: 
  self-signed-certificates/0 [idle] active: 
  postgresql-k8s-aws/0 [idle] active: Primary
  postgresql-k8s-aws/1 [idle] active: 
[32mINFO    [0m integration.helpers:helpers.py:926 creating a second table in the database
[32mINFO    [0m integration.helpers:helpers.py:933 creating a backup
[32mINFO    [0m juju.model:__init__.py:3254 Waiting for model:
  s3-integrator/0 [idle] active: 
  self-signed-certificates/0 [idle] active: 
  postgresql-k8s-aws/0 [idle] active: Primary
  postgresql-k8s-aws/1 [idle] active: 
[32mINFO    [0m integration.helpers:helpers.py:944 listing the available backups
[32mINFO    [0m juju.model:__init__.py:3254 Waiting for model:
  s3-integrator/0 [idle] active: 
  self-signed-certificates/0 [idle] active: 
  postgresql-k8s-aws/0 [idle] active: Primary
  postgresql-k8s-aws/1 [idle] active: 
[32mINFO    [0m integration.helpers:helpers.py:953 creating a second table in the database
[32mINFO    [0m juju.model:__init__.py:3254 Waiting for model:
  postgresql-k8s-aws (waiting for exactly 1 units, current : 2)
[32mINFO    [0m juju.model:__init__.py:3254 Waiting for model:
  postgresql-k8s-aws (waiting for exactly 1 units, current : 2)
[32mINFO    [0m juju.model:__init__.py:3254 Waiting for model:
  postgresql-k8s-aws/0 [idle] active: Primary
[32mINFO    [0m integration.helpers:helpers.py:969 restoring the backup
[32mINFO    [0m juju.model:__init__.py:3254 Waiting for model:
  s3-integrator/0 [idle] active: 
  self-signed-certificates/0 [idle] active: 
  postgresql-k8s-aws/0 [idle] maintenance: restoring backup
[32mINFO    [0m juju.model:__init__.py:3254 Waiting for model:
  postgresql-k8s-aws/0 [idle] maintenance: restoring backup
[32mINFO    [0m juju.model:__init__.py:3254 Waiting for model:
  postgresql-k8s-aws/0 [idle] active: Primary
[32mINFO    [0m integration.helpers:helpers.py:982 checking that the backup was correctly restored
[32mINFO    [0m integration.helpers:helpers.py:1014 restoring the backup
[32mINFO    [0m juju.model:__init__.py:3254 Waiting for model:
  s3-integrator/0 [idle] active: 
  self-signed-certificates/0 [idle] active: 
  postgresql-k8s-aws/0 [idle] maintenance: restoring backup
[32mINFO    [0m juju.model:__init__.py:3254 Waiting for model:
  postgresql-k8s-aws/0 [idle] maintenance: restoring backup
[32mINFO    [0m juju.model:__init__.py:3254 Waiting for model:
  postgresql-k8s-aws/0 [idle] active: Primary
[32mINFO    [0m integration.helpers:helpers.py:1027 checking that the backup was correctly restored
[32mINFO    [0m integration.test_backups_aws:test_backups_aws.py:64 removing the TLS relation
[32mINFO    [0m juju.model:__init__.py:3254 Waiting for model:
  postgresql-k8s-aws (waiting for exactly 2 units, current : 1)
[32mINFO    [0m juju.model:__init__.py:3254 Waiting for model:
  postgresql-k8s-aws/0 [executing] active: Primary (degraded)
  postgresql-k8s-aws/1 [idle] maintenance: installing charm software
[32mINFO    [0m juju.model:__init__.py:3254 Waiting for model:
  postgresql-k8s-aws/0 [executing] active: Primary
  postgresql-k8s-aws/1 [executing] active: 
[32mINFO    [0m juju.model:__init__.py:3254 Waiting for model:
  postgresql-k8s-aws/1 [idle] active: 
[32mINFO    [0m integration.test_backups_aws:test_backups_aws.py:76 ensuring that the replication is working correctly
[32mINFO    [0m integration.test_backups_aws:test_backups_aws.py:107 performing a switchover from postgresql-k8s-aws/0 to postgresql-k8s-aws/1
[32mINFO    [0m integration.test_backups_aws:test_backups_aws.py:110 checking that the primary unit has changed
[32mINFO    [0m integration.test_backups_aws:test_backups_aws.py:119 listing the available backups to ensure that the stanza is working correctly
[32mINFO    [0m juju.model:__init__.py:3254 Waiting for model:
  s3-integrator/0 [idle] active: 
  self-signed-certificates/0 [idle] active: 
  postgresql-k8s-aws/0 [idle] active: 
  postgresql-k8s-aws/1 [idle] active: Primary
[32mINFO    [0m integration.conftest:conftest.py:54 deleting the previously created backups
[32mINFO    [0m pytest_operator.plugin:plugin.py:951 Model status:

Model    Controller          Cloud/Region        Version  SLA          Timestamp
testing  concierge-microk8s  microk8s/localhost  3.6.14   unsupported  00:23:23Z

App            Version  Status  Scale  Charm          Channel        Rev  Address         Exposed  Message
s3-integrator           active      1  s3-integrator  latest/stable  145  10.152.183.223  no       

Unit              Workload  Agent  Address       Ports  Message
s3-integrator/0*  active    idle   10.1.100.206         

[32mINFO    [0m pytest_operator.plugin:plugin.py:957 Juju error logs:

unit-self-signed-certificates-0: 00:10:46 ERROR unit.self-signed-certificates/0.juju-log certificates:4: At least 1 matching relation ID not found with the relation name 'send-ca-cert'
unit-self-signed-certificates-0: 00:10:48 ERROR unit.self-signed-certificates/0.juju-log certificates:4: At least 1 matching relation ID not found with the relation name 'send-ca-cert'
unit-postgresql-k8s-aws-0: 00:10:55 ERROR unit.postgresql-k8s-aws/0.juju-log failed to change plugins: 
Traceback (most recent call last):
  File "/var/lib/juju/agents/unit-postgresql-k8s-aws-0/charm/lib/charms/postgresql_k8s/v0/postgresql.py", line 438, in enable_disable_extensions
    with self._connect_to_database() as connection, connection.cursor() as cursor:
  File "/var/lib/juju/agents/unit-postgresql-k8s-aws-0/charm/lib/charms/tempo_coordinator_k8s/v0/charm_tracing.py", line 1153, in wrapped_function
    return callable(*args, **kwargs)  # type: ignore
  File "/var/lib/juju/agents/unit-postgresql-k8s-aws-0/charm/lib/charms/postgresql_k8s/v0/postgresql.py", line 184, in _connect_to_database
    connection = psycopg2.connect(
  File "/var/lib/juju/agents/unit-postgresql-k8s-aws-0/charm/venv/lib/python3.10/site-packages/psycopg2/__init__.py", line 122, in connect
    conn = _connect(dsn, connection_factory=connection_factory, **kwasync)
psycopg2.OperationalError: connection to server at "postgresql-k8s-aws-primary.testing.svc.cluster.local" (10.152.183.248), port 5432 failed: Connection refused
	Is the server running on that host and accepting TCP/IP connections?


The above exception was the direct cause of the following exception:

Traceback (most recent call last):
  File "/var/lib/juju/agents/unit-postgresql-k8s-aws-0/charm/src/charm.py", line 787, in _handle_enable_disable_extensions
    self.postgresql.enable_disable_extensions(extensions, database)
  File "/var/lib/juju/agents/unit-postgresql-k8s-aws-0/charm/lib/charms/tempo_coordinator_k8s/v0/charm_tracing.py", line 1153, in wrapped_function
    return callable(*args, **kwargs)  # type: ignore
  File "/var/lib/juju/agents/unit-postgresql-k8s-aws-0/charm/lib/charms/postgresql_k8s/v0/postgresql.py", line 467, in enable_disable_extensions
    raise PostgreSQLEnableDisableExtensionError() from e
charms.postgresql_k8s.v0.postgresql.PostgreSQLEnableDisableExtensionError
unit-postgresql-k8s-aws-0: 00:10:59 ERROR unit.postgresql-k8s-aws/0.juju-log failed to change plugins: 
Traceback (most recent call last):
  File "/var/lib/juju/agents/unit-postgresql-k8s-aws-0/charm/lib/charms/postgresql_k8s/v0/postgresql.py", line 438, in enable_disable_extensions
    with self._connect_to_database() as connection, connection.cursor() as cursor:
  File "/var/lib/juju/agents/unit-postgresql-k8s-aws-0/charm/lib/charms/tempo_coordinator_k8s/v0/charm_tracing.py", line 1153, in wrapped_function
    return callable(*args, **kwargs)  # type: ignore
  File "/var/lib/juju/agents/unit-postgresql-k8s-aws-0/charm/lib/charms/postgresql_k8s/v0/postgresql.py", line 184, in _connect_to_database
    connection = psycopg2.connect(
  File "/var/lib/juju/agents/unit-postgresql-k8s-aws-0/charm/venv/lib/python3.10/site-packages/psycopg2/__init__.py", line 122, in connect
    conn = _connect(dsn, connection_factory=connection_factory, **kwasync)
psycopg2.OperationalError: connection to server at "postgresql-k8s-aws-primary.testing.svc.cluster.local" (10.152.183.248), port 5432 failed: Connection refused
	Is the server running on that host and accepting TCP/IP connections?


The above exception was the direct cause of the following exception:

Traceback (most recent call last):
  File "/var/lib/juju/agents/unit-postgresql-k8s-aws-0/charm/src/charm.py", line 787, in _handle_enable_disable_extensions
    self.postgresql.enable_disable_extensions(extensions, database)
  File "/var/lib/juju/agents/unit-postgresql-k8s-aws-0/charm/lib/charms/tempo_coordinator_k8s/v0/charm_tracing.py", line 1153, in wrapped_function
    return callable(*args, **kwargs)  # type: ignore
  File "/var/lib/juju/agents/unit-postgresql-k8s-aws-0/charm/lib/charms/postgresql_k8s/v0/postgresql.py", line 467, in enable_disable_extensions
    raise PostgreSQLEnableDisableExtensionError() from e
charms.postgresql_k8s.v0.postgresql.PostgreSQLEnableDisableExtensionError
unit-self-signed-certificates-0: 00:11:05 ERROR unit.self-signed-certificates/0.juju-log certificates:4: At least 1 matching relation ID not found with the relation name 'send-ca-cert'
unit-self-signed-certificates-0: 00:11:44 ERROR unit.self-signed-certificates/0.juju-log At least 1 matching relation ID not found with the relation name 'send-ca-cert'
unit-postgresql-k8s-aws-1: 00:11:45 ERROR unit.postgresql-k8s-aws/1.juju-log restart:2: Failed to list PostgreSQL database users: connection to server at "postgresql-k8s-aws-1.postgresql-k8s-aws-endpoints.testing.svc.cluster.local" (10.1.100.205), port 5432 failed: Connection refused
	Is the server running on that host and accepting TCP/IP connections?

unit-self-signed-certificates-0: 00:13:51 ERROR unit.self-signed-certificates/0.juju-log At least 1 matching relation ID not found with the relation name 'send-ca-cert'
unit-self-signed-certificates-0: 00:14:01 ERROR unit.self-signed-certificates/0.juju-log At least 1 matching relation ID not found with the relation name 'send-ca-cert'
unit-self-signed-certificates-0: 00:14:11 ERROR unit.self-signed-certificates/0.juju-log At least 1 matching relation ID not found with the relation name 'send-ca-cert'
unit-self-signed-certificates-0: 00:14:40 ERROR unit.self-signed-certificates/0.juju-log At least 1 matching relation ID not found with the relation name 'send-ca-cert'
unit-self-signed-certificates-0: 00:15:31 ERROR unit.self-signed-certificates/0.juju-log At least 1 matching relation ID not found with the relation name 'send-ca-cert'
unit-postgresql-k8s-aws-1: 00:16:20 ERROR unit.postgresql-k8s-aws/1.juju-log failed to patch k8s Service patroni-postgresql-k8s-aws-config
Traceback (most recent call last):
  File "/var/lib/juju/agents/unit-postgresql-k8s-aws-1/charm/venv/lib/python3.10/site-packages/lightkube/core/generic_client.py", line 262, in raise_for_status
    resp.raise_for_status()
  File "/var/lib/juju/agents/unit-postgresql-k8s-aws-1/charm/venv/lib/python3.10/site-packages/httpx/_models.py", line 829, in raise_for_status
    raise HTTPStatusError(message, request=request, response=self)
httpx.HTTPStatusError: Client error '409 Conflict' for url 'https://10.152.183.1/api/v1/namespaces/testing/services/patroni-postgresql-k8s-aws-config?force=true&fieldManager=postgresql-k8s-aws'
For more information check: https://developer.mozilla.org/en-US/docs/Web/HTTP/Status/409

The above exception was the direct cause of the following exception:

Traceback (most recent call last):
  File "/var/lib/juju/agents/unit-postgresql-k8s-aws-1/charm/src/charm.py", line 1487, in _on_stop
    client.apply(
  File "/var/lib/juju/agents/unit-postgresql-k8s-aws-1/charm/venv/lib/python3.10/site-packages/lightkube/core/client.py", line 814, in apply
    return self.patch(
  File "/var/lib/juju/agents/unit-postgresql-k8s-aws-1/charm/venv/lib/python3.10/site-packages/lightkube/core/client.py", line 479, in patch
    return self._client.request(
  File "/var/lib/juju/agents/unit-postgresql-k8s-aws-1/charm/venv/lib/python3.10/site-packages/lightkube/core/generic_client.py", line 342, in request
    return self.handle_response(method, resp, br)
  File "/var/lib/juju/agents/unit-postgresql-k8s-aws-1/charm/venv/lib/python3.10/site-packages/lightkube/core/generic_client.py", line 276, in handle_response
    self.raise_for_status(resp)
  File "/var/lib/juju/agents/unit-postgresql-k8s-aws-1/charm/venv/lib/python3.10/site-packages/lightkube/core/generic_client.py", line 264, in raise_for_status
    raise transform_exception(e) from e
lightkube.core.exceptions.ApiError: Operation cannot be fulfilled on services "patroni-postgresql-k8s-aws-config": the object has been modified; please apply your changes to the latest version and try again
unit-postgresql-k8s-aws-0: 00:20:19 ERROR juju.worker.dependency "log-sender" manifold worker returned unexpected error: sending log message: websocket: close 1005 (no status): websocket: close sent
unit-s3-integrator-0: 00:20:23 ERROR juju.worker.dependency "log-sender" manifold worker returned unexpected error: sending log message: websocket: close 1005 (no status): websocket: close sent
unit-self-signed-certificates-0: 00:20:25 ERROR juju.worker.dependency "log-sender" manifold worker returned unexpected error: sending log message: websocket: close 1005 (no status): websocket: close sent
unit-self-signed-certificates-0: 00:20:25 ERROR unit.self-signed-certificates/0.juju-log At least 1 matching relation ID not found with the relation name 'send-ca-cert'
unit-self-signed-certificates-0: 00:20:36 ERROR unit.self-signed-certificates/0.juju-log At least 1 matching relation ID not found with the relation name 'send-ca-cert'
unit-self-signed-certificates-0: 00:20:48 ERROR unit.self-signed-certificates/0.juju-log At least 1 matching relation ID not found with the relation name 'send-ca-cert'
unit-self-signed-certificates-0: 00:20:56 ERROR unit.self-signed-certificates/0.juju-log At least 1 matching relation ID not found with the relation name 'send-ca-cert'
unit-self-signed-certificates-0: 00:21:05 ERROR unit.self-signed-certificates/0.juju-log At least 1 matching relation ID not found with the relation name 'send-ca-cert'
unit-self-signed-certificates-0: 00:21:14 ERROR unit.self-signed-certificates/0.juju-log At least 1 matching relation ID not found with the relation name 'send-ca-cert'
unit-self-signed-certificates-0: 00:21:25 ERROR unit.self-signed-certificates/0.juju-log At least 1 matching relation ID not found with the relation name 'send-ca-cert'
unit-self-signed-certificates-0: 00:21:36 ERROR unit.self-signed-certificates/0.juju-log At least 1 matching relation ID not found with the relation name 'send-ca-cert'
unit-self-signed-certificates-0: 00:21:46 ERROR unit.self-signed-certificates/0.juju-log At least 1 matching relation ID not found with the relation name 'send-ca-cert'
unit-self-signed-certificates-0: 00:21:55 ERROR unit.self-signed-certificates/0.juju-log At least 1 matching relation ID not found with the relation name 'send-ca-cert'
unit-self-signed-certificates-0: 00:22:06 ERROR unit.self-signed-certificates/0.juju-log At least 1 matching relation ID not found with the relation name 'send-ca-cert'
unit-self-signed-certificates-0: 00:22:17 ERROR unit.self-signed-certificates/0.juju-log At least 1 matching relation ID not found with the relation name 'send-ca-cert'
unit-self-signed-certificates-0: 00:22:27 ERROR unit.self-signed-certificates/0.juju-log At least 1 matching relation ID not found with the relation name 'send-ca-cert'
unit-self-signed-certificates-0: 00:22:35 ERROR unit.self-signed-certificates/0.juju-log At least 1 matching relation ID not found with the relation name 'send-ca-cert'

[32mINFO    [0m pytest_operator.plugin:plugin.py:1039 Forgetting model main...