[33mWARNING [0m juju.client.connection:connection.py:858 unexpected facade SSHServer received from the controller
[32mINFO    [0m pytest_operator.plugin:plugin.py:806 Connecting to existing model concierge-microk8s:testing on unspecified cloud
[33mWARNING [0m juju.client.connection:connection.py:858 unexpected facade SSHServer received from the controller
[33mWARNING [0m juju.client.connection:connection.py:858 unexpected facade SSHSession received from the controller
[33mWARNING [0m juju.client.connection:connection.py:858 unexpected facade SSHTunneler received from the controller
[33mWARNING [0m juju.client.connection:connection.py:858 unexpected facade SSHServer received from the controller
[33mWARNING [0m juju.client.connection:connection.py:858 unexpected facade SSHServer received from the controller
[32mINFO    [0m integration.test_backups_pitr_gcp:test_backups_pitr_gcp.py:52 deploying the next charms: s3-integrator, self-signed-certificates, postgresql
[32mINFO    [0m juju.model:__init__.py:2301 Deploying ch:amd64/jammy/s3-integrator-145
[32mINFO    [0m juju.model:__init__.py:2301 Deploying ch:amd64/noble/self-signed-certificates-317
[32mINFO    [0m juju.model:__init__.py:2301 Deploying local:postgresql-k8s-0
[32mINFO    [0m integration.test_backups_pitr_gcp:test_backups_pitr_gcp.py:59 integrating self-signed-certificates with postgresql and waiting them to stabilize
[33mWARNING [0m juju.model:__init__.py:1683 relate is deprecated and will be removed. Use integrate instead.
[33mWARNING [0m juju.model:__init__.py:1683 relate is deprecated and will be removed. Use integrate instead.
[32mINFO    [0m juju.model:__init__.py:3254 Waiting for model:
  postgresql-k8s-gcp/0 [allocating] waiting: installing agent
  postgresql-k8s-gcp/1 [allocating] waiting: installing agent
  self-signed-certificates/0 [allocating] waiting: installing agent
[32mINFO    [0m juju.model:__init__.py:3254 Waiting for model:
  postgresql-k8s-gcp/0 [allocating] waiting: installing agent
  postgresql-k8s-gcp/1 [allocating] waiting: installing agent
[32mINFO    [0m juju.model:__init__.py:3254 Waiting for model:
  postgresql-k8s-gcp/0 [idle] maintenance: installing charm software
  postgresql-k8s-gcp/1 [executing] maintenance: installing charm software
  self-signed-certificates/0 [executing] active: 
[32mINFO    [0m juju.model:__init__.py:3254 Waiting for model:
  postgresql-k8s-gcp/0 [executing] active: 
  postgresql-k8s-gcp/1 [executing] unknown: 
  self-signed-certificates/0 [idle] active: 
[32mINFO    [0m juju.model:__init__.py:3254 Waiting for model:
  postgresql-k8s-gcp/0 [executing] waiting: awaiting for primary endpoint to be ready
  postgresql-k8s-gcp/1 [executing] unknown: 
[32mINFO    [0m juju.model:__init__.py:3254 Waiting for model:
  postgresql-k8s-gcp/0 [executing] active: 
  postgresql-k8s-gcp/1 [idle] unknown: 
[32mINFO    [0m juju.model:__init__.py:3254 Waiting for model:
  postgresql-k8s-gcp/0 [executing] waiting: awaiting for primary endpoint to be ready
  postgresql-k8s-gcp/1 [executing] unknown: 
  self-signed-certificates/0 [executing] active: 
[32mINFO    [0m juju.model:__init__.py:3254 Waiting for model:
  postgresql-k8s-gcp/0 [idle] active: Primary (degraded)
  postgresql-k8s-gcp/1 [idle] unknown: 
[32mINFO    [0m juju.model:__init__.py:3254 Waiting for model:
  postgresql-k8s-gcp/0 [executing] active: Primary (degraded)
  postgresql-k8s-gcp/1 [idle] waiting: awaiting for cluster to start
[32mINFO    [0m juju.model:__init__.py:3254 Waiting for model:
  postgresql-k8s-gcp/0 [idle] maintenance: reconfiguring cluster
  postgresql-k8s-gcp/1 [idle] waiting: awaiting for cluster to start
[32mINFO    [0m juju.model:__init__.py:3254 Waiting for model:
  postgresql-k8s-gcp/0 [idle] active: Primary
  postgresql-k8s-gcp/1 [executing] waiting: awaiting for cluster to start
[32mINFO    [0m juju.model:__init__.py:3254 Waiting for model:
  postgresql-k8s-gcp/0 [idle] active: Primary
  postgresql-k8s-gcp/1 [idle] waiting: awaiting for cluster to start
[32mINFO    [0m juju.model:__init__.py:3254 Waiting for model:
  postgresql-k8s-gcp/0 [idle] active: Primary
  postgresql-k8s-gcp/1 [idle] active: 
[32mINFO    [0m juju.model:__init__.py:3254 Waiting for model:
  postgresql-k8s-gcp/0 [idle] active: Primary
[32mINFO    [0m integration.test_backups_pitr_gcp:test_backups_pitr_gcp.py:77 configuring S3 integrator for gcp
[32mINFO    [0m integration.test_backups_pitr_gcp:test_backups_pitr_gcp.py:85 integrating s3-integrator with postgresql and waiting model to stabilize
[33mWARNING [0m juju.model:__init__.py:1683 relate is deprecated and will be removed. Use integrate instead.
[32mINFO    [0m juju.model:__init__.py:3254 Waiting for model:
  s3-integrator/0 [executing] active: 
  self-signed-certificates/0 [idle] active: 
  postgresql-k8s-gcp/0 [executing] active: Primary
  postgresql-k8s-gcp/1 [executing] active: 
[32mINFO    [0m juju.model:__init__.py:3254 Waiting for model:
  postgresql-k8s-gcp/0 [executing] blocked: failed to access/create the bucket, check your S3 settings
  postgresql-k8s-gcp/1 [idle] active: 
[32mINFO    [0m juju.model:__init__.py:3254 Waiting for model:
  postgresql-k8s-gcp/0 [idle] blocked: failed to access/create the bucket, check your S3 settings
  postgresql-k8s-gcp/1 [idle] active: 
[32mINFO    [0m juju.model:__init__.py:3254 Waiting for model:
  postgresql-k8s-gcp/0 [idle] blocked: failed to access/create the bucket, check your S3 settings
  postgresql-k8s-gcp/1 [idle] active: 
[32mINFO    [0m juju.model:__init__.py:3254 Waiting for model:
  postgresql-k8s-gcp/0 [idle] blocked: failed to access/create the bucket, check your S3 settings
  postgresql-k8s-gcp/1 [idle] active: 
[32mINFO    [0m juju.model:__init__.py:3254 Waiting for model:
  postgresql-k8s-gcp/0 [idle] blocked: failed to access/create the bucket, check your S3 settings
  postgresql-k8s-gcp/1 [idle] active: 
[32mINFO    [0m juju.model:__init__.py:3254 Waiting for model:
  postgresql-k8s-gcp/0 [idle] blocked: failed to access/create the bucket, check your S3 settings
  postgresql-k8s-gcp/1 [idle] active: 
[32mINFO    [0m juju.model:__init__.py:3254 Waiting for model:
  postgresql-k8s-gcp/0 [idle] blocked: failed to access/create the bucket, check your S3 settings
  postgresql-k8s-gcp/1 [idle] active: 
[32mINFO    [0m juju.model:__init__.py:3254 Waiting for model:
  postgresql-k8s-gcp/0 [idle] blocked: failed to access/create the bucket, check your S3 settings
  postgresql-k8s-gcp/1 [idle] active: 
[32mINFO    [0m juju.model:__init__.py:3254 Waiting for model:
  postgresql-k8s-gcp/0 [idle] blocked: failed to access/create the bucket, check your S3 settings
  postgresql-k8s-gcp/1 [idle] active: 
[32mINFO    [0m juju.model:__init__.py:3254 Waiting for model:
  postgresql-k8s-gcp/0 [idle] blocked: failed to access/create the bucket, check your S3 settings
  postgresql-k8s-gcp/1 [idle] active: 
[32mINFO    [0m juju.model:__init__.py:3254 Waiting for model:
  postgresql-k8s-gcp/0 [idle] blocked: failed to access/create the bucket, check your S3 settings
  postgresql-k8s-gcp/1 [idle] active: 
[32mINFO    [0m juju.model:__init__.py:3254 Waiting for model:
  postgresql-k8s-gcp/0 [idle] blocked: failed to access/create the bucket, check your S3 settings
  postgresql-k8s-gcp/1 [idle] active: 
[32mINFO    [0m juju.model:__init__.py:3254 Waiting for model:
  postgresql-k8s-gcp/0 [idle] blocked: failed to access/create the bucket, check your S3 settings
  postgresql-k8s-gcp/1 [idle] active: 
[32mINFO    [0m juju.model:__init__.py:3254 Waiting for model:
  postgresql-k8s-gcp/0 [idle] blocked: failed to access/create the bucket, check your S3 settings
  postgresql-k8s-gcp/1 [idle] active: 
[32mINFO    [0m juju.model:__init__.py:3254 Waiting for model:
  postgresql-k8s-gcp/0 [idle] blocked: failed to access/create the bucket, check your S3 settings
  postgresql-k8s-gcp/1 [idle] active: 
[32mINFO    [0m juju.model:__init__.py:3254 Waiting for model:
  postgresql-k8s-gcp/0 [idle] blocked: failed to access/create the bucket, check your S3 settings
  postgresql-k8s-gcp/1 [idle] active: 
[32mINFO    [0m juju.model:__init__.py:3254 Waiting for model:
  postgresql-k8s-gcp/0 [idle] blocked: failed to access/create the bucket, check your S3 settings
  postgresql-k8s-gcp/1 [idle] active: 
[32mINFO    [0m juju.model:__init__.py:3254 Waiting for model:
  postgresql-k8s-gcp/0 [idle] blocked: failed to access/create the bucket, check your S3 settings
  postgresql-k8s-gcp/1 [idle] active: 
[32mINFO    [0m juju.model:__init__.py:3254 Waiting for model:
  postgresql-k8s-gcp/0 [idle] blocked: failed to access/create the bucket, check your S3 settings
  postgresql-k8s-gcp/1 [idle] active: 
[32mINFO    [0m juju.model:__init__.py:3254 Waiting for model:
  postgresql-k8s-gcp/0 [idle] blocked: failed to access/create the bucket, check your S3 settings
  postgresql-k8s-gcp/1 [idle] active: 
[32mINFO    [0m juju.model:__init__.py:3254 Waiting for model:
  postgresql-k8s-gcp/0 [idle] blocked: failed to access/create the bucket, check your S3 settings
  postgresql-k8s-gcp/1 [idle] active: 
[32mINFO    [0m juju.model:__init__.py:3254 Waiting for model:
  postgresql-k8s-gcp/0 [idle] blocked: failed to access/create the bucket, check your S3 settings
  postgresql-k8s-gcp/1 [idle] active: 
[32mINFO    [0m juju.model:__init__.py:3254 Waiting for model:
  postgresql-k8s-gcp/0 [idle] blocked: failed to access/create the bucket, check your S3 settings
  postgresql-k8s-gcp/1 [idle] active: 
[32mINFO    [0m juju.model:__init__.py:3254 Waiting for model:
  postgresql-k8s-gcp/0 [idle] blocked: failed to access/create the bucket, check your S3 settings
  postgresql-k8s-gcp/1 [idle] active: 
[32mINFO    [0m juju.model:__init__.py:3254 Waiting for model:
  postgresql-k8s-gcp/0 [idle] blocked: failed to access/create the bucket, check your S3 settings
  postgresql-k8s-gcp/1 [idle] active: 
[32mINFO    [0m juju.model:__init__.py:3254 Waiting for model:
  postgresql-k8s-gcp/0 [idle] blocked: failed to access/create the bucket, check your S3 settings
  postgresql-k8s-gcp/1 [idle] active: 
[32mINFO    [0m juju.model:__init__.py:3254 Waiting for model:
  postgresql-k8s-gcp/0 [idle] blocked: failed to access/create the bucket, check your S3 settings
  postgresql-k8s-gcp/1 [idle] active: 
[32mINFO    [0m juju.model:__init__.py:3254 Waiting for model:
  postgresql-k8s-gcp/0 [idle] blocked: failed to access/create the bucket, check your S3 settings
  postgresql-k8s-gcp/1 [idle] active: 
[32mINFO    [0m juju.model:__init__.py:3254 Waiting for model:
  postgresql-k8s-gcp/0 [idle] blocked: failed to access/create the bucket, check your S3 settings
  postgresql-k8s-gcp/1 [idle] active: 
[32mINFO    [0m juju.model:__init__.py:3254 Waiting for model:
  postgresql-k8s-gcp/0 [idle] blocked: failed to access/create the bucket, check your S3 settings
  postgresql-k8s-gcp/1 [idle] active: 
[32mINFO    [0m juju.model:__init__.py:3254 Waiting for model:
  postgresql-k8s-gcp/0 [idle] blocked: failed to access/create the bucket, check your S3 settings
  postgresql-k8s-gcp/1 [idle] active: 
[32mINFO    [0m juju.model:__init__.py:3254 Waiting for model:
  postgresql-k8s-gcp/0 [idle] blocked: failed to access/create the bucket, check your S3 settings
  postgresql-k8s-gcp/1 [idle] active: 
[32mINFO    [0m juju.model:__init__.py:3254 Waiting for model:
  postgresql-k8s-gcp/0 [idle] blocked: failed to access/create the bucket, check your S3 settings
  postgresql-k8s-gcp/1 [idle] active:
[32mINFO    [0m integration.conftest:conftest.py:56 deleting the previously created backups
[32mINFO    [0m pytest_operator.plugin:plugin.py:951 Model status:

Model    Controller          Cloud/Region        Version  SLA          Timestamp
testing  concierge-microk8s  microk8s/localhost  3.6.14   unsupported  01:54:40Z

App                       Version  Status   Scale  Charm                     Channel        Rev  Address         Exposed  Message
postgresql-k8s-gcp        16.11    waiting      2  postgresql-k8s                             0  10.152.183.137  no       installing agent
s3-integrator                      active       1  s3-integrator             latest/stable  145  10.152.183.135  no       
self-signed-certificates           active       1  self-signed-certificates  1/stable       317  10.152.183.242  no       

Unit                         Workload  Agent  Address       Ports  Message
postgresql-k8s-gcp/0*        blocked   idle   10.1.100.209         failed to access/create the bucket, check your S3 settings
postgresql-k8s-gcp/1         active    idle   10.1.100.211         
s3-integrator/0*             active    idle   10.1.100.200         
self-signed-certificates/0*  active    idle   10.1.100.201         

[32mINFO    [0m pytest_operator.plugin:plugin.py:957 Juju error logs:

unit-self-signed-certificates-0: 01:32:03 ERROR unit.self-signed-certificates/0.juju-log certificates:5: At least 1 matching relation ID not found with the relation name 'send-ca-cert'
unit-self-signed-certificates-0: 01:32:04 ERROR unit.self-signed-certificates/0.juju-log certificates:4: At least 1 matching relation ID not found with the relation name 'send-ca-cert'
unit-self-signed-certificates-0: 01:32:08 ERROR unit.self-signed-certificates/0.juju-log certificates:5: At least 1 matching relation ID not found with the relation name 'send-ca-cert'
unit-self-signed-certificates-0: 01:32:11 ERROR unit.self-signed-certificates/0.juju-log certificates:5: At least 1 matching relation ID not found with the relation name 'send-ca-cert'
unit-self-signed-certificates-0: 01:32:13 ERROR unit.self-signed-certificates/0.juju-log certificates:4: At least 1 matching relation ID not found with the relation name 'send-ca-cert'
unit-self-signed-certificates-0: 01:32:15 ERROR unit.self-signed-certificates/0.juju-log certificates:4: At least 1 matching relation ID not found with the relation name 'send-ca-cert'
unit-self-signed-certificates-0: 01:32:16 ERROR unit.self-signed-certificates/0.juju-log certificates:4: At least 1 matching relation ID not found with the relation name 'send-ca-cert'
unit-self-signed-certificates-0: 01:32:18 ERROR unit.self-signed-certificates/0.juju-log certificates:5: At least 1 matching relation ID not found with the relation name 'send-ca-cert'
unit-self-signed-certificates-0: 01:32:25 ERROR unit.self-signed-certificates/0.juju-log At least 1 matching relation ID not found with the relation name 'send-ca-cert'
unit-self-signed-certificates-0: 01:32:42 ERROR unit.self-signed-certificates/0.juju-log certificates:4: At least 1 matching relation ID not found with the relation name 'send-ca-cert'
unit-self-signed-certificates-0: 01:32:43 ERROR unit.self-signed-certificates/0.juju-log certificates:5: At least 1 matching relation ID not found with the relation name 'send-ca-cert'
unit-self-signed-certificates-0: 01:33:25 ERROR unit.self-signed-certificates/0.juju-log At least 1 matching relation ID not found with the relation name 'send-ca-cert'
unit-self-signed-certificates-0: 01:34:17 ERROR unit.self-signed-certificates/0.juju-log certificates:4: At least 1 matching relation ID not found with the relation name 'send-ca-cert'
unit-self-signed-certificates-0: 01:34:18 ERROR unit.self-signed-certificates/0.juju-log certificates:5: At least 1 matching relation ID not found with the relation name 'send-ca-cert'
unit-self-signed-certificates-0: 01:34:34 ERROR unit.self-signed-certificates/0.juju-log At least 1 matching relation ID not found with the relation name 'send-ca-cert'
unit-self-signed-certificates-0: 01:35:40 ERROR unit.self-signed-certificates/0.juju-log At least 1 matching relation ID not found with the relation name 'send-ca-cert'
unit-postgresql-k8s-gcp-1: 01:35:40 ERROR unit.postgresql-k8s-gcp/1.juju-log __main__:calling self.fix_leader_annotation()
unit-self-signed-certificates-0: 01:36:34 ERROR unit.self-signed-certificates/0.juju-log At least 1 matching relation ID not found with the relation name 'send-ca-cert'
unit-self-signed-certificates-0: 01:37:23 ERROR unit.self-signed-certificates/0.juju-log At least 1 matching relation ID not found with the relation name 'send-ca-cert'
unit-postgresql-k8s-gcp-0: 01:38:17 ERROR unit.postgresql-k8s-gcp/0.juju-log s3-parameters:6: backups:Couldn't create bucket named 'data-charms-testing' in region=us-east-1.
Traceback (most recent call last):
  File "/var/lib/juju/agents/unit-postgresql-k8s-gcp-0/charm/src/backups.py", line 264, in _create_bucket_if_not_exists
    bucket.create(CreateBucketConfiguration={"LocationConstraint": region})
  File "/var/lib/juju/agents/unit-postgresql-k8s-gcp-0/charm/venv/lib/python3.12/site-packages/boto3/resources/factory.py", line 581, in do_action
    response = action(self, *args, **kwargs)
               ^^^^^^^^^^^^^^^^^^^^^^^^^^^^^
  File "/var/lib/juju/agents/unit-postgresql-k8s-gcp-0/charm/venv/lib/python3.12/site-packages/boto3/resources/action.py", line 88, in __call__
    response = getattr(parent.meta.client, operation_name)(*args, **params)
               ^^^^^^^^^^^^^^^^^^^^^^^^^^^^^^^^^^^^^^^^^^^^^^^^^^^^^^^^^^^^
  File "/var/lib/juju/agents/unit-postgresql-k8s-gcp-0/charm/venv/lib/python3.12/site-packages/botocore/client.py", line 602, in _api_call
    return self._make_api_call(operation_name, kwargs)
           ^^^^^^^^^^^^^^^^^^^^^^^^^^^^^^^^^^^^^^^^^^^
  File "/var/lib/juju/agents/unit-postgresql-k8s-gcp-0/charm/venv/lib/python3.12/site-packages/botocore/context.py", line 123, in wrapper
    return func(*args, **kwargs)
           ^^^^^^^^^^^^^^^^^^^^^
  File "/var/lib/juju/agents/unit-postgresql-k8s-gcp-0/charm/venv/lib/python3.12/site-packages/botocore/client.py", line 1078, in _make_api_call
    raise error_class(parsed_response, operation_name)
botocore.exceptions.ClientError: An error occurred (KeyDeleted) when calling the CreateBucket operation: Authentication required.
unit-postgresql-k8s-gcp-0: 01:38:25 ERROR unit.postgresql-k8s-gcp/0.juju-log s3-parameters:6: backups:Couldn't create bucket named 'data-charms-testing' in region=us-east-1.
Traceback (most recent call last):
  File "/var/lib/juju/agents/unit-postgresql-k8s-gcp-0/charm/src/backups.py", line 264, in _create_bucket_if_not_exists
    bucket.create(CreateBucketConfiguration={"LocationConstraint": region})
  File "/var/lib/juju/agents/unit-postgresql-k8s-gcp-0/charm/venv/lib/python3.12/site-packages/boto3/resources/factory.py", line 581, in do_action
    response = action(self, *args, **kwargs)
               ^^^^^^^^^^^^^^^^^^^^^^^^^^^^^
  File "/var/lib/juju/agents/unit-postgresql-k8s-gcp-0/charm/venv/lib/python3.12/site-packages/boto3/resources/action.py", line 88, in __call__
    response = getattr(parent.meta.client, operation_name)(*args, **params)
               ^^^^^^^^^^^^^^^^^^^^^^^^^^^^^^^^^^^^^^^^^^^^^^^^^^^^^^^^^^^^
  File "/var/lib/juju/agents/unit-postgresql-k8s-gcp-0/charm/venv/lib/python3.12/site-packages/botocore/client.py", line 602, in _api_call
    return self._make_api_call(operation_name, kwargs)
           ^^^^^^^^^^^^^^^^^^^^^^^^^^^^^^^^^^^^^^^^^^^
  File "/var/lib/juju/agents/unit-postgresql-k8s-gcp-0/charm/venv/lib/python3.12/site-packages/botocore/context.py", line 123, in wrapper
    return func(*args, **kwargs)
           ^^^^^^^^^^^^^^^^^^^^^
  File "/var/lib/juju/agents/unit-postgresql-k8s-gcp-0/charm/venv/lib/python3.12/site-packages/botocore/client.py", line 1078, in _make_api_call
    raise error_class(parsed_response, operation_name)
botocore.exceptions.ClientError: An error occurred (KeyDeleted) when calling the CreateBucket operation: Authentication required.
unit-self-signed-certificates-0: 01:39:00 ERROR unit.self-signed-certificates/0.juju-log At least 1 matching relation ID not found with the relation name 'send-ca-cert'
unit-postgresql-k8s-gcp-0: 01:39:00 ERROR unit.postgresql-k8s-gcp/0.juju-log __main__:calling self.fix_leader_annotation()
unit-self-signed-certificates-0: 01:40:00 ERROR unit.self-signed-certificates/0.juju-log At least 1 matching relation ID not found with the relation name 'send-ca-cert'
unit-postgresql-k8s-gcp-0: 01:40:01 ERROR unit.postgresql-k8s-gcp/0.juju-log __main__:calling self.fix_leader_annotation()
unit-self-signed-certificates-0: 01:41:03 ERROR unit.self-signed-certificates/0.juju-log At least 1 matching relation ID not found with the relation name 'send-ca-cert'
unit-postgresql-k8s-gcp-0: 01:41:12 ERROR unit.postgresql-k8s-gcp/0.juju-log __main__:calling self.fix_leader_annotation()
unit-self-signed-certificates-0: 01:41:59 ERROR unit.self-signed-certificates/0.juju-log At least 1 matching relation ID not found with the relation name 'send-ca-cert'
unit-postgresql-k8s-gcp-0: 01:42:10 ERROR unit.postgresql-k8s-gcp/0.juju-log __main__:calling self.fix_leader_annotation()
unit-self-signed-certificates-0: 01:42:57 ERROR unit.self-signed-certificates/0.juju-log At least 1 matching relation ID not found with the relation name 'send-ca-cert'
unit-postgresql-k8s-gcp-0: 01:43:04 ERROR unit.postgresql-k8s-gcp/0.juju-log __main__:calling self.fix_leader_annotation()
unit-self-signed-certificates-0: 01:43:47 ERROR unit.self-signed-certificates/0.juju-log At least 1 matching relation ID not found with the relation name 'send-ca-cert'
unit-postgresql-k8s-gcp-0: 01:43:53 ERROR unit.postgresql-k8s-gcp/0.juju-log __main__:calling self.fix_leader_annotation()
unit-postgresql-k8s-gcp-0: 01:44:46 ERROR unit.postgresql-k8s-gcp/0.juju-log __main__:calling self.fix_leader_annotation()
unit-self-signed-certificates-0: 01:44:48 ERROR unit.self-signed-certificates/0.juju-log At least 1 matching relation ID not found with the relation name 'send-ca-cert'
unit-postgresql-k8s-gcp-0: 01:45:43 ERROR unit.postgresql-k8s-gcp/0.juju-log __main__:calling self.fix_leader_annotation()
unit-self-signed-certificates-0: 01:45:54 ERROR unit.self-signed-certificates/0.juju-log At least 1 matching relation ID not found with the relation name 'send-ca-cert'
unit-postgresql-k8s-gcp-0: 01:46:54 ERROR unit.postgresql-k8s-gcp/0.juju-log __main__:calling self.fix_leader_annotation()
unit-self-signed-certificates-0: 01:47:03 ERROR unit.self-signed-certificates/0.juju-log At least 1 matching relation ID not found with the relation name 'send-ca-cert'
unit-self-signed-certificates-0: 01:48:00 ERROR unit.self-signed-certificates/0.juju-log At least 1 matching relation ID not found with the relation name 'send-ca-cert'
unit-postgresql-k8s-gcp-0: 01:48:02 ERROR unit.postgresql-k8s-gcp/0.juju-log __main__:calling self.fix_leader_annotation()
unit-self-signed-certificates-0: 01:48:58 ERROR unit.self-signed-certificates/0.juju-log At least 1 matching relation ID not found with the relation name 'send-ca-cert'
unit-postgresql-k8s-gcp-0: 01:49:04 ERROR unit.postgresql-k8s-gcp/0.juju-log __main__:calling self.fix_leader_annotation()
unit-postgresql-k8s-gcp-0: 01:50:00 ERROR unit.postgresql-k8s-gcp/0.juju-log __main__:calling self.fix_leader_annotation()
unit-self-signed-certificates-0: 01:50:07 ERROR unit.self-signed-certificates/0.juju-log At least 1 matching relation ID not found with the relation name 'send-ca-cert'
unit-self-signed-certificates-0: 01:51:02 ERROR unit.self-signed-certificates/0.juju-log At least 1 matching relation ID not found with the relation name 'send-ca-cert'
unit-postgresql-k8s-gcp-0: 01:51:02 ERROR unit.postgresql-k8s-gcp/0.juju-log __main__:calling self.fix_leader_annotation()
unit-self-signed-certificates-0: 01:52:03 ERROR unit.self-signed-certificates/0.juju-log At least 1 matching relation ID not found with the relation name 'send-ca-cert'
unit-postgresql-k8s-gcp-0: 01:52:07 ERROR unit.postgresql-k8s-gcp/0.juju-log __main__:calling self.fix_leader_annotation()
unit-self-signed-certificates-0: 01:52:55 ERROR unit.self-signed-certificates/0.juju-log At least 1 matching relation ID not found with the relation name 'send-ca-cert'
unit-postgresql-k8s-gcp-0: 01:53:09 ERROR unit.postgresql-k8s-gcp/0.juju-log __main__:calling self.fix_leader_annotation()
unit-self-signed-certificates-0: 01:54:00 ERROR unit.self-signed-certificates/0.juju-log At least 1 matching relation ID not found with the relation name 'send-ca-cert'
unit-postgresql-k8s-gcp-0: 01:54:03 ERROR unit.postgresql-k8s-gcp/0.juju-log __main__:calling self.fix_leader_annotation()

[32mINFO    [0m pytest_operator.plugin:plugin.py:1039 Forgetting model main...