[32mINFO    [0m integration.test_backups_gcp:test_backups_gcp.py:253 waiting for the database charm to become blocked
[32mINFO    [0m integration.conftest:conftest.py:60 deleting the previously created backups
[32mINFO    [0m pytest_operator.plugin:plugin.py:951 Model status:

Model    Controller          Cloud/Region        Version  SLA          Timestamp
testing  concierge-microk8s  microk8s/localhost  3.6.14   unsupported  01:56:16Z

App                 Version  Status  Scale  Charm           Channel        Rev  Address         Exposed  Message
new-postgresql-k8s  16.11    active      1  postgresql-k8s                   2  10.152.183.241  no       
s3-integrator                active      1  s3-integrator   latest/stable  145  10.152.183.182  no       

Unit                   Workload  Agent  Address      Ports  Message
new-postgresql-k8s/0*  blocked   idle   10.1.119.34         failed to initialize stanza, check your S3 settings
s3-integrator/0*       active    idle   10.1.119.8          

[32mINFO    [0m pytest_operator.plugin:plugin.py:957 Juju error logs:

unit-self-signed-certificates-0: 01:31:58 ERROR unit.self-signed-certificates/0.juju-log certificates:5: At least 1 matching relation ID not found with the relation name 'send-ca-cert'
unit-self-signed-certificates-0: 01:32:00 ERROR unit.self-signed-certificates/0.juju-log certificates:4: At least 1 matching relation ID not found with the relation name 'send-ca-cert'
unit-self-signed-certificates-0: 01:32:02 ERROR unit.self-signed-certificates/0.juju-log certificates:4: At least 1 matching relation ID not found with the relation name 'send-ca-cert'
unit-self-signed-certificates-0: 01:32:04 ERROR unit.self-signed-certificates/0.juju-log certificates:5: At least 1 matching relation ID not found with the relation name 'send-ca-cert'
unit-self-signed-certificates-0: 01:32:07 ERROR unit.self-signed-certificates/0.juju-log certificates:4: At least 1 matching relation ID not found with the relation name 'send-ca-cert'
unit-self-signed-certificates-0: 01:32:09 ERROR unit.self-signed-certificates/0.juju-log certificates:5: At least 1 matching relation ID not found with the relation name 'send-ca-cert'
unit-self-signed-certificates-0: 01:32:11 ERROR unit.self-signed-certificates/0.juju-log certificates:4: At least 1 matching relation ID not found with the relation name 'send-ca-cert'
unit-self-signed-certificates-0: 01:32:12 ERROR unit.self-signed-certificates/0.juju-log certificates:5: At least 1 matching relation ID not found with the relation name 'send-ca-cert'
unit-self-signed-certificates-0: 01:32:35 ERROR unit.self-signed-certificates/0.juju-log At least 1 matching relation ID not found with the relation name 'send-ca-cert'
unit-self-signed-certificates-0: 01:32:39 ERROR unit.self-signed-certificates/0.juju-log certificates:4: At least 1 matching relation ID not found with the relation name 'send-ca-cert'
unit-self-signed-certificates-0: 01:32:41 ERROR unit.self-signed-certificates/0.juju-log certificates:5: At least 1 matching relation ID not found with the relation name 'send-ca-cert'
unit-self-signed-certificates-0: 01:33:27 ERROR unit.self-signed-certificates/0.juju-log At least 1 matching relation ID not found with the relation name 'send-ca-cert'
unit-self-signed-certificates-0: 01:34:20 ERROR unit.self-signed-certificates/0.juju-log At least 1 matching relation ID not found with the relation name 'send-ca-cert'
unit-self-signed-certificates-0: 01:34:22 ERROR unit.self-signed-certificates/0.juju-log certificates:4: At least 1 matching relation ID not found with the relation name 'send-ca-cert'
unit-self-signed-certificates-0: 01:34:24 ERROR unit.self-signed-certificates/0.juju-log certificates:5: At least 1 matching relation ID not found with the relation name 'send-ca-cert'
unit-self-signed-certificates-0: 01:35:11 ERROR unit.self-signed-certificates/0.juju-log At least 1 matching relation ID not found with the relation name 'send-ca-cert'
unit-self-signed-certificates-0: 01:36:04 ERROR unit.self-signed-certificates/0.juju-log At least 1 matching relation ID not found with the relation name 'send-ca-cert'
unit-postgresql-k8s-gcp-1: 01:36:05 ERROR unit.postgresql-k8s-gcp/1.juju-log __main__:calling self.fix_leader_annotation()
unit-self-signed-certificates-0: 01:37:08 ERROR unit.self-signed-certificates/0.juju-log At least 1 matching relation ID not found with the relation name 'send-ca-cert'
unit-self-signed-certificates-0: 01:39:05 ERROR unit.self-signed-certificates/0.juju-log At least 1 matching relation ID not found with the relation name 'send-ca-cert'
unit-self-signed-certificates-0: 01:39:52 ERROR unit.self-signed-certificates/0.juju-log At least 1 matching relation ID not found with the relation name 'send-ca-cert'
unit-self-signed-certificates-0: 01:40:01 ERROR unit.self-signed-certificates/0.juju-log At least 1 matching relation ID not found with the relation name 'send-ca-cert'
unit-self-signed-certificates-0: 01:40:54 ERROR unit.self-signed-certificates/0.juju-log At least 1 matching relation ID not found with the relation name 'send-ca-cert'
unit-self-signed-certificates-0: 01:41:06 ERROR unit.self-signed-certificates/0.juju-log At least 1 matching relation ID not found with the relation name 'send-ca-cert'
unit-self-signed-certificates-0: 01:42:17 ERROR unit.self-signed-certificates/0.juju-log At least 1 matching relation ID not found with the relation name 'send-ca-cert'
unit-self-signed-certificates-0: 01:42:26 ERROR unit.self-signed-certificates/0.juju-log At least 1 matching relation ID not found with the relation name 'send-ca-cert'
unit-self-signed-certificates-0: 01:47:06 ERROR juju.worker.dependency "log-sender" manifold worker returned unexpected error: sending log message: websocket: close 1005 (no status): websocket: close sent
unit-self-signed-certificates-0: 01:47:07 ERROR unit.self-signed-certificates/0.juju-log At least 1 matching relation ID not found with the relation name 'send-ca-cert'
unit-postgresql-k8s-gcp-0: 01:47:10 ERROR juju.worker.dependency "log-sender" manifold worker returned unexpected error: sending log message: websocket: close 1005 (no status): websocket: close sent
unit-s3-integrator-0: 01:47:13 ERROR juju.worker.dependency "log-sender" manifold worker returned unexpected error: sending log message: websocket: close 1005 (no status): websocket: close sent
unit-postgresql-k8s-gcp-0: 01:47:54 ERROR unit.postgresql-k8s-gcp/0.juju-log __main__:Failed to set up users after restore
Traceback (most recent call last):
  File "/var/lib/juju/agents/unit-postgresql-k8s-gcp-0/charm/src/charm.py", line 1846, in _was_restore_successful
    self._setup_users()
  File "/var/lib/juju/agents/unit-postgresql-k8s-gcp-0/charm/lib/charms/tempo_coordinator_k8s/v0/charm_tracing.py", line 946, in wrapped_function
    return callable(*args, **kwargs)  # type: ignore
           ^^^^^^^^^^^^^^^^^^^^^^^^^
  File "/var/lib/juju/agents/unit-postgresql-k8s-gcp-0/charm/src/charm.py", line 1352, in _setup_users
    self.postgresql.create_predefined_instance_roles()
  File "/var/lib/juju/agents/unit-postgresql-k8s-gcp-0/charm/lib/charms/tempo_coordinator_k8s/v0/charm_tracing.py", line 946, in wrapped_function
    return callable(*args, **kwargs)  # type: ignore
           ^^^^^^^^^^^^^^^^^^^^^^^^^
  File "/var/lib/juju/agents/unit-postgresql-k8s-gcp-0/charm/venv/lib/python3.12/site-packages/single_kernel_postgresql/utils/postgresql.py", line 553, in create_predefined_instance_roles
    for database in self._get_existing_databases():
                    ^^^^^^^^^^^^^^^^^^^^^^^^^^^^^^
  File "/var/lib/juju/agents/unit-postgresql-k8s-gcp-0/charm/lib/charms/tempo_coordinator_k8s/v0/charm_tracing.py", line 946, in wrapped_function
    return callable(*args, **kwargs)  # type: ignore
           ^^^^^^^^^^^^^^^^^^^^^^^^^
  File "/var/lib/juju/agents/unit-postgresql-k8s-gcp-0/charm/venv/lib/python3.12/site-packages/single_kernel_postgresql/utils/postgresql.py", line 1099, in _get_existing_databases
    with self._connect_to_database() as connection, connection.cursor() as cursor:
         ^^^^^^^^^^^^^^^^^^^^^^^^^^^
  File "/var/lib/juju/agents/unit-postgresql-k8s-gcp-0/charm/lib/charms/tempo_coordinator_k8s/v0/charm_tracing.py", line 946, in wrapped_function
    return callable(*args, **kwargs)  # type: ignore
           ^^^^^^^^^^^^^^^^^^^^^^^^^
  File "/var/lib/juju/agents/unit-postgresql-k8s-gcp-0/charm/venv/lib/python3.12/site-packages/single_kernel_postgresql/utils/postgresql.py", line 306, in _connect_to_database
    connection = psycopg2.connect(
                 ^^^^^^^^^^^^^^^^^
  File "/var/lib/juju/agents/unit-postgresql-k8s-gcp-0/charm/venv/lib/python3.12/site-packages/psycopg2/__init__.py", line 122, in connect
    conn = _connect(dsn, connection_factory=connection_factory, **kwasync)
           ^^^^^^^^^^^^^^^^^^^^^^^^^^^^^^^^^^^^^^^^^^^^^^^^^^^^^^^^^^^^^^^
psycopg2.OperationalError: connection to server at "postgresql-k8s-gcp-primary.testing.svc.cluster.local" (10.152.183.64), port 5432 failed: Connection refused
	Is the server running on that host and accepting TCP/IP connections?

unit-old-postgresql-k8s-gcp-0: 01:50:24 ERROR unit.old-postgresql-k8s-gcp/0.juju-log __main__:failed to change plugins: 
Traceback (most recent call last):
  File "/var/lib/juju/agents/unit-old-postgresql-k8s-gcp-0/charm/venv/lib/python3.12/site-packages/single_kernel_postgresql/utils/postgresql.py", line 806, in enable_disable_extensions
    with self._connect_to_database() as connection, connection.cursor() as cursor:
         ^^^^^^^^^^^^^^^^^^^^^^^^^^^
  File "/var/lib/juju/agents/unit-old-postgresql-k8s-gcp-0/charm/lib/charms/tempo_coordinator_k8s/v0/charm_tracing.py", line 946, in wrapped_function
    return callable(*args, **kwargs)  # type: ignore
           ^^^^^^^^^^^^^^^^^^^^^^^^^
  File "/var/lib/juju/agents/unit-old-postgresql-k8s-gcp-0/charm/venv/lib/python3.12/site-packages/single_kernel_postgresql/utils/postgresql.py", line 306, in _connect_to_database
    connection = psycopg2.connect(
                 ^^^^^^^^^^^^^^^^^
  File "/var/lib/juju/agents/unit-old-postgresql-k8s-gcp-0/charm/venv/lib/python3.12/site-packages/psycopg2/__init__.py", line 122, in connect
    conn = _connect(dsn, connection_factory=connection_factory, **kwasync)
           ^^^^^^^^^^^^^^^^^^^^^^^^^^^^^^^^^^^^^^^^^^^^^^^^^^^^^^^^^^^^^^^
psycopg2.OperationalError: connection to server at "old-postgresql-k8s-gcp-primary.testing.svc.cluster.local" (10.152.183.218), port 5432 failed: Connection refused
	Is the server running on that host and accepting TCP/IP connections?


The above exception was the direct cause of the following exception:

Traceback (most recent call last):
  File "/var/lib/juju/agents/unit-old-postgresql-k8s-gcp-0/charm/src/charm.py", line 932, in _handle_enable_disable_extensions
    self.postgresql.enable_disable_extensions(extensions, database)
  File "/var/lib/juju/agents/unit-old-postgresql-k8s-gcp-0/charm/lib/charms/tempo_coordinator_k8s/v0/charm_tracing.py", line 946, in wrapped_function
    return callable(*args, **kwargs)  # type: ignore
           ^^^^^^^^^^^^^^^^^^^^^^^^^
  File "/var/lib/juju/agents/unit-old-postgresql-k8s-gcp-0/charm/venv/lib/python3.12/site-packages/single_kernel_postgresql/utils/postgresql.py", line 835, in enable_disable_extensions
    raise PostgreSQLEnableDisableExtensionError() from e
single_kernel_postgresql.utils.postgresql.PostgreSQLEnableDisableExtensionError
unit-new-postgresql-k8s-0: 01:50:43 ERROR unit.new-postgresql-k8s/0.juju-log __main__:failed to change plugins: 
Traceback (most recent call last):
  File "/var/lib/juju/agents/unit-new-postgresql-k8s-0/charm/venv/lib/python3.12/site-packages/single_kernel_postgresql/utils/postgresql.py", line 806, in enable_disable_extensions
    with self._connect_to_database() as connection, connection.cursor() as cursor:
         ^^^^^^^^^^^^^^^^^^^^^^^^^^^
  File "/var/lib/juju/agents/unit-new-postgresql-k8s-0/charm/lib/charms/tempo_coordinator_k8s/v0/charm_tracing.py", line 946, in wrapped_function
    return callable(*args, **kwargs)  # type: ignore
           ^^^^^^^^^^^^^^^^^^^^^^^^^
  File "/var/lib/juju/agents/unit-new-postgresql-k8s-0/charm/venv/lib/python3.12/site-packages/single_kernel_postgresql/utils/postgresql.py", line 306, in _connect_to_database
    connection = psycopg2.connect(
                 ^^^^^^^^^^^^^^^^^
  File "/var/lib/juju/agents/unit-new-postgresql-k8s-0/charm/venv/lib/python3.12/site-packages/psycopg2/__init__.py", line 122, in connect
    conn = _connect(dsn, connection_factory=connection_factory, **kwasync)
           ^^^^^^^^^^^^^^^^^^^^^^^^^^^^^^^^^^^^^^^^^^^^^^^^^^^^^^^^^^^^^^^
psycopg2.OperationalError: connection to server at "new-postgresql-k8s-primary.testing.svc.cluster.local" (10.152.183.188), port 5432 failed: Connection refused
	Is the server running on that host and accepting TCP/IP connections?


The above exception was the direct cause of the following exception:

Traceback (most recent call last):
  File "/var/lib/juju/agents/unit-new-postgresql-k8s-0/charm/src/charm.py", line 932, in _handle_enable_disable_extensions
    self.postgresql.enable_disable_extensions(extensions, database)
  File "/var/lib/juju/agents/unit-new-postgresql-k8s-0/charm/lib/charms/tempo_coordinator_k8s/v0/charm_tracing.py", line 946, in wrapped_function
    return callable(*args, **kwargs)  # type: ignore
           ^^^^^^^^^^^^^^^^^^^^^^^^^
  File "/var/lib/juju/agents/unit-new-postgresql-k8s-0/charm/venv/lib/python3.12/site-packages/single_kernel_postgresql/utils/postgresql.py", line 835, in enable_disable_extensions
    raise PostgreSQLEnableDisableExtensionError() from e
single_kernel_postgresql.utils.postgresql.PostgreSQLEnableDisableExtensionError
unit-old-postgresql-k8s-gcp-0: 01:51:02 ERROR unit.old-postgresql-k8s-gcp/0.juju-log __main__:calling self.fix_leader_annotation()
controller-0: 01:51:08 ERROR juju.worker.caasapplicationprovisioner.runner exited "old-postgresql-k8s-gcp": getting OCI image resources: unable to fetch OCI image resources for old-postgresql-k8s-gcp: application "old-postgresql-k8s-gcp" dying or dead
unit-new-postgresql-k8s-0: 01:56:09 ERROR unit.new-postgresql-k8s/0.juju-log s3-parameters:14: backups:Invalid stanza name from s3

[32mINFO    [0m pytest_operator.plugin:plugin.py:1039 Forgetting model main...