{"uid":"ca3f454b225a560a","name":"test_fail_and_rollback","fullName":"tests.integration.ha_tests.test_rollback_to_master_label#test_fail_and_rollback","historyId":"f474748990346242c7ea0dc739477429","time":{"start":1727055525547,"stop":1727056063394,"duration":537847},"status":"failed","statusMessage":"AssertionError: assert 0 == 1\n +  where 0 = <built-in function countOf>(dict_values(['replica', 'replica', 'primary']), 'master')\n +    where <built-in function countOf> = operator.countOf\n +    and   dict_values(['replica', 'replica', 'primary']) = <built-in method values of dict object at 0x7fc1be84cdc0>()\n +      where <built-in method values of dict object at 0x7fc1be84cdc0> = {'postgresql-k8s/0': 'replica', 'postgresql-k8s/1': 'replica', 'postgresql-k8s/2': 'primary'}.values","statusTrace":"Traceback (most recent call last):\n  File \"/home/runner/work/postgresql-k8s-operator/postgresql-k8s-operator/.tox/integration/lib/python3.10/site-packages/_pytest/runner.py\", line 341, in from_call\n    result: TResult | None = func()\n  File \"/home/runner/work/postgresql-k8s-operator/postgresql-k8s-operator/.tox/integration/lib/python3.10/site-packages/_pytest/runner.py\", line 242, in <lambda>\n    lambda: runtest_hook(item=item, **kwds), when=when, reraise=reraise\n  File \"/home/runner/work/postgresql-k8s-operator/postgresql-k8s-operator/.tox/integration/lib/python3.10/site-packages/pluggy/_hooks.py\", line 513, in __call__\n    return self._hookexec(self.name, self._hookimpls.copy(), kwargs, firstresult)\n  File \"/home/runner/work/postgresql-k8s-operator/postgresql-k8s-operator/.tox/integration/lib/python3.10/site-packages/pluggy/_manager.py\", line 120, in _hookexec\n    return self._inner_hookexec(hook_name, methods, kwargs, firstresult)\n  File \"/home/runner/work/postgresql-k8s-operator/postgresql-k8s-operator/.tox/integration/lib/python3.10/site-packages/pluggy/_callers.py\", line 182, in _multicall\n    return outcome.get_result()\n  File \"/home/runner/work/postgresql-k8s-operator/postgresql-k8s-operator/.tox/integration/lib/python3.10/site-packages/pluggy/_result.py\", line 100, in get_result\n    raise exc.with_traceback(exc.__traceback__)\n  File \"/home/runner/work/postgresql-k8s-operator/postgresql-k8s-operator/.tox/integration/lib/python3.10/site-packages/pluggy/_callers.py\", line 167, in _multicall\n    teardown.throw(outcome._exception)\n  File \"/home/runner/work/postgresql-k8s-operator/postgresql-k8s-operator/.tox/integration/lib/python3.10/site-packages/_pytest/threadexception.py\", line 92, in pytest_runtest_call\n    yield from thread_exception_runtest_hook()\n  File \"/home/runner/work/postgresql-k8s-operator/postgresql-k8s-operator/.tox/integration/lib/python3.10/site-packages/_pytest/threadexception.py\", line 68, in thread_exception_runtest_hook\n    yield\n  File \"/home/runner/work/postgresql-k8s-operator/postgresql-k8s-operator/.tox/integration/lib/python3.10/site-packages/pluggy/_callers.py\", line 167, in _multicall\n    teardown.throw(outcome._exception)\n  File \"/home/runner/work/postgresql-k8s-operator/postgresql-k8s-operator/.tox/integration/lib/python3.10/site-packages/_pytest/unraisableexception.py\", line 95, in pytest_runtest_call\n    yield from unraisable_exception_runtest_hook()\n  File \"/home/runner/work/postgresql-k8s-operator/postgresql-k8s-operator/.tox/integration/lib/python3.10/site-packages/_pytest/unraisableexception.py\", line 70, in unraisable_exception_runtest_hook\n    yield\n  File \"/home/runner/work/postgresql-k8s-operator/postgresql-k8s-operator/.tox/integration/lib/python3.10/site-packages/pluggy/_callers.py\", line 167, in _multicall\n    teardown.throw(outcome._exception)\n  File \"/home/runner/work/postgresql-k8s-operator/postgresql-k8s-operator/.tox/integration/lib/python3.10/site-packages/_pytest/logging.py\", line 846, in pytest_runtest_call\n    yield from self._runtest_for(item, \"call\")\n  File \"/home/runner/work/postgresql-k8s-operator/postgresql-k8s-operator/.tox/integration/lib/python3.10/site-packages/_pytest/logging.py\", line 829, in _runtest_for\n    yield\n  File \"/home/runner/work/postgresql-k8s-operator/postgresql-k8s-operator/.tox/integration/lib/python3.10/site-packages/pluggy/_callers.py\", line 167, in _multicall\n    teardown.throw(outcome._exception)\n  File \"/home/runner/work/postgresql-k8s-operator/postgresql-k8s-operator/.tox/integration/lib/python3.10/site-packages/_pytest/capture.py\", line 880, in pytest_runtest_call\n    return (yield)\n  File \"/home/runner/work/postgresql-k8s-operator/postgresql-k8s-operator/.tox/integration/lib/python3.10/site-packages/pluggy/_callers.py\", line 167, in _multicall\n    teardown.throw(outcome._exception)\n  File \"/home/runner/work/postgresql-k8s-operator/postgresql-k8s-operator/.tox/integration/lib/python3.10/site-packages/_pytest/skipping.py\", line 257, in pytest_runtest_call\n    return (yield)\n  File \"/home/runner/work/postgresql-k8s-operator/postgresql-k8s-operator/.tox/integration/lib/python3.10/site-packages/pluggy/_callers.py\", line 103, in _multicall\n    res = hook_impl.function(*args)\n  File \"/home/runner/work/postgresql-k8s-operator/postgresql-k8s-operator/.tox/integration/lib/python3.10/site-packages/_pytest/runner.py\", line 174, in pytest_runtest_call\n    item.runtest()\n  File \"/home/runner/work/postgresql-k8s-operator/postgresql-k8s-operator/.tox/integration/lib/python3.10/site-packages/_pytest/python.py\", line 1627, in runtest\n    self.ihook.pytest_pyfunc_call(pyfuncitem=self)\n  File \"/home/runner/work/postgresql-k8s-operator/postgresql-k8s-operator/.tox/integration/lib/python3.10/site-packages/pluggy/_hooks.py\", line 513, in __call__\n    return self._hookexec(self.name, self._hookimpls.copy(), kwargs, firstresult)\n  File \"/home/runner/work/postgresql-k8s-operator/postgresql-k8s-operator/.tox/integration/lib/python3.10/site-packages/pluggy/_manager.py\", line 120, in _hookexec\n    return self._inner_hookexec(hook_name, methods, kwargs, firstresult)\n  File \"/home/runner/work/postgresql-k8s-operator/postgresql-k8s-operator/.tox/integration/lib/python3.10/site-packages/pluggy/_callers.py\", line 182, in _multicall\n    return outcome.get_result()\n  File \"/home/runner/work/postgresql-k8s-operator/postgresql-k8s-operator/.tox/integration/lib/python3.10/site-packages/pluggy/_result.py\", line 100, in get_result\n    raise exc.with_traceback(exc.__traceback__)\n  File \"/home/runner/work/postgresql-k8s-operator/postgresql-k8s-operator/.tox/integration/lib/python3.10/site-packages/pluggy/_callers.py\", line 103, in _multicall\n    res = hook_impl.function(*args)\n  File \"/home/runner/work/postgresql-k8s-operator/postgresql-k8s-operator/.tox/integration/lib/python3.10/site-packages/_pytest/python.py\", line 159, in pytest_pyfunc_call\n    result = testfunction(**testargs)\n  File \"/home/runner/work/postgresql-k8s-operator/postgresql-k8s-operator/.tox/integration/lib/python3.10/site-packages/pytest_asyncio/plugin.py\", line 529, in inner\n    _loop.run_until_complete(task)\n  File \"/usr/lib/python3.10/asyncio/base_events.py\", line 649, in run_until_complete\n    return future.result()\n  File \"/home/runner/work/postgresql-k8s-operator/postgresql-k8s-operator/tests/integration/ha_tests/test_rollback_to_master_label.py\", line 167, in test_fail_and_rollback\n    assert operator.countOf(instances_roles.values(), \"master\") == 1\nAssertionError: assert 0 == 1\n +  where 0 = <built-in function countOf>(dict_values(['replica', 'replica', 'primary']), 'master')\n +    where <built-in function countOf> = operator.countOf\n +    and   dict_values(['replica', 'replica', 'primary']) = <built-in method values of dict object at 0x7fc1be84cdc0>()\n +      where <built-in method values of dict object at 0x7fc1be84cdc0> = {'postgresql-k8s/0': 'replica', 'postgresql-k8s/1': 'replica', 'postgresql-k8s/2': 'primary'}.values","flaky":false,"newFailed":false,"newBroken":false,"newPassed":false,"retriesCount":1,"retriesStatusChange":true,"beforeStages":[{"name":"event_loop","time":{"start":1727055186085,"stop":1727055186086,"duration":1},"status":"passed","steps":[],"attachments":[],"parameters":[],"stepsCount":0,"shouldDisplayMessage":false,"attachmentsCount":0,"hasContent":false,"attachmentStep":false},{"name":"ops_test","time":{"start":1727055186086,"stop":1727055186332,"duration":246},"status":"passed","steps":[],"attachments":[],"parameters":[],"stepsCount":0,"shouldDisplayMessage":false,"attachmentsCount":0,"hasContent":false,"attachmentStep":false},{"name":"tmp_path_factory","time":{"start":1727055186086,"stop":1727055186086,"duration":0},"status":"passed","steps":[],"attachments":[],"parameters":[],"stepsCount":0,"shouldDisplayMessage":false,"attachmentsCount":0,"hasContent":false,"attachmentStep":false},{"name":"continuous_writes","time":{"start":1727055525546,"stop":1727055525546,"duration":0},"status":"passed","steps":[],"attachments":[],"parameters":[],"stepsCount":0,"shouldDisplayMessage":false,"attachmentsCount":0,"hasContent":false,"attachmentStep":false},{"name":"abort_on_fail","time":{"start":1727055525546,"stop":1727055525546,"duration":0},"status":"passed","steps":[],"attachments":[],"parameters":[],"stepsCount":0,"shouldDisplayMessage":false,"attachmentsCount":0,"hasContent":false,"attachmentStep":false}],"testStage":{"status":"failed","statusMessage":"AssertionError: assert 0 == 1\n +  where 0 = <built-in function countOf>(dict_values(['replica', 'replica', 'primary']), 'master')\n +    where <built-in function countOf> = operator.countOf\n +    and   dict_values(['replica', 'replica', 'primary']) = <built-in method values of dict object at 0x7fc1be84cdc0>()\n +      where <built-in method values of dict object at 0x7fc1be84cdc0> = {'postgresql-k8s/0': 'replica', 'postgresql-k8s/1': 'replica', 'postgresql-k8s/2': 'primary'}.values","statusTrace":"Traceback (most recent call last):\n  File \"/home/runner/work/postgresql-k8s-operator/postgresql-k8s-operator/.tox/integration/lib/python3.10/site-packages/_pytest/runner.py\", line 341, in from_call\n    result: TResult | None = func()\n  File \"/home/runner/work/postgresql-k8s-operator/postgresql-k8s-operator/.tox/integration/lib/python3.10/site-packages/_pytest/runner.py\", line 242, in <lambda>\n    lambda: runtest_hook(item=item, **kwds), when=when, reraise=reraise\n  File \"/home/runner/work/postgresql-k8s-operator/postgresql-k8s-operator/.tox/integration/lib/python3.10/site-packages/pluggy/_hooks.py\", line 513, in __call__\n    return self._hookexec(self.name, self._hookimpls.copy(), kwargs, firstresult)\n  File \"/home/runner/work/postgresql-k8s-operator/postgresql-k8s-operator/.tox/integration/lib/python3.10/site-packages/pluggy/_manager.py\", line 120, in _hookexec\n    return self._inner_hookexec(hook_name, methods, kwargs, firstresult)\n  File \"/home/runner/work/postgresql-k8s-operator/postgresql-k8s-operator/.tox/integration/lib/python3.10/site-packages/pluggy/_callers.py\", line 182, in _multicall\n    return outcome.get_result()\n  File \"/home/runner/work/postgresql-k8s-operator/postgresql-k8s-operator/.tox/integration/lib/python3.10/site-packages/pluggy/_result.py\", line 100, in get_result\n    raise exc.with_traceback(exc.__traceback__)\n  File \"/home/runner/work/postgresql-k8s-operator/postgresql-k8s-operator/.tox/integration/lib/python3.10/site-packages/pluggy/_callers.py\", line 167, in _multicall\n    teardown.throw(outcome._exception)\n  File \"/home/runner/work/postgresql-k8s-operator/postgresql-k8s-operator/.tox/integration/lib/python3.10/site-packages/_pytest/threadexception.py\", line 92, in pytest_runtest_call\n    yield from thread_exception_runtest_hook()\n  File \"/home/runner/work/postgresql-k8s-operator/postgresql-k8s-operator/.tox/integration/lib/python3.10/site-packages/_pytest/threadexception.py\", line 68, in thread_exception_runtest_hook\n    yield\n  File \"/home/runner/work/postgresql-k8s-operator/postgresql-k8s-operator/.tox/integration/lib/python3.10/site-packages/pluggy/_callers.py\", line 167, in _multicall\n    teardown.throw(outcome._exception)\n  File \"/home/runner/work/postgresql-k8s-operator/postgresql-k8s-operator/.tox/integration/lib/python3.10/site-packages/_pytest/unraisableexception.py\", line 95, in pytest_runtest_call\n    yield from unraisable_exception_runtest_hook()\n  File \"/home/runner/work/postgresql-k8s-operator/postgresql-k8s-operator/.tox/integration/lib/python3.10/site-packages/_pytest/unraisableexception.py\", line 70, in unraisable_exception_runtest_hook\n    yield\n  File \"/home/runner/work/postgresql-k8s-operator/postgresql-k8s-operator/.tox/integration/lib/python3.10/site-packages/pluggy/_callers.py\", line 167, in _multicall\n    teardown.throw(outcome._exception)\n  File \"/home/runner/work/postgresql-k8s-operator/postgresql-k8s-operator/.tox/integration/lib/python3.10/site-packages/_pytest/logging.py\", line 846, in pytest_runtest_call\n    yield from self._runtest_for(item, \"call\")\n  File \"/home/runner/work/postgresql-k8s-operator/postgresql-k8s-operator/.tox/integration/lib/python3.10/site-packages/_pytest/logging.py\", line 829, in _runtest_for\n    yield\n  File \"/home/runner/work/postgresql-k8s-operator/postgresql-k8s-operator/.tox/integration/lib/python3.10/site-packages/pluggy/_callers.py\", line 167, in _multicall\n    teardown.throw(outcome._exception)\n  File \"/home/runner/work/postgresql-k8s-operator/postgresql-k8s-operator/.tox/integration/lib/python3.10/site-packages/_pytest/capture.py\", line 880, in pytest_runtest_call\n    return (yield)\n  File \"/home/runner/work/postgresql-k8s-operator/postgresql-k8s-operator/.tox/integration/lib/python3.10/site-packages/pluggy/_callers.py\", line 167, in _multicall\n    teardown.throw(outcome._exception)\n  File \"/home/runner/work/postgresql-k8s-operator/postgresql-k8s-operator/.tox/integration/lib/python3.10/site-packages/_pytest/skipping.py\", line 257, in pytest_runtest_call\n    return (yield)\n  File \"/home/runner/work/postgresql-k8s-operator/postgresql-k8s-operator/.tox/integration/lib/python3.10/site-packages/pluggy/_callers.py\", line 103, in _multicall\n    res = hook_impl.function(*args)\n  File \"/home/runner/work/postgresql-k8s-operator/postgresql-k8s-operator/.tox/integration/lib/python3.10/site-packages/_pytest/runner.py\", line 174, in pytest_runtest_call\n    item.runtest()\n  File \"/home/runner/work/postgresql-k8s-operator/postgresql-k8s-operator/.tox/integration/lib/python3.10/site-packages/_pytest/python.py\", line 1627, in runtest\n    self.ihook.pytest_pyfunc_call(pyfuncitem=self)\n  File \"/home/runner/work/postgresql-k8s-operator/postgresql-k8s-operator/.tox/integration/lib/python3.10/site-packages/pluggy/_hooks.py\", line 513, in __call__\n    return self._hookexec(self.name, self._hookimpls.copy(), kwargs, firstresult)\n  File \"/home/runner/work/postgresql-k8s-operator/postgresql-k8s-operator/.tox/integration/lib/python3.10/site-packages/pluggy/_manager.py\", line 120, in _hookexec\n    return self._inner_hookexec(hook_name, methods, kwargs, firstresult)\n  File \"/home/runner/work/postgresql-k8s-operator/postgresql-k8s-operator/.tox/integration/lib/python3.10/site-packages/pluggy/_callers.py\", line 182, in _multicall\n    return outcome.get_result()\n  File \"/home/runner/work/postgresql-k8s-operator/postgresql-k8s-operator/.tox/integration/lib/python3.10/site-packages/pluggy/_result.py\", line 100, in get_result\n    raise exc.with_traceback(exc.__traceback__)\n  File \"/home/runner/work/postgresql-k8s-operator/postgresql-k8s-operator/.tox/integration/lib/python3.10/site-packages/pluggy/_callers.py\", line 103, in _multicall\n    res = hook_impl.function(*args)\n  File \"/home/runner/work/postgresql-k8s-operator/postgresql-k8s-operator/.tox/integration/lib/python3.10/site-packages/_pytest/python.py\", line 159, in pytest_pyfunc_call\n    result = testfunction(**testargs)\n  File \"/home/runner/work/postgresql-k8s-operator/postgresql-k8s-operator/.tox/integration/lib/python3.10/site-packages/pytest_asyncio/plugin.py\", line 529, in inner\n    _loop.run_until_complete(task)\n  File \"/usr/lib/python3.10/asyncio/base_events.py\", line 649, in run_until_complete\n    return future.result()\n  File \"/home/runner/work/postgresql-k8s-operator/postgresql-k8s-operator/tests/integration/ha_tests/test_rollback_to_master_label.py\", line 167, in test_fail_and_rollback\n    assert operator.countOf(instances_roles.values(), \"master\") == 1\nAssertionError: assert 0 == 1\n +  where 0 = <built-in function countOf>(dict_values(['replica', 'replica', 'primary']), 'master')\n +    where <built-in function countOf> = operator.countOf\n +    and   dict_values(['replica', 'replica', 'primary']) = <built-in method values of dict object at 0x7fc1be84cdc0>()\n +      where <built-in method values of dict object at 0x7fc1be84cdc0> = {'postgresql-k8s/0': 'replica', 'postgresql-k8s/1': 'replica', 'postgresql-k8s/2': 'primary'}.values","steps":[],"attachments":[{"uid":"8691a10f85418c0","name":"log","source":"8691a10f85418c0.txt","type":"text/plain","size":11768}],"parameters":[],"stepsCount":0,"shouldDisplayMessage":true,"attachmentsCount":1,"hasContent":true,"attachmentStep":false},"afterStages":[{"name":"continuous_writes::finalizer","time":{"start":1727056063425,"stop":1727056064447,"duration":1022},"status":"passed","steps":[],"attachments":[],"parameters":[],"stepsCount":0,"shouldDisplayMessage":false,"attachmentsCount":0,"hasContent":false,"attachmentStep":false},{"name":"ops_test::finalizer","time":{"start":1727056064448,"stop":1727056064782,"duration":334},"status":"passed","steps":[],"attachments":[],"parameters":[],"stepsCount":0,"shouldDisplayMessage":false,"attachmentsCount":0,"hasContent":false,"attachmentStep":false},{"name":"abort_on_fail::0","time":{"start":1727056064448,"stop":1727056064448,"duration":0},"status":"passed","steps":[],"attachments":[],"parameters":[],"stepsCount":0,"shouldDisplayMessage":false,"attachmentsCount":0,"hasContent":false,"attachmentStep":false},{"name":"event_loop::2","time":{"start":1727056064782,"stop":1727056064783,"duration":1},"status":"passed","steps":[],"attachments":[],"parameters":[],"stepsCount":0,"shouldDisplayMessage":false,"attachmentsCount":0,"hasContent":false,"attachmentStep":false},{"name":"event_loop::_close_event_loop","time":{"start":1727056064783,"stop":1727056064783,"duration":0},"status":"passed","steps":[],"attachments":[],"parameters":[],"stepsCount":0,"shouldDisplayMessage":false,"attachmentsCount":0,"hasContent":false,"attachmentStep":false},{"name":"event_loop::_provide_clean_event_loop","time":{"start":1727056064783,"stop":1727056064783,"duration":0},"status":"passed","steps":[],"attachments":[],"parameters":[],"stepsCount":0,"shouldDisplayMessage":false,"attachmentsCount":0,"hasContent":false,"attachmentStep":false}],"labels":[{"name":"tag","value":"@pytest.mark.skipif(False, reason='Requires amd64 architecture')"},{"name":"tag","value":"unstable"},{"name":"tag","value":"group(1)"},{"name":"tag","value":"asyncio"},{"name":"parentSuite","value":"tests.integration.ha_tests"},{"name":"suite","value":"test_rollback_to_master_label"},{"name":"host","value":"fv-az1543-934"},{"name":"thread","value":"13007-MainThread"},{"name":"framework","value":"pytest"},{"name":"language","value":"cpython3"},{"name":"package","value":"tests.integration.ha_tests.test_rollback_to_master_label"},{"name":"resultFormat","value":"allure2"}],"parameters":[],"links":[],"hidden":false,"retry":false,"extra":{"severity":"normal","retries":[{"uid":"6a026216a9e96653","status":"unknown","time":{}}],"categories":[{"name":"Product defects","matchedStatuses":[],"flaky":false}],"history":{"statistic":{"failed":10,"broken":1,"skipped":0,"passed":45,"unknown":1,"total":57},"items":[{"uid":"c3ed20a7ffec795d","reportUrl":"../3044//#testresult/c3ed20a7ffec795d","status":"failed","statusDetails":"AssertionError: assert 0 == 1\n +  where 0 = <built-in function countOf>(dict_values(['replica', 'replica', 'primary']), 'master')\n +    where <built-in function countOf> = operator.countOf\n +    and   dict_values(['replica', 'replica', 'primary']) = <built-in method values of dict object at 0x7f86e3324b40>()\n +      where <built-in method values of dict object at 0x7f86e3324b40> = {'postgresql-k8s/0': 'replica', 'postgresql-k8s/1': 'replica', 'postgresql-k8s/2': 'primary'}.values","time":{"start":1726969087383,"stop":1726969692559,"duration":605176}},{"uid":"490040278205b02e","reportUrl":"../3043//#testresult/490040278205b02e","status":"failed","statusDetails":"AssertionError: assert 0 == 1\n +  where 0 = <built-in function countOf>(dict_values(['replica', 'replica', 'primary']), 'master')\n +    where <built-in function countOf> = operator.countOf\n +    and   dict_values(['replica', 'replica', 'primary']) = <built-in method values of dict object at 0x7f7da4132340>()\n +      where <built-in method values of dict object at 0x7f7da4132340> = {'postgresql-k8s/0': 'replica', 'postgresql-k8s/1': 'replica', 'postgresql-k8s/2': 'primary'}.values","time":{"start":1726882574240,"stop":1726883088381,"duration":514141}},{"uid":"f6800760d4e7723b","reportUrl":"../3040//#testresult/f6800760d4e7723b","status":"failed","statusDetails":"AssertionError: assert 0 == 1\n +  where 0 = <built-in function countOf>(dict_values(['replica', 'replica', 'primary']), 'master')\n +    where <built-in function countOf> = operator.countOf\n +    and   dict_values(['replica', 'replica', 'primary']) = <built-in method values of dict object at 0x7f47eed45c80>()\n +      where <built-in method values of dict object at 0x7f47eed45c80> = {'postgresql-k8s/0': 'replica', 'postgresql-k8s/1': 'replica', 'postgresql-k8s/2': 'primary'}.values","time":{"start":1726796281688,"stop":1726796800413,"duration":518725}},{"uid":"1ddb151523594caf","reportUrl":"../3036//#testresult/1ddb151523594caf","status":"unknown","time":{}},{"uid":"2e715abdc0cae3f2","reportUrl":"../3033//#testresult/2e715abdc0cae3f2","status":"broken","statusDetails":"juju.errors.JujuUnitError: Unit in error: postgresql-k8s/0","time":{"start":1726623503423,"stop":1726623943516,"duration":440093}},{"uid":"c6a5bde7748d0699","reportUrl":"../3027//#testresult/c6a5bde7748d0699","status":"failed","statusDetails":"AssertionError: assert 0 == 1\n +  where 0 = <built-in function countOf>(dict_values(['replica', 'replica', 'primary']), 'master')\n +    where <built-in function countOf> = operator.countOf\n +    and   dict_values(['replica', 'replica', 'primary']) = <built-in method values of dict object at 0x7fbaab34da80>()\n +      where <built-in method values of dict object at 0x7fbaab34da80> = {'postgresql-k8s/0': 'replica', 'postgresql-k8s/1': 'replica', 'postgresql-k8s/2': 'primary'}.values","time":{"start":1726537011472,"stop":1726537491551,"duration":480079}},{"uid":"363dd2e3137f0b13","reportUrl":"../3013//#testresult/363dd2e3137f0b13","status":"failed","statusDetails":"AssertionError: assert 0 == 1\n +  where 0 = <built-in function countOf>(dict_values(['replica', 'replica', 'primary']), 'master')\n +    where <built-in function countOf> = operator.countOf\n +    and   dict_values(['replica', 'replica', 'primary']) = <built-in method values of dict object at 0x7f49ce5d8d80>()\n +      where <built-in method values of dict object at 0x7f49ce5d8d80> = {'postgresql-k8s/0': 'replica', 'postgresql-k8s/1': 'replica', 'postgresql-k8s/2': 'primary'}.values","time":{"start":1726450629803,"stop":1726451133305,"duration":503502}},{"uid":"d91bae666cdcaf3f","reportUrl":"../3012//#testresult/d91bae666cdcaf3f","status":"failed","statusDetails":"AssertionError: assert 0 == 1\n +  where 0 = <built-in function countOf>(dict_values(['replica', 'replica', 'primary']), 'master')\n +    where <built-in function countOf> = operator.countOf\n +    and   dict_values(['replica', 'replica', 'primary']) = <built-in method values of dict object at 0x7fb4369a44c0>()\n +      where <built-in method values of dict object at 0x7fb4369a44c0> = {'postgresql-k8s/0': 'replica', 'postgresql-k8s/1': 'replica', 'postgresql-k8s/2': 'primary'}.values","time":{"start":1726364550944,"stop":1726365089375,"duration":538431}},{"uid":"fb6d11f5009e6596","reportUrl":"../3011//#testresult/fb6d11f5009e6596","status":"failed","statusDetails":"AssertionError: assert 0 == 1\n +  where 0 = <built-in function countOf>(dict_values(['replica', 'replica', 'primary']), 'master')\n +    where <built-in function countOf> = operator.countOf\n +    and   dict_values(['replica', 'replica', 'primary']) = <built-in method values of dict object at 0x7f6008103fc0>()\n +      where <built-in method values of dict object at 0x7f6008103fc0> = {'postgresql-k8s/0': 'replica', 'postgresql-k8s/1': 'replica', 'postgresql-k8s/2': 'primary'}.values","time":{"start":1726277982081,"stop":1726278532574,"duration":550493}},{"uid":"9c2bfeba31730729","reportUrl":"../3005//#testresult/9c2bfeba31730729","status":"failed","statusDetails":"AssertionError: assert 0 == 1\n +  where 0 = <built-in function countOf>(dict_values(['replica', 'replica', 'primary']), 'master')\n +    where <built-in function countOf> = operator.countOf\n +    and   dict_values(['replica', 'replica', 'primary']) = <built-in method values of dict object at 0x7fae50f1e840>()\n +      where <built-in method values of dict object at 0x7fae50f1e840> = {'postgresql-k8s/0': 'replica', 'postgresql-k8s/1': 'replica', 'postgresql-k8s/2': 'primary'}.values","time":{"start":1726191592615,"stop":1726192184438,"duration":591823}},{"uid":"6c635fb29d9f31a2","reportUrl":"../2999//#testresult/6c635fb29d9f31a2","status":"failed","statusDetails":"AssertionError: assert 0 == 1\n +  where 0 = <built-in function countOf>(dict_values(['replica', 'replica', 'primary']), 'master')\n +    where <built-in function countOf> = operator.countOf\n +    and   dict_values(['replica', 'replica', 'primary']) = <built-in method values of dict object at 0x7f7e70bc5b80>()\n +      where <built-in method values of dict object at 0x7f7e70bc5b80> = {'postgresql-k8s/0': 'replica', 'postgresql-k8s/1': 'replica', 'postgresql-k8s/2': 'primary'}.values","time":{"start":1726105010323,"stop":1726105560226,"duration":549903}},{"uid":"c659574bcddde619","reportUrl":"../2986//#testresult/c659574bcddde619","status":"passed","time":{"start":1726018679568,"stop":1726019192434,"duration":512866}},{"uid":"686b0a812c689075","reportUrl":"../2978//#testresult/686b0a812c689075","status":"passed","time":{"start":1725932353180,"stop":1725932940085,"duration":586905}},{"uid":"8ae432ccd05f7209","reportUrl":"../2971//#testresult/8ae432ccd05f7209","status":"passed","time":{"start":1725845871541,"stop":1725846427974,"duration":556433}},{"uid":"83f68fa4e5322fa","reportUrl":"../2970//#testresult/83f68fa4e5322fa","status":"passed","time":{"start":1725759395769,"stop":1725759961342,"duration":565573}},{"uid":"31963b254ddddbfd","reportUrl":"../2969//#testresult/31963b254ddddbfd","status":"passed","time":{"start":1725673302611,"stop":1725673883896,"duration":581285}},{"uid":"fe047a666729a818","reportUrl":"../2967//#testresult/fe047a666729a818","status":"passed","time":{"start":1725586628241,"stop":1725587179088,"duration":550847}},{"uid":"c9c670a97e72cbea","reportUrl":"../2955//#testresult/c9c670a97e72cbea","status":"passed","time":{"start":1725500237166,"stop":1725500750079,"duration":512913}},{"uid":"1f9bcde933047fcf","reportUrl":"../2947//#testresult/1f9bcde933047fcf","status":"passed","time":{"start":1725413991949,"stop":1725414510985,"duration":519036}},{"uid":"26b45e18e8238884","reportUrl":"../2941//#testresult/26b45e18e8238884","status":"passed","time":{"start":1725327527641,"stop":1725328043938,"duration":516297}}]},"tags":["unstable","asyncio","@pytest.mark.skipif(False, reason='Requires amd64 architecture')","group(1)"]},"source":"ca3f454b225a560a.json","parameterValues":[]}