[32mINFO    [0m juju.model:__init__.py:2301 Deploying local:postgresql-k8s-3
[32mINFO    [0m juju.model:__init__.py:3254 Waiting for model:
  test-storage-postgresql-k8s/0 [allocating] waiting: agent initialising
[32mINFO    [0m juju.model:__init__.py:3254 Waiting for model:
  test-storage-postgresql-k8s/0 [idle] waiting: awaiting for cluster to start
[32mINFO    [0m pytest_operator.plugin:plugin.py:937 Model status:

Model    Controller          Cloud/Region        Version  SLA          Timestamp
testing  concierge-microk8s  microk8s/localhost  3.6.5    unsupported  02:21:29Z

App                          Version  Status   Scale  Charm           Channel  Rev  Address         Exposed  Message
postgresql-k8s                        waiting    0/3  postgresql-k8s             2  10.152.183.137  no       installing agent
test-storage-postgresql-k8s  14.17    error        1  postgresql-k8s             3  10.152.183.82   no       hook failed: "config-changed"

Unit                            Workload  Agent       Address       Ports  Message
postgresql-k8s/0                waiting   allocating                       installing agent
postgresql-k8s/1                waiting   allocating                       installing agent
postgresql-k8s/2                waiting   allocating                       installing agent
test-storage-postgresql-k8s/0*  error     idle        10.1.236.160         hook failed: "config-changed"

[32mINFO    [0m pytest_operator.plugin:plugin.py:943 Juju error logs:

unit-postgresql-k8s-1: 01:36:28 ERROR unit.postgresql-k8s/1.juju-log Cluster upgrade failed, ensure pre-upgrade checks are ran first.
unit-postgresql-k8s-1: 01:50:57 ERROR unit.postgresql-k8s/1.juju-log Cluster upgrade failed, ensure pre-upgrade checks are ran first.
unit-postgresql-k8s-0: 02:01:00 ERROR unit.postgresql-k8s/0.juju-log pgdata folder not found in /var/lib/postgresql/data/pgdata
unit-test-storage-postgresql-k8s-0: 02:21:28 ERROR unit.test-storage-postgresql-k8s/0.juju-log Failed to set up databases: connection to server at "test-storage-postgresql-k8s-primary.testing.svc.cluster.local" (10.152.183.175), port 5432 failed: Connection refused
	Is the server running on that host and accepting TCP/IP connections?

unit-test-storage-postgresql-k8s-0: 02:21:28 ERROR unit.test-storage-postgresql-k8s/0.juju-log Uncaught exception while in charm code:
Traceback (most recent call last):
  File "/var/lib/juju/agents/unit-test-storage-postgresql-k8s-0/charm/lib/charms/postgresql_k8s/v0/postgresql.py", line 861, in set_up_database
    with self._connect_to_database() as connection, connection.cursor() as cursor:
  File "/var/lib/juju/agents/unit-test-storage-postgresql-k8s-0/charm/lib/charms/tempo_coordinator_k8s/v0/charm_tracing.py", line 1109, in wrapped_function
    return callable(*args, **kwargs)  # type: ignore
  File "/var/lib/juju/agents/unit-test-storage-postgresql-k8s-0/charm/lib/charms/postgresql_k8s/v0/postgresql.py", line 184, in _connect_to_database
    connection = psycopg2.connect(
  File "/var/lib/juju/agents/unit-test-storage-postgresql-k8s-0/charm/venv/lib/python3.10/site-packages/psycopg2/__init__.py", line 122, in connect
    conn = _connect(dsn, connection_factory=connection_factory, **kwasync)
psycopg2.OperationalError: connection to server at "test-storage-postgresql-k8s-primary.testing.svc.cluster.local" (10.152.183.175), port 5432 failed: Connection refused
	Is the server running on that host and accepting TCP/IP connections?


The above exception was the direct cause of the following exception:

Traceback (most recent call last):
  File "/var/lib/juju/agents/unit-test-storage-postgresql-k8s-0/charm/src/charm.py", line 2520, in <module>
    main(PostgresqlOperatorCharm, use_juju_for_storage=True)
  File "/var/lib/juju/agents/unit-test-storage-postgresql-k8s-0/charm/venv/lib/python3.10/site-packages/ops/__init__.py", line 347, in __call__
    return _main.main(charm_class=charm_class, use_juju_for_storage=use_juju_for_storage)
  File "/var/lib/juju/agents/unit-test-storage-postgresql-k8s-0/charm/venv/lib/python3.10/site-packages/ops/_main.py", line 565, in main
    manager.run()
  File "/var/lib/juju/agents/unit-test-storage-postgresql-k8s-0/charm/venv/lib/python3.10/site-packages/ops/_main.py", line 550, in run
    self._emit()
  File "/var/lib/juju/agents/unit-test-storage-postgresql-k8s-0/charm/venv/lib/python3.10/site-packages/ops/_main.py", line 499, in _emit
    self.framework.reemit()
  File "/var/lib/juju/agents/unit-test-storage-postgresql-k8s-0/charm/venv/lib/python3.10/site-packages/ops/framework.py", line 917, in reemit
    self._reemit()
  File "/var/lib/juju/agents/unit-test-storage-postgresql-k8s-0/charm/venv/lib/python3.10/site-packages/ops/framework.py", line 997, in _reemit
    custom_handler(event)
  File "/var/lib/juju/agents/unit-test-storage-postgresql-k8s-0/charm/lib/charms/tempo_coordinator_k8s/v0/charm_tracing.py", line 1109, in wrapped_function
    return callable(*args, **kwargs)  # type: ignore
  File "/var/lib/juju/agents/unit-test-storage-postgresql-k8s-0/charm/src/charm.py", line 1042, in _on_postgresql_pebble_ready
    if self.unit.is_leader() and not self._initialize_cluster(event):
  File "/var/lib/juju/agents/unit-test-storage-postgresql-k8s-0/charm/lib/charms/tempo_coordinator_k8s/v0/charm_tracing.py", line 1109, in wrapped_function
    return callable(*args, **kwargs)  # type: ignore
  File "/var/lib/juju/agents/unit-test-storage-postgresql-k8s-0/charm/src/charm.py", line 1132, in _initialize_cluster
    self.postgresql.set_up_database()
  File "/var/lib/juju/agents/unit-test-storage-postgresql-k8s-0/charm/lib/charms/tempo_coordinator_k8s/v0/charm_tracing.py", line 1109, in wrapped_function
    return callable(*args, **kwargs)  # type: ignore
  File "/var/lib/juju/agents/unit-test-storage-postgresql-k8s-0/charm/lib/charms/postgresql_k8s/v0/postgresql.py", line 880, in set_up_database
    raise PostgreSQLDatabasesSetupError() from e
charms.postgresql_k8s.v0.postgresql.PostgreSQLDatabasesSetupError
unit-test-storage-postgresql-k8s-0: 02:21:29 ERROR juju.worker.uniter.operation hook "config-changed" (via hook dispatching script: dispatch) failed: exit status 1

[32mINFO    [0m pytest_operator.plugin:plugin.py:1025 Forgetting model main...