[32mINFO    [0m juju.model:model.py:2098 Deploying ch:amd64/focal/indico-213
[32mINFO    [0m juju.model:model.py:2098 Deploying ch:amd64/focal/redis-k8s-7
[32mINFO    [0m juju.model:model.py:2098 Deploying ch:amd64/focal/redis-k8s-7
[33mWARNING [0m juju.model:model.py:1564 relate is deprecated and will be removed. Use integrate instead.
[33mWARNING [0m juju.model:model.py:1564 relate is deprecated and will be removed. Use integrate instead.
[32mINFO    [0m juju.model:model.py:2972 Waiting for model:
  indico/0 [allocating] waiting: installing agent
[32mINFO    [0m juju.model:model.py:2972 Waiting for model:
  indico/0 [allocating] waiting: installing agent
[32mINFO    [0m juju.model:model.py:2972 Waiting for model:
  indico/0 [idle] waiting: Waiting for database availability
[32mINFO    [0m integration.new_relations.test_new_relations:test_new_relations.py:696 Verifying that the charm doesn't block when the extensions are enabled
[32mINFO    [0m juju.model:model.py:2972 Waiting for model:
  database/0 [executing] active: Primary
  database/1 [idle] active: 
  database/2 [idle] active: 
[32mINFO    [0m juju.model:model.py:2972 Waiting for model:
  database/0 [idle] active: Primary
[33mWARNING [0m juju.model:model.py:1564 relate is deprecated and will be removed. Use integrate instead.
[32mINFO    [0m juju.model:model.py:2972 Waiting for model:
  database/0 [idle] active: Primary
  database/1 [idle] active: 
  database/2 [idle] active: 
  indico/0 [executing] waiting: Waiting for database availability
[32mINFO    [0m juju.model:model.py:2972 Waiting for model:
  database/0 [idle] active: Primary
  database/2 [idle] active: 
  indico/0 [executing] maintenance: Starting indico container
[32mINFO    [0m juju.model:model.py:2972 Waiting for model:
  indico/0 [idle] active:
[32mINFO    [0m pytest_operator.plugin:plugin.py:903 Model status:

Model  Controller          Cloud/Region        Version  SLA          Timestamp
test   microk8s-localhost  microk8s/localhost  3.4.5    unsupported  02:02:14Z

App                      Version               Status   Scale  Charm                Channel        Rev  Address         Exposed  Message
another-application                            active       1  postgresql-test-app  latest/edge    246  10.152.183.33   no       received database credentials of the first database
another-data-integrator                        waiting      1  data-integrator      latest/stable   41  10.152.183.21   no       installing agent
another-database         14.13                 active       3  postgresql-k8s                        1  10.152.183.201  no       
data-integrator                                waiting      1  data-integrator      latest/stable   41  10.152.183.238  no       installing agent
database                 14.13                 active       3  postgresql-k8s                        0  10.152.183.252  no       
indico                   3.3.1                 active       1  indico               latest/stable  213  10.152.183.22   no       
other-discourse-k8s      3.2.0                 active       1  discourse-k8s        latest/stable  124  10.152.183.224  no       
postgresql-test-app                            active       2  postgresql-test-app  latest/edge    246  10.152.183.216  no       received database credentials of the first database
redis-broker             ubuntu/redis@691f315  active       1  redis-k8s            latest/stable    7                  no       
redis-cache              ubuntu/redis@691f315  active       1  redis-k8s            latest/stable    7                  no       
redis-k8s                7.2.5                 active       1  redis-k8s            latest/edge     36  10.152.183.65   no       

Unit                        Workload  Agent  Address      Ports     Message
another-application/0*      active    idle   10.1.30.150            received database credentials of the first database
another-data-integrator/0*  blocked   idle   10.1.30.154            Please relate the data-integrator with the desired product
another-database/0*         active    idle   10.1.30.143            Primary
another-database/1          active    idle   10.1.30.145            
another-database/2          active    idle   10.1.30.144            
data-integrator/0*          blocked   idle   10.1.30.153            Please relate the data-integrator with the desired product
database/0*                 active    idle   10.1.30.147            Primary
database/1                  active    idle   10.1.30.152            
database/2                  active    idle   10.1.30.151            
indico/0*                   active    idle   10.1.30.162            
other-discourse-k8s/0*      active    idle   10.1.30.158            
postgresql-test-app/0       active    idle   10.1.30.136            received database credentials of the first database
postgresql-test-app/1*      active    idle   10.1.30.137            received database credentials of the first database
redis-broker/0*             active    idle   10.1.30.163  6379/TCP  
redis-cache/0*              active    idle   10.1.30.165  6379/TCP  
redis-k8s/0*                active    idle   10.1.30.157            

[32mINFO    [0m pytest_operator.plugin:plugin.py:909 Juju error logs:

unit-database-2: 01:37:58 ERROR unit.database/2.juju-log pgdata folder not found in /var/lib/postgresql/data/pgdata
unit-database-0: 01:43:23 ERROR unit.database/0.juju-log Kubernetes service get failed: services "database" not found
unit-database-0: 01:43:23 ERROR unit.database/0.juju-log Kubernetes service patch failed: services "database" not found
unit-database-0: 01:43:33 ERROR unit.database/0.juju-log Kubernetes service get failed: services "database" not found
unit-database-0: 01:43:33 ERROR unit.database/0.juju-log Kubernetes service patch failed: services "database" not found
unit-database-0: 01:43:41 ERROR unit.database/0.juju-log Kubernetes service get failed: services "database" not found
unit-database-0: 01:43:41 ERROR unit.database/0.juju-log Kubernetes service patch failed: services "database" not found
unit-database-0: 01:43:58 ERROR unit.database/0.juju-log Kubernetes service get failed: services "database" not found
unit-database-0: 01:43:58 ERROR unit.database/0.juju-log Kubernetes service patch failed: services "database" not found
unit-database-0: 01:52:12 ERROR unit.database/0.juju-log database:21: Invalid extra user roles: test
unit-database-0: 01:52:12 ERROR unit.database/0.juju-log database:21: invalid role(s) for extra user roles
Traceback (most recent call last):
  File "/var/lib/juju/agents/unit-database-0/charm/src/relations/postgresql_provider.py", line 92, in _on_database_requested
    self.charm.postgresql.create_user(user, password, extra_user_roles=extra_user_roles)
  File "/var/lib/juju/agents/unit-database-0/charm/lib/charms/tempo_k8s/v1/charm_tracing.py", line 735, in wrapped_function
    return callable(*args, **kwargs)  # type: ignore
  File "/var/lib/juju/agents/unit-database-0/charm/lib/charms/postgresql_k8s/v0/postgresql.py", line 244, in create_user
    raise PostgreSQLCreateUserError(INVALID_EXTRA_USER_ROLE_BLOCKING_MESSAGE)
charms.postgresql_k8s.v0.postgresql.PostgreSQLCreateUserError: invalid role(s) for extra user roles
unit-database-0: 01:52:17 ERROR unit.database/0.juju-log database:20: Invalid extra user roles: test
unit-database-0: 01:52:17 ERROR unit.database/0.juju-log database:20: invalid role(s) for extra user roles
Traceback (most recent call last):
  File "/var/lib/juju/agents/unit-database-0/charm/src/relations/postgresql_provider.py", line 92, in _on_database_requested
    self.charm.postgresql.create_user(user, password, extra_user_roles=extra_user_roles)
  File "/var/lib/juju/agents/unit-database-0/charm/lib/charms/tempo_k8s/v1/charm_tracing.py", line 735, in wrapped_function
    return callable(*args, **kwargs)  # type: ignore
  File "/var/lib/juju/agents/unit-database-0/charm/lib/charms/postgresql_k8s/v0/postgresql.py", line 244, in create_user
    raise PostgreSQLCreateUserError(INVALID_EXTRA_USER_ROLE_BLOCKING_MESSAGE)
charms.postgresql_k8s.v0.postgresql.PostgreSQLCreateUserError: invalid role(s) for extra user roles

[32mINFO    [0m pytest_operator.plugin:plugin.py:991 Forgetting model main...