[32mINFO    [0m juju.model:__init__.py:3254 Waiting for model:
  postgresql-test-app/0 [idle] active: received database credentials of the first database
  postgresql-test-app/1 [idle] active: received database credentials of the first database
  database/0 [executing] active: Primary
  database/1 [executing] active: 
  database/2 [executing] active: 
  another-database/0 [idle] active: Primary
  another-database/1 [idle] active: 
  another-database/2 [idle] active: 
[32mINFO    [0m juju.model:__init__.py:2301 Deploying ch:amd64/jammy/data-integrator-78
[32mINFO    [0m juju.model:__init__.py:3254 Waiting for model:
  another-data-integrator/0 [allocating] waiting: installing agent
[32mINFO    [0m juju.model:__init__.py:3254 Waiting for model:
  data-integrator/0 [executing] blocked: Please relate the data-integrator with the desired product
  another-data-integrator/0 [executing] blocked: Please specify either topic, index, or database name
[33mWARNING [0m juju.model:__init__.py:1683 relate is deprecated and will be removed. Use integrate instead.
[33mWARNING [0m juju.model:__init__.py:1683 relate is deprecated and will be removed. Use integrate instead.
[32mINFO    [0m juju.model:__init__.py:3254 Waiting for model:
  database/0 [idle] active: Primary
  database/1 [idle] active: 
  database/2 [idle] active: 
[32mINFO    [0m juju.model:__init__.py:3254 Waiting for model:
  database/0 [idle] blocked: invalid role(s) for extra user roles
  database/1 [idle] active: 
  database/2 [idle] active: 
[32mINFO    [0m juju.model:__init__.py:3254 Waiting for model:
  database/0 [idle] blocked: invalid role(s) for extra user roles
  database/1 [executing] active: 
  database/2 [executing] active: 
[32mINFO    [0m juju.model:__init__.py:3254 Waiting for model:
  database/0 [idle] blocked: invalid role(s) for extra user roles
  database/1 [executing] active: 
  database/2 [idle] active:
[32mINFO    [0m pytest_operator.plugin:plugin.py:929 Model status:

Model  Controller          Cloud/Region        Version  SLA          Timestamp
test   microk8s-localhost  microk8s/localhost  3.6.2    unsupported  01:49:53Z

App                      Version  Status   Scale  Charm                Channel        Rev  Address         Exposed  Message
another-application               active       1  postgresql-test-app  latest/edge    344  10.152.183.65   no       received database credentials of the first database
another-data-integrator           blocked      1  data-integrator      latest/stable   78  10.152.183.252  no       Please relate the data-integrator with the desired product
another-database         14.15    active       3  postgresql-k8s                        1  10.152.183.237  no       
data-integrator                   blocked      1  data-integrator      latest/stable   78  10.152.183.55   no       Please relate the data-integrator with the desired product
database                 14.15    active       3  postgresql-k8s                        0  10.152.183.32   no       
postgresql-test-app               active       2  postgresql-test-app  latest/edge    344  10.152.183.228  no       received database credentials of the first database

Unit                        Workload  Agent  Address      Ports  Message
another-application/0*      active    idle   10.1.73.150         received database credentials of the first database
another-data-integrator/0*  blocked   idle   10.1.73.154         Please relate the data-integrator with the desired product
another-database/0*         active    idle   10.1.73.147         Primary
another-database/1          active    idle   10.1.73.149         
another-database/2          active    idle   10.1.73.148         
data-integrator/0*          blocked   idle   10.1.73.153         Please relate the data-integrator with the desired product
database/0*                 active    idle   10.1.73.143         Primary
database/1                  active    idle   10.1.73.151         
database/2                  active    idle   10.1.73.152         
postgresql-test-app/0       active    idle   10.1.73.136         received database credentials of the first database
postgresql-test-app/1*      active    idle   10.1.73.137         received database credentials of the first database

[32mINFO    [0m pytest_operator.plugin:plugin.py:935 Juju error logs:

unit-another-database-2: 01:30:42 ERROR unit.another-database/2.juju-log database-peers:5: Uncaught exception while in charm code:
Traceback (most recent call last):
  File "/var/lib/juju/agents/unit-another-database-2/charm/venv/lib/python3.10/site-packages/websocket/_socket.py", line 118, in recv
    bytes_ = _recv()
  File "/var/lib/juju/agents/unit-another-database-2/charm/venv/lib/python3.10/site-packages/websocket/_socket.py", line 97, in _recv
    return sock.recv(bufsize)
TimeoutError: timed out

During handling of the above exception, another exception occurred:

Traceback (most recent call last):
  File "/var/lib/juju/agents/unit-another-database-2/charm/venv/lib/python3.10/site-packages/ops/pebble.py", line 2906, in exec
    control_ws = self._connect_websocket(task_id, 'control')
  File "/var/lib/juju/agents/unit-another-database-2/charm/venv/lib/python3.10/site-packages/ops/pebble.py", line 2994, in _connect_websocket
    ws.connect(url, socket=sock)
  File "/var/lib/juju/agents/unit-another-database-2/charm/venv/lib/python3.10/site-packages/websocket/_core.py", line 261, in connect
    self.handshake_response = handshake(self.sock, url, *addrs, **options)
  File "/var/lib/juju/agents/unit-another-database-2/charm/venv/lib/python3.10/site-packages/websocket/_handshake.py", line 65, in handshake
    status, resp = _get_resp_headers(sock)
  File "/var/lib/juju/agents/unit-another-database-2/charm/venv/lib/python3.10/site-packages/websocket/_handshake.py", line 141, in _get_resp_headers
    status, resp_headers, status_message = read_headers(sock)
  File "/var/lib/juju/agents/unit-another-database-2/charm/venv/lib/python3.10/site-packages/websocket/_http.py", line 351, in read_headers
    line = recv_line(sock)
  File "/var/lib/juju/agents/unit-another-database-2/charm/venv/lib/python3.10/site-packages/websocket/_socket.py", line 140, in recv_line
    c = recv(sock, 1)
  File "/var/lib/juju/agents/unit-another-database-2/charm/venv/lib/python3.10/site-packages/websocket/_socket.py", line 120, in recv
    raise WebSocketTimeoutException("Connection timed out")
websocket._exceptions.WebSocketTimeoutException: Connection timed out

The above exception was the direct cause of the following exception:

Traceback (most recent call last):
  File "/var/lib/juju/agents/unit-another-database-2/charm/src/charm.py", line 2252, in <module>
    main(PostgresqlOperatorCharm, use_juju_for_storage=True)
  File "/var/lib/juju/agents/unit-another-database-2/charm/venv/lib/python3.10/site-packages/ops/__init__.py", line 343, in __call__
    return _main.main(charm_class=charm_class, use_juju_for_storage=use_juju_for_storage)
  File "/var/lib/juju/agents/unit-another-database-2/charm/venv/lib/python3.10/site-packages/ops/_main.py", line 543, in main
    manager.run()
  File "/var/lib/juju/agents/unit-another-database-2/charm/venv/lib/python3.10/site-packages/ops/_main.py", line 529, in run
    self._emit()
  File "/var/lib/juju/agents/unit-another-database-2/charm/venv/lib/python3.10/site-packages/ops/_main.py", line 515, in _emit
    self.framework.reemit()
  File "/var/lib/juju/agents/unit-another-database-2/charm/venv/lib/python3.10/site-packages/ops/framework.py", line 867, in reemit
    self._reemit()
  File "/var/lib/juju/agents/unit-another-database-2/charm/venv/lib/python3.10/site-packages/ops/framework.py", line 947, in _reemit
    custom_handler(event)
  File "/var/lib/juju/agents/unit-another-database-2/charm/lib/charms/tempo_coordinator_k8s/v0/charm_tracing.py", line 1064, in wrapped_function
    return callable(*args, **kwargs)  # type: ignore
  File "/var/lib/juju/agents/unit-another-database-2/charm/src/charm.py", line 935, in _on_postgresql_pebble_ready
    self._create_pgdata(container)
  File "/var/lib/juju/agents/unit-another-database-2/charm/lib/charms/tempo_coordinator_k8s/v0/charm_tracing.py", line 1064, in wrapped_function
    return callable(*args, **kwargs)  # type: ignore
  File "/var/lib/juju/agents/unit-another-database-2/charm/src/charm.py", line 911, in _create_pgdata
    container.exec([
  File "/var/lib/juju/agents/unit-another-database-2/charm/venv/lib/python3.10/site-packages/ops/model.py", line 2997, in exec
    return self._pebble.exec(
  File "/var/lib/juju/agents/unit-another-database-2/charm/venv/lib/python3.10/site-packages/ops/pebble.py", line 2915, in exec
    raise ChangeError(change.err, change) from e
ops.pebble.ChangeError: cannot perform the following tasks:
- Execute command "chown" (exec 12: timeout waiting for websocket connections: context deadline exceeded)
----- Logs from task 0 -----
2025-02-02T01:30:42Z ERROR exec 12: timeout waiting for websocket connections: context deadline exceeded
-----
unit-another-database-2: 01:30:42 ERROR juju.worker.uniter.operation hook "database-peers-relation-joined" (via hook dispatching script: dispatch) failed: exit status 1
unit-another-database-2: 01:31:58 ERROR unit.another-database/2.juju-log pgdata folder not found in /var/lib/postgresql/data/pgdata
unit-another-database-2: 01:32:08 ERROR unit.another-database/2.juju-log pgdata folder not found in /var/lib/postgresql/data/pgdata
unit-database-1: 01:32:40 ERROR unit.database/1.juju-log pgdata folder not found in /var/lib/postgresql/data/pgdata
unit-database-1: 01:32:50 ERROR unit.database/1.juju-log pgdata folder not found in /var/lib/postgresql/data/pgdata
unit-database-0: 01:38:09 ERROR unit.database/0.juju-log Kubernetes service get failed: services "database" not found
unit-database-0: 01:38:09 ERROR unit.database/0.juju-log Kubernetes service patch failed: services "database" not found
unit-database-0: 01:38:19 ERROR unit.database/0.juju-log Kubernetes service get failed: services "database" not found
unit-database-0: 01:38:19 ERROR unit.database/0.juju-log Kubernetes service patch failed: services "database" not found
unit-database-0: 01:39:59 ERROR unit.database/0.juju-log Kubernetes service get failed: services "database" not found
unit-database-0: 01:39:59 ERROR unit.database/0.juju-log Kubernetes service patch failed: services "database" not found
unit-database-0: 01:40:09 ERROR unit.database/0.juju-log Kubernetes service get failed: services "database" not found
unit-database-0: 01:40:09 ERROR unit.database/0.juju-log Kubernetes service patch failed: services "database" not found
unit-database-0: 01:48:40 ERROR unit.database/0.juju-log database:21: Invalid extra user roles: test
unit-database-0: 01:48:40 ERROR unit.database/0.juju-log database:21: invalid role(s) for extra user roles
Traceback (most recent call last):
  File "/var/lib/juju/agents/unit-database-0/charm/src/relations/postgresql_provider.py", line 92, in _on_database_requested
    self.charm.postgresql.create_user(user, password, extra_user_roles=extra_user_roles)
  File "/var/lib/juju/agents/unit-database-0/charm/lib/charms/tempo_coordinator_k8s/v0/charm_tracing.py", line 1064, in wrapped_function
    return callable(*args, **kwargs)  # type: ignore
  File "/var/lib/juju/agents/unit-database-0/charm/lib/charms/postgresql_k8s/v0/postgresql.py", line 254, in create_user
    raise PostgreSQLCreateUserError(INVALID_EXTRA_USER_ROLE_BLOCKING_MESSAGE)
charms.postgresql_k8s.v0.postgresql.PostgreSQLCreateUserError: invalid role(s) for extra user roles
unit-database-0: 01:48:47 ERROR unit.database/0.juju-log database:20: Invalid extra user roles: test
unit-database-0: 01:48:47 ERROR unit.database/0.juju-log database:20: invalid role(s) for extra user roles
Traceback (most recent call last):
  File "/var/lib/juju/agents/unit-database-0/charm/src/relations/postgresql_provider.py", line 92, in _on_database_requested
    self.charm.postgresql.create_user(user, password, extra_user_roles=extra_user_roles)
  File "/var/lib/juju/agents/unit-database-0/charm/lib/charms/tempo_coordinator_k8s/v0/charm_tracing.py", line 1064, in wrapped_function
    return callable(*args, **kwargs)  # type: ignore
  File "/var/lib/juju/agents/unit-database-0/charm/lib/charms/postgresql_k8s/v0/postgresql.py", line 254, in create_user
    raise PostgreSQLCreateUserError(INVALID_EXTRA_USER_ROLE_BLOCKING_MESSAGE)
charms.postgresql_k8s.v0.postgresql.PostgreSQLCreateUserError: invalid role(s) for extra user roles

[32mINFO    [0m pytest_operator.plugin:plugin.py:1017 Forgetting model main...