[33mWARNING [0m juju.client.connection:connection.py:858 unexpected facade SSHServer received from the controller
[32mINFO    [0m pytest_operator.plugin:plugin.py:806 Connecting to existing model concierge-microk8s:testing on unspecified cloud
[33mWARNING [0m juju.client.connection:connection.py:858 unexpected facade SSHServer received from the controller
[33mWARNING [0m juju.client.connection:connection.py:858 unexpected facade SSHSession received from the controller
[33mWARNING [0m juju.client.connection:connection.py:858 unexpected facade SSHTunneler received from the controller
[33mWARNING [0m juju.client.connection:connection.py:858 unexpected facade SSHServer received from the controller
[33mWARNING [0m juju.client.connection:connection.py:858 unexpected facade SSHServer received from the controller
[32mINFO    [0m integration.test_pg_hba:test_pg_hba.py:33 Deploying charms
[32mINFO    [0m juju.model:__init__.py:2301 Deploying local:postgresql-k8s-0
[32mINFO    [0m juju.model:__init__.py:2301 Deploying ch:amd64/noble/data-integrator-362
[32mINFO    [0m integration.test_pg_hba:test_pg_hba.py:42 Adding relation between charms
[33mWARNING [0m juju.model:__init__.py:1683 relate is deprecated and will be removed. Use integrate instead.
[32mINFO    [0m juju.model:__init__.py:3254 Waiting for model:
  data-integrator/0 [allocating] waiting: installing agent
  postgresql-k8s/0 [allocating] waiting: installing agent
  postgresql-k8s/1 [allocating] waiting: installing agent
[32mINFO    [0m juju.model:__init__.py:3254 Waiting for model:
  data-integrator/0 [idle] blocked: Please relate the data-integrator with the desired product
  postgresql-k8s/0 [executing] maintenance: installing charm software
  postgresql-k8s/1 [executing] maintenance: installing charm software
[32mINFO    [0m juju.model:__init__.py:3254 Waiting for model:
  data-integrator/0 [executing] blocked: Please relate the data-integrator with the desired product
  postgresql-k8s/0 [idle] unknown: 
  postgresql-k8s/1 [executing] active: Primary (degraded)
[32mINFO    [0m juju.model:__init__.py:3254 Waiting for model:
  data-integrator/0 [idle] active: 
  postgresql-k8s/0 [executing] waiting: awaiting for member to start
  postgresql-k8s/1 [executing] active: Primary (degraded)
[32mINFO    [0m juju.model:__init__.py:3254 Waiting for model:
  postgresql-k8s/0 [idle] active: 
  postgresql-k8s/1 [idle] active: Primary
[32mINFO    [0m integration.test_pg_hba:test_pg_hba.py:73 Dropping database objects from the previous test run (if any)
[32mINFO    [0m integration.test_pg_hba:test_pg_hba.py:86 Creating database objects needed for the test
[32mINFO    [0m integration.test_pg_hba:test_pg_hba.py:108 Checking that the user relation_id_0 can connect to the database test_1 on postgresql-k8s/0
[32mINFO    [0m integration.test_pg_hba:test_pg_hba.py:130 Checking that the user relation_id_1 can connect to the database test_2 on postgresql-k8s/0
[32mINFO    [0m integration.test_pg_hba:test_pg_hba.py:150 Checking that the user relation_id_1 cannot connect to the database test_1 on postgresql-k8s/0
[32mINFO    [0m integration.test_pg_hba:test_pg_hba.py:108 Checking that the user relation_id_0 can connect to the database test_1 on postgresql-k8s/1
[32mINFO    [0m integration.test_pg_hba:test_pg_hba.py:130 Checking that the user relation_id_1 can connect to the database test_2 on postgresql-k8s/1
[32mINFO    [0m integration.test_pg_hba:test_pg_hba.py:150 Checking that the user relation_id_1 cannot connect to the database test_1 on postgresql-k8s/1
[32mINFO    [0m pytest_operator.plugin:plugin.py:951 Model status:

Model    Controller          Cloud/Region        Version  SLA          Timestamp
testing  concierge-microk8s  microk8s/localhost  3.6.14   unsupported  00:14:24Z

App              Version  Status  Scale  Charm            Channel        Rev  Address         Exposed  Message
data-integrator           active      1  data-integrator  latest/stable  362  10.152.183.99   no       
postgresql-k8s   14.20    active      2  postgresql-k8s                    0  10.152.183.135  no       

Unit                Workload  Agent  Address      Ports  Message
data-integrator/0*  active    idle   10.1.119.14         
postgresql-k8s/0    active    idle   10.1.119.12         
postgresql-k8s/1*   active    idle   10.1.119.13         Primary

[32mINFO    [0m pytest_operator.plugin:plugin.py:957 Juju error logs:

unit-postgresql-k8s-1: 00:11:57 ERROR unit.postgresql-k8s/1.juju-log failed to change plugins: 
Traceback (most recent call last):
  File "/var/lib/juju/agents/unit-postgresql-k8s-1/charm/lib/charms/postgresql_k8s/v0/postgresql.py", line 442, in enable_disable_extensions
    with self._connect_to_database() as connection, connection.cursor() as cursor:
  File "/var/lib/juju/agents/unit-postgresql-k8s-1/charm/lib/charms/tempo_coordinator_k8s/v0/charm_tracing.py", line 946, in wrapped_function
    return callable(*args, **kwargs)  # type: ignore
  File "/var/lib/juju/agents/unit-postgresql-k8s-1/charm/lib/charms/postgresql_k8s/v0/postgresql.py", line 184, in _connect_to_database
    connection = psycopg2.connect(
  File "/var/lib/juju/agents/unit-postgresql-k8s-1/charm/venv/lib/python3.10/site-packages/psycopg2/__init__.py", line 122, in connect
    conn = _connect(dsn, connection_factory=connection_factory, **kwasync)
psycopg2.OperationalError: connection to server at "postgresql-k8s-primary.testing.svc.cluster.local" (10.152.183.206), port 5432 failed: Connection refused
	Is the server running on that host and accepting TCP/IP connections?


The above exception was the direct cause of the following exception:

Traceback (most recent call last):
  File "/var/lib/juju/agents/unit-postgresql-k8s-1/charm/src/charm.py", line 783, in _handle_enable_disable_extensions
    self.postgresql.enable_disable_extensions(extensions, database)
  File "/var/lib/juju/agents/unit-postgresql-k8s-1/charm/lib/charms/tempo_coordinator_k8s/v0/charm_tracing.py", line 946, in wrapped_function
    return callable(*args, **kwargs)  # type: ignore
  File "/var/lib/juju/agents/unit-postgresql-k8s-1/charm/lib/charms/postgresql_k8s/v0/postgresql.py", line 471, in enable_disable_extensions
    raise PostgreSQLEnableDisableExtensionError() from e
charms.postgresql_k8s.v0.postgresql.PostgreSQLEnableDisableExtensionError

[32mINFO    [0m pytest_operator.plugin:plugin.py:1039 Forgetting model main...