{"uid":"c1829d7866f5529d","name":"test_app_resources_conflicts","fullName":"tests.integration.ha_tests.test_smoke#test_app_resources_conflicts","historyId":"fc3d47f8f6eb9cb2bfcadac8a642071f","time":{"start":1761788078196,"stop":1761788169014,"duration":90818},"description":"Test application deploy in dirty environment with garbage storage from another application.","descriptionHtml":"<p>Test application deploy in dirty environment with garbage storage from another application.</p>\n","status":"broken","statusMessage":"lightkube.core.exceptions.ApiError: Apply failed with 1 conflict: conflict with \"kubelite\" using v1: .spec.volumeName","statusTrace":"Traceback (most recent call last):\n  File \"/root/spread_project/.tox/integration/lib/python3.12/site-packages/lightkube/core/generic_client.py\", line 300, in raise_for_status\n    resp.raise_for_status()\n  File \"/root/spread_project/.tox/integration/lib/python3.12/site-packages/httpx/_models.py\", line 829, in raise_for_status\n    raise HTTPStatusError(message, request=request, response=self)\nhttpx.HTTPStatusError: Client error '409 Conflict' for url 'https://10.1.0.183:16443/api/v1/namespaces/testing/persistentvolumeclaims/postgresql-k8s2-pgdata-c702f212-postgresql-k8s2-0?fieldManager=lightkube'\nFor more information check: https://developer.mozilla.org/en-US/docs/Web/HTTP/Status/409\n\nDuring handling of the above exception, another exception occurred:\n\nTraceback (most recent call last):\n  File \"/root/spread_project/.tox/integration/lib/python3.12/site-packages/_pytest/runner.py\", line 344, in from_call\n    result: TResult | None = func()\n                             ^^^^^^\n  File \"/root/spread_project/.tox/integration/lib/python3.12/site-packages/_pytest/runner.py\", line 246, in <lambda>\n    lambda: runtest_hook(item=item, **kwds), when=when, reraise=reraise\n            ^^^^^^^^^^^^^^^^^^^^^^^^^^^^^^^\n  File \"/root/spread_project/.tox/integration/lib/python3.12/site-packages/pluggy/_hooks.py\", line 512, in __call__\n    return self._hookexec(self.name, self._hookimpls.copy(), kwargs, firstresult)\n           ^^^^^^^^^^^^^^^^^^^^^^^^^^^^^^^^^^^^^^^^^^^^^^^^^^^^^^^^^^^^^^^^^^^^^^\n  File \"/root/spread_project/.tox/integration/lib/python3.12/site-packages/pluggy/_manager.py\", line 120, in _hookexec\n    return self._inner_hookexec(hook_name, methods, kwargs, firstresult)\n           ^^^^^^^^^^^^^^^^^^^^^^^^^^^^^^^^^^^^^^^^^^^^^^^^^^^^^^^^^^^^^\n  File \"/root/spread_project/.tox/integration/lib/python3.12/site-packages/pluggy/_callers.py\", line 167, in _multicall\n    raise exception\n  File \"/root/spread_project/.tox/integration/lib/python3.12/site-packages/pluggy/_callers.py\", line 139, in _multicall\n    teardown.throw(exception)\n  File \"/root/spread_project/.tox/integration/lib/python3.12/site-packages/_pytest/logging.py\", line 850, in pytest_runtest_call\n    yield\n  File \"/root/spread_project/.tox/integration/lib/python3.12/site-packages/pluggy/_callers.py\", line 139, in _multicall\n    teardown.throw(exception)\n  File \"/root/spread_project/.tox/integration/lib/python3.12/site-packages/pluggy/_callers.py\", line 53, in run_old_style_hookwrapper\n    return result.get_result()\n           ^^^^^^^^^^^^^^^^^^^\n  File \"/root/spread_project/.tox/integration/lib/python3.12/site-packages/pluggy/_result.py\", line 103, in get_result\n    raise exc.with_traceback(tb)\n  File \"/root/spread_project/.tox/integration/lib/python3.12/site-packages/pluggy/_callers.py\", line 38, in run_old_style_hookwrapper\n    res = yield\n          ^^^^^\n  File \"/root/spread_project/.tox/integration/lib/python3.12/site-packages/pluggy/_callers.py\", line 139, in _multicall\n    teardown.throw(exception)\n  File \"/root/spread_project/.tox/integration/lib/python3.12/site-packages/_pytest/capture.py\", line 900, in pytest_runtest_call\n    return (yield)\n            ^^^^^\n  File \"/root/spread_project/.tox/integration/lib/python3.12/site-packages/pluggy/_callers.py\", line 139, in _multicall\n    teardown.throw(exception)\n  File \"/root/spread_project/.tox/integration/lib/python3.12/site-packages/_pytest/skipping.py\", line 263, in pytest_runtest_call\n    return (yield)\n            ^^^^^\n  File \"/root/spread_project/.tox/integration/lib/python3.12/site-packages/pluggy/_callers.py\", line 121, in _multicall\n    res = hook_impl.function(*args)\n          ^^^^^^^^^^^^^^^^^^^^^^^^^\n  File \"/root/spread_project/.tox/integration/lib/python3.12/site-packages/_pytest/runner.py\", line 178, in pytest_runtest_call\n    item.runtest()\n  File \"/root/spread_project/.tox/integration/lib/python3.12/site-packages/_pytest/python.py\", line 1671, in runtest\n    self.ihook.pytest_pyfunc_call(pyfuncitem=self)\n  File \"/root/spread_project/.tox/integration/lib/python3.12/site-packages/pluggy/_hooks.py\", line 512, in __call__\n    return self._hookexec(self.name, self._hookimpls.copy(), kwargs, firstresult)\n           ^^^^^^^^^^^^^^^^^^^^^^^^^^^^^^^^^^^^^^^^^^^^^^^^^^^^^^^^^^^^^^^^^^^^^^\n  File \"/root/spread_project/.tox/integration/lib/python3.12/site-packages/pluggy/_manager.py\", line 120, in _hookexec\n    return self._inner_hookexec(hook_name, methods, kwargs, firstresult)\n           ^^^^^^^^^^^^^^^^^^^^^^^^^^^^^^^^^^^^^^^^^^^^^^^^^^^^^^^^^^^^^\n  File \"/root/spread_project/.tox/integration/lib/python3.12/site-packages/pluggy/_callers.py\", line 167, in _multicall\n    raise exception\n  File \"/root/spread_project/.tox/integration/lib/python3.12/site-packages/pluggy/_callers.py\", line 139, in _multicall\n    teardown.throw(exception)\n  File \"/root/spread_project/.tox/integration/lib/python3.12/site-packages/pluggy/_callers.py\", line 53, in run_old_style_hookwrapper\n    return result.get_result()\n           ^^^^^^^^^^^^^^^^^^^\n  File \"/root/spread_project/.tox/integration/lib/python3.12/site-packages/pluggy/_result.py\", line 103, in get_result\n    raise exc.with_traceback(tb)\n  File \"/root/spread_project/.tox/integration/lib/python3.12/site-packages/pluggy/_callers.py\", line 38, in run_old_style_hookwrapper\n    res = yield\n          ^^^^^\n  File \"/root/spread_project/.tox/integration/lib/python3.12/site-packages/pluggy/_callers.py\", line 121, in _multicall\n    res = hook_impl.function(*args)\n          ^^^^^^^^^^^^^^^^^^^^^^^^^\n  File \"/root/spread_project/.tox/integration/lib/python3.12/site-packages/_pytest/python.py\", line 157, in pytest_pyfunc_call\n    result = testfunction(**testargs)\n             ^^^^^^^^^^^^^^^^^^^^^^^^\n  File \"/root/spread_project/.tox/integration/lib/python3.12/site-packages/pytest_asyncio/plugin.py\", line 529, in inner\n    _loop.run_until_complete(task)\n  File \"/usr/lib/python3.12/asyncio/base_events.py\", line 687, in run_until_complete\n    return future.result()\n           ^^^^^^^^^^^^^^^\n  File \"/root/spread_project/tests/integration/ha_tests/test_smoke.py\", line 193, in test_app_resources_conflicts\n    apply_pvc_config(ops_test, dup_primary_pvc)\n  File \"/root/spread_project/tests/integration/ha_tests/helpers.py\", line 1133, in apply_pvc_config\n    client.apply(pvc_config, namespace=ops_test.model.name, field_manager=\"lightkube\")\n  File \"/root/spread_project/.tox/integration/lib/python3.12/site-packages/lightkube/core/client.py\", line 757, in apply\n    return self.patch(\n           ^^^^^^^^^^^\n  File \"/root/spread_project/.tox/integration/lib/python3.12/site-packages/lightkube/core/client.py\", line 493, in patch\n    return self._client.request(\n           ^^^^^^^^^^^^^^^^^^^^^\n  File \"/root/spread_project/.tox/integration/lib/python3.12/site-packages/lightkube/core/generic_client.py\", line 384, in request\n    return self.handle_response(method, resp, br)\n           ^^^^^^^^^^^^^^^^^^^^^^^^^^^^^^^^^^^^^^\n  File \"/root/spread_project/.tox/integration/lib/python3.12/site-packages/lightkube/core/generic_client.py\", line 316, in handle_response\n    self.raise_for_status(resp)\n  File \"/root/spread_project/.tox/integration/lib/python3.12/site-packages/lightkube/core/generic_client.py\", line 302, in raise_for_status\n    raise transform_exception(e)\nlightkube.core.exceptions.ApiError: Apply failed with 1 conflict: conflict with \"kubelite\" using v1: .spec.volumeName","flaky":false,"newFailed":false,"newBroken":true,"newPassed":false,"retriesCount":1,"retriesStatusChange":true,"beforeStages":[{"name":"tmp_path_factory","time":{"start":1761787885871,"stop":1761787885871,"duration":0},"status":"passed","steps":[],"attachments":[],"parameters":[],"shouldDisplayMessage":false,"stepsCount":0,"attachmentsCount":0,"hasContent":false,"attachmentStep":false},{"name":"charm","time":{"start":1761787885871,"stop":1761787885871,"duration":0},"status":"passed","steps":[],"attachments":[],"parameters":[],"shouldDisplayMessage":false,"stepsCount":0,"attachmentsCount":0,"hasContent":false,"attachmentStep":false},{"name":"ops_test","time":{"start":1761787885871,"stop":1761787886130,"duration":259},"status":"passed","steps":[],"attachments":[],"parameters":[],"shouldDisplayMessage":false,"stepsCount":0,"attachmentsCount":0,"hasContent":false,"attachmentStep":false},{"name":"event_loop","time":{"start":1761787885871,"stop":1761787885871,"duration":0},"status":"passed","steps":[],"attachments":[],"parameters":[],"shouldDisplayMessage":false,"stepsCount":0,"attachmentsCount":0,"hasContent":false,"attachmentStep":false},{"name":"abort_on_fail","time":{"start":1761788078195,"stop":1761788078195,"duration":0},"status":"passed","steps":[],"attachments":[],"parameters":[],"shouldDisplayMessage":false,"stepsCount":0,"attachmentsCount":0,"hasContent":false,"attachmentStep":false}],"testStage":{"description":"Test application deploy in dirty environment with garbage storage from another application.","status":"broken","statusMessage":"lightkube.core.exceptions.ApiError: Apply failed with 1 conflict: conflict with \"kubelite\" using v1: .spec.volumeName","statusTrace":"Traceback (most recent call last):\n  File \"/root/spread_project/.tox/integration/lib/python3.12/site-packages/lightkube/core/generic_client.py\", line 300, in raise_for_status\n    resp.raise_for_status()\n  File \"/root/spread_project/.tox/integration/lib/python3.12/site-packages/httpx/_models.py\", line 829, in raise_for_status\n    raise HTTPStatusError(message, request=request, response=self)\nhttpx.HTTPStatusError: Client error '409 Conflict' for url 'https://10.1.0.183:16443/api/v1/namespaces/testing/persistentvolumeclaims/postgresql-k8s2-pgdata-c702f212-postgresql-k8s2-0?fieldManager=lightkube'\nFor more information check: https://developer.mozilla.org/en-US/docs/Web/HTTP/Status/409\n\nDuring handling of the above exception, another exception occurred:\n\nTraceback (most recent call last):\n  File \"/root/spread_project/.tox/integration/lib/python3.12/site-packages/_pytest/runner.py\", line 344, in from_call\n    result: TResult | None = func()\n                             ^^^^^^\n  File \"/root/spread_project/.tox/integration/lib/python3.12/site-packages/_pytest/runner.py\", line 246, in <lambda>\n    lambda: runtest_hook(item=item, **kwds), when=when, reraise=reraise\n            ^^^^^^^^^^^^^^^^^^^^^^^^^^^^^^^\n  File \"/root/spread_project/.tox/integration/lib/python3.12/site-packages/pluggy/_hooks.py\", line 512, in __call__\n    return self._hookexec(self.name, self._hookimpls.copy(), kwargs, firstresult)\n           ^^^^^^^^^^^^^^^^^^^^^^^^^^^^^^^^^^^^^^^^^^^^^^^^^^^^^^^^^^^^^^^^^^^^^^\n  File \"/root/spread_project/.tox/integration/lib/python3.12/site-packages/pluggy/_manager.py\", line 120, in _hookexec\n    return self._inner_hookexec(hook_name, methods, kwargs, firstresult)\n           ^^^^^^^^^^^^^^^^^^^^^^^^^^^^^^^^^^^^^^^^^^^^^^^^^^^^^^^^^^^^^\n  File \"/root/spread_project/.tox/integration/lib/python3.12/site-packages/pluggy/_callers.py\", line 167, in _multicall\n    raise exception\n  File \"/root/spread_project/.tox/integration/lib/python3.12/site-packages/pluggy/_callers.py\", line 139, in _multicall\n    teardown.throw(exception)\n  File \"/root/spread_project/.tox/integration/lib/python3.12/site-packages/_pytest/logging.py\", line 850, in pytest_runtest_call\n    yield\n  File \"/root/spread_project/.tox/integration/lib/python3.12/site-packages/pluggy/_callers.py\", line 139, in _multicall\n    teardown.throw(exception)\n  File \"/root/spread_project/.tox/integration/lib/python3.12/site-packages/pluggy/_callers.py\", line 53, in run_old_style_hookwrapper\n    return result.get_result()\n           ^^^^^^^^^^^^^^^^^^^\n  File \"/root/spread_project/.tox/integration/lib/python3.12/site-packages/pluggy/_result.py\", line 103, in get_result\n    raise exc.with_traceback(tb)\n  File \"/root/spread_project/.tox/integration/lib/python3.12/site-packages/pluggy/_callers.py\", line 38, in run_old_style_hookwrapper\n    res = yield\n          ^^^^^\n  File \"/root/spread_project/.tox/integration/lib/python3.12/site-packages/pluggy/_callers.py\", line 139, in _multicall\n    teardown.throw(exception)\n  File \"/root/spread_project/.tox/integration/lib/python3.12/site-packages/_pytest/capture.py\", line 900, in pytest_runtest_call\n    return (yield)\n            ^^^^^\n  File \"/root/spread_project/.tox/integration/lib/python3.12/site-packages/pluggy/_callers.py\", line 139, in _multicall\n    teardown.throw(exception)\n  File \"/root/spread_project/.tox/integration/lib/python3.12/site-packages/_pytest/skipping.py\", line 263, in pytest_runtest_call\n    return (yield)\n            ^^^^^\n  File \"/root/spread_project/.tox/integration/lib/python3.12/site-packages/pluggy/_callers.py\", line 121, in _multicall\n    res = hook_impl.function(*args)\n          ^^^^^^^^^^^^^^^^^^^^^^^^^\n  File \"/root/spread_project/.tox/integration/lib/python3.12/site-packages/_pytest/runner.py\", line 178, in pytest_runtest_call\n    item.runtest()\n  File \"/root/spread_project/.tox/integration/lib/python3.12/site-packages/_pytest/python.py\", line 1671, in runtest\n    self.ihook.pytest_pyfunc_call(pyfuncitem=self)\n  File \"/root/spread_project/.tox/integration/lib/python3.12/site-packages/pluggy/_hooks.py\", line 512, in __call__\n    return self._hookexec(self.name, self._hookimpls.copy(), kwargs, firstresult)\n           ^^^^^^^^^^^^^^^^^^^^^^^^^^^^^^^^^^^^^^^^^^^^^^^^^^^^^^^^^^^^^^^^^^^^^^\n  File \"/root/spread_project/.tox/integration/lib/python3.12/site-packages/pluggy/_manager.py\", line 120, in _hookexec\n    return self._inner_hookexec(hook_name, methods, kwargs, firstresult)\n           ^^^^^^^^^^^^^^^^^^^^^^^^^^^^^^^^^^^^^^^^^^^^^^^^^^^^^^^^^^^^^\n  File \"/root/spread_project/.tox/integration/lib/python3.12/site-packages/pluggy/_callers.py\", line 167, in _multicall\n    raise exception\n  File \"/root/spread_project/.tox/integration/lib/python3.12/site-packages/pluggy/_callers.py\", line 139, in _multicall\n    teardown.throw(exception)\n  File \"/root/spread_project/.tox/integration/lib/python3.12/site-packages/pluggy/_callers.py\", line 53, in run_old_style_hookwrapper\n    return result.get_result()\n           ^^^^^^^^^^^^^^^^^^^\n  File \"/root/spread_project/.tox/integration/lib/python3.12/site-packages/pluggy/_result.py\", line 103, in get_result\n    raise exc.with_traceback(tb)\n  File \"/root/spread_project/.tox/integration/lib/python3.12/site-packages/pluggy/_callers.py\", line 38, in run_old_style_hookwrapper\n    res = yield\n          ^^^^^\n  File \"/root/spread_project/.tox/integration/lib/python3.12/site-packages/pluggy/_callers.py\", line 121, in _multicall\n    res = hook_impl.function(*args)\n          ^^^^^^^^^^^^^^^^^^^^^^^^^\n  File \"/root/spread_project/.tox/integration/lib/python3.12/site-packages/_pytest/python.py\", line 157, in pytest_pyfunc_call\n    result = testfunction(**testargs)\n             ^^^^^^^^^^^^^^^^^^^^^^^^\n  File \"/root/spread_project/.tox/integration/lib/python3.12/site-packages/pytest_asyncio/plugin.py\", line 529, in inner\n    _loop.run_until_complete(task)\n  File \"/usr/lib/python3.12/asyncio/base_events.py\", line 687, in run_until_complete\n    return future.result()\n           ^^^^^^^^^^^^^^^\n  File \"/root/spread_project/tests/integration/ha_tests/test_smoke.py\", line 193, in test_app_resources_conflicts\n    apply_pvc_config(ops_test, dup_primary_pvc)\n  File \"/root/spread_project/tests/integration/ha_tests/helpers.py\", line 1133, in apply_pvc_config\n    client.apply(pvc_config, namespace=ops_test.model.name, field_manager=\"lightkube\")\n  File \"/root/spread_project/.tox/integration/lib/python3.12/site-packages/lightkube/core/client.py\", line 757, in apply\n    return self.patch(\n           ^^^^^^^^^^^\n  File \"/root/spread_project/.tox/integration/lib/python3.12/site-packages/lightkube/core/client.py\", line 493, in patch\n    return self._client.request(\n           ^^^^^^^^^^^^^^^^^^^^^\n  File \"/root/spread_project/.tox/integration/lib/python3.12/site-packages/lightkube/core/generic_client.py\", line 384, in request\n    return self.handle_response(method, resp, br)\n           ^^^^^^^^^^^^^^^^^^^^^^^^^^^^^^^^^^^^^^\n  File \"/root/spread_project/.tox/integration/lib/python3.12/site-packages/lightkube/core/generic_client.py\", line 316, in handle_response\n    self.raise_for_status(resp)\n  File \"/root/spread_project/.tox/integration/lib/python3.12/site-packages/lightkube/core/generic_client.py\", line 302, in raise_for_status\n    raise transform_exception(e)\nlightkube.core.exceptions.ApiError: Apply failed with 1 conflict: conflict with \"kubelite\" using v1: .spec.volumeName","steps":[],"attachments":[{"uid":"d9a6f534e98dcc7b","name":"log","source":"d9a6f534e98dcc7b.txt","type":"text/plain","size":2565}],"parameters":[],"shouldDisplayMessage":true,"stepsCount":0,"attachmentsCount":1,"hasContent":true,"attachmentStep":false},"afterStages":[{"name":"abort_on_fail::0","time":{"start":1761788169068,"stop":1761788169068,"duration":0},"status":"passed","steps":[],"attachments":[],"parameters":[],"shouldDisplayMessage":false,"stepsCount":0,"attachmentsCount":0,"hasContent":false,"attachmentStep":false},{"name":"ops_test::finalizer","time":{"start":1761788169069,"stop":1761788169480,"duration":411},"status":"passed","steps":[],"attachments":[],"parameters":[],"shouldDisplayMessage":false,"stepsCount":0,"attachmentsCount":0,"hasContent":false,"attachmentStep":false},{"name":"event_loop::2","time":{"start":1761788169481,"stop":1761788169482,"duration":1},"status":"passed","steps":[],"attachments":[],"parameters":[],"shouldDisplayMessage":false,"stepsCount":0,"attachmentsCount":0,"hasContent":false,"attachmentStep":false},{"name":"event_loop::_close_event_loop","time":{"start":1761788169482,"stop":1761788169482,"duration":0},"status":"passed","steps":[],"attachments":[],"parameters":[],"shouldDisplayMessage":false,"stepsCount":0,"attachmentsCount":0,"hasContent":false,"attachmentStep":false},{"name":"event_loop::_provide_clean_event_loop","time":{"start":1761788169482,"stop":1761788169482,"duration":0},"status":"passed","steps":[],"attachments":[],"parameters":[],"shouldDisplayMessage":false,"stepsCount":0,"attachmentsCount":0,"hasContent":false,"attachmentStep":false}],"labels":[{"name":"tag","value":"abort_on_fail"},{"name":"tag","value":"asyncio"},{"name":"parentSuite","value":"tests.integration.ha_tests"},{"name":"suite","value":"test_smoke"},{"name":"host","value":"runnervmwhb2z"},{"name":"thread","value":"20776-MainThread"},{"name":"framework","value":"pytest"},{"name":"language","value":"cpython3"},{"name":"package","value":"tests.integration.ha_tests.test_smoke"},{"name":"resultFormat","value":"allure2"}],"parameters":[],"links":[],"hidden":false,"retry":false,"extra":{"severity":"normal","retries":[{"uid":"3847bf0366442f44","status":"unknown","time":{}}],"categories":[{"name":"Test defects","matchedStatuses":[]}],"history":{"statistic":{"failed":0,"broken":5,"skipped":4,"passed":459,"unknown":16,"total":484},"items":[{"uid":"f41d69dc2572dcfd","reportUrl":"../4699//#testresult/f41d69dc2572dcfd","status":"passed","time":{"start":1761701710812,"stop":1761702301584,"duration":590772}},{"uid":"6613c2fddb381028","reportUrl":"../4684//#testresult/6613c2fddb381028","status":"passed","time":{"start":1761616027350,"stop":1761616615715,"duration":588365}},{"uid":"cc6e9fdfcc1c21dd","reportUrl":"../4680//#testresult/cc6e9fdfcc1c21dd","status":"passed","time":{"start":1761528850058,"stop":1761529435740,"duration":585682}},{"uid":"10c7bbed1199ba33","reportUrl":"../4675//#testresult/10c7bbed1199ba33","status":"passed","time":{"start":1761442508351,"stop":1761443100570,"duration":592219}},{"uid":"f1d607200cd7762f","reportUrl":"../4674//#testresult/f1d607200cd7762f","status":"passed","time":{"start":1761356041479,"stop":1761356631494,"duration":590015}},{"uid":"3baf413c1940c92f","reportUrl":"../4672//#testresult/3baf413c1940c92f","status":"passed","time":{"start":1761269672116,"stop":1761270262971,"duration":590855}},{"uid":"b0566dde3c2163d2","reportUrl":"../4671//#testresult/b0566dde3c2163d2","status":"passed","time":{"start":1761183275489,"stop":1761183866020,"duration":590531}},{"uid":"3b5e3d6724fe0d61","reportUrl":"../4670//#testresult/3b5e3d6724fe0d61","status":"passed","time":{"start":1761096889647,"stop":1761097479435,"duration":589788}},{"uid":"6bb8f06e77d203a3","reportUrl":"../4663//#testresult/6bb8f06e77d203a3","status":"passed","time":{"start":1761010467248,"stop":1761011055186,"duration":587938}},{"uid":"80c7405f796e5e08","reportUrl":"../4662//#testresult/80c7405f796e5e08","status":"passed","time":{"start":1760924104296,"stop":1760924692977,"duration":588681}},{"uid":"4e5721526a856cd6","reportUrl":"../4661//#testresult/4e5721526a856cd6","status":"skipped","statusDetails":"XFAIL aborted\n\n_pytest.outcomes.XFailed: aborted","time":{"start":1760837547159,"stop":1760837547159,"duration":0}},{"uid":"4668ae5882f6996b","reportUrl":"../4660//#testresult/4668ae5882f6996b","status":"passed","time":{"start":1760751222628,"stop":1760751806076,"duration":583448}},{"uid":"19c2258e188850ae","reportUrl":"../4658//#testresult/19c2258e188850ae","status":"passed","time":{"start":1760664826035,"stop":1760665414692,"duration":588657}},{"uid":"5afb0dedaab9ec67","reportUrl":"../4657//#testresult/5afb0dedaab9ec67","status":"passed","time":{"start":1760578457751,"stop":1760579047585,"duration":589834}},{"uid":"b32a3daa58ac66df","reportUrl":"../4654//#testresult/b32a3daa58ac66df","status":"passed","time":{"start":1760492054683,"stop":1760492641407,"duration":586724}},{"uid":"e5cb8fb18130a839","reportUrl":"../4646//#testresult/e5cb8fb18130a839","status":"passed","time":{"start":1760405622313,"stop":1760406211137,"duration":588824}},{"uid":"bed02d7f02de4d2","reportUrl":"../4643//#testresult/bed02d7f02de4d2","status":"passed","time":{"start":1760319320631,"stop":1760319909117,"duration":588486}},{"uid":"f91372b716a4d8d7","reportUrl":"../4642//#testresult/f91372b716a4d8d7","status":"passed","time":{"start":1760232840771,"stop":1760233428380,"duration":587609}},{"uid":"967d86b7d431dc84","reportUrl":"../4640//#testresult/967d86b7d431dc84","status":"passed","time":{"start":1760146454762,"stop":1760147042610,"duration":587848}},{"uid":"406246c24925e5d8","reportUrl":"../4638//#testresult/406246c24925e5d8","status":"broken","statusDetails":"lightkube.core.exceptions.ApiError: Apply failed with 1 conflict: conflict with \"kubelite\" using v1: .spec.volumeName","time":{"start":1760060039760,"stop":1760060128447,"duration":88687}}]},"tags":["asyncio","abort_on_fail"]},"source":"c1829d7866f5529d.json","parameterValues":[]}