[32mINFO    [0m juju.model:__init__.py:2301 Deploying local:postgresql-k8s-3
[32mINFO    [0m juju.model:__init__.py:3254 Waiting for model:
  test-storage-postgresql-k8s/0 [idle] waiting: agent initialising
[32mINFO    [0m pytest_operator.plugin:plugin.py:903 Model status:

Model  Controller          Cloud/Region        Version  SLA          Timestamp
test   microk8s-localhost  microk8s/localhost  3.6.1    unsupported  02:05:44Z

App                          Version  Status  Scale  Charm           Channel  Rev  Address         Exposed  Message
postgresql-k8s               14.15    active      3  postgresql-k8s             2  10.152.183.83   no       
test-storage-postgresql-k8s  14.15    error       1  postgresql-k8s             3  10.152.183.127  no       hook failed: "config-changed"

Unit                            Workload  Agent  Address       Ports  Message
postgresql-k8s/0                active    idle   10.1.146.156         
postgresql-k8s/1                active    idle   10.1.146.158         
postgresql-k8s/2*               active    idle   10.1.146.157         Primary
test-storage-postgresql-k8s/0*  error     idle   10.1.146.160         hook failed: "config-changed"

[32mINFO    [0m pytest_operator.plugin:plugin.py:909 Juju error logs:

unit-postgresql-k8s-2: 01:35:35 ERROR unit.postgresql-k8s/2.juju-log Cluster upgrade failed, ensure pre-upgrade checks are ran first.
unit-postgresql-k8s-1: 01:47:00 ERROR unit.postgresql-k8s/1.juju-log Cluster upgrade failed, ensure pre-upgrade checks are ran first.
unit-postgresql-k8s-1: 01:47:01 ERROR unit.postgresql-k8s/1.juju-log Kubernetes service get failed: services "postgresql-k8s" not found
unit-postgresql-k8s-1: 01:47:01 ERROR unit.postgresql-k8s/1.juju-log Kubernetes service patch failed: services "postgresql-k8s" not found
unit-postgresql-k8s-2: 01:47:50 ERROR unit.postgresql-k8s/2.juju-log Kubernetes service get failed: services "postgresql-k8s" not found
unit-postgresql-k8s-2: 01:47:50 ERROR unit.postgresql-k8s/2.juju-log Kubernetes service patch failed: services "postgresql-k8s" not found
unit-postgresql-k8s-0: 01:48:41 ERROR unit.postgresql-k8s/0.juju-log Kubernetes service get failed: services "postgresql-k8s" not found
unit-postgresql-k8s-0: 01:48:41 ERROR unit.postgresql-k8s/0.juju-log Kubernetes service patch failed: services "postgresql-k8s" not found
unit-postgresql-k8s-1: 01:53:02 ERROR unit.postgresql-k8s/1.juju-log Kubernetes service get failed: services "postgresql-k8s" not found
unit-postgresql-k8s-1: 01:53:02 ERROR unit.postgresql-k8s/1.juju-log Kubernetes service patch failed: services "postgresql-k8s" not found
unit-postgresql-k8s-0: 01:53:04 ERROR unit.postgresql-k8s/0.juju-log Kubernetes service get failed: services "postgresql-k8s" not found
unit-postgresql-k8s-0: 01:53:04 ERROR unit.postgresql-k8s/0.juju-log Kubernetes service patch failed: services "postgresql-k8s" not found
unit-postgresql-k8s-2: 01:53:47 ERROR unit.postgresql-k8s/2.juju-log Kubernetes service get failed: services "postgresql-k8s" not found
unit-postgresql-k8s-2: 01:53:47 ERROR unit.postgresql-k8s/2.juju-log Kubernetes service patch failed: services "postgresql-k8s" not found
controller-0: 02:00:07 ERROR juju.worker.caasapplicationprovisioner.runner exited "postgresql-k8s": finding filesystem info for postgresql-k8s-pgdata-1a5fe2fd: unable to get persistent volume claim: k8s: persistentvolumeclaims "postgresql-k8s-pgdata-1a5fe2fd-postgresql-k8s-1" not found
unit-postgresql-k8s-1: 02:02:40 ERROR unit.postgresql-k8s/1.juju-log pgdata folder not found in /var/lib/postgresql/data/pgdata
unit-postgresql-k8s-0: 02:02:40 ERROR unit.postgresql-k8s/0.juju-log pgdata folder not found in /var/lib/postgresql/data/pgdata
unit-postgresql-k8s-1: 02:03:24 ERROR unit.postgresql-k8s/1.juju-log pgdata folder not found in /var/lib/postgresql/data/pgdata
unit-test-storage-postgresql-k8s-0: 02:05:44 ERROR unit.test-storage-postgresql-k8s/0.juju-log Failed to create user: connection to server at "test-storage-postgresql-k8s-primary.test.svc.cluster.local" (10.152.183.23), port 5432 failed: Connection refused
	Is the server running on that host and accepting TCP/IP connections?

unit-test-storage-postgresql-k8s-0: 02:05:44 ERROR unit.test-storage-postgresql-k8s/0.juju-log Uncaught exception while in charm code:
Traceback (most recent call last):
  File "/var/lib/juju/agents/unit-test-storage-postgresql-k8s-0/charm/lib/charms/postgresql_k8s/v0/postgresql.py", line 256, in create_user
    with self._connect_to_database() as connection, connection.cursor() as cursor:
  File "/var/lib/juju/agents/unit-test-storage-postgresql-k8s-0/charm/lib/charms/tempo_coordinator_k8s/v0/charm_tracing.py", line 1064, in wrapped_function
    return callable(*args, **kwargs)  # type: ignore
  File "/var/lib/juju/agents/unit-test-storage-postgresql-k8s-0/charm/lib/charms/postgresql_k8s/v0/postgresql.py", line 153, in _connect_to_database
    connection = psycopg2.connect(
  File "/var/lib/juju/agents/unit-test-storage-postgresql-k8s-0/charm/venv/lib/python3.10/site-packages/psycopg2/__init__.py", line 122, in connect
    conn = _connect(dsn, connection_factory=connection_factory, **kwasync)
psycopg2.OperationalError: connection to server at "test-storage-postgresql-k8s-primary.test.svc.cluster.local" (10.152.183.23), port 5432 failed: Connection refused
	Is the server running on that host and accepting TCP/IP connections?


The above exception was the direct cause of the following exception:

Traceback (most recent call last):
  File "/var/lib/juju/agents/unit-test-storage-postgresql-k8s-0/charm/src/charm.py", line 2252, in <module>
    main(PostgresqlOperatorCharm, use_juju_for_storage=True)
  File "/var/lib/juju/agents/unit-test-storage-postgresql-k8s-0/charm/venv/lib/python3.10/site-packages/ops/__init__.py", line 343, in __call__
    return _main.main(charm_class=charm_class, use_juju_for_storage=use_juju_for_storage)
  File "/var/lib/juju/agents/unit-test-storage-postgresql-k8s-0/charm/venv/lib/python3.10/site-packages/ops/_main.py", line 543, in main
    manager.run()
  File "/var/lib/juju/agents/unit-test-storage-postgresql-k8s-0/charm/venv/lib/python3.10/site-packages/ops/_main.py", line 529, in run
    self._emit()
  File "/var/lib/juju/agents/unit-test-storage-postgresql-k8s-0/charm/venv/lib/python3.10/site-packages/ops/_main.py", line 515, in _emit
    self.framework.reemit()
  File "/var/lib/juju/agents/unit-test-storage-postgresql-k8s-0/charm/venv/lib/python3.10/site-packages/ops/framework.py", line 867, in reemit
    self._reemit()
  File "/var/lib/juju/agents/unit-test-storage-postgresql-k8s-0/charm/venv/lib/python3.10/site-packages/ops/framework.py", line 947, in _reemit
    custom_handler(event)
  File "/var/lib/juju/agents/unit-test-storage-postgresql-k8s-0/charm/lib/charms/tempo_coordinator_k8s/v0/charm_tracing.py", line 1064, in wrapped_function
    return callable(*args, **kwargs)  # type: ignore
  File "/var/lib/juju/agents/unit-test-storage-postgresql-k8s-0/charm/src/charm.py", line 970, in _on_postgresql_pebble_ready
    if self.unit.is_leader() and not self._initialize_cluster(event):
  File "/var/lib/juju/agents/unit-test-storage-postgresql-k8s-0/charm/lib/charms/tempo_coordinator_k8s/v0/charm_tracing.py", line 1064, in wrapped_function
    return callable(*args, **kwargs)  # type: ignore
  File "/var/lib/juju/agents/unit-test-storage-postgresql-k8s-0/charm/src/charm.py", line 1045, in _initialize_cluster
    self.postgresql.create_user(BACKUP_USER, new_password(), admin=True)
  File "/var/lib/juju/agents/unit-test-storage-postgresql-k8s-0/charm/lib/charms/tempo_coordinator_k8s/v0/charm_tracing.py", line 1064, in wrapped_function
    return callable(*args, **kwargs)  # type: ignore
  File "/var/lib/juju/agents/unit-test-storage-postgresql-k8s-0/charm/lib/charms/postgresql_k8s/v0/postgresql.py", line 281, in create_user
    raise PostgreSQLCreateUserError() from e
charms.postgresql_k8s.v0.postgresql.PostgreSQLCreateUserError: None
unit-test-storage-postgresql-k8s-0: 02:05:44 ERROR juju.worker.uniter.operation hook "config-changed" (via hook dispatching script: dispatch) failed: exit status 1

[32mINFO    [0m pytest_operator.plugin:plugin.py:991 Forgetting model main...