[32mINFO    [0m integration.ha_tests.test_upgrade:test_upgrade.py:158 starting continuous writes to the database
[32mINFO    [0m integration.ha_tests.test_upgrade:test_upgrade.py:162 checking whether writes are increasing
[32mINFO    [0m httpx:_client.py:1025 HTTP Request: GET https://10.1.0.126:16443/api/v1/namespaces/testing/pods/postgresql-k8s-0 "HTTP/1.1 200 OK"
[32mINFO    [0m httpx:_client.py:1025 HTTP Request: GET https://10.1.0.126:16443/api/v1/namespaces/testing/pods/postgresql-k8s-1 "HTTP/1.1 200 OK"
[32mINFO    [0m httpx:_client.py:1025 HTTP Request: GET https://10.1.0.126:16443/api/v1/namespaces/testing/pods/postgresql-k8s-2 "HTTP/1.1 200 OK"
[32mINFO    [0m integration.ha_tests.helpers:helpers.py:242 Initial writes {'testing.postgresql-k8s-0': 5, 'testing.postgresql-k8s-1': 5, 'testing.postgresql-k8s-2': 6}
[32mINFO    [0m httpx:_client.py:1025 HTTP Request: GET https://10.1.0.126:16443/api/v1/namespaces/testing/pods/postgresql-k8s-0 "HTTP/1.1 200 OK"
[32mINFO    [0m httpx:_client.py:1025 HTTP Request: GET https://10.1.0.126:16443/api/v1/namespaces/testing/pods/postgresql-k8s-1 "HTTP/1.1 200 OK"
[32mINFO    [0m httpx:_client.py:1025 HTTP Request: GET https://10.1.0.126:16443/api/v1/namespaces/testing/pods/postgresql-k8s-2 "HTTP/1.1 200 OK"
[32mINFO    [0m integration.ha_tests.helpers:helpers.py:248 Retry writes {'testing.postgresql-k8s-0': 10, 'testing.postgresql-k8s-1': 10, 'testing.postgresql-k8s-2': 10}
[32mINFO    [0m integration.ha_tests.test_upgrade:test_upgrade.py:165 Get leader unit
[32mINFO    [0m integration.ha_tests.test_upgrade:test_upgrade.py:171 Run pre-upgrade-check action
[32mINFO    [0m integration.ha_tests.test_upgrade:test_upgrade.py:183 Inject dependency fault
[32mINFO    [0m integration.ha_tests.test_upgrade:test_upgrade.py:188 Refresh the charm
[32mINFO    [0m integration.ha_tests.test_upgrade:test_upgrade.py:191 Get first upgrading unit
[32mINFO    [0m integration.ha_tests.test_upgrade:test_upgrade.py:195 Wait for upgrade to fail on first upgrading unit
[32mINFO    [0m integration.ha_tests.test_upgrade:test_upgrade.py:202 Ensure continuous_writes while in failure state on remaining units
[32mINFO    [0m httpx:_client.py:1025 HTTP Request: GET https://10.1.0.126:16443/api/v1/namespaces/testing/pods/postgresql-k8s-0 "HTTP/1.1 200 OK"
[32mINFO    [0m httpx:_client.py:1025 HTTP Request: GET https://10.1.0.126:16443/api/v1/namespaces/testing/pods/postgresql-k8s-1 "HTTP/1.1 200 OK"
[32mINFO    [0m integration.ha_tests.helpers:helpers.py:242 Initial writes {'testing.postgresql-k8s-0': 91, 'testing.postgresql-k8s-1': 91}
[32mINFO    [0m httpx:_client.py:1025 HTTP Request: GET https://10.1.0.126:16443/api/v1/namespaces/testing/pods/postgresql-k8s-0 "HTTP/1.1 200 OK"
[32mINFO    [0m httpx:_client.py:1025 HTTP Request: GET https://10.1.0.126:16443/api/v1/namespaces/testing/pods/postgresql-k8s-1 "HTTP/1.1 200 OK"
[32mINFO    [0m integration.ha_tests.helpers:helpers.py:248 Retry writes {'testing.postgresql-k8s-0': 101, 'testing.postgresql-k8s-1': 101}
[32mINFO    [0m integration.ha_tests.test_upgrade:test_upgrade.py:205 Re-run pre-upgrade-check action
[32mINFO    [0m integration.ha_tests.test_upgrade:test_upgrade.py:209 Re-refresh the charm
[32mINFO    [0m juju.model:__init__.py:3254 Waiting for model:
  postgresql-k8s/0 [idle] blocked: ready to rollback application
  postgresql-k8s/1 [idle] waiting: other units upgrading first...
  postgresql-k8s/2 [idle] maintenance: upgrade completed
[32mINFO    [0m juju.model:__init__.py:3254 Waiting for model:
  postgresql-k8s/0 [idle] blocked: ready to rollback application
  postgresql-k8s/1 [idle] waiting: other units upgrading first...
  postgresql-k8s/2 [idle] maintenance: upgrade completed
[32mINFO    [0m integration.ha_tests.test_upgrade:test_upgrade.py:221 checking whether writes are increasing
[32mINFO    [0m httpx:_client.py:1025 HTTP Request: GET https://10.1.0.126:16443/api/v1/namespaces/testing/pods/postgresql-k8s-0 "HTTP/1.1 200 OK"
[32mINFO    [0m httpx:_client.py:1025 HTTP Request: GET https://10.1.0.126:16443/api/v1/namespaces/testing/pods/postgresql-k8s-1 "HTTP/1.1 200 OK"
[32mINFO    [0m httpx:_client.py:1025 HTTP Request: GET https://10.1.0.126:16443/api/v1/namespaces/testing/pods/postgresql-k8s-2 "HTTP/1.1 200 OK"
[32mINFO    [0m integration.ha_tests.helpers:helpers.py:242 Initial writes {'testing.postgresql-k8s-0': 319, 'testing.postgresql-k8s-1': 319, 'testing.postgresql-k8s-2': 319}
[32mINFO    [0m httpx:_client.py:1025 HTTP Request: GET https://10.1.0.126:16443/api/v1/namespaces/testing/pods/postgresql-k8s-0 "HTTP/1.1 200 OK"
[32mINFO    [0m httpx:_client.py:1025 HTTP Request: GET https://10.1.0.126:16443/api/v1/namespaces/testing/pods/postgresql-k8s-1 "HTTP/1.1 200 OK"
[32mINFO    [0m httpx:_client.py:1025 HTTP Request: GET https://10.1.0.126:16443/api/v1/namespaces/testing/pods/postgresql-k8s-2 "HTTP/1.1 200 OK"
[32mINFO    [0m integration.ha_tests.helpers:helpers.py:248 Retry writes {'testing.postgresql-k8s-0': 324, 'testing.postgresql-k8s-1': 324, 'testing.postgresql-k8s-2': 324}
[32mINFO    [0m integration.ha_tests.test_upgrade:test_upgrade.py:224 Resume upgrade
[32mINFO    [0m integration.ha_tests.test_upgrade:test_upgrade.py:228 Wait for application to recover
[32mINFO    [0m juju.model:__init__.py:3254 Waiting for model:
  postgresql-k8s/0 [idle] blocked: ready to rollback application
  postgresql-k8s/1 [executing] maintenance: stopping charm software
  postgresql-k8s/2 [idle] maintenance: upgrade completed
[32mINFO    [0m juju.model:__init__.py:3254 Waiting for model:
  postgresql-k8s/0 [idle] blocked: ready to rollback application
  postgresql-k8s/1 [executing] maintenance: upgrading unit
  postgresql-k8s/2 [idle] maintenance: upgrade completed
[32mINFO    [0m juju.model:__init__.py:3254 Waiting for model:
  postgresql-k8s/0 [idle] blocked: ready to rollback application
  postgresql-k8s/1 [idle] active: 
  postgresql-k8s/2 [idle] maintenance: upgrade completed
[32mINFO    [0m juju.model:__init__.py:3254 Waiting for model:
  postgresql-k8s/0 [executing] maintenance: 
  postgresql-k8s/1 [idle] maintenance: upgrade completed
  postgresql-k8s/2 [idle] maintenance: upgrade completed
[32mINFO    [0m juju.model:__init__.py:3254 Waiting for model:
  postgresql-k8s/0 [idle] maintenance: upgrading unit
  postgresql-k8s/1 [idle] maintenance: upgrade completed
  postgresql-k8s/2 [idle] maintenance: upgrade completed
[32mINFO    [0m juju.model:__init__.py:3254 Waiting for model:
  postgresql-k8s/0 [idle] active: 
  postgresql-k8s/1 [idle] active: 
  postgresql-k8s/2 [idle] active: Primary
[32mINFO    [0m integration.ha_tests.test_upgrade:test_upgrade.py:234 Ensure continuous_writes after rollback procedure
[32mINFO    [0m httpx:_client.py:1025 HTTP Request: GET https://10.1.0.126:16443/api/v1/namespaces/testing/pods/postgresql-k8s-0 "HTTP/1.1 200 OK"
[32mINFO    [0m httpx:_client.py:1025 HTTP Request: GET https://10.1.0.126:16443/api/v1/namespaces/testing/pods/postgresql-k8s-1 "HTTP/1.1 200 OK"
[32mINFO    [0m httpx:_client.py:1025 HTTP Request: GET https://10.1.0.126:16443/api/v1/namespaces/testing/pods/postgresql-k8s-2 "HTTP/1.1 200 OK"
[32mINFO    [0m integration.ha_tests.helpers:helpers.py:242 Initial writes {'testing.postgresql-k8s-0': 624, 'testing.postgresql-k8s-1': 624, 'testing.postgresql-k8s-2': 624}
[32mINFO    [0m httpx:_client.py:1025 HTTP Request: GET https://10.1.0.126:16443/api/v1/namespaces/testing/pods/postgresql-k8s-0 "HTTP/1.1 200 OK"
[32mINFO    [0m httpx:_client.py:1025 HTTP Request: GET https://10.1.0.126:16443/api/v1/namespaces/testing/pods/postgresql-k8s-1 "HTTP/1.1 200 OK"
[32mINFO    [0m httpx:_client.py:1025 HTTP Request: GET https://10.1.0.126:16443/api/v1/namespaces/testing/pods/postgresql-k8s-2 "HTTP/1.1 200 OK"
[32mINFO    [0m integration.ha_tests.helpers:helpers.py:248 Retry writes {'testing.postgresql-k8s-0': 628, 'testing.postgresql-k8s-1': 628, 'testing.postgresql-k8s-2': 628}
[32mINFO    [0m integration.ha_tests.test_upgrade:test_upgrade.py:239 Checking whether no writes were lost
[32mINFO    [0m httpx:_client.py:1025 HTTP Request: GET https://10.1.0.126:16443/api/v1/namespaces/testing/pods/postgresql-k8s-0 "HTTP/1.1 200 OK"
[32mINFO    [0m httpx:_client.py:1025 HTTP Request: GET https://10.1.0.126:16443/api/v1/namespaces/testing/pods/postgresql-k8s-1 "HTTP/1.1 200 OK"
[32mINFO    [0m httpx:_client.py:1025 HTTP Request: GET https://10.1.0.126:16443/api/v1/namespaces/testing/pods/postgresql-k8s-2 "HTTP/1.1 200 OK"
[32mINFO    [0m pytest_operator.plugin:plugin.py:951 Model status:

Model    Controller          Cloud/Region        Version  SLA          Timestamp
testing  concierge-microk8s  microk8s/localhost  3.6.14   unsupported  00:24:02Z

App                  Version  Status  Scale  Charm                Channel      Rev  Address         Exposed  Message
postgresql-k8s       14.20    active      3  postgresql-k8s                      2  10.152.183.164  no       
postgresql-test-app           active      1  postgresql-test-app  latest/edge  442  10.152.183.173  no       received database credentials of the first database

Unit                    Workload  Agent  Address      Ports  Message
postgresql-k8s/0*       active    idle   10.1.76.152         
postgresql-k8s/1        active    idle   10.1.76.151         
postgresql-k8s/2        active    idle   10.1.76.150         Primary
postgresql-test-app/0*  active    idle   10.1.76.139         received database credentials of the first database

[32mINFO    [0m pytest_operator.plugin:plugin.py:957 Juju error logs:

unit-postgresql-k8s-2: 00:13:20 ERROR unit.postgresql-k8s/2.juju-log failed to patch k8s Service patroni-postgresql-k8s-config
Traceback (most recent call last):
  File "/var/lib/juju/agents/unit-postgresql-k8s-2/charm/venv/lib/python3.10/site-packages/lightkube/core/generic_client.py", line 262, in raise_for_status
    resp.raise_for_status()
  File "/var/lib/juju/agents/unit-postgresql-k8s-2/charm/venv/lib/python3.10/site-packages/httpx/_models.py", line 829, in raise_for_status
    raise HTTPStatusError(message, request=request, response=self)
httpx.HTTPStatusError: Client error '409 Conflict' for url 'https://10.152.183.1/api/v1/namespaces/testing/services/patroni-postgresql-k8s-config?force=true&fieldManager=postgresql-k8s'
For more information check: https://developer.mozilla.org/en-US/docs/Web/HTTP/Status/409

The above exception was the direct cause of the following exception:

Traceback (most recent call last):
  File "/var/lib/juju/agents/unit-postgresql-k8s-2/charm/src/charm.py", line 1483, in _on_stop
    client.apply(
  File "/var/lib/juju/agents/unit-postgresql-k8s-2/charm/venv/lib/python3.10/site-packages/lightkube/core/client.py", line 814, in apply
    return self.patch(
  File "/var/lib/juju/agents/unit-postgresql-k8s-2/charm/venv/lib/python3.10/site-packages/lightkube/core/client.py", line 479, in patch
    return self._client.request(
  File "/var/lib/juju/agents/unit-postgresql-k8s-2/charm/venv/lib/python3.10/site-packages/lightkube/core/generic_client.py", line 342, in request
    return self.handle_response(method, resp, br)
  File "/var/lib/juju/agents/unit-postgresql-k8s-2/charm/venv/lib/python3.10/site-packages/lightkube/core/generic_client.py", line 276, in handle_response
    self.raise_for_status(resp)
  File "/var/lib/juju/agents/unit-postgresql-k8s-2/charm/venv/lib/python3.10/site-packages/lightkube/core/generic_client.py", line 264, in raise_for_status
    raise transform_exception(e) from e
lightkube.core.exceptions.ApiError: Operation cannot be fulfilled on services "patroni-postgresql-k8s-config": the object has been modified; please apply your changes to the latest version and try again
unit-postgresql-k8s-2: 00:14:04 ERROR unit.postgresql-k8s/2.juju-log Failed to list PostgreSQL database users: connection to server at "postgresql-k8s-2.postgresql-k8s-endpoints.testing.svc.cluster.local" (10.1.76.146), port 5432 failed: Connection refused
	Is the server running on that host and accepting TCP/IP connections?

unit-postgresql-k8s-1: 00:15:37 ERROR unit.postgresql-k8s/1.juju-log Failed to list PostgreSQL database users: connection to server at "postgresql-k8s-1.postgresql-k8s-endpoints.testing.svc.cluster.local" (10.1.76.147), port 5432 failed: Connection refused
	Is the server running on that host and accepting TCP/IP connections?

unit-postgresql-k8s-0: 00:16:59 ERROR unit.postgresql-k8s/0.juju-log Failed to list PostgreSQL database users: connection to server at "postgresql-k8s-0.postgresql-k8s-endpoints.testing.svc.cluster.local" (10.1.76.148), port 5432 failed: Connection refused
	Is the server running on that host and accepting TCP/IP connections?

unit-postgresql-k8s-2: 00:19:01 ERROR unit.postgresql-k8s/2.juju-log charms.data_platform_libs.v0.upgrade.VersionError - {'message': 'Versions incompatible, charm 2 can not be upgraded to 15.0', 'cause': 'Upgrades only supported for specific versions, charm versions satisfying requirement ^15', 'resolution': ''}
unit-postgresql-k8s-2: 00:19:23 ERROR juju.worker.uniter pebble poll failed for container "postgresql": failed to send pebble-ready event: terminated
unit-postgresql-k8s-2: 00:20:18 ERROR unit.postgresql-k8s/2.juju-log Failed to list PostgreSQL database users: connection to server at "postgresql-k8s-2.postgresql-k8s-endpoints.testing.svc.cluster.local" (10.1.76.150), port 5432 failed: Connection refused
	Is the server running on that host and accepting TCP/IP connections?

unit-postgresql-k8s-2: 00:20:19 ERROR unit.postgresql-k8s/2.juju-log failed to change plugins: 
Traceback (most recent call last):
  File "/var/lib/juju/agents/unit-postgresql-k8s-2/charm/lib/charms/postgresql_k8s/v0/postgresql.py", line 460, in enable_disable_extensions
    cursor.execute(
psycopg2.errors.ObjectNotInPrerequisiteState: pgaudit must be loaded via shared_preload_libraries


The above exception was the direct cause of the following exception:

Traceback (most recent call last):
  File "/var/lib/juju/agents/unit-postgresql-k8s-2/charm/src/charm.py", line 783, in _handle_enable_disable_extensions
    self.postgresql.enable_disable_extensions(extensions, database)
  File "/var/lib/juju/agents/unit-postgresql-k8s-2/charm/lib/charms/tempo_coordinator_k8s/v0/charm_tracing.py", line 946, in wrapped_function
    return callable(*args, **kwargs)  # type: ignore
  File "/var/lib/juju/agents/unit-postgresql-k8s-2/charm/lib/charms/postgresql_k8s/v0/postgresql.py", line 471, in enable_disable_extensions
    raise PostgreSQLEnableDisableExtensionError() from e
charms.postgresql_k8s.v0.postgresql.PostgreSQLEnableDisableExtensionError
unit-postgresql-k8s-1: 00:21:55 ERROR unit.postgresql-k8s/1.juju-log Failed to list PostgreSQL database users: connection to server at "postgresql-k8s-1.postgresql-k8s-endpoints.testing.svc.cluster.local" (10.1.76.151), port 5432 failed: Connection refused
	Is the server running on that host and accepting TCP/IP connections?

unit-postgresql-k8s-1: 00:21:56 ERROR unit.postgresql-k8s/1.juju-log failed to change plugins: 
Traceback (most recent call last):
  File "/var/lib/juju/agents/unit-postgresql-k8s-1/charm/lib/charms/postgresql_k8s/v0/postgresql.py", line 460, in enable_disable_extensions
    cursor.execute(
psycopg2.errors.ObjectNotInPrerequisiteState: pgaudit must be loaded via shared_preload_libraries


The above exception was the direct cause of the following exception:

Traceback (most recent call last):
  File "/var/lib/juju/agents/unit-postgresql-k8s-1/charm/src/charm.py", line 783, in _handle_enable_disable_extensions
    self.postgresql.enable_disable_extensions(extensions, database)
  File "/var/lib/juju/agents/unit-postgresql-k8s-1/charm/lib/charms/tempo_coordinator_k8s/v0/charm_tracing.py", line 946, in wrapped_function
    return callable(*args, **kwargs)  # type: ignore
  File "/var/lib/juju/agents/unit-postgresql-k8s-1/charm/lib/charms/postgresql_k8s/v0/postgresql.py", line 471, in enable_disable_extensions
    raise PostgreSQLEnableDisableExtensionError() from e
charms.postgresql_k8s.v0.postgresql.PostgreSQLEnableDisableExtensionError
unit-postgresql-k8s-0: 00:23:11 ERROR unit.postgresql-k8s/0.juju-log Failed to list PostgreSQL database users: connection to server at "postgresql-k8s-0.postgresql-k8s-endpoints.testing.svc.cluster.local" (10.1.76.152), port 5432 failed: Connection refused
	Is the server running on that host and accepting TCP/IP connections?


[32mINFO    [0m pytest_operator.plugin:plugin.py:1039 Forgetting model main...