{"uid":"57ce9f48044cedd3","name":"test_restore_on_new_cluster","fullName":"tests.integration.test_backups_gcp#test_restore_on_new_cluster","historyId":"7016e18fce65bb14bbb75a176490233f","time":{"start":1760406150189,"stop":1760406492083,"duration":341894},"description":"Test that is possible to restore a backup to another PostgreSQL cluster.","descriptionHtml":"<p>Test that is possible to restore a backup to another PostgreSQL cluster.</p>\n","status":"broken","statusMessage":"tenacity.RetryError: RetryError[<Future at 0x7f43d4d8d1c0 state=finished raised AssertionError>]","statusTrace":"Traceback (most recent call last):\n  File \"/root/spread_project/tests/integration/test_backups_gcp.py\", line 144, in test_restore_on_new_cluster\n    assert restore_status, \"restore hasn't succeeded\"\nAssertionError: restore hasn't succeeded\nassert None\n\nThe above exception was the direct cause of the following exception:\n\nTraceback (most recent call last):\n  File \"/root/spread_project/.tox/integration/lib/python3.12/site-packages/_pytest/runner.py\", line 344, in from_call\n    result: TResult | None = func()\n                             ^^^^^^\n  File \"/root/spread_project/.tox/integration/lib/python3.12/site-packages/_pytest/runner.py\", line 246, in <lambda>\n    lambda: runtest_hook(item=item, **kwds), when=when, reraise=reraise\n            ^^^^^^^^^^^^^^^^^^^^^^^^^^^^^^^\n  File \"/root/spread_project/.tox/integration/lib/python3.12/site-packages/pluggy/_hooks.py\", line 512, in __call__\n    return self._hookexec(self.name, self._hookimpls.copy(), kwargs, firstresult)\n           ^^^^^^^^^^^^^^^^^^^^^^^^^^^^^^^^^^^^^^^^^^^^^^^^^^^^^^^^^^^^^^^^^^^^^^\n  File \"/root/spread_project/.tox/integration/lib/python3.12/site-packages/pluggy/_manager.py\", line 120, in _hookexec\n    return self._inner_hookexec(hook_name, methods, kwargs, firstresult)\n           ^^^^^^^^^^^^^^^^^^^^^^^^^^^^^^^^^^^^^^^^^^^^^^^^^^^^^^^^^^^^^\n  File \"/root/spread_project/.tox/integration/lib/python3.12/site-packages/pluggy/_callers.py\", line 167, in _multicall\n    raise exception\n  File \"/root/spread_project/.tox/integration/lib/python3.12/site-packages/pluggy/_callers.py\", line 139, in _multicall\n    teardown.throw(exception)\n  File \"/root/spread_project/.tox/integration/lib/python3.12/site-packages/_pytest/logging.py\", line 850, in pytest_runtest_call\n    yield\n  File \"/root/spread_project/.tox/integration/lib/python3.12/site-packages/pluggy/_callers.py\", line 139, in _multicall\n    teardown.throw(exception)\n  File \"/root/spread_project/.tox/integration/lib/python3.12/site-packages/pluggy/_callers.py\", line 53, in run_old_style_hookwrapper\n    return result.get_result()\n           ^^^^^^^^^^^^^^^^^^^\n  File \"/root/spread_project/.tox/integration/lib/python3.12/site-packages/pluggy/_result.py\", line 103, in get_result\n    raise exc.with_traceback(tb)\n  File \"/root/spread_project/.tox/integration/lib/python3.12/site-packages/pluggy/_callers.py\", line 38, in run_old_style_hookwrapper\n    res = yield\n          ^^^^^\n  File \"/root/spread_project/.tox/integration/lib/python3.12/site-packages/pluggy/_callers.py\", line 139, in _multicall\n    teardown.throw(exception)\n  File \"/root/spread_project/.tox/integration/lib/python3.12/site-packages/_pytest/capture.py\", line 900, in pytest_runtest_call\n    return (yield)\n            ^^^^^\n  File \"/root/spread_project/.tox/integration/lib/python3.12/site-packages/pluggy/_callers.py\", line 139, in _multicall\n    teardown.throw(exception)\n  File \"/root/spread_project/.tox/integration/lib/python3.12/site-packages/_pytest/skipping.py\", line 263, in pytest_runtest_call\n    return (yield)\n            ^^^^^\n  File \"/root/spread_project/.tox/integration/lib/python3.12/site-packages/pluggy/_callers.py\", line 121, in _multicall\n    res = hook_impl.function(*args)\n          ^^^^^^^^^^^^^^^^^^^^^^^^^\n  File \"/root/spread_project/.tox/integration/lib/python3.12/site-packages/_pytest/runner.py\", line 178, in pytest_runtest_call\n    item.runtest()\n  File \"/root/spread_project/.tox/integration/lib/python3.12/site-packages/_pytest/python.py\", line 1671, in runtest\n    self.ihook.pytest_pyfunc_call(pyfuncitem=self)\n  File \"/root/spread_project/.tox/integration/lib/python3.12/site-packages/pluggy/_hooks.py\", line 512, in __call__\n    return self._hookexec(self.name, self._hookimpls.copy(), kwargs, firstresult)\n           ^^^^^^^^^^^^^^^^^^^^^^^^^^^^^^^^^^^^^^^^^^^^^^^^^^^^^^^^^^^^^^^^^^^^^^\n  File \"/root/spread_project/.tox/integration/lib/python3.12/site-packages/pluggy/_manager.py\", line 120, in _hookexec\n    return self._inner_hookexec(hook_name, methods, kwargs, firstresult)\n           ^^^^^^^^^^^^^^^^^^^^^^^^^^^^^^^^^^^^^^^^^^^^^^^^^^^^^^^^^^^^^\n  File \"/root/spread_project/.tox/integration/lib/python3.12/site-packages/pluggy/_callers.py\", line 167, in _multicall\n    raise exception\n  File \"/root/spread_project/.tox/integration/lib/python3.12/site-packages/pluggy/_callers.py\", line 139, in _multicall\n    teardown.throw(exception)\n  File \"/root/spread_project/.tox/integration/lib/python3.12/site-packages/pluggy/_callers.py\", line 53, in run_old_style_hookwrapper\n    return result.get_result()\n           ^^^^^^^^^^^^^^^^^^^\n  File \"/root/spread_project/.tox/integration/lib/python3.12/site-packages/pluggy/_result.py\", line 103, in get_result\n    raise exc.with_traceback(tb)\n  File \"/root/spread_project/.tox/integration/lib/python3.12/site-packages/pluggy/_callers.py\", line 38, in run_old_style_hookwrapper\n    res = yield\n          ^^^^^\n  File \"/root/spread_project/.tox/integration/lib/python3.12/site-packages/pluggy/_callers.py\", line 121, in _multicall\n    res = hook_impl.function(*args)\n          ^^^^^^^^^^^^^^^^^^^^^^^^^\n  File \"/root/spread_project/.tox/integration/lib/python3.12/site-packages/_pytest/python.py\", line 157, in pytest_pyfunc_call\n    result = testfunction(**testargs)\n             ^^^^^^^^^^^^^^^^^^^^^^^^\n  File \"/root/spread_project/.tox/integration/lib/python3.12/site-packages/pytest_asyncio/plugin.py\", line 529, in inner\n    _loop.run_until_complete(task)\n  File \"/usr/lib/python3.12/asyncio/base_events.py\", line 687, in run_until_complete\n    return future.result()\n           ^^^^^^^^^^^^^^^\n  File \"/root/spread_project/tests/integration/test_backups_gcp.py\", line 131, in test_restore_on_new_cluster\n    for attempt in Retrying(\n  File \"/root/spread_project/.tox/integration/lib/python3.12/site-packages/tenacity/__init__.py\", line 445, in __iter__\n    do = self.iter(retry_state=retry_state)\n         ^^^^^^^^^^^^^^^^^^^^^^^^^^^^^^^^^^\n  File \"/root/spread_project/.tox/integration/lib/python3.12/site-packages/tenacity/__init__.py\", line 378, in iter\n    result = action(retry_state)\n             ^^^^^^^^^^^^^^^^^^^\n  File \"/root/spread_project/.tox/integration/lib/python3.12/site-packages/tenacity/__init__.py\", line 421, in exc_check\n    raise retry_exc from fut.exception()\ntenacity.RetryError: RetryError[<Future at 0x7f43d4d8d1c0 state=finished raised AssertionError>]","flaky":false,"newFailed":false,"newBroken":false,"newPassed":false,"retriesCount":1,"retriesStatusChange":true,"beforeStages":[{"name":"event_loop","time":{"start":1760405463968,"stop":1760405463968,"duration":0},"status":"passed","steps":[],"attachments":[],"parameters":[],"shouldDisplayMessage":false,"stepsCount":0,"attachmentsCount":0,"hasContent":false,"attachmentStep":false},{"name":"tmp_path_factory","time":{"start":1760405463969,"stop":1760405463969,"duration":0},"status":"passed","steps":[],"attachments":[],"parameters":[],"shouldDisplayMessage":false,"stepsCount":0,"attachmentsCount":0,"hasContent":false,"attachmentStep":false},{"name":"ops_test","time":{"start":1760405463969,"stop":1760405464266,"duration":297},"status":"passed","steps":[],"attachments":[],"parameters":[],"shouldDisplayMessage":false,"stepsCount":0,"attachmentsCount":0,"hasContent":false,"attachmentStep":false},{"name":"charm","time":{"start":1760405463969,"stop":1760405463969,"duration":0},"status":"passed","steps":[],"attachments":[],"parameters":[],"shouldDisplayMessage":false,"stepsCount":0,"attachmentsCount":0,"hasContent":false,"attachmentStep":false},{"name":"gcp_cloud_configs","time":{"start":1760405464266,"stop":1760405464269,"duration":3},"status":"passed","steps":[],"attachments":[],"parameters":[],"shouldDisplayMessage":false,"stepsCount":0,"attachmentsCount":0,"hasContent":false,"attachmentStep":false},{"name":"abort_on_fail","time":{"start":1760406150189,"stop":1760406150189,"duration":0},"status":"passed","steps":[],"attachments":[],"parameters":[],"shouldDisplayMessage":false,"stepsCount":0,"attachmentsCount":0,"hasContent":false,"attachmentStep":false}],"testStage":{"description":"Test that is possible to restore a backup to another PostgreSQL cluster.","status":"broken","statusMessage":"tenacity.RetryError: RetryError[<Future at 0x7f43d4d8d1c0 state=finished raised AssertionError>]","statusTrace":"Traceback (most recent call last):\n  File \"/root/spread_project/tests/integration/test_backups_gcp.py\", line 144, in test_restore_on_new_cluster\n    assert restore_status, \"restore hasn't succeeded\"\nAssertionError: restore hasn't succeeded\nassert None\n\nThe above exception was the direct cause of the following exception:\n\nTraceback (most recent call last):\n  File \"/root/spread_project/.tox/integration/lib/python3.12/site-packages/_pytest/runner.py\", line 344, in from_call\n    result: TResult | None = func()\n                             ^^^^^^\n  File \"/root/spread_project/.tox/integration/lib/python3.12/site-packages/_pytest/runner.py\", line 246, in <lambda>\n    lambda: runtest_hook(item=item, **kwds), when=when, reraise=reraise\n            ^^^^^^^^^^^^^^^^^^^^^^^^^^^^^^^\n  File \"/root/spread_project/.tox/integration/lib/python3.12/site-packages/pluggy/_hooks.py\", line 512, in __call__\n    return self._hookexec(self.name, self._hookimpls.copy(), kwargs, firstresult)\n           ^^^^^^^^^^^^^^^^^^^^^^^^^^^^^^^^^^^^^^^^^^^^^^^^^^^^^^^^^^^^^^^^^^^^^^\n  File \"/root/spread_project/.tox/integration/lib/python3.12/site-packages/pluggy/_manager.py\", line 120, in _hookexec\n    return self._inner_hookexec(hook_name, methods, kwargs, firstresult)\n           ^^^^^^^^^^^^^^^^^^^^^^^^^^^^^^^^^^^^^^^^^^^^^^^^^^^^^^^^^^^^^\n  File \"/root/spread_project/.tox/integration/lib/python3.12/site-packages/pluggy/_callers.py\", line 167, in _multicall\n    raise exception\n  File \"/root/spread_project/.tox/integration/lib/python3.12/site-packages/pluggy/_callers.py\", line 139, in _multicall\n    teardown.throw(exception)\n  File \"/root/spread_project/.tox/integration/lib/python3.12/site-packages/_pytest/logging.py\", line 850, in pytest_runtest_call\n    yield\n  File \"/root/spread_project/.tox/integration/lib/python3.12/site-packages/pluggy/_callers.py\", line 139, in _multicall\n    teardown.throw(exception)\n  File \"/root/spread_project/.tox/integration/lib/python3.12/site-packages/pluggy/_callers.py\", line 53, in run_old_style_hookwrapper\n    return result.get_result()\n           ^^^^^^^^^^^^^^^^^^^\n  File \"/root/spread_project/.tox/integration/lib/python3.12/site-packages/pluggy/_result.py\", line 103, in get_result\n    raise exc.with_traceback(tb)\n  File \"/root/spread_project/.tox/integration/lib/python3.12/site-packages/pluggy/_callers.py\", line 38, in run_old_style_hookwrapper\n    res = yield\n          ^^^^^\n  File \"/root/spread_project/.tox/integration/lib/python3.12/site-packages/pluggy/_callers.py\", line 139, in _multicall\n    teardown.throw(exception)\n  File \"/root/spread_project/.tox/integration/lib/python3.12/site-packages/_pytest/capture.py\", line 900, in pytest_runtest_call\n    return (yield)\n            ^^^^^\n  File \"/root/spread_project/.tox/integration/lib/python3.12/site-packages/pluggy/_callers.py\", line 139, in _multicall\n    teardown.throw(exception)\n  File \"/root/spread_project/.tox/integration/lib/python3.12/site-packages/_pytest/skipping.py\", line 263, in pytest_runtest_call\n    return (yield)\n            ^^^^^\n  File \"/root/spread_project/.tox/integration/lib/python3.12/site-packages/pluggy/_callers.py\", line 121, in _multicall\n    res = hook_impl.function(*args)\n          ^^^^^^^^^^^^^^^^^^^^^^^^^\n  File \"/root/spread_project/.tox/integration/lib/python3.12/site-packages/_pytest/runner.py\", line 178, in pytest_runtest_call\n    item.runtest()\n  File \"/root/spread_project/.tox/integration/lib/python3.12/site-packages/_pytest/python.py\", line 1671, in runtest\n    self.ihook.pytest_pyfunc_call(pyfuncitem=self)\n  File \"/root/spread_project/.tox/integration/lib/python3.12/site-packages/pluggy/_hooks.py\", line 512, in __call__\n    return self._hookexec(self.name, self._hookimpls.copy(), kwargs, firstresult)\n           ^^^^^^^^^^^^^^^^^^^^^^^^^^^^^^^^^^^^^^^^^^^^^^^^^^^^^^^^^^^^^^^^^^^^^^\n  File \"/root/spread_project/.tox/integration/lib/python3.12/site-packages/pluggy/_manager.py\", line 120, in _hookexec\n    return self._inner_hookexec(hook_name, methods, kwargs, firstresult)\n           ^^^^^^^^^^^^^^^^^^^^^^^^^^^^^^^^^^^^^^^^^^^^^^^^^^^^^^^^^^^^^\n  File \"/root/spread_project/.tox/integration/lib/python3.12/site-packages/pluggy/_callers.py\", line 167, in _multicall\n    raise exception\n  File \"/root/spread_project/.tox/integration/lib/python3.12/site-packages/pluggy/_callers.py\", line 139, in _multicall\n    teardown.throw(exception)\n  File \"/root/spread_project/.tox/integration/lib/python3.12/site-packages/pluggy/_callers.py\", line 53, in run_old_style_hookwrapper\n    return result.get_result()\n           ^^^^^^^^^^^^^^^^^^^\n  File \"/root/spread_project/.tox/integration/lib/python3.12/site-packages/pluggy/_result.py\", line 103, in get_result\n    raise exc.with_traceback(tb)\n  File \"/root/spread_project/.tox/integration/lib/python3.12/site-packages/pluggy/_callers.py\", line 38, in run_old_style_hookwrapper\n    res = yield\n          ^^^^^\n  File \"/root/spread_project/.tox/integration/lib/python3.12/site-packages/pluggy/_callers.py\", line 121, in _multicall\n    res = hook_impl.function(*args)\n          ^^^^^^^^^^^^^^^^^^^^^^^^^\n  File \"/root/spread_project/.tox/integration/lib/python3.12/site-packages/_pytest/python.py\", line 157, in pytest_pyfunc_call\n    result = testfunction(**testargs)\n             ^^^^^^^^^^^^^^^^^^^^^^^^\n  File \"/root/spread_project/.tox/integration/lib/python3.12/site-packages/pytest_asyncio/plugin.py\", line 529, in inner\n    _loop.run_until_complete(task)\n  File \"/usr/lib/python3.12/asyncio/base_events.py\", line 687, in run_until_complete\n    return future.result()\n           ^^^^^^^^^^^^^^^\n  File \"/root/spread_project/tests/integration/test_backups_gcp.py\", line 131, in test_restore_on_new_cluster\n    for attempt in Retrying(\n  File \"/root/spread_project/.tox/integration/lib/python3.12/site-packages/tenacity/__init__.py\", line 445, in __iter__\n    do = self.iter(retry_state=retry_state)\n         ^^^^^^^^^^^^^^^^^^^^^^^^^^^^^^^^^^\n  File \"/root/spread_project/.tox/integration/lib/python3.12/site-packages/tenacity/__init__.py\", line 378, in iter\n    result = action(retry_state)\n             ^^^^^^^^^^^^^^^^^^^\n  File \"/root/spread_project/.tox/integration/lib/python3.12/site-packages/tenacity/__init__.py\", line 421, in exc_check\n    raise retry_exc from fut.exception()\ntenacity.RetryError: RetryError[<Future at 0x7f43d4d8d1c0 state=finished raised AssertionError>]","steps":[],"attachments":[{"uid":"7d1702d211015ae8","name":"log","source":"7d1702d211015ae8.txt","type":"text/plain","size":2062}],"parameters":[],"shouldDisplayMessage":true,"stepsCount":0,"attachmentsCount":1,"hasContent":true,"attachmentStep":false},"afterStages":[{"name":"abort_on_fail::0","time":{"start":1760406492100,"stop":1760406492100,"duration":0},"status":"passed","steps":[],"attachments":[],"parameters":[],"shouldDisplayMessage":false,"stepsCount":0,"attachmentsCount":0,"hasContent":false,"attachmentStep":false},{"name":"gcp_cloud_configs::finalizer","time":{"start":1760406492113,"stop":1760406494091,"duration":1978},"status":"passed","steps":[],"attachments":[],"parameters":[],"shouldDisplayMessage":false,"stepsCount":0,"attachmentsCount":0,"hasContent":false,"attachmentStep":false},{"name":"ops_test::finalizer","time":{"start":1760406494092,"stop":1760406494502,"duration":410},"status":"passed","steps":[],"attachments":[],"parameters":[],"shouldDisplayMessage":false,"stepsCount":0,"attachmentsCount":0,"hasContent":false,"attachmentStep":false},{"name":"event_loop::2","time":{"start":1760406494503,"stop":1760406494503,"duration":0},"status":"passed","steps":[],"attachments":[],"parameters":[],"shouldDisplayMessage":false,"stepsCount":0,"attachmentsCount":0,"hasContent":false,"attachmentStep":false},{"name":"event_loop::_close_event_loop","time":{"start":1760406494503,"stop":1760406494503,"duration":0},"status":"passed","steps":[],"attachments":[],"parameters":[],"shouldDisplayMessage":false,"stepsCount":0,"attachmentsCount":0,"hasContent":false,"attachmentStep":false},{"name":"event_loop::_provide_clean_event_loop","time":{"start":1760406494503,"stop":1760406494504,"duration":1},"status":"passed","steps":[],"attachments":[],"parameters":[],"shouldDisplayMessage":false,"stepsCount":0,"attachmentsCount":0,"hasContent":false,"attachmentStep":false}],"labels":[{"name":"tag","value":"abort_on_fail"},{"name":"tag","value":"asyncio"},{"name":"parentSuite","value":"tests.integration"},{"name":"suite","value":"test_backups_gcp"},{"name":"host","value":"runnervmwhb2z"},{"name":"thread","value":"21624-MainThread"},{"name":"framework","value":"pytest"},{"name":"language","value":"cpython3"},{"name":"package","value":"tests.integration.test_backups_gcp"},{"name":"resultFormat","value":"allure2"}],"parameters":[],"links":[],"hidden":false,"retry":false,"extra":{"severity":"normal","retries":[{"uid":"3b57e2acd0782ef8","status":"unknown","time":{}}],"categories":[{"name":"Test defects","matchedStatuses":[]}],"history":{"statistic":{"failed":0,"broken":120,"skipped":1,"passed":101,"unknown":12,"total":234},"items":[{"uid":"7001506c054bed21","reportUrl":"../4643//#testresult/7001506c054bed21","status":"broken","statusDetails":"tenacity.RetryError: RetryError[<Future at 0x7feabd54cbf0 state=finished raised AssertionError>]","time":{"start":1760319836494,"stop":1760320152746,"duration":316252}},{"uid":"2bfc44dcd46a38c6","reportUrl":"../4642//#testresult/2bfc44dcd46a38c6","status":"passed","time":{"start":1760233486046,"stop":1760233745398,"duration":259352}},{"uid":"bdf092cb82370203","reportUrl":"../4640//#testresult/bdf092cb82370203","status":"passed","time":{"start":1760146969569,"stop":1760147180088,"duration":210519}},{"uid":"120275c3570e858","reportUrl":"../4638//#testresult/120275c3570e858","status":"passed","time":{"start":1760060668782,"stop":1760060928299,"duration":259517}},{"uid":"7e34a1dd1eb3c842","reportUrl":"../4637//#testresult/7e34a1dd1eb3c842","status":"passed","time":{"start":1759974294737,"stop":1759974544371,"duration":249634}},{"uid":"6c099cb0c5f81ece","reportUrl":"../4634//#testresult/6c099cb0c5f81ece","status":"passed","time":{"start":1759887865279,"stop":1759888152908,"duration":287629}},{"uid":"af1be0f7ed189627","reportUrl":"../4627//#testresult/af1be0f7ed189627","status":"passed","time":{"start":1759801522563,"stop":1759801805404,"duration":282841}},{"uid":"48dcfec0688e9a79","reportUrl":"../4621//#testresult/48dcfec0688e9a79","status":"passed","time":{"start":1759715073137,"stop":1759715366988,"duration":293851}},{"uid":"bef626cd8701a261","reportUrl":"../4620//#testresult/bef626cd8701a261","status":"passed","time":{"start":1759628767894,"stop":1759629058370,"duration":290476}},{"uid":"d878561a892050b4","reportUrl":"../4618//#testresult/d878561a892050b4","status":"broken","statusDetails":"tenacity.RetryError: RetryError[<Future at 0x7fd38e3a2ea0 state=finished raised AssertionError>]","time":{"start":1759542349092,"stop":1759542735432,"duration":386340}},{"uid":"71c3f1eebc6f7631","reportUrl":"../4615//#testresult/71c3f1eebc6f7631","status":"passed","time":{"start":1759455748496,"stop":1759455963786,"duration":215290}},{"uid":"4d9ac9864b373d3f","reportUrl":"../4608//#testresult/4d9ac9864b373d3f","status":"passed","time":{"start":1759369760697,"stop":1759370126920,"duration":366223}},{"uid":"9b2c7ea4b7f7cb69","reportUrl":"../4592//#testresult/9b2c7ea4b7f7cb69","status":"broken","statusDetails":"tenacity.RetryError: RetryError[<Future at 0x7fd1379aae70 state=finished raised AssertionError>]","time":{"start":1759283401944,"stop":1759283809012,"duration":407068}},{"uid":"df32d3eb2b76a9eb","reportUrl":"../4582//#testresult/df32d3eb2b76a9eb","status":"unknown","time":{}},{"uid":"a90f74db574937dc","reportUrl":"../4572//#testresult/a90f74db574937dc","status":"broken","statusDetails":"tenacity.RetryError: RetryError[<Future at 0x7f119796a690 state=finished raised AssertionError>]","time":{"start":1759111053657,"stop":1759111491871,"duration":438214}},{"uid":"56f9d23165d1a6e6","reportUrl":"../4571//#testresult/56f9d23165d1a6e6","status":"passed","time":{"start":1759024787633,"stop":1759025113101,"duration":325468}},{"uid":"4a36f36b3c35a1b","reportUrl":"../4570//#testresult/4a36f36b3c35a1b","status":"broken","statusDetails":"tenacity.RetryError: RetryError[<Future at 0x7f70147bc8f0 state=finished raised AssertionError>]","time":{"start":1758937873454,"stop":1758938329647,"duration":456193}},{"uid":"c184ff3e67bc1b65","reportUrl":"../4563//#testresult/c184ff3e67bc1b65","status":"broken","statusDetails":"tenacity.RetryError: RetryError[<Future at 0x7f1990dac140 state=finished raised AssertionError>]","time":{"start":1758851381303,"stop":1758851789934,"duration":408631}},{"uid":"654e4aebf7eaf7b5","reportUrl":"../4562//#testresult/654e4aebf7eaf7b5","status":"passed","time":{"start":1758765224051,"stop":1758765503836,"duration":279785}},{"uid":"d59a5d08a09e947a","reportUrl":"../4559//#testresult/d59a5d08a09e947a","status":"broken","statusDetails":"tenacity.RetryError: RetryError[<Future at 0x7f383ddfc710 state=finished raised AssertionError>]","time":{"start":1758678622134,"stop":1758679024997,"duration":402863}}]},"tags":["asyncio","abort_on_fail"]},"source":"57ce9f48044cedd3.json","parameterValues":[]}