[32mINFO    [0m integration.ha_tests.test_restart:test_restart.py:55 starting continuous writes to the database
[32mINFO    [0m integration.ha_tests.test_restart:test_restart.py:58 checking whether writes are increasing
[32mINFO    [0m httpx:_client.py:1025 HTTP Request: GET https://10.1.0.167:16443/api/v1/namespaces/testing/pods/postgresql-k8s-0 "HTTP/1.1 200 OK"
[32mINFO    [0m httpx:_client.py:1025 HTTP Request: GET https://10.1.0.167:16443/api/v1/namespaces/testing/pods/postgresql-k8s-1 "HTTP/1.1 200 OK"
[32mINFO    [0m httpx:_client.py:1025 HTTP Request: GET https://10.1.0.167:16443/api/v1/namespaces/testing/pods/postgresql-k8s-2 "HTTP/1.1 200 OK"
[32mINFO    [0m integration.ha_tests.helpers:helpers.py:242 Initial writes {'testing.postgresql-k8s-0': 3, 'testing.postgresql-k8s-1': 3, 'testing.postgresql-k8s-2': 3}
[32mINFO    [0m httpx:_client.py:1025 HTTP Request: GET https://10.1.0.167:16443/api/v1/namespaces/testing/pods/postgresql-k8s-0 "HTTP/1.1 200 OK"
[32mINFO    [0m httpx:_client.py:1025 HTTP Request: GET https://10.1.0.167:16443/api/v1/namespaces/testing/pods/postgresql-k8s-1 "HTTP/1.1 200 OK"
[32mINFO    [0m httpx:_client.py:1025 HTTP Request: GET https://10.1.0.167:16443/api/v1/namespaces/testing/pods/postgresql-k8s-2 "HTTP/1.1 200 OK"
[32mINFO    [0m integration.ha_tests.helpers:helpers.py:248 Retry writes {'testing.postgresql-k8s-0': 5, 'testing.postgresql-k8s-1': 5, 'testing.postgresql-k8s-2': 5}
[32mINFO    [0m integration.ha_tests.test_restart:test_restart.py:61 removing charm code from one non-primary unit to simulate a crash and prevent firing the update-charm hook
[32mINFO    [0m integration.ha_tests.test_restart:test_restart.py:71 removed charm code from postgresql-k8s/1
[32mINFO    [0m integration.ha_tests.test_restart:test_restart.py:73 restarting all the units by deleting their pods
[32mINFO    [0m integration.ha_tests.test_restart:test_restart.py:91 resolving postgresql-k8s/1 error
[32mINFO    [0m juju.model:__init__.py:3254 Waiting for model:
  postgresql-k8s/0 [idle] active: Primary (degraded)
  postgresql-k8s/1 [executing] maintenance: stopping charm software
  postgresql-k8s/2 [idle] active: 
[32mINFO    [0m juju.model:__init__.py:3254 Waiting for model:
  postgresql-k8s/0 [idle] active: Primary
  postgresql-k8s/1 [idle] active: 
  postgresql-k8s/2 [idle] active: 
[32mINFO    [0m integration.ha_tests.test_restart:test_restart.py:102 checking that all the replication slots are present in the primary by checking the list of cluster members
[32mINFO    [0m integration.ha_tests.test_restart:test_restart.py:109 ensure continuous_writes after the crashed unit
[32mINFO    [0m httpx:_client.py:1025 HTTP Request: GET https://10.1.0.167:16443/api/v1/namespaces/testing/pods/postgresql-k8s-0 "HTTP/1.1 200 OK"
[32mINFO    [0m httpx:_client.py:1025 HTTP Request: GET https://10.1.0.167:16443/api/v1/namespaces/testing/pods/postgresql-k8s-1 "HTTP/1.1 200 OK"
[32mINFO    [0m httpx:_client.py:1025 HTTP Request: GET https://10.1.0.167:16443/api/v1/namespaces/testing/pods/postgresql-k8s-2 "HTTP/1.1 200 OK"
[32mINFO    [0m integration.ha_tests.helpers:helpers.py:242 Initial writes {'testing.postgresql-k8s-0': 102, 'testing.postgresql-k8s-1': 102, 'testing.postgresql-k8s-2': 102}
[32mINFO    [0m httpx:_client.py:1025 HTTP Request: GET https://10.1.0.167:16443/api/v1/namespaces/testing/pods/postgresql-k8s-0 "HTTP/1.1 200 OK"
[32mINFO    [0m httpx:_client.py:1025 HTTP Request: GET https://10.1.0.167:16443/api/v1/namespaces/testing/pods/postgresql-k8s-1 "HTTP/1.1 200 OK"
[32mINFO    [0m httpx:_client.py:1025 HTTP Request: GET https://10.1.0.167:16443/api/v1/namespaces/testing/pods/postgresql-k8s-2 "HTTP/1.1 200 OK"
[32mINFO    [0m integration.ha_tests.helpers:helpers.py:248 Retry writes {'testing.postgresql-k8s-0': 104, 'testing.postgresql-k8s-1': 104, 'testing.postgresql-k8s-2': 104}
[32mINFO    [0m integration.ha_tests.test_restart:test_restart.py:114 checking whether no writes were lost
[32mINFO    [0m httpx:_client.py:1025 HTTP Request: GET https://10.1.0.167:16443/api/v1/namespaces/testing/pods/postgresql-k8s-0 "HTTP/1.1 200 OK"
[32mINFO    [0m httpx:_client.py:1025 HTTP Request: GET https://10.1.0.167:16443/api/v1/namespaces/testing/pods/postgresql-k8s-1 "HTTP/1.1 200 OK"
[32mINFO    [0m httpx:_client.py:1025 HTTP Request: GET https://10.1.0.167:16443/api/v1/namespaces/testing/pods/postgresql-k8s-2 "HTTP/1.1 200 OK"
[32mINFO    [0m pytest_operator.plugin:plugin.py:951 Model status:

Model    Controller          Cloud/Region        Version  SLA          Timestamp
testing  concierge-microk8s  microk8s/localhost  3.6.14   unsupported  01:39:07Z

App                  Version  Status  Scale  Charm                Channel      Rev  Address        Exposed  Message
postgresql-k8s       16.11    active      3  postgresql-k8s                      0  10.152.183.46  no       
postgresql-test-app           active      1  postgresql-test-app  latest/edge  436  10.152.183.73  no       received database credentials of the first database

Unit                    Workload  Agent  Address      Ports  Message
postgresql-k8s/0*       active    idle   10.1.119.24         Primary
postgresql-k8s/1        active    idle   10.1.119.26         
postgresql-k8s/2        active    idle   10.1.119.25         
postgresql-test-app/0*  active    idle   10.1.119.20         received database credentials of the first database

[32mINFO    [0m pytest_operator.plugin:plugin.py:957 Juju error logs:

unit-postgresql-k8s-2: 01:33:50 ERROR unit.postgresql-k8s/2.juju-log __main__:calling self.fix_leader_annotation()
unit-postgresql-k8s-1: 01:33:57 ERROR unit.postgresql-k8s/1.juju-log __main__:calling self.fix_leader_annotation()
unit-postgresql-k8s-1: 01:34:08 ERROR unit.postgresql-k8s/1.juju-log __main__:calling self.fix_leader_annotation()
unit-postgresql-k8s-2: 01:34:11 ERROR unit.postgresql-k8s/2.juju-log __main__:calling self.fix_leader_annotation()
unit-postgresql-k8s-1: 01:34:17 ERROR unit.postgresql-k8s/1.juju-log __main__:calling self.fix_leader_annotation()
unit-postgresql-k8s-2: 01:34:21 ERROR unit.postgresql-k8s/2.juju-log __main__:calling self.fix_leader_annotation()
unit-postgresql-k8s-1: 01:34:26 ERROR unit.postgresql-k8s/1.juju-log __main__:calling self.fix_leader_annotation()
unit-postgresql-k8s-2: 01:34:30 ERROR unit.postgresql-k8s/2.juju-log __main__:calling self.fix_leader_annotation()
unit-postgresql-k8s-1: 01:34:34 ERROR unit.postgresql-k8s/1.juju-log __main__:calling self.fix_leader_annotation()
unit-postgresql-k8s-2: 01:34:42 ERROR unit.postgresql-k8s/2.juju-log __main__:calling self.fix_leader_annotation()
unit-postgresql-k8s-1: 01:34:44 ERROR unit.postgresql-k8s/1.juju-log __main__:calling self.fix_leader_annotation()
unit-postgresql-k8s-2: 01:34:52 ERROR unit.postgresql-k8s/2.juju-log __main__:calling self.fix_leader_annotation()
unit-postgresql-k8s-1: 01:34:56 ERROR unit.postgresql-k8s/1.juju-log __main__:calling self.fix_leader_annotation()
unit-postgresql-k8s-2: 01:35:02 ERROR unit.postgresql-k8s/2.juju-log __main__:calling self.fix_leader_annotation()
unit-postgresql-k8s-1: 01:35:05 ERROR unit.postgresql-k8s/1.juju-log __main__:calling self.fix_leader_annotation()
unit-postgresql-k8s-1: 01:35:13 ERROR unit.postgresql-k8s/1.juju-log __main__:calling self.fix_leader_annotation()
unit-postgresql-k8s-2: 01:35:14 ERROR unit.postgresql-k8s/2.juju-log __main__:calling self.fix_leader_annotation()
unit-postgresql-k8s-1: 01:35:21 ERROR unit.postgresql-k8s/1.juju-log __main__:calling self.fix_leader_annotation()
unit-postgresql-k8s-2: 01:35:23 ERROR unit.postgresql-k8s/2.juju-log __main__:calling self.fix_leader_annotation()
unit-postgresql-k8s-1: 01:35:32 ERROR unit.postgresql-k8s/1.juju-log __main__:calling self.fix_leader_annotation()
unit-postgresql-k8s-2: 01:35:33 ERROR unit.postgresql-k8s/2.juju-log __main__:calling self.fix_leader_annotation()
unit-postgresql-k8s-1: 01:35:43 ERROR unit.postgresql-k8s/1.juju-log __main__:calling self.fix_leader_annotation()
unit-postgresql-k8s-2: 01:35:44 ERROR unit.postgresql-k8s/2.juju-log __main__:calling self.fix_leader_annotation()
unit-postgresql-k8s-2: 01:35:52 ERROR unit.postgresql-k8s/2.juju-log __main__:calling self.fix_leader_annotation()
unit-postgresql-k8s-2: 01:36:32 ERROR unit.postgresql-k8s/2.juju-log __main__:calling self.fix_leader_annotation()
unit-postgresql-k8s-1: 01:37:20 ERROR juju.worker.uniter.operation hook "stop" (via hook dispatching script: dispatch) failed: exit status 2
unit-postgresql-k8s-1: 01:37:20 ERROR juju.worker.uniter.operation hook "stop" (via hook dispatching script: dispatch) failed: exit status 2
unit-postgresql-k8s-1: 01:37:20 ERROR juju.worker.uniter.operation hook "stop" (via hook dispatching script: dispatch) failed: exit status 2
unit-postgresql-k8s-1: 01:37:21 ERROR juju.worker.uniter.operation hook "stop" (via hook dispatching script: dispatch) failed: exit status 2
unit-postgresql-k8s-1: 01:37:21 ERROR juju.worker.uniter.operation hook "stop" (via hook dispatching script: dispatch) failed: exit status 2
unit-postgresql-k8s-1: 01:37:21 ERROR juju.worker.uniter.operation hook "stop" (via hook dispatching script: dispatch) failed: exit status 2
unit-postgresql-k8s-2: 01:37:21 ERROR unit.postgresql-k8s/2.juju-log __main__:failed to patch k8s Service patroni-postgresql-k8s-config
Traceback (most recent call last):
  File "/var/lib/juju/agents/unit-postgresql-k8s-2/charm/venv/lib/python3.12/site-packages/lightkube/core/generic_client.py", line 262, in raise_for_status
    resp.raise_for_status()
  File "/var/lib/juju/agents/unit-postgresql-k8s-2/charm/venv/lib/python3.12/site-packages/httpx/_models.py", line 829, in raise_for_status
    raise HTTPStatusError(message, request=request, response=self)
httpx.HTTPStatusError: Client error '409 Conflict' for url 'https://10.152.183.1/api/v1/namespaces/testing/services/patroni-postgresql-k8s-config?force=true&fieldManager=postgresql-k8s'
For more information check: https://developer.mozilla.org/en-US/docs/Web/HTTP/Status/409

The above exception was the direct cause of the following exception:

Traceback (most recent call last):
  File "/var/lib/juju/agents/unit-postgresql-k8s-2/charm/src/charm.py", line 1717, in _on_stop
    client.apply(
  File "/var/lib/juju/agents/unit-postgresql-k8s-2/charm/venv/lib/python3.12/site-packages/lightkube/core/client.py", line 814, in apply
    return self.patch(
           ^^^^^^^^^^^
  File "/var/lib/juju/agents/unit-postgresql-k8s-2/charm/venv/lib/python3.12/site-packages/lightkube/core/client.py", line 479, in patch
    return self._client.request(
           ^^^^^^^^^^^^^^^^^^^^^
  File "/var/lib/juju/agents/unit-postgresql-k8s-2/charm/venv/lib/python3.12/site-packages/lightkube/core/generic_client.py", line 342, in request
    return self.handle_response(method, resp, br)
           ^^^^^^^^^^^^^^^^^^^^^^^^^^^^^^^^^^^^^^
  File "/var/lib/juju/agents/unit-postgresql-k8s-2/charm/venv/lib/python3.12/site-packages/lightkube/core/generic_client.py", line 276, in handle_response
    self.raise_for_status(resp)
  File "/var/lib/juju/agents/unit-postgresql-k8s-2/charm/venv/lib/python3.12/site-packages/lightkube/core/generic_client.py", line 264, in raise_for_status
    raise transform_exception(e) from e
lightkube.core.exceptions.ApiError: Operation cannot be fulfilled on services "patroni-postgresql-k8s-config": the object has been modified; please apply your changes to the latest version and try again
unit-postgresql-k8s-1: 01:37:21 ERROR juju.worker.uniter.operation hook "stop" (via hook dispatching script: dispatch) failed: exit status 2
unit-postgresql-k8s-1: 01:37:22 ERROR juju.worker.uniter.operation hook "stop" (via hook dispatching script: dispatch) failed: exit status 2
unit-postgresql-k8s-1: 01:38:19 ERROR unit.postgresql-k8s/1.juju-log single_kernel_postgresql.utils.postgresql:Failed to list PostgreSQL database access groups: connection to server at "postgresql-k8s-1.postgresql-k8s-endpoints.testing.svc.cluster.local" (10.1.119.26), port 5432 failed: Connection refused
	Is the server running on that host and accepting TCP/IP connections?


[32mINFO    [0m pytest_operator.plugin:plugin.py:1039 Forgetting model main...