[32mINFO    [0m integration.test_backups:test_backups.py:378 Getting original backup config
[32mINFO    [0m integration.test_backups:test_backups.py:385 Deleting the pod
[32mINFO    [0m httpx:_client.py:1038 HTTP Request: DELETE https://10.1.0.87:16443/api/v1/namespaces/test/pods/new-postgresql-k8s-0 "HTTP/1.1 200 OK"
[32mINFO    [0m juju.model:model.py:2972 Waiting for model:
  new-postgresql-k8s/0 [idle] active: Primary
[32mINFO    [0m juju.model:model.py:2972 Waiting for model:
  new-postgresql-k8s/0 [executing] waiting: awaiting for cluster to start
[32mINFO    [0m juju.model:model.py:2972 Waiting for model:
  new-postgresql-k8s/0 [idle] waiting: Updating extensions
[32mINFO    [0m integration.test_backups:test_backups.py:82 deleting the previously created backups
[32mINFO    [0m pytest_operator.plugin:plugin.py:903 Model status:

Model  Controller          Cloud/Region        Version  SLA          Timestamp
test   microk8s-localhost  microk8s/localhost  3.4.6    unsupported  01:59:26Z

App                 Version  Status  Scale  Charm           Channel        Rev  Address         Exposed  Message
new-postgresql-k8s  14.13    active      1  postgresql-k8s                   2  10.152.183.241  no       
s3-integrator                active      1  s3-integrator   latest/stable   77  10.152.183.58   no       

Unit                   Workload  Agent  Address     Ports  Message
new-postgresql-k8s/0*  active    idle   10.1.67.82         Primary
s3-integrator/0*       active    idle   10.1.67.72         

[32mINFO    [0m pytest_operator.plugin:plugin.py:909 Juju error logs:

unit-postgresql-k8s-gcp-0: 01:44:16 ERROR unit.postgresql-k8s-gcp/0.juju-log Kubernetes service get failed: services "postgresql-k8s-gcp" not found
unit-postgresql-k8s-gcp-0: 01:44:16 ERROR unit.postgresql-k8s-gcp/0.juju-log Kubernetes service patch failed: services "postgresql-k8s-gcp" not found
unit-postgresql-k8s-gcp-0: 01:44:26 ERROR unit.postgresql-k8s-gcp/0.juju-log Kubernetes service get failed: services "postgresql-k8s-gcp" not found
unit-postgresql-k8s-gcp-0: 01:44:26 ERROR unit.postgresql-k8s-gcp/0.juju-log Kubernetes service patch failed: services "postgresql-k8s-gcp" not found
unit-postgresql-k8s-gcp-0: 01:44:34 ERROR unit.postgresql-k8s-gcp/0.juju-log Kubernetes service get failed: services "postgresql-k8s-gcp" not found
unit-postgresql-k8s-gcp-0: 01:44:34 ERROR unit.postgresql-k8s-gcp/0.juju-log Kubernetes service patch failed: services "postgresql-k8s-gcp" not found
unit-postgresql-k8s-gcp-0: 01:44:58 ERROR unit.postgresql-k8s-gcp/0.juju-log Kubernetes service get failed: services "postgresql-k8s-gcp" not found
unit-postgresql-k8s-gcp-0: 01:44:58 ERROR unit.postgresql-k8s-gcp/0.juju-log Kubernetes service patch failed: services "postgresql-k8s-gcp" not found
unit-postgresql-k8s-gcp-0: 01:45:13 ERROR unit.postgresql-k8s-gcp/0.juju-log Kubernetes service get failed: services "postgresql-k8s-gcp" not found
unit-postgresql-k8s-gcp-0: 01:45:13 ERROR unit.postgresql-k8s-gcp/0.juju-log Kubernetes service patch failed: services "postgresql-k8s-gcp" not found
unit-postgresql-k8s-gcp-0: 01:45:17 ERROR unit.postgresql-k8s-gcp/0.juju-log Kubernetes service get failed: services "postgresql-k8s-gcp" not found
unit-postgresql-k8s-gcp-0: 01:45:17 ERROR unit.postgresql-k8s-gcp/0.juju-log Kubernetes service patch failed: services "postgresql-k8s-gcp" not found
unit-postgresql-k8s-gcp-0: 01:45:28 ERROR unit.postgresql-k8s-gcp/0.juju-log Kubernetes service get failed: services "postgresql-k8s-gcp" not found
unit-postgresql-k8s-gcp-0: 01:45:28 ERROR unit.postgresql-k8s-gcp/0.juju-log Kubernetes service patch failed: services "postgresql-k8s-gcp" not found
unit-postgresql-k8s-gcp-0: 01:45:49 ERROR unit.postgresql-k8s-gcp/0.juju-log Kubernetes service get failed: services "postgresql-k8s-gcp" not found
unit-postgresql-k8s-gcp-0: 01:45:49 ERROR unit.postgresql-k8s-gcp/0.juju-log Kubernetes service patch failed: services "postgresql-k8s-gcp" not found
unit-postgresql-k8s-gcp-0: 01:45:58 ERROR unit.postgresql-k8s-gcp/0.juju-log Kubernetes service get failed: services "postgresql-k8s-gcp" not found
unit-postgresql-k8s-gcp-0: 01:45:58 ERROR unit.postgresql-k8s-gcp/0.juju-log Kubernetes service patch failed: services "postgresql-k8s-gcp" not found
unit-postgresql-k8s-gcp-0: 01:46:09 ERROR unit.postgresql-k8s-gcp/0.juju-log Kubernetes service get failed: services "postgresql-k8s-gcp" not found
unit-postgresql-k8s-gcp-0: 01:46:09 ERROR unit.postgresql-k8s-gcp/0.juju-log Kubernetes service patch failed: services "postgresql-k8s-gcp" not found
unit-postgresql-k8s-gcp-0: 01:46:19 ERROR unit.postgresql-k8s-gcp/0.juju-log Failed to get PostgreSQL current timeline id: connection to server at "postgresql-k8s-gcp-primary.test.svc.cluster.local" (10.152.183.71), port 5432 failed: Connection refused
	Is the server running on that host and accepting TCP/IP connections?

unit-postgresql-k8s-gcp-0: 01:46:19 ERROR unit.postgresql-k8s-gcp/0.juju-log Kubernetes service get failed: services "postgresql-k8s-gcp" not found
unit-postgresql-k8s-gcp-0: 01:46:19 ERROR unit.postgresql-k8s-gcp/0.juju-log Kubernetes service patch failed: services "postgresql-k8s-gcp" not found
unit-postgresql-k8s-gcp-0: 01:46:44 ERROR unit.postgresql-k8s-gcp/0.juju-log Kubernetes service get failed: services "postgresql-k8s-gcp" not found
unit-postgresql-k8s-gcp-0: 01:46:44 ERROR unit.postgresql-k8s-gcp/0.juju-log Kubernetes service patch failed: services "postgresql-k8s-gcp" not found
unit-postgresql-k8s-gcp-0: 01:46:59 ERROR unit.postgresql-k8s-gcp/0.juju-log Kubernetes service get failed: services "postgresql-k8s-gcp" not found
unit-postgresql-k8s-gcp-0: 01:46:59 ERROR unit.postgresql-k8s-gcp/0.juju-log Kubernetes service patch failed: services "postgresql-k8s-gcp" not found
unit-postgresql-k8s-gcp-0: 01:47:01 ERROR unit.postgresql-k8s-gcp/0.juju-log Kubernetes service get failed: services "postgresql-k8s-gcp" not found
unit-postgresql-k8s-gcp-0: 01:47:01 ERROR unit.postgresql-k8s-gcp/0.juju-log Kubernetes service patch failed: services "postgresql-k8s-gcp" not found
unit-postgresql-k8s-gcp-0: 01:47:10 ERROR unit.postgresql-k8s-gcp/0.juju-log Kubernetes service get failed: services "postgresql-k8s-gcp" not found
unit-postgresql-k8s-gcp-0: 01:47:10 ERROR unit.postgresql-k8s-gcp/0.juju-log Kubernetes service patch failed: services "postgresql-k8s-gcp" not found
unit-postgresql-k8s-gcp-0: 01:47:18 ERROR unit.postgresql-k8s-gcp/0.juju-log Kubernetes service get failed: services "postgresql-k8s-gcp" not found
unit-postgresql-k8s-gcp-0: 01:47:18 ERROR unit.postgresql-k8s-gcp/0.juju-log Kubernetes service patch failed: services "postgresql-k8s-gcp" not found
unit-postgresql-k8s-gcp-0: 01:47:20 ERROR juju.worker.uniter resolver loop error: preparing operation "run relation-departed (5; unit: s3-integrator/0, departee: postgresql-k8s-gcp/0) hook" for postgresql-k8s-gcp/0: secret "secret:ctquonp791cs7b63uf5g" not found (not found)
unit-postgresql-k8s-gcp-0: 01:47:20 ERROR juju.worker.dependency "uniter" manifold worker returned unexpected error: preparing operation "run relation-departed (5; unit: s3-integrator/0, departee: postgresql-k8s-gcp/0) hook" for postgresql-k8s-gcp/0: secret "secret:ctquonp791cs7b63uf5g" not found (not found)
unit-new-postgresql-k8s-0: 01:52:57 ERROR unit.new-postgresql-k8s/0.juju-log Restore failed: Cannot restore to the timeline without restore-to-time parameter
unit-new-postgresql-k8s-0: 01:53:02 ERROR unit.new-postgresql-k8s/0.juju-log Restore failed: Cannot restore to the timeline without restore-to-time parameter
unit-new-postgresql-k8s-0: 01:53:07 ERROR unit.new-postgresql-k8s/0.juju-log Restore failed: Cannot restore to the timeline without restore-to-time parameter
unit-new-postgresql-k8s-0: 01:53:14 ERROR unit.new-postgresql-k8s/0.juju-log Restore failed: Cannot restore to the timeline without restore-to-time parameter
unit-new-postgresql-k8s-0: 01:53:25 ERROR unit.new-postgresql-k8s/0.juju-log Restore failed: Cannot restore to the timeline without restore-to-time parameter
unit-new-postgresql-k8s-0: 01:53:44 ERROR unit.new-postgresql-k8s/0.juju-log Restore failed: Cannot restore to the timeline without restore-to-time parameter
unit-new-postgresql-k8s-0: 01:54:17 ERROR unit.new-postgresql-k8s/0.juju-log Restore failed: Cannot restore to the timeline without restore-to-time parameter
unit-new-postgresql-k8s-0: 01:54:50 ERROR unit.new-postgresql-k8s/0.juju-log Restore failed: Cannot restore to the timeline without restore-to-time parameter
unit-new-postgresql-k8s-0: 01:55:23 ERROR unit.new-postgresql-k8s/0.juju-log Restore failed: Cannot restore to the timeline without restore-to-time parameter
unit-new-postgresql-k8s-0: 01:55:56 ERROR unit.new-postgresql-k8s/0.juju-log Restore failed: Cannot restore to the timeline without restore-to-time parameter
unit-new-postgresql-k8s-0: 01:56:12 ERROR unit.new-postgresql-k8s/0.juju-log s3-parameters:13: Failed to create a session 'bucket' in region=region.
Traceback (most recent call last):
  File "/var/lib/juju/agents/unit-new-postgresql-k8s-0/charm/src/backups.py", line 235, in _create_bucket_if_not_exists
    s3 = session.resource(
  File "/var/lib/juju/agents/unit-new-postgresql-k8s-0/charm/venv/boto3/session.py", line 444, in resource
    client = self.client(
  File "/var/lib/juju/agents/unit-new-postgresql-k8s-0/charm/venv/boto3/session.py", line 297, in client
    return self._session.create_client(
  File "/var/lib/juju/agents/unit-new-postgresql-k8s-0/charm/venv/botocore/session.py", line 997, in create_client
    client = client_creator.create_client(
  File "/var/lib/juju/agents/unit-new-postgresql-k8s-0/charm/venv/botocore/client.py", line 165, in create_client
    client_args = self._get_client_args(
  File "/var/lib/juju/agents/unit-new-postgresql-k8s-0/charm/venv/botocore/client.py", line 524, in _get_client_args
    return args_creator.get_client_args(
  File "/var/lib/juju/agents/unit-new-postgresql-k8s-0/charm/venv/botocore/args.py", line 138, in get_client_args
    endpoint = endpoint_creator.create_endpoint(
  File "/var/lib/juju/agents/unit-new-postgresql-k8s-0/charm/venv/botocore/endpoint.py", line 408, in create_endpoint
    raise ValueError(f"Invalid endpoint: {endpoint_url}")
ValueError: Invalid endpoint: endpoint
unit-new-postgresql-k8s-0: 01:56:27 ERROR unit.new-postgresql-k8s/0.juju-log s3-parameters:13: Failed to create a session 'bucket' in region=region.
Traceback (most recent call last):
  File "/var/lib/juju/agents/unit-new-postgresql-k8s-0/charm/src/backups.py", line 235, in _create_bucket_if_not_exists
    s3 = session.resource(
  File "/var/lib/juju/agents/unit-new-postgresql-k8s-0/charm/venv/boto3/session.py", line 444, in resource
    client = self.client(
  File "/var/lib/juju/agents/unit-new-postgresql-k8s-0/charm/venv/boto3/session.py", line 297, in client
    return self._session.create_client(
  File "/var/lib/juju/agents/unit-new-postgresql-k8s-0/charm/venv/botocore/session.py", line 997, in create_client
    client = client_creator.create_client(
  File "/var/lib/juju/agents/unit-new-postgresql-k8s-0/charm/venv/botocore/client.py", line 165, in create_client
    client_args = self._get_client_args(
  File "/var/lib/juju/agents/unit-new-postgresql-k8s-0/charm/venv/botocore/client.py", line 524, in _get_client_args
    return args_creator.get_client_args(
  File "/var/lib/juju/agents/unit-new-postgresql-k8s-0/charm/venv/botocore/args.py", line 138, in get_client_args
    endpoint = endpoint_creator.create_endpoint(
  File "/var/lib/juju/agents/unit-new-postgresql-k8s-0/charm/venv/botocore/endpoint.py", line 408, in create_endpoint
    raise ValueError(f"Invalid endpoint: {endpoint_url}")
ValueError: Invalid endpoint: endpoint
unit-new-postgresql-k8s-0: 01:58:13 ERROR unit.new-postgresql-k8s/0.juju-log Cluster upgrade failed, ensure pre-upgrade checks are ran first.
unit-new-postgresql-k8s-0: 01:58:35 ERROR unit.new-postgresql-k8s/0.juju-log failed to change plugins: 
Traceback (most recent call last):
  File "/var/lib/juju/agents/unit-new-postgresql-k8s-0/charm/lib/charms/postgresql_k8s/v0/postgresql.py", line 338, in enable_disable_extensions
    with self._connect_to_database() as connection, connection.cursor() as cursor:
  File "/var/lib/juju/agents/unit-new-postgresql-k8s-0/charm/lib/charms/tempo_coordinator_k8s/v0/charm_tracing.py", line 1064, in wrapped_function
    return callable(*args, **kwargs)  # type: ignore
  File "/var/lib/juju/agents/unit-new-postgresql-k8s-0/charm/lib/charms/postgresql_k8s/v0/postgresql.py", line 153, in _connect_to_database
    connection = psycopg2.connect(
  File "/var/lib/juju/agents/unit-new-postgresql-k8s-0/charm/venv/psycopg2/__init__.py", line 122, in connect
    conn = _connect(dsn, connection_factory=connection_factory, **kwasync)
psycopg2.OperationalError: connection to server at "new-postgresql-k8s-primary.test.svc.cluster.local" (10.152.183.250), port 5432 failed: Connection refused
	Is the server running on that host and accepting TCP/IP connections?


The above exception was the direct cause of the following exception:

Traceback (most recent call last):
  File "/var/lib/juju/agents/unit-new-postgresql-k8s-0/charm/./src/charm.py", line 723, in _handle_enable_disable_extensions
    self.postgresql.enable_disable_extensions(extensions, database)
  File "/var/lib/juju/agents/unit-new-postgresql-k8s-0/charm/lib/charms/tempo_coordinator_k8s/v0/charm_tracing.py", line 1064, in wrapped_function
    return callable(*args, **kwargs)  # type: ignore
  File "/var/lib/juju/agents/unit-new-postgresql-k8s-0/charm/lib/charms/postgresql_k8s/v0/postgresql.py", line 365, in enable_disable_extensions
    raise PostgreSQLEnableDisableExtensionError() from e
charms.postgresql_k8s.v0.postgresql.PostgreSQLEnableDisableExtensionError

[32mINFO    [0m pytest_operator.plugin:plugin.py:991 Forgetting model main...