[32mINFO    [0m juju.model:__init__.py:2301 Deploying local:postgresql-k8s-1
[32mINFO    [0m integration.ha_tests.test_smoke:test_smoke.py:165 waiting for idle
[32mINFO    [0m juju.model:__init__.py:3254 Waiting for model:
  postgresql-k8s2/0 [allocating] waiting: installing agent
[32mINFO    [0m juju.model:__init__.py:3254 Waiting for model:
  postgresql-k8s2/0 [idle] waiting: awaiting for cluster to start
[32mINFO    [0m juju.model:__init__.py:3254 Waiting for model:
  postgresql-k8s2/0 [idle] active: Primary
[32mINFO    [0m integration.ha_tests.test_smoke:test_smoke.py:175 get pvc for postgresql-k8s2/0
[32mINFO    [0m httpx:_client.py:1025 HTTP Request: GET https://10.1.0.150:16443/api/v1/namespaces/testing/persistentvolumeclaims "HTTP/1.1 200 OK"
[32mINFO    [0m integration.ha_tests.test_smoke:test_smoke.py:180 scale to 0
[32mINFO    [0m integration.ha_tests.test_smoke:test_smoke.py:183 load and change pv-name config for pvc postgresql-k8s2-pgdata-6fceb402-postgresql-k8s2-0
[32mINFO    [0m integration.ha_tests.test_smoke:test_smoke.py:186 delete pvc postgresql-k8s2-pgdata-6fceb402-postgresql-k8s2-0
[32mINFO    [0m httpx:_client.py:1025 HTTP Request: DELETE https://10.1.0.150:16443/api/v1/namespaces/testing/persistentvolumeclaims/postgresql-k8s2-pgdata-6fceb402-postgresql-k8s2-0 "HTTP/1.1 200 OK"
[32mINFO    [0m integration.ha_tests.test_smoke:test_smoke.py:189 remove claimref from pv pvc-744f7638-3316-410e-95b7-9741de0a4dda
[32mINFO    [0m httpx:_client.py:1025 HTTP Request: PATCH https://10.1.0.150:16443/api/v1/persistentvolumes/pvc-744f7638-3316-410e-95b7-9741de0a4dda "HTTP/1.1 200 OK"
[32mINFO    [0m integration.ha_tests.test_smoke:test_smoke.py:192 apply pvc for postgresql-k8s2/0
[32mINFO    [0m httpx:_client.py:1025 HTTP Request: PATCH https://10.1.0.150:16443/api/v1/namespaces/testing/persistentvolumeclaims/postgresql-k8s2-pgdata-6fceb402-postgresql-k8s2-0?fieldManager=lightkube "HTTP/1.1 409 Conflict"
[32mINFO    [0m pytest_operator.plugin:plugin.py:951 Model status:

Model    Controller          Cloud/Region        Version  SLA          Timestamp
testing  concierge-microk8s  microk8s/localhost  3.6.13   unsupported  00:12:31Z

App              Version  Status  Scale  Charm           Channel  Rev  Address         Exposed  Message
postgresql-k8s2           active      0  postgresql-k8s             1  10.152.183.105  no       

[32mINFO    [0m pytest_operator.plugin:plugin.py:957 Juju error logs:

unit-postgresql-k8s-0: 00:08:48 ERROR unit.postgresql-k8s/0.juju-log failed to change plugins: 
Traceback (most recent call last):
  File "/var/lib/juju/agents/unit-postgresql-k8s-0/charm/lib/charms/postgresql_k8s/v0/postgresql.py", line 438, in enable_disable_extensions
    with self._connect_to_database() as connection, connection.cursor() as cursor:
  File "/var/lib/juju/agents/unit-postgresql-k8s-0/charm/lib/charms/tempo_coordinator_k8s/v0/charm_tracing.py", line 1153, in wrapped_function
    return callable(*args, **kwargs)  # type: ignore
  File "/var/lib/juju/agents/unit-postgresql-k8s-0/charm/lib/charms/postgresql_k8s/v0/postgresql.py", line 184, in _connect_to_database
    connection = psycopg2.connect(
  File "/var/lib/juju/agents/unit-postgresql-k8s-0/charm/venv/lib/python3.10/site-packages/psycopg2/__init__.py", line 122, in connect
    conn = _connect(dsn, connection_factory=connection_factory, **kwasync)
psycopg2.OperationalError: connection to server at "postgresql-k8s-primary.testing.svc.cluster.local" (10.152.183.194), port 5432 failed: Connection refused
	Is the server running on that host and accepting TCP/IP connections?


The above exception was the direct cause of the following exception:

Traceback (most recent call last):
  File "/var/lib/juju/agents/unit-postgresql-k8s-0/charm/src/charm.py", line 781, in _handle_enable_disable_extensions
    self.postgresql.enable_disable_extensions(extensions, database)
  File "/var/lib/juju/agents/unit-postgresql-k8s-0/charm/lib/charms/tempo_coordinator_k8s/v0/charm_tracing.py", line 1153, in wrapped_function
    return callable(*args, **kwargs)  # type: ignore
  File "/var/lib/juju/agents/unit-postgresql-k8s-0/charm/lib/charms/postgresql_k8s/v0/postgresql.py", line 467, in enable_disable_extensions
    raise PostgreSQLEnableDisableExtensionError() from e
charms.postgresql_k8s.v0.postgresql.PostgreSQLEnableDisableExtensionError

[32mINFO    [0m pytest_operator.plugin:plugin.py:1039 Forgetting model main...