[33mWARNING [0m juju.client.connection:connection.py:858 unexpected facade SSHServer received from the controller
[32mINFO    [0m pytest_operator.plugin:plugin.py:795 Connecting to existing model concierge-microk8s:testing on unspecified cloud
[33mWARNING [0m juju.client.connection:connection.py:858 unexpected facade SSHServer received from the controller
[33mWARNING [0m juju.client.connection:connection.py:858 unexpected facade SSHSession received from the controller
[33mWARNING [0m juju.client.connection:connection.py:858 unexpected facade SSHTunneler received from the controller
[33mWARNING [0m juju.client.connection:connection.py:858 unexpected facade SSHServer received from the controller
[32mINFO    [0m integration.test_backups_pitr_gcp:test_backups_pitr_gcp.py:58 deploying the next charms: s3-integrator, self-signed-certificates, postgresql
[32mINFO    [0m juju.model:__init__.py:2301 Deploying ch:amd64/jammy/s3-integrator-145
[32mINFO    [0m juju.model:__init__.py:2301 Deploying ch:amd64/jammy/self-signed-certificates-264
[32mINFO    [0m juju.model:__init__.py:2301 Deploying local:postgresql-k8s-0
[32mINFO    [0m integration.test_backups_pitr_gcp:test_backups_pitr_gcp.py:65 integrating self-signed-certificates with postgresql and waiting them to stabilize
[33mWARNING [0m juju.model:__init__.py:1683 relate is deprecated and will be removed. Use integrate instead.
[32mINFO    [0m juju.model:__init__.py:3254 Waiting for model:
  postgresql-k8s-gcp/0 [allocating] waiting: installing agent
  postgresql-k8s-gcp/1 [allocating] waiting: installing agent
  self-signed-certificates/0 [allocating] waiting: installing agent
[32mINFO    [0m juju.model:__init__.py:3254 Waiting for model:
  postgresql-k8s-gcp/0 [executing] maintenance: installing charm software
  postgresql-k8s-gcp/1 [executing] maintenance: installing charm software
[32mINFO    [0m juju.model:__init__.py:3254 Waiting for model:
  postgresql-k8s-gcp/0 [executing] unknown: 
  postgresql-k8s-gcp/1 [idle] waiting: awaiting for cluster to start
  self-signed-certificates/0 [idle] active: 
[32mINFO    [0m juju.model:__init__.py:3254 Waiting for model:
  postgresql-k8s-gcp/0 [executing] unknown: 
  postgresql-k8s-gcp/1 [executing] waiting: awaiting for primary endpoint to be ready
[32mINFO    [0m juju.model:__init__.py:3254 Waiting for model:
  postgresql-k8s-gcp/0 [idle] unknown: 
  postgresql-k8s-gcp/1 [idle] waiting: awaiting for primary endpoint to be ready
[32mINFO    [0m juju.model:__init__.py:3254 Waiting for model:
  postgresql-k8s-gcp/0 [executing] waiting: awaiting for cluster to start
  postgresql-k8s-gcp/1 [executing] maintenance: Executing restart operation
  self-signed-certificates/0 [idle] active: 
[32mINFO    [0m juju.model:__init__.py:3254 Waiting for model:
  postgresql-k8s-gcp/0 [executing] waiting: awaiting for cluster to start
  postgresql-k8s-gcp/1 [idle] active: Primary (degraded)
[32mINFO    [0m juju.model:__init__.py:3254 Waiting for model:
  postgresql-k8s-gcp/0 [idle] waiting: awaiting for cluster to start
  postgresql-k8s-gcp/1 [idle] maintenance: reconfiguring cluster
[32mINFO    [0m juju.model:__init__.py:3254 Waiting for model:
  postgresql-k8s-gcp/0 [idle] waiting: awaiting for member to start
  postgresql-k8s-gcp/1 [idle] active: Primary
[32mINFO    [0m juju.model:__init__.py:3254 Waiting for model:
  postgresql-k8s-gcp/0 [idle] waiting: Awaiting restart operation
  postgresql-k8s-gcp/1 [idle] active: Primary
[32mINFO    [0m juju.model:__init__.py:3254 Waiting for model:
  postgresql-k8s-gcp/0 [idle] maintenance: Executing restart operation
  postgresql-k8s-gcp/1 [idle] active: Primary
[32mINFO    [0m integration.test_backups_pitr_gcp:test_backups_pitr_gcp.py:80 configuring S3 integrator for gcp
[32mINFO    [0m integration.test_backups_pitr_gcp:test_backups_pitr_gcp.py:88 integrating s3-integrator with postgresql and waiting model to stabilize
[33mWARNING [0m juju.model:__init__.py:1683 relate is deprecated and will be removed. Use integrate instead.
[32mINFO    [0m juju.model:__init__.py:3254 Waiting for model:
  s3-integrator/0 [executing] active: 
  self-signed-certificates/0 [idle] active: 
  postgresql-k8s-gcp/0 [executing] active: 
  postgresql-k8s-gcp/1 [executing] active: Primary
[32mINFO    [0m juju.model:__init__.py:3254 Waiting for model:
  postgresql-k8s-gcp/1 [idle] maintenance: initialising stanza
[32mINFO    [0m juju.model:__init__.py:3254 Waiting for model:
  postgresql-k8s-gcp/0 [idle] active: 
  postgresql-k8s-gcp/1 [idle] active: Primary
[32mINFO    [0m integration.test_backups_pitr_gcp:test_backups_pitr_gcp.py:101 1: creating table
[32mINFO    [0m integration.test_backups_pitr_gcp:test_backups_pitr_gcp.py:104 1: creating backup b1
[32mINFO    [0m integration.conftest:conftest.py:54 deleting the previously created backups
[32mINFO    [0m pytest_operator.plugin:plugin.py:937 Model status:

Model    Controller          Cloud/Region        Version  SLA          Timestamp
testing  concierge-microk8s  microk8s/localhost  3.6.5    unsupported  01:37:30Z

App                       Version  Status   Scale  Charm                     Channel        Rev  Address         Exposed  Message
postgresql-k8s-gcp        14.17    waiting      2  postgresql-k8s                             0  10.152.183.142  no       installing agent
s3-integrator                      active       1  s3-integrator             latest/stable  145  10.152.183.158  no       
self-signed-certificates           active       1  self-signed-certificates  latest/stable  264  10.152.183.36   no       

Unit                         Workload     Agent  Address     Ports  Message
postgresql-k8s-gcp/0         maintenance  idle   10.1.31.76         creating backup
postgresql-k8s-gcp/1*        active       idle   10.1.31.77         Primary
s3-integrator/0*             active       idle   10.1.31.72         
self-signed-certificates/0*  active       idle   10.1.31.73         

[32mINFO    [0m pytest_operator.plugin:plugin.py:943 Juju error logs:

unit-postgresql-k8s-gcp-0: 01:31:04 ERROR unit.postgresql-k8s-gcp/0.juju-log Uncaught exception while in charm code:
Traceback (most recent call last):
  File "/var/lib/juju/agents/unit-postgresql-k8s-gcp-0/charm/venv/lib/python3.10/site-packages/ops/model.py", line 3407, in _run
    result = subprocess.run(args, **kwargs)  # type: ignore
  File "/usr/lib/python3.10/subprocess.py", line 526, in run
    raise CalledProcessError(retcode, process.args,
subprocess.CalledProcessError: Command '('/var/lib/juju/tools/unit-postgresql-k8s-gcp-0/secret-get', '--label', 'database-peers.postgresql-k8s-gcp.app', '--format=json')' returned non-zero exit status 1.

The above exception was the direct cause of the following exception:

Traceback (most recent call last):
  File "/var/lib/juju/agents/unit-postgresql-k8s-gcp-0/charm/src/charm.py", line 2520, in <module>
    main(PostgresqlOperatorCharm, use_juju_for_storage=True)
  File "/var/lib/juju/agents/unit-postgresql-k8s-gcp-0/charm/venv/lib/python3.10/site-packages/ops/__init__.py", line 347, in __call__
    return _main.main(charm_class=charm_class, use_juju_for_storage=use_juju_for_storage)
  File "/var/lib/juju/agents/unit-postgresql-k8s-gcp-0/charm/venv/lib/python3.10/site-packages/ops/_main.py", line 565, in main
    manager.run()
  File "/var/lib/juju/agents/unit-postgresql-k8s-gcp-0/charm/venv/lib/python3.10/site-packages/ops/_main.py", line 550, in run
    self._emit()
  File "/var/lib/juju/agents/unit-postgresql-k8s-gcp-0/charm/venv/lib/python3.10/site-packages/ops/_main.py", line 502, in _emit
    self._emit_charm_event(self.dispatcher.event_name)
  File "/var/lib/juju/agents/unit-postgresql-k8s-gcp-0/charm/venv/lib/python3.10/site-packages/ops/_main.py", line 537, in _emit_charm_event
    event_to_emit.emit(*args, **kwargs)
  File "/var/lib/juju/agents/unit-postgresql-k8s-gcp-0/charm/venv/lib/python3.10/site-packages/ops/framework.py", line 348, in emit
    framework._emit(event)
  File "/var/lib/juju/agents/unit-postgresql-k8s-gcp-0/charm/venv/lib/python3.10/site-packages/ops/framework.py", line 907, in _emit
    self._reemit(event_path)
  File "/var/lib/juju/agents/unit-postgresql-k8s-gcp-0/charm/venv/lib/python3.10/site-packages/ops/framework.py", line 997, in _reemit
    custom_handler(event)
  File "/var/lib/juju/agents/unit-postgresql-k8s-gcp-0/charm/lib/charms/tempo_coordinator_k8s/v0/charm_tracing.py", line 1109, in wrapped_function
    return callable(*args, **kwargs)  # type: ignore
  File "/var/lib/juju/agents/unit-postgresql-k8s-gcp-0/charm/src/charm.py", line 1007, in _on_postgresql_pebble_ready
    self.unit.set_workload_version(self._patroni.rock_postgresql_version)
  File "/var/lib/juju/agents/unit-postgresql-k8s-gcp-0/charm/src/charm.py", line 1683, in _patroni
    self.get_secret(APP_SCOPE, USER_PASSWORD_KEY),
  File "/var/lib/juju/agents/unit-postgresql-k8s-gcp-0/charm/lib/charms/tempo_coordinator_k8s/v0/charm_tracing.py", line 1109, in wrapped_function
    return callable(*args, **kwargs)  # type: ignore
  File "/var/lib/juju/agents/unit-postgresql-k8s-gcp-0/charm/src/charm.py", line 389, in get_secret
    return self.peer_relation_data(scope).get_secret(peers.id, secret_key)
  File "/var/lib/juju/agents/unit-postgresql-k8s-gcp-0/charm/lib/charms/data_platform_libs/v0/data_interfaces.py", line 522, in wrapper
    return f(self, *args, **kwargs)
  File "/var/lib/juju/agents/unit-postgresql-k8s-gcp-0/charm/lib/charms/data_platform_libs/v0/data_interfaces.py", line 2069, in get_secret
    and full_field not in self.current_secret_fields
  File "/var/lib/juju/agents/unit-postgresql-k8s-gcp-0/charm/lib/charms/data_platform_libs/v0/data_interfaces.py", line 2026, in current_secret_fields
    if content := self._get_group_secret_contents(relation, group):
  File "/var/lib/juju/agents/unit-postgresql-k8s-gcp-0/charm/lib/charms/data_platform_libs/v0/data_interfaces.py", line 2367, in _get_group_secret_contents
    result = super()._get_group_secret_contents(relation, group, secret_fields)
  File "/var/lib/juju/agents/unit-postgresql-k8s-gcp-0/charm/lib/charms/data_platform_libs/v0/data_interfaces.py", line 1343, in _get_group_secret_contents
    if (secret := self._get_relation_secret(relation.id, group)) and (
  File "/var/lib/juju/agents/unit-postgresql-k8s-gcp-0/charm/lib/charms/data_platform_libs/v0/data_interfaces.py", line 509, in wrapper
    return f(self, *args, **kwargs)
  File "/var/lib/juju/agents/unit-postgresql-k8s-gcp-0/charm/lib/charms/data_platform_libs/v0/data_interfaces.py", line 2354, in _get_relation_secret
    return self.secrets.get(
  File "/var/lib/juju/agents/unit-postgresql-k8s-gcp-0/charm/lib/charms/data_platform_libs/v0/data_interfaces.py", line 814, in get
    if secret.meta:
  File "/var/lib/juju/agents/unit-postgresql-k8s-gcp-0/charm/lib/charms/data_platform_libs/v0/data_interfaces.py", line 644, in meta
    self._secret_meta = self._model.get_secret(label=self.label)
  File "/var/lib/juju/agents/unit-postgresql-k8s-gcp-0/charm/venv/lib/python3.10/site-packages/ops/model.py", line 313, in get_secret
    content = self._backend.secret_get(id=id, label=label)
  File "/var/lib/juju/agents/unit-postgresql-k8s-gcp-0/charm/venv/lib/python3.10/site-packages/ops/model.py", line 3793, in secret_get
    result = self._run('secret-get', *args, return_output=True, use_json=True)
  File "/var/lib/juju/agents/unit-postgresql-k8s-gcp-0/charm/venv/lib/python3.10/site-packages/ops/model.py", line 3409, in _run
    raise ModelError(e.stderr) from e
ops.model.ModelError: ERROR permission denied

unit-postgresql-k8s-gcp-0: 01:31:04 ERROR juju.worker.uniter.operation hook "postgresql-pebble-ready" (via hook dispatching script: dispatch) failed: exit status 1
unit-postgresql-k8s-gcp-0: 01:31:04 ERROR juju.worker.uniter pebble poll failed for container "postgresql": failed to send pebble-ready event: hook failed
unit-postgresql-k8s-gcp-0: 01:34:35 ERROR unit.postgresql-k8s-gcp/0.juju-log failed to change plugins: 
Traceback (most recent call last):
  File "/var/lib/juju/agents/unit-postgresql-k8s-gcp-0/charm/lib/charms/postgresql_k8s/v0/postgresql.py", line 451, in enable_disable_extensions
    with self._connect_to_database(
  File "/var/lib/juju/agents/unit-postgresql-k8s-gcp-0/charm/lib/charms/tempo_coordinator_k8s/v0/charm_tracing.py", line 1109, in wrapped_function
    return callable(*args, **kwargs)  # type: ignore
  File "/var/lib/juju/agents/unit-postgresql-k8s-gcp-0/charm/lib/charms/postgresql_k8s/v0/postgresql.py", line 184, in _connect_to_database
    connection = psycopg2.connect(
  File "/var/lib/juju/agents/unit-postgresql-k8s-gcp-0/charm/venv/lib/python3.10/site-packages/psycopg2/__init__.py", line 122, in connect
    conn = _connect(dsn, connection_factory=connection_factory, **kwasync)
psycopg2.OperationalError: connection to server at "postgresql-k8s-gcp-primary.testing.svc.cluster.local" (10.152.183.109), port 5432 failed: FATAL:  no pg_hba.conf entry for host "10.1.31.76", user "operator", database "postgres", no encryption


The above exception was the direct cause of the following exception:

Traceback (most recent call last):
  File "/var/lib/juju/agents/unit-postgresql-k8s-gcp-0/charm/src/charm.py", line 797, in _handle_enable_disable_extensions
    self.postgresql.enable_disable_extensions(extensions, database)
  File "/var/lib/juju/agents/unit-postgresql-k8s-gcp-0/charm/lib/charms/tempo_coordinator_k8s/v0/charm_tracing.py", line 1109, in wrapped_function
    return callable(*args, **kwargs)  # type: ignore
  File "/var/lib/juju/agents/unit-postgresql-k8s-gcp-0/charm/lib/charms/postgresql_k8s/v0/postgresql.py", line 466, in enable_disable_extensions
    raise PostgreSQLEnableDisableExtensionError() from e
charms.postgresql_k8s.v0.postgresql.PostgreSQLEnableDisableExtensionError
unit-postgresql-k8s-gcp-0: 01:37:27 ERROR unit.postgresql-k8s-gcp/0.juju-log non-zero exit code 101 executing ['pgbackrest', '--stanza=testing.patroni-postgresql-k8s-gcp', '--log-level-console=debug', '--type=full', 'backup']
Traceback (most recent call last):
  File "/var/lib/juju/agents/unit-postgresql-k8s-gcp-0/charm/src/backups.py", line 837, in _on_create_backup_action
    stdout, stderr = self._execute_command(command, stream=True)
  File "/var/lib/juju/agents/unit-postgresql-k8s-gcp-0/charm/lib/charms/tempo_coordinator_k8s/v0/charm_tracing.py", line 1109, in wrapped_function
    return callable(*args, **kwargs)  # type: ignore
  File "/var/lib/juju/agents/unit-postgresql-k8s-gcp-0/charm/src/backups.py", line 317, in _execute_command
    process.wait()
  File "/var/lib/juju/agents/unit-postgresql-k8s-gcp-0/charm/venv/lib/python3.10/site-packages/ops/pebble.py", line 1744, in wait
    raise ExecError(self._command, exit_code, None, None)
ops.pebble.ExecError: non-zero exit code 101 executing ['pgbackrest', '--stanza=testing.patroni-postgresql-k8s-gcp', '--log-level-console=debug', '--type=full', 'backup']
unit-postgresql-k8s-gcp-0: 01:37:27 ERROR unit.postgresql-k8s-gcp/0.juju-log Uncaught exception while in charm code:
Traceback (most recent call last):
  File "/var/lib/juju/agents/unit-postgresql-k8s-gcp-0/charm/src/backups.py", line 837, in _on_create_backup_action
    stdout, stderr = self._execute_command(command, stream=True)
  File "/var/lib/juju/agents/unit-postgresql-k8s-gcp-0/charm/lib/charms/tempo_coordinator_k8s/v0/charm_tracing.py", line 1109, in wrapped_function
    return callable(*args, **kwargs)  # type: ignore
  File "/var/lib/juju/agents/unit-postgresql-k8s-gcp-0/charm/src/backups.py", line 317, in _execute_command
    process.wait()
  File "/var/lib/juju/agents/unit-postgresql-k8s-gcp-0/charm/venv/lib/python3.10/site-packages/ops/pebble.py", line 1744, in wait
    raise ExecError(self._command, exit_code, None, None)
ops.pebble.ExecError: non-zero exit code 101 executing ['pgbackrest', '--stanza=testing.patroni-postgresql-k8s-gcp', '--log-level-console=debug', '--type=full', 'backup']

During handling of the above exception, another exception occurred:

Traceback (most recent call last):
  File "/var/lib/juju/agents/unit-postgresql-k8s-gcp-0/charm/src/charm.py", line 2520, in <module>
    main(PostgresqlOperatorCharm, use_juju_for_storage=True)
  File "/var/lib/juju/agents/unit-postgresql-k8s-gcp-0/charm/venv/lib/python3.10/site-packages/ops/__init__.py", line 347, in __call__
    return _main.main(charm_class=charm_class, use_juju_for_storage=use_juju_for_storage)
  File "/var/lib/juju/agents/unit-postgresql-k8s-gcp-0/charm/venv/lib/python3.10/site-packages/ops/_main.py", line 565, in main
    manager.run()
  File "/var/lib/juju/agents/unit-postgresql-k8s-gcp-0/charm/venv/lib/python3.10/site-packages/ops/_main.py", line 550, in run
    self._emit()
  File "/var/lib/juju/agents/unit-postgresql-k8s-gcp-0/charm/venv/lib/python3.10/site-packages/ops/_main.py", line 502, in _emit
    self._emit_charm_event(self.dispatcher.event_name)
  File "/var/lib/juju/agents/unit-postgresql-k8s-gcp-0/charm/venv/lib/python3.10/site-packages/ops/_main.py", line 537, in _emit_charm_event
    event_to_emit.emit(*args, **kwargs)
  File "/var/lib/juju/agents/unit-postgresql-k8s-gcp-0/charm/venv/lib/python3.10/site-packages/ops/framework.py", line 348, in emit
    framework._emit(event)
  File "/var/lib/juju/agents/unit-postgresql-k8s-gcp-0/charm/venv/lib/python3.10/site-packages/ops/framework.py", line 907, in _emit
    self._reemit(event_path)
  File "/var/lib/juju/agents/unit-postgresql-k8s-gcp-0/charm/venv/lib/python3.10/site-packages/ops/framework.py", line 997, in _reemit
    custom_handler(event)
  File "/var/lib/juju/agents/unit-postgresql-k8s-gcp-0/charm/lib/charms/tempo_coordinator_k8s/v0/charm_tracing.py", line 1109, in wrapped_function
    return callable(*args, **kwargs)  # type: ignore
  File "/var/lib/juju/agents/unit-postgresql-k8s-gcp-0/charm/src/backups.py", line 843, in _on_create_backup_action
    backup_label_stdout_line = re.findall(
  File "/usr/lib/python3.10/re.py", line 240, in findall
    return _compile(pattern, flags).findall(string)
TypeError: expected string or bytes-like object

[32mINFO    [0m pytest_operator.plugin:plugin.py:1025 Forgetting model main...