{"uid":"d4c58abe97891f3c","name":"test_redeploy_charm_same_model_after_forcing_removal","fullName":"tests.integration.test_charm#test_redeploy_charm_same_model_after_forcing_removal","historyId":"ca9aac0977186ec16e8b66c76fd09de6","time":{"start":1765763794049,"stop":1765764803432,"duration":1009383},"description":"Redeploy the charm in the same model to test that it works after a forceful removal.","descriptionHtml":"<p>Redeploy the charm in the same model to test that it works after a forceful removal.</p>\n","status":"broken","statusMessage":"TimeoutError: Timed out waiting for model:\n  postgresql-k8s/0 [allocating] waiting: installing agent\n  postgresql-k8s/1 [allocating] waiting: installing agent\n  postgresql-k8s/2 [allocating] waiting: installing agent","statusTrace":"Traceback (most recent call last):\n  File \"/root/spread_project/.tox/integration/lib/python3.12/site-packages/_pytest/runner.py\", line 344, in from_call\n    result: TResult | None = func()\n                             ^^^^^^\n  File \"/root/spread_project/.tox/integration/lib/python3.12/site-packages/_pytest/runner.py\", line 246, in <lambda>\n    lambda: runtest_hook(item=item, **kwds), when=when, reraise=reraise\n            ^^^^^^^^^^^^^^^^^^^^^^^^^^^^^^^\n  File \"/root/spread_project/.tox/integration/lib/python3.12/site-packages/pluggy/_hooks.py\", line 512, in __call__\n    return self._hookexec(self.name, self._hookimpls.copy(), kwargs, firstresult)\n           ^^^^^^^^^^^^^^^^^^^^^^^^^^^^^^^^^^^^^^^^^^^^^^^^^^^^^^^^^^^^^^^^^^^^^^\n  File \"/root/spread_project/.tox/integration/lib/python3.12/site-packages/pluggy/_manager.py\", line 120, in _hookexec\n    return self._inner_hookexec(hook_name, methods, kwargs, firstresult)\n           ^^^^^^^^^^^^^^^^^^^^^^^^^^^^^^^^^^^^^^^^^^^^^^^^^^^^^^^^^^^^^\n  File \"/root/spread_project/.tox/integration/lib/python3.12/site-packages/pluggy/_callers.py\", line 167, in _multicall\n    raise exception\n  File \"/root/spread_project/.tox/integration/lib/python3.12/site-packages/pluggy/_callers.py\", line 139, in _multicall\n    teardown.throw(exception)\n  File \"/root/spread_project/.tox/integration/lib/python3.12/site-packages/_pytest/logging.py\", line 850, in pytest_runtest_call\n    yield\n  File \"/root/spread_project/.tox/integration/lib/python3.12/site-packages/pluggy/_callers.py\", line 139, in _multicall\n    teardown.throw(exception)\n  File \"/root/spread_project/.tox/integration/lib/python3.12/site-packages/pluggy/_callers.py\", line 53, in run_old_style_hookwrapper\n    return result.get_result()\n           ^^^^^^^^^^^^^^^^^^^\n  File \"/root/spread_project/.tox/integration/lib/python3.12/site-packages/pluggy/_result.py\", line 103, in get_result\n    raise exc.with_traceback(tb)\n  File \"/root/spread_project/.tox/integration/lib/python3.12/site-packages/pluggy/_callers.py\", line 38, in run_old_style_hookwrapper\n    res = yield\n          ^^^^^\n  File \"/root/spread_project/.tox/integration/lib/python3.12/site-packages/pluggy/_callers.py\", line 139, in _multicall\n    teardown.throw(exception)\n  File \"/root/spread_project/.tox/integration/lib/python3.12/site-packages/_pytest/capture.py\", line 900, in pytest_runtest_call\n    return (yield)\n            ^^^^^\n  File \"/root/spread_project/.tox/integration/lib/python3.12/site-packages/pluggy/_callers.py\", line 139, in _multicall\n    teardown.throw(exception)\n  File \"/root/spread_project/.tox/integration/lib/python3.12/site-packages/_pytest/skipping.py\", line 263, in pytest_runtest_call\n    return (yield)\n            ^^^^^\n  File \"/root/spread_project/.tox/integration/lib/python3.12/site-packages/pluggy/_callers.py\", line 121, in _multicall\n    res = hook_impl.function(*args)\n          ^^^^^^^^^^^^^^^^^^^^^^^^^\n  File \"/root/spread_project/.tox/integration/lib/python3.12/site-packages/_pytest/runner.py\", line 178, in pytest_runtest_call\n    item.runtest()\n  File \"/root/spread_project/.tox/integration/lib/python3.12/site-packages/_pytest/python.py\", line 1671, in runtest\n    self.ihook.pytest_pyfunc_call(pyfuncitem=self)\n  File \"/root/spread_project/.tox/integration/lib/python3.12/site-packages/pluggy/_hooks.py\", line 512, in __call__\n    return self._hookexec(self.name, self._hookimpls.copy(), kwargs, firstresult)\n           ^^^^^^^^^^^^^^^^^^^^^^^^^^^^^^^^^^^^^^^^^^^^^^^^^^^^^^^^^^^^^^^^^^^^^^\n  File \"/root/spread_project/.tox/integration/lib/python3.12/site-packages/pluggy/_manager.py\", line 120, in _hookexec\n    return self._inner_hookexec(hook_name, methods, kwargs, firstresult)\n           ^^^^^^^^^^^^^^^^^^^^^^^^^^^^^^^^^^^^^^^^^^^^^^^^^^^^^^^^^^^^^\n  File \"/root/spread_project/.tox/integration/lib/python3.12/site-packages/pluggy/_callers.py\", line 167, in _multicall\n    raise exception\n  File \"/root/spread_project/.tox/integration/lib/python3.12/site-packages/pluggy/_callers.py\", line 139, in _multicall\n    teardown.throw(exception)\n  File \"/root/spread_project/.tox/integration/lib/python3.12/site-packages/pluggy/_callers.py\", line 53, in run_old_style_hookwrapper\n    return result.get_result()\n           ^^^^^^^^^^^^^^^^^^^\n  File \"/root/spread_project/.tox/integration/lib/python3.12/site-packages/pluggy/_result.py\", line 103, in get_result\n    raise exc.with_traceback(tb)\n  File \"/root/spread_project/.tox/integration/lib/python3.12/site-packages/pluggy/_callers.py\", line 38, in run_old_style_hookwrapper\n    res = yield\n          ^^^^^\n  File \"/root/spread_project/.tox/integration/lib/python3.12/site-packages/pluggy/_callers.py\", line 121, in _multicall\n    res = hook_impl.function(*args)\n          ^^^^^^^^^^^^^^^^^^^^^^^^^\n  File \"/root/spread_project/.tox/integration/lib/python3.12/site-packages/_pytest/python.py\", line 157, in pytest_pyfunc_call\n    result = testfunction(**testargs)\n             ^^^^^^^^^^^^^^^^^^^^^^^^\n  File \"/root/spread_project/.tox/integration/lib/python3.12/site-packages/pytest_asyncio/plugin.py\", line 529, in inner\n    _loop.run_until_complete(task)\n  File \"/usr/lib/python3.12/asyncio/base_events.py\", line 687, in run_until_complete\n    return future.result()\n           ^^^^^^^^^^^^^^^\n  File \"/root/spread_project/tests/integration/test_charm.py\", line 446, in test_redeploy_charm_same_model_after_forcing_removal\n    await ops_test.model.wait_for_idle(\n  File \"/root/spread_project/.tox/integration/lib/python3.12/site-packages/juju/model/__init__.py\", line 3250, in wait_for_idle\n    raise asyncio.TimeoutError(\nTimeoutError: Timed out waiting for model:\n  postgresql-k8s/0 [allocating] waiting: installing agent\n  postgresql-k8s/1 [allocating] waiting: installing agent\n  postgresql-k8s/2 [allocating] waiting: installing agent","flaky":false,"newFailed":false,"newBroken":false,"newPassed":false,"retriesCount":1,"retriesStatusChange":true,"beforeStages":[{"name":"event_loop","time":{"start":1765762324684,"stop":1765762324684,"duration":0},"status":"passed","steps":[],"attachments":[],"parameters":[],"shouldDisplayMessage":false,"stepsCount":0,"attachmentsCount":0,"hasContent":false,"attachmentStep":false},{"name":"charm","time":{"start":1765762324684,"stop":1765762324684,"duration":0},"status":"passed","steps":[],"attachments":[],"parameters":[],"shouldDisplayMessage":false,"stepsCount":0,"attachmentsCount":0,"hasContent":false,"attachmentStep":false},{"name":"tmp_path_factory","time":{"start":1765762324684,"stop":1765762324684,"duration":0},"status":"passed","steps":[],"attachments":[],"parameters":[],"shouldDisplayMessage":false,"stepsCount":0,"attachmentsCount":0,"hasContent":false,"attachmentStep":false},{"name":"ops_test","time":{"start":1765762324684,"stop":1765762324976,"duration":292},"status":"passed","steps":[],"attachments":[],"parameters":[],"shouldDisplayMessage":false,"stepsCount":0,"attachmentsCount":0,"hasContent":false,"attachmentStep":false},{"name":"abort_on_fail","time":{"start":1765763794049,"stop":1765763794049,"duration":0},"status":"passed","steps":[],"attachments":[],"parameters":[],"shouldDisplayMessage":false,"stepsCount":0,"attachmentsCount":0,"hasContent":false,"attachmentStep":false}],"testStage":{"description":"Redeploy the charm in the same model to test that it works after a forceful removal.","status":"broken","statusMessage":"TimeoutError: Timed out waiting for model:\n  postgresql-k8s/0 [allocating] waiting: installing agent\n  postgresql-k8s/1 [allocating] waiting: installing agent\n  postgresql-k8s/2 [allocating] waiting: installing agent","statusTrace":"Traceback (most recent call last):\n  File \"/root/spread_project/.tox/integration/lib/python3.12/site-packages/_pytest/runner.py\", line 344, in from_call\n    result: TResult | None = func()\n                             ^^^^^^\n  File \"/root/spread_project/.tox/integration/lib/python3.12/site-packages/_pytest/runner.py\", line 246, in <lambda>\n    lambda: runtest_hook(item=item, **kwds), when=when, reraise=reraise\n            ^^^^^^^^^^^^^^^^^^^^^^^^^^^^^^^\n  File \"/root/spread_project/.tox/integration/lib/python3.12/site-packages/pluggy/_hooks.py\", line 512, in __call__\n    return self._hookexec(self.name, self._hookimpls.copy(), kwargs, firstresult)\n           ^^^^^^^^^^^^^^^^^^^^^^^^^^^^^^^^^^^^^^^^^^^^^^^^^^^^^^^^^^^^^^^^^^^^^^\n  File \"/root/spread_project/.tox/integration/lib/python3.12/site-packages/pluggy/_manager.py\", line 120, in _hookexec\n    return self._inner_hookexec(hook_name, methods, kwargs, firstresult)\n           ^^^^^^^^^^^^^^^^^^^^^^^^^^^^^^^^^^^^^^^^^^^^^^^^^^^^^^^^^^^^^\n  File \"/root/spread_project/.tox/integration/lib/python3.12/site-packages/pluggy/_callers.py\", line 167, in _multicall\n    raise exception\n  File \"/root/spread_project/.tox/integration/lib/python3.12/site-packages/pluggy/_callers.py\", line 139, in _multicall\n    teardown.throw(exception)\n  File \"/root/spread_project/.tox/integration/lib/python3.12/site-packages/_pytest/logging.py\", line 850, in pytest_runtest_call\n    yield\n  File \"/root/spread_project/.tox/integration/lib/python3.12/site-packages/pluggy/_callers.py\", line 139, in _multicall\n    teardown.throw(exception)\n  File \"/root/spread_project/.tox/integration/lib/python3.12/site-packages/pluggy/_callers.py\", line 53, in run_old_style_hookwrapper\n    return result.get_result()\n           ^^^^^^^^^^^^^^^^^^^\n  File \"/root/spread_project/.tox/integration/lib/python3.12/site-packages/pluggy/_result.py\", line 103, in get_result\n    raise exc.with_traceback(tb)\n  File \"/root/spread_project/.tox/integration/lib/python3.12/site-packages/pluggy/_callers.py\", line 38, in run_old_style_hookwrapper\n    res = yield\n          ^^^^^\n  File \"/root/spread_project/.tox/integration/lib/python3.12/site-packages/pluggy/_callers.py\", line 139, in _multicall\n    teardown.throw(exception)\n  File \"/root/spread_project/.tox/integration/lib/python3.12/site-packages/_pytest/capture.py\", line 900, in pytest_runtest_call\n    return (yield)\n            ^^^^^\n  File \"/root/spread_project/.tox/integration/lib/python3.12/site-packages/pluggy/_callers.py\", line 139, in _multicall\n    teardown.throw(exception)\n  File \"/root/spread_project/.tox/integration/lib/python3.12/site-packages/_pytest/skipping.py\", line 263, in pytest_runtest_call\n    return (yield)\n            ^^^^^\n  File \"/root/spread_project/.tox/integration/lib/python3.12/site-packages/pluggy/_callers.py\", line 121, in _multicall\n    res = hook_impl.function(*args)\n          ^^^^^^^^^^^^^^^^^^^^^^^^^\n  File \"/root/spread_project/.tox/integration/lib/python3.12/site-packages/_pytest/runner.py\", line 178, in pytest_runtest_call\n    item.runtest()\n  File \"/root/spread_project/.tox/integration/lib/python3.12/site-packages/_pytest/python.py\", line 1671, in runtest\n    self.ihook.pytest_pyfunc_call(pyfuncitem=self)\n  File \"/root/spread_project/.tox/integration/lib/python3.12/site-packages/pluggy/_hooks.py\", line 512, in __call__\n    return self._hookexec(self.name, self._hookimpls.copy(), kwargs, firstresult)\n           ^^^^^^^^^^^^^^^^^^^^^^^^^^^^^^^^^^^^^^^^^^^^^^^^^^^^^^^^^^^^^^^^^^^^^^\n  File \"/root/spread_project/.tox/integration/lib/python3.12/site-packages/pluggy/_manager.py\", line 120, in _hookexec\n    return self._inner_hookexec(hook_name, methods, kwargs, firstresult)\n           ^^^^^^^^^^^^^^^^^^^^^^^^^^^^^^^^^^^^^^^^^^^^^^^^^^^^^^^^^^^^^\n  File \"/root/spread_project/.tox/integration/lib/python3.12/site-packages/pluggy/_callers.py\", line 167, in _multicall\n    raise exception\n  File \"/root/spread_project/.tox/integration/lib/python3.12/site-packages/pluggy/_callers.py\", line 139, in _multicall\n    teardown.throw(exception)\n  File \"/root/spread_project/.tox/integration/lib/python3.12/site-packages/pluggy/_callers.py\", line 53, in run_old_style_hookwrapper\n    return result.get_result()\n           ^^^^^^^^^^^^^^^^^^^\n  File \"/root/spread_project/.tox/integration/lib/python3.12/site-packages/pluggy/_result.py\", line 103, in get_result\n    raise exc.with_traceback(tb)\n  File \"/root/spread_project/.tox/integration/lib/python3.12/site-packages/pluggy/_callers.py\", line 38, in run_old_style_hookwrapper\n    res = yield\n          ^^^^^\n  File \"/root/spread_project/.tox/integration/lib/python3.12/site-packages/pluggy/_callers.py\", line 121, in _multicall\n    res = hook_impl.function(*args)\n          ^^^^^^^^^^^^^^^^^^^^^^^^^\n  File \"/root/spread_project/.tox/integration/lib/python3.12/site-packages/_pytest/python.py\", line 157, in pytest_pyfunc_call\n    result = testfunction(**testargs)\n             ^^^^^^^^^^^^^^^^^^^^^^^^\n  File \"/root/spread_project/.tox/integration/lib/python3.12/site-packages/pytest_asyncio/plugin.py\", line 529, in inner\n    _loop.run_until_complete(task)\n  File \"/usr/lib/python3.12/asyncio/base_events.py\", line 687, in run_until_complete\n    return future.result()\n           ^^^^^^^^^^^^^^^\n  File \"/root/spread_project/tests/integration/test_charm.py\", line 446, in test_redeploy_charm_same_model_after_forcing_removal\n    await ops_test.model.wait_for_idle(\n  File \"/root/spread_project/.tox/integration/lib/python3.12/site-packages/juju/model/__init__.py\", line 3250, in wait_for_idle\n    raise asyncio.TimeoutError(\nTimeoutError: Timed out waiting for model:\n  postgresql-k8s/0 [allocating] waiting: installing agent\n  postgresql-k8s/1 [allocating] waiting: installing agent\n  postgresql-k8s/2 [allocating] waiting: installing agent","steps":[],"attachments":[{"uid":"9907c8af6a109391","name":"log","source":"9907c8af6a109391.txt","type":"text/plain","size":8236}],"parameters":[],"shouldDisplayMessage":true,"stepsCount":0,"attachmentsCount":1,"hasContent":true,"attachmentStep":false},"afterStages":[{"name":"abort_on_fail::0","time":{"start":1765764803455,"stop":1765764803455,"duration":0},"status":"passed","steps":[],"attachments":[],"parameters":[],"shouldDisplayMessage":false,"stepsCount":0,"attachmentsCount":0,"hasContent":false,"attachmentStep":false},{"name":"ops_test::finalizer","time":{"start":1765764884376,"stop":1765764884789,"duration":413},"status":"passed","steps":[],"attachments":[],"parameters":[],"shouldDisplayMessage":false,"stepsCount":0,"attachmentsCount":0,"hasContent":false,"attachmentStep":false},{"name":"event_loop::2","time":{"start":1765764884790,"stop":1765764884790,"duration":0},"status":"passed","steps":[],"attachments":[],"parameters":[],"shouldDisplayMessage":false,"stepsCount":0,"attachmentsCount":0,"hasContent":false,"attachmentStep":false},{"name":"event_loop::_close_event_loop","time":{"start":1765764884790,"stop":1765764884790,"duration":0},"status":"passed","steps":[],"attachments":[],"parameters":[],"shouldDisplayMessage":false,"stepsCount":0,"attachmentsCount":0,"hasContent":false,"attachmentStep":false},{"name":"event_loop::_provide_clean_event_loop","time":{"start":1765764884790,"stop":1765764884790,"duration":0},"status":"passed","steps":[],"attachments":[],"parameters":[],"shouldDisplayMessage":false,"stepsCount":0,"attachmentsCount":0,"hasContent":false,"attachmentStep":false}],"labels":[{"name":"tag","value":"asyncio"},{"name":"parentSuite","value":"tests.integration"},{"name":"suite","value":"test_charm"},{"name":"host","value":"runnervm6qbrg"},{"name":"thread","value":"21870-MainThread"},{"name":"framework","value":"pytest"},{"name":"language","value":"cpython3"},{"name":"package","value":"tests.integration.test_charm"},{"name":"resultFormat","value":"allure2"}],"parameters":[],"links":[],"hidden":false,"retry":false,"extra":{"severity":"normal","retries":[{"uid":"10b900c14b6fc7d2","status":"unknown","time":{}}],"categories":[{"name":"Test defects","matchedStatuses":[]}],"history":{"statistic":{"failed":28,"broken":94,"skipped":2,"passed":394,"unknown":18,"total":536},"items":[{"uid":"94bd711f3613a1da","reportUrl":"../4921//#testresult/94bd711f3613a1da","status":"broken","statusDetails":"TimeoutError: Timed out waiting for model:\n  postgresql-k8s/0 [allocating] waiting: installing agent\n  postgresql-k8s/1 [allocating] waiting: installing agent\n  postgresql-k8s/2 [allocating] waiting: installing agent","time":{"start":1765677373469,"stop":1765678382712,"duration":1009243}},{"uid":"970fad04c522eebe","reportUrl":"../4920//#testresult/970fad04c522eebe","status":"broken","statusDetails":"TimeoutError: Timed out waiting for model:\n  postgresql-k8s/0 [allocating] waiting: installing agent\n  postgresql-k8s/1 [allocating] waiting: installing agent\n  postgresql-k8s/2 [allocating] waiting: installing agent","time":{"start":1765590917857,"stop":1765591927064,"duration":1009207}},{"uid":"cf45d05a586f1ab7","reportUrl":"../4919//#testresult/cf45d05a586f1ab7","status":"passed","time":{"start":1765504474135,"stop":1765504653997,"duration":179862}},{"uid":"cadf075238855ba1","reportUrl":"../4918//#testresult/cadf075238855ba1","status":"passed","time":{"start":1765418263461,"stop":1765418435822,"duration":172361}},{"uid":"2723c1838abbd56f","reportUrl":"../4917//#testresult/2723c1838abbd56f","status":"passed","time":{"start":1765331753884,"stop":1765331950530,"duration":196646}},{"uid":"2a1be1b09d1fdde8","reportUrl":"../4910//#testresult/2a1be1b09d1fdde8","status":"passed","time":{"start":1765245387624,"stop":1765245558730,"duration":171106}},{"uid":"10df6f7e213d38ad","reportUrl":"../4907//#testresult/10df6f7e213d38ad","status":"broken","statusDetails":"TimeoutError: Timed out waiting for model:\n  postgresql-k8s/0 [allocating] waiting: installing agent\n  postgresql-k8s/1 [allocating] waiting: installing agent\n  postgresql-k8s/2 [allocating] waiting: installing agent","time":{"start":1765158985581,"stop":1765159995881,"duration":1010300}},{"uid":"4ecb7f84ded72951","reportUrl":"../4906//#testresult/4ecb7f84ded72951","status":"passed","time":{"start":1765072595327,"stop":1765072726898,"duration":131571}},{"uid":"9419f47f5d8df7ae","reportUrl":"../4905//#testresult/9419f47f5d8df7ae","status":"passed","time":{"start":1764986119616,"stop":1764986298425,"duration":178809}},{"uid":"5e25e4765414dcba","reportUrl":"../4904//#testresult/5e25e4765414dcba","status":"passed","time":{"start":1764900036647,"stop":1764900229104,"duration":192457}},{"uid":"d0c84fe7f916417a","reportUrl":"../4902//#testresult/d0c84fe7f916417a","status":"passed","time":{"start":1764813808848,"stop":1764813980610,"duration":171762}},{"uid":"6d0c3f07ee8380d9","reportUrl":"../4900//#testresult/6d0c3f07ee8380d9","status":"passed","time":{"start":1764727114336,"stop":1764727305317,"duration":190981}},{"uid":"68086bccd79dd207","reportUrl":"../4886//#testresult/68086bccd79dd207","status":"broken","statusDetails":"TimeoutError: Timed out waiting for model:\n  postgresql-k8s/0 [allocating] waiting: installing agent\n  postgresql-k8s/1 [allocating] waiting: installing agent\n  postgresql-k8s/2 [allocating] waiting: installing agent","time":{"start":1764640555888,"stop":1764641565468,"duration":1009580}},{"uid":"1a27431d81b7577a","reportUrl":"../4884//#testresult/1a27431d81b7577a","status":"broken","statusDetails":"TimeoutError: Timed out waiting for model:\n  postgresql-k8s/0 [allocating] waiting: installing agent\n  postgresql-k8s/1 [allocating] waiting: installing agent\n  postgresql-k8s/2 [allocating] waiting: installing agent","time":{"start":1764554231806,"stop":1764555241284,"duration":1009478}},{"uid":"aab1c25bad97a97","reportUrl":"../4883//#testresult/aab1c25bad97a97","status":"broken","statusDetails":"TimeoutError: Timed out waiting for model:\n  postgresql-k8s/0 [allocating] waiting: installing agent\n  postgresql-k8s/1 [allocating] waiting: installing agent\n  postgresql-k8s/2 [allocating] waiting: installing agent","time":{"start":1764467811495,"stop":1764468820627,"duration":1009132}},{"uid":"33cedb477f0c42dd","reportUrl":"../4882//#testresult/33cedb477f0c42dd","status":"broken","statusDetails":"TimeoutError: Timed out waiting for model:\n  postgresql-k8s/0 [allocating] waiting: agent initialising\n  postgresql-k8s/1 [allocating] waiting: agent initialising\n  postgresql-k8s/2 [allocating] waiting: agent initialising","time":{"start":1764381327874,"stop":1764382336221,"duration":1008347}},{"uid":"59e62bed31b1273a","reportUrl":"../4873//#testresult/59e62bed31b1273a","status":"passed","time":{"start":1764295070529,"stop":1764295267726,"duration":197197}},{"uid":"f2853cf95bd302c","reportUrl":"../4850//#testresult/f2853cf95bd302c","status":"broken","statusDetails":"TimeoutError: Timed out waiting for model:\n  postgresql-k8s/0 [allocating] waiting: agent initialising\n  postgresql-k8s/1 [allocating] waiting: agent initialising\n  postgresql-k8s/2 [allocating] waiting: agent initialising","time":{"start":1764208598924,"stop":1764209607338,"duration":1008414}},{"uid":"13cf0ec472a7a43f","reportUrl":"../4753//#testresult/13cf0ec472a7a43f","status":"failed","statusDetails":"AssertionError: assert set() == {'Endpoints/p...-config', ...}\n  \n  Extra items in the right set:\n  \u001B[0m\u001B[33m'\u001B[39;49;00m\u001B[33mService/postgresql-k8s-replicas\u001B[39;49;00m\u001B[33m'\u001B[39;49;00m\u001B[90m\u001B[39;49;00m\n  \u001B[0m\u001B[33m'\u001B[39;49;00m\u001B[33mService/patroni-postgresql-k8s-config\u001B[39;49;00m\u001B[33m'\u001B[39;49;00m\u001B[90m\u001B[39;49;00m\n  \u001B[0m\u001B[33m'\u001B[39;49;00m\u001B[33mService/postgresql-k8s-primary\u001B[39;49;00m\u001B[33m'\u001B[39;49;00m\u001B[90m\u001B[39;49;00m\n  \u001B[0m\u001B[33m'\u001B[39;49;00m\u001B[33mEndpoints/postgresql-k8s-replicas\u001B[39;49;00m\u001B[33m'\u001B[39;49;00m\u001B[90m\u001B[39;49;00m\n  \u001B[0m\u001B[33m'\u001B[39;49;00m\u001B[33mEndpoints/patroni-postgresql-k8s-config\u001B[39;49;00m\u001B[33m'\u001B[39;49;00m\u001B[90m\u001B[39;49;00m\n  \u001B[0m\u001B[33m'\u001B[39;49;00m\u001B[33mEndpoints/patroni-postgresql-k8s-sync\u001B[39;49;00m\u001B[33m'\u001B[39;49;00m\u001B[90m\u001B[39;49;00m\n  \u001B[0m\u001B[33m'\u001B[39;49;00m\u001B[33mEndpoints/patroni-postgresql-k8s\u001B[39;49;00m\u001B[33m'\u001B[39;49;00m\u001B[90m\u001B[39;49;00m\n  \u001B[0m\u001B[33m'\u001B[39;49;00m\u001B[33mEndpoints/postgresql-k8s-primary\u001B[39;49;00m\u001B[33m'\u001B[39;49;00m\u001B[90m\u001B[39;49;00m\n  \n  Full diff:\n  \u001B[0m\u001B[92m+ set()\u001B[39;49;00m\u001B[90m\u001B[39;49;00m\n  \u001B[91m- {\u001B[39;49;00m\u001B[90m\u001B[39;49;00m\n  \u001B[91m-     'Endpoints/patroni-postgresql-k8s',\u001B[39;49;00m\u001B[90m\u001B[39;49;00m\n  \u001B[91m-     'Endpoints/patroni-postgresql-k8s-config',\u001B[39;49;00m\u001B[90m\u001B[39;49;00m\n  \u001B[91m-     'Endpoints/patroni-postgresql-k8s-sync',\u001B[39;49;00m\u001B[90m\u001B[39;49;00m\n  \u001B[91m-     'Endpoints/postgresql-k8s-primary',\u001B[39;49;00m\u001B[90m\u001B[39;49;00m\n  \u001B[91m-     'Endpoints/postgresql-k8s-replicas',\u001B[39;49;00m\u001B[90m\u001B[39;49;00m\n  \u001B[91m-     'Service/patroni-postgresql-k8s-config',\u001B[39;49;00m\u001B[90m\u001B[39;49;00m\n  \u001B[91m-     'Service/postgresql-k8s-primary',\u001B[39;49;00m\u001B[90m\u001B[39;49;00m\n  \u001B[91m-     'Service/postgresql-k8s-replicas',\u001B[39;49;00m\u001B[90m\u001B[39;49;00m\n  \u001B[91m- }\u001B[39;49;00m\u001B[90m\u001B[39;49;00m","time":{"start":1762998825537,"stop":1762998826031,"duration":494}},{"uid":"2cdd14a2a01e6cd","reportUrl":"../4749//#testresult/2cdd14a2a01e6cd","status":"failed","statusDetails":"AssertionError: assert set() == {'Endpoints/p...-config', ...}\n  \n  Extra items in the right set:\n  \u001B[0m\u001B[33m'\u001B[39;49;00m\u001B[33mEndpoints/patroni-postgresql-k8s-sync\u001B[39;49;00m\u001B[33m'\u001B[39;49;00m\u001B[90m\u001B[39;49;00m\n  \u001B[0m\u001B[33m'\u001B[39;49;00m\u001B[33mService/patroni-postgresql-k8s-config\u001B[39;49;00m\u001B[33m'\u001B[39;49;00m\u001B[90m\u001B[39;49;00m\n  \u001B[0m\u001B[33m'\u001B[39;49;00m\u001B[33mService/postgresql-k8s-replicas\u001B[39;49;00m\u001B[33m'\u001B[39;49;00m\u001B[90m\u001B[39;49;00m\n  \u001B[0m\u001B[33m'\u001B[39;49;00m\u001B[33mEndpoints/postgresql-k8s-replicas\u001B[39;49;00m\u001B[33m'\u001B[39;49;00m\u001B[90m\u001B[39;49;00m\n  \u001B[0m\u001B[33m'\u001B[39;49;00m\u001B[33mEndpoints/patroni-postgresql-k8s\u001B[39;49;00m\u001B[33m'\u001B[39;49;00m\u001B[90m\u001B[39;49;00m\n  \u001B[0m\u001B[33m'\u001B[39;49;00m\u001B[33mEndpoints/postgresql-k8s-primary\u001B[39;49;00m\u001B[33m'\u001B[39;49;00m\u001B[90m\u001B[39;49;00m\n  \u001B[0m\u001B[33m'\u001B[39;49;00m\u001B[33mEndpoints/patroni-postgresql-k8s-config\u001B[39;49;00m\u001B[33m'\u001B[39;49;00m\u001B[90m\u001B[39;49;00m\n  \u001B[0m\u001B[33m'\u001B[39;49;00m\u001B[33mService/postgresql-k8s-primary\u001B[39;49;00m\u001B[33m'\u001B[39;49;00m\u001B[90m\u001B[39;49;00m\n  \n  Full diff:\n  \u001B[0m\u001B[92m+ set()\u001B[39;49;00m\u001B[90m\u001B[39;49;00m\n  \u001B[91m- {\u001B[39;49;00m\u001B[90m\u001B[39;49;00m\n  \u001B[91m-     'Endpoints/patroni-postgresql-k8s',\u001B[39;49;00m\u001B[90m\u001B[39;49;00m\n  \u001B[91m-     'Endpoints/patroni-postgresql-k8s-config',\u001B[39;49;00m\u001B[90m\u001B[39;49;00m\n  \u001B[91m-     'Endpoints/patroni-postgresql-k8s-sync',\u001B[39;49;00m\u001B[90m\u001B[39;49;00m\n  \u001B[91m-     'Endpoints/postgresql-k8s-primary',\u001B[39;49;00m\u001B[90m\u001B[39;49;00m\n  \u001B[91m-     'Endpoints/postgresql-k8s-replicas',\u001B[39;49;00m\u001B[90m\u001B[39;49;00m\n  \u001B[91m-     'Service/patroni-postgresql-k8s-config',\u001B[39;49;00m\u001B[90m\u001B[39;49;00m\n  \u001B[91m-     'Service/postgresql-k8s-primary',\u001B[39;49;00m\u001B[90m\u001B[39;49;00m\n  \u001B[91m-     'Service/postgresql-k8s-replicas',\u001B[39;49;00m\u001B[90m\u001B[39;49;00m\n  \u001B[91m- }\u001B[39;49;00m\u001B[90m\u001B[39;49;00m","time":{"start":1762912374310,"stop":1762912374895,"duration":585}}]},"tags":["asyncio"]},"source":"d4c58abe97891f3c.json","parameterValues":[]}