{"uid":"7f58d07c0e6d2bad","name":"test_scaling_to_zero","fullName":"tests.integration.ha_tests.test_self_healing#test_scaling_to_zero","historyId":"f39d2aee537ab5e4c5676e1cf3266b0e","time":{"start":1727141607333,"stop":1727142296983,"duration":689650},"description":"Scale the database to zero units and scale up again.","descriptionHtml":"<p>Scale the database to zero units and scale up again.</p>\n","status":"failed","statusMessage":"AssertionError: test.postgresql-k8s-0: writes to the db were missed: count of actual writes (15592) on test.postgresql-k8s-0 different from the max number written (15597).","statusTrace":"Traceback (most recent call last):\n  File \"/home/runner/work/postgresql-k8s-operator/postgresql-k8s-operator/.tox/integration/lib/python3.10/site-packages/_pytest/runner.py\", line 341, in from_call\n    result: TResult | None = func()\n  File \"/home/runner/work/postgresql-k8s-operator/postgresql-k8s-operator/.tox/integration/lib/python3.10/site-packages/_pytest/runner.py\", line 242, in <lambda>\n    lambda: runtest_hook(item=item, **kwds), when=when, reraise=reraise\n  File \"/home/runner/work/postgresql-k8s-operator/postgresql-k8s-operator/.tox/integration/lib/python3.10/site-packages/pluggy/_hooks.py\", line 513, in __call__\n    return self._hookexec(self.name, self._hookimpls.copy(), kwargs, firstresult)\n  File \"/home/runner/work/postgresql-k8s-operator/postgresql-k8s-operator/.tox/integration/lib/python3.10/site-packages/pluggy/_manager.py\", line 120, in _hookexec\n    return self._inner_hookexec(hook_name, methods, kwargs, firstresult)\n  File \"/home/runner/work/postgresql-k8s-operator/postgresql-k8s-operator/.tox/integration/lib/python3.10/site-packages/pluggy/_callers.py\", line 182, in _multicall\n    return outcome.get_result()\n  File \"/home/runner/work/postgresql-k8s-operator/postgresql-k8s-operator/.tox/integration/lib/python3.10/site-packages/pluggy/_result.py\", line 100, in get_result\n    raise exc.with_traceback(exc.__traceback__)\n  File \"/home/runner/work/postgresql-k8s-operator/postgresql-k8s-operator/.tox/integration/lib/python3.10/site-packages/pluggy/_callers.py\", line 167, in _multicall\n    teardown.throw(outcome._exception)\n  File \"/home/runner/work/postgresql-k8s-operator/postgresql-k8s-operator/.tox/integration/lib/python3.10/site-packages/_pytest/threadexception.py\", line 92, in pytest_runtest_call\n    yield from thread_exception_runtest_hook()\n  File \"/home/runner/work/postgresql-k8s-operator/postgresql-k8s-operator/.tox/integration/lib/python3.10/site-packages/_pytest/threadexception.py\", line 68, in thread_exception_runtest_hook\n    yield\n  File \"/home/runner/work/postgresql-k8s-operator/postgresql-k8s-operator/.tox/integration/lib/python3.10/site-packages/pluggy/_callers.py\", line 167, in _multicall\n    teardown.throw(outcome._exception)\n  File \"/home/runner/work/postgresql-k8s-operator/postgresql-k8s-operator/.tox/integration/lib/python3.10/site-packages/_pytest/unraisableexception.py\", line 95, in pytest_runtest_call\n    yield from unraisable_exception_runtest_hook()\n  File \"/home/runner/work/postgresql-k8s-operator/postgresql-k8s-operator/.tox/integration/lib/python3.10/site-packages/_pytest/unraisableexception.py\", line 70, in unraisable_exception_runtest_hook\n    yield\n  File \"/home/runner/work/postgresql-k8s-operator/postgresql-k8s-operator/.tox/integration/lib/python3.10/site-packages/pluggy/_callers.py\", line 167, in _multicall\n    teardown.throw(outcome._exception)\n  File \"/home/runner/work/postgresql-k8s-operator/postgresql-k8s-operator/.tox/integration/lib/python3.10/site-packages/_pytest/logging.py\", line 846, in pytest_runtest_call\n    yield from self._runtest_for(item, \"call\")\n  File \"/home/runner/work/postgresql-k8s-operator/postgresql-k8s-operator/.tox/integration/lib/python3.10/site-packages/_pytest/logging.py\", line 829, in _runtest_for\n    yield\n  File \"/home/runner/work/postgresql-k8s-operator/postgresql-k8s-operator/.tox/integration/lib/python3.10/site-packages/pluggy/_callers.py\", line 167, in _multicall\n    teardown.throw(outcome._exception)\n  File \"/home/runner/work/postgresql-k8s-operator/postgresql-k8s-operator/.tox/integration/lib/python3.10/site-packages/_pytest/capture.py\", line 880, in pytest_runtest_call\n    return (yield)\n  File \"/home/runner/work/postgresql-k8s-operator/postgresql-k8s-operator/.tox/integration/lib/python3.10/site-packages/pluggy/_callers.py\", line 167, in _multicall\n    teardown.throw(outcome._exception)\n  File \"/home/runner/work/postgresql-k8s-operator/postgresql-k8s-operator/.tox/integration/lib/python3.10/site-packages/_pytest/skipping.py\", line 257, in pytest_runtest_call\n    return (yield)\n  File \"/home/runner/work/postgresql-k8s-operator/postgresql-k8s-operator/.tox/integration/lib/python3.10/site-packages/pluggy/_callers.py\", line 103, in _multicall\n    res = hook_impl.function(*args)\n  File \"/home/runner/work/postgresql-k8s-operator/postgresql-k8s-operator/.tox/integration/lib/python3.10/site-packages/_pytest/runner.py\", line 174, in pytest_runtest_call\n    item.runtest()\n  File \"/home/runner/work/postgresql-k8s-operator/postgresql-k8s-operator/.tox/integration/lib/python3.10/site-packages/_pytest/python.py\", line 1627, in runtest\n    self.ihook.pytest_pyfunc_call(pyfuncitem=self)\n  File \"/home/runner/work/postgresql-k8s-operator/postgresql-k8s-operator/.tox/integration/lib/python3.10/site-packages/pluggy/_hooks.py\", line 513, in __call__\n    return self._hookexec(self.name, self._hookimpls.copy(), kwargs, firstresult)\n  File \"/home/runner/work/postgresql-k8s-operator/postgresql-k8s-operator/.tox/integration/lib/python3.10/site-packages/pluggy/_manager.py\", line 120, in _hookexec\n    return self._inner_hookexec(hook_name, methods, kwargs, firstresult)\n  File \"/home/runner/work/postgresql-k8s-operator/postgresql-k8s-operator/.tox/integration/lib/python3.10/site-packages/pluggy/_callers.py\", line 182, in _multicall\n    return outcome.get_result()\n  File \"/home/runner/work/postgresql-k8s-operator/postgresql-k8s-operator/.tox/integration/lib/python3.10/site-packages/pluggy/_result.py\", line 100, in get_result\n    raise exc.with_traceback(exc.__traceback__)\n  File \"/home/runner/work/postgresql-k8s-operator/postgresql-k8s-operator/.tox/integration/lib/python3.10/site-packages/pluggy/_callers.py\", line 103, in _multicall\n    res = hook_impl.function(*args)\n  File \"/home/runner/work/postgresql-k8s-operator/postgresql-k8s-operator/.tox/integration/lib/python3.10/site-packages/_pytest/python.py\", line 159, in pytest_pyfunc_call\n    result = testfunction(**testargs)\n  File \"/home/runner/work/postgresql-k8s-operator/postgresql-k8s-operator/.tox/integration/lib/python3.10/site-packages/pytest_asyncio/plugin.py\", line 529, in inner\n    _loop.run_until_complete(task)\n  File \"/usr/lib/python3.10/asyncio/base_events.py\", line 649, in run_until_complete\n    return future.result()\n  File \"/home/runner/work/postgresql-k8s-operator/postgresql-k8s-operator/tests/integration/ha_tests/test_self_healing.py\", line 418, in test_scaling_to_zero\n    await check_writes(ops_test)\n  File \"/home/runner/work/postgresql-k8s-operator/postgresql-k8s-operator/tests/integration/ha_tests/helpers.py\", line 224, in check_writes\n    count == max_number_written[member]\nAssertionError: test.postgresql-k8s-0: writes to the db were missed: count of actual writes (15592) on test.postgresql-k8s-0 different from the max number written (15597).","flaky":false,"newFailed":true,"newBroken":false,"newPassed":false,"retriesCount":1,"retriesStatusChange":true,"beforeStages":[{"name":"event_loop","time":{"start":1727141607071,"stop":1727141607071,"duration":0},"status":"passed","steps":[],"attachments":[],"parameters":[],"stepsCount":0,"shouldDisplayMessage":false,"attachmentsCount":0,"hasContent":false,"attachmentStep":false},{"name":"ops_test","time":{"start":1727141607071,"stop":1727141607332,"duration":261},"status":"passed","steps":[],"attachments":[],"parameters":[],"stepsCount":0,"shouldDisplayMessage":false,"attachmentsCount":0,"hasContent":false,"attachmentStep":false},{"name":"tmp_path_factory","time":{"start":1727141607071,"stop":1727141607071,"duration":0},"status":"passed","steps":[],"attachments":[],"parameters":[],"stepsCount":0,"shouldDisplayMessage":false,"attachmentsCount":0,"hasContent":false,"attachmentStep":false},{"name":"continuous_writes","time":{"start":1727141607332,"stop":1727141607332,"duration":0},"status":"passed","steps":[],"attachments":[],"parameters":[],"stepsCount":0,"shouldDisplayMessage":false,"attachmentsCount":0,"hasContent":false,"attachmentStep":false},{"name":"abort_on_fail","time":{"start":1727141607332,"stop":1727141607332,"duration":0},"status":"passed","steps":[],"attachments":[],"parameters":[],"stepsCount":0,"shouldDisplayMessage":false,"attachmentsCount":0,"hasContent":false,"attachmentStep":false}],"testStage":{"description":"Scale the database to zero units and scale up again.","status":"failed","statusMessage":"AssertionError: test.postgresql-k8s-0: writes to the db were missed: count of actual writes (15592) on test.postgresql-k8s-0 different from the max number written (15597).","statusTrace":"Traceback (most recent call last):\n  File \"/home/runner/work/postgresql-k8s-operator/postgresql-k8s-operator/.tox/integration/lib/python3.10/site-packages/_pytest/runner.py\", line 341, in from_call\n    result: TResult | None = func()\n  File \"/home/runner/work/postgresql-k8s-operator/postgresql-k8s-operator/.tox/integration/lib/python3.10/site-packages/_pytest/runner.py\", line 242, in <lambda>\n    lambda: runtest_hook(item=item, **kwds), when=when, reraise=reraise\n  File \"/home/runner/work/postgresql-k8s-operator/postgresql-k8s-operator/.tox/integration/lib/python3.10/site-packages/pluggy/_hooks.py\", line 513, in __call__\n    return self._hookexec(self.name, self._hookimpls.copy(), kwargs, firstresult)\n  File \"/home/runner/work/postgresql-k8s-operator/postgresql-k8s-operator/.tox/integration/lib/python3.10/site-packages/pluggy/_manager.py\", line 120, in _hookexec\n    return self._inner_hookexec(hook_name, methods, kwargs, firstresult)\n  File \"/home/runner/work/postgresql-k8s-operator/postgresql-k8s-operator/.tox/integration/lib/python3.10/site-packages/pluggy/_callers.py\", line 182, in _multicall\n    return outcome.get_result()\n  File \"/home/runner/work/postgresql-k8s-operator/postgresql-k8s-operator/.tox/integration/lib/python3.10/site-packages/pluggy/_result.py\", line 100, in get_result\n    raise exc.with_traceback(exc.__traceback__)\n  File \"/home/runner/work/postgresql-k8s-operator/postgresql-k8s-operator/.tox/integration/lib/python3.10/site-packages/pluggy/_callers.py\", line 167, in _multicall\n    teardown.throw(outcome._exception)\n  File \"/home/runner/work/postgresql-k8s-operator/postgresql-k8s-operator/.tox/integration/lib/python3.10/site-packages/_pytest/threadexception.py\", line 92, in pytest_runtest_call\n    yield from thread_exception_runtest_hook()\n  File \"/home/runner/work/postgresql-k8s-operator/postgresql-k8s-operator/.tox/integration/lib/python3.10/site-packages/_pytest/threadexception.py\", line 68, in thread_exception_runtest_hook\n    yield\n  File \"/home/runner/work/postgresql-k8s-operator/postgresql-k8s-operator/.tox/integration/lib/python3.10/site-packages/pluggy/_callers.py\", line 167, in _multicall\n    teardown.throw(outcome._exception)\n  File \"/home/runner/work/postgresql-k8s-operator/postgresql-k8s-operator/.tox/integration/lib/python3.10/site-packages/_pytest/unraisableexception.py\", line 95, in pytest_runtest_call\n    yield from unraisable_exception_runtest_hook()\n  File \"/home/runner/work/postgresql-k8s-operator/postgresql-k8s-operator/.tox/integration/lib/python3.10/site-packages/_pytest/unraisableexception.py\", line 70, in unraisable_exception_runtest_hook\n    yield\n  File \"/home/runner/work/postgresql-k8s-operator/postgresql-k8s-operator/.tox/integration/lib/python3.10/site-packages/pluggy/_callers.py\", line 167, in _multicall\n    teardown.throw(outcome._exception)\n  File \"/home/runner/work/postgresql-k8s-operator/postgresql-k8s-operator/.tox/integration/lib/python3.10/site-packages/_pytest/logging.py\", line 846, in pytest_runtest_call\n    yield from self._runtest_for(item, \"call\")\n  File \"/home/runner/work/postgresql-k8s-operator/postgresql-k8s-operator/.tox/integration/lib/python3.10/site-packages/_pytest/logging.py\", line 829, in _runtest_for\n    yield\n  File \"/home/runner/work/postgresql-k8s-operator/postgresql-k8s-operator/.tox/integration/lib/python3.10/site-packages/pluggy/_callers.py\", line 167, in _multicall\n    teardown.throw(outcome._exception)\n  File \"/home/runner/work/postgresql-k8s-operator/postgresql-k8s-operator/.tox/integration/lib/python3.10/site-packages/_pytest/capture.py\", line 880, in pytest_runtest_call\n    return (yield)\n  File \"/home/runner/work/postgresql-k8s-operator/postgresql-k8s-operator/.tox/integration/lib/python3.10/site-packages/pluggy/_callers.py\", line 167, in _multicall\n    teardown.throw(outcome._exception)\n  File \"/home/runner/work/postgresql-k8s-operator/postgresql-k8s-operator/.tox/integration/lib/python3.10/site-packages/_pytest/skipping.py\", line 257, in pytest_runtest_call\n    return (yield)\n  File \"/home/runner/work/postgresql-k8s-operator/postgresql-k8s-operator/.tox/integration/lib/python3.10/site-packages/pluggy/_callers.py\", line 103, in _multicall\n    res = hook_impl.function(*args)\n  File \"/home/runner/work/postgresql-k8s-operator/postgresql-k8s-operator/.tox/integration/lib/python3.10/site-packages/_pytest/runner.py\", line 174, in pytest_runtest_call\n    item.runtest()\n  File \"/home/runner/work/postgresql-k8s-operator/postgresql-k8s-operator/.tox/integration/lib/python3.10/site-packages/_pytest/python.py\", line 1627, in runtest\n    self.ihook.pytest_pyfunc_call(pyfuncitem=self)\n  File \"/home/runner/work/postgresql-k8s-operator/postgresql-k8s-operator/.tox/integration/lib/python3.10/site-packages/pluggy/_hooks.py\", line 513, in __call__\n    return self._hookexec(self.name, self._hookimpls.copy(), kwargs, firstresult)\n  File \"/home/runner/work/postgresql-k8s-operator/postgresql-k8s-operator/.tox/integration/lib/python3.10/site-packages/pluggy/_manager.py\", line 120, in _hookexec\n    return self._inner_hookexec(hook_name, methods, kwargs, firstresult)\n  File \"/home/runner/work/postgresql-k8s-operator/postgresql-k8s-operator/.tox/integration/lib/python3.10/site-packages/pluggy/_callers.py\", line 182, in _multicall\n    return outcome.get_result()\n  File \"/home/runner/work/postgresql-k8s-operator/postgresql-k8s-operator/.tox/integration/lib/python3.10/site-packages/pluggy/_result.py\", line 100, in get_result\n    raise exc.with_traceback(exc.__traceback__)\n  File \"/home/runner/work/postgresql-k8s-operator/postgresql-k8s-operator/.tox/integration/lib/python3.10/site-packages/pluggy/_callers.py\", line 103, in _multicall\n    res = hook_impl.function(*args)\n  File \"/home/runner/work/postgresql-k8s-operator/postgresql-k8s-operator/.tox/integration/lib/python3.10/site-packages/_pytest/python.py\", line 159, in pytest_pyfunc_call\n    result = testfunction(**testargs)\n  File \"/home/runner/work/postgresql-k8s-operator/postgresql-k8s-operator/.tox/integration/lib/python3.10/site-packages/pytest_asyncio/plugin.py\", line 529, in inner\n    _loop.run_until_complete(task)\n  File \"/usr/lib/python3.10/asyncio/base_events.py\", line 649, in run_until_complete\n    return future.result()\n  File \"/home/runner/work/postgresql-k8s-operator/postgresql-k8s-operator/tests/integration/ha_tests/test_self_healing.py\", line 418, in test_scaling_to_zero\n    await check_writes(ops_test)\n  File \"/home/runner/work/postgresql-k8s-operator/postgresql-k8s-operator/tests/integration/ha_tests/helpers.py\", line 224, in check_writes\n    count == max_number_written[member]\nAssertionError: test.postgresql-k8s-0: writes to the db were missed: count of actual writes (15592) on test.postgresql-k8s-0 different from the max number written (15597).","steps":[],"attachments":[{"uid":"261f24127a9920ca","name":"log","source":"261f24127a9920ca.txt","type":"text/plain","size":25049}],"parameters":[],"stepsCount":0,"shouldDisplayMessage":true,"attachmentsCount":1,"hasContent":true,"attachmentStep":false},"afterStages":[{"name":"continuous_writes::finalizer","time":{"start":1727142297061,"stop":1727142298081,"duration":1020},"status":"passed","steps":[],"attachments":[],"parameters":[],"stepsCount":0,"shouldDisplayMessage":false,"attachmentsCount":0,"hasContent":false,"attachmentStep":false},{"name":"ops_test::finalizer","time":{"start":1727142298082,"stop":1727142298406,"duration":324},"status":"passed","steps":[],"attachments":[],"parameters":[],"stepsCount":0,"shouldDisplayMessage":false,"attachmentsCount":0,"hasContent":false,"attachmentStep":false},{"name":"abort_on_fail::0","time":{"start":1727142298082,"stop":1727142298082,"duration":0},"status":"passed","steps":[],"attachments":[],"parameters":[],"stepsCount":0,"shouldDisplayMessage":false,"attachmentsCount":0,"hasContent":false,"attachmentStep":false},{"name":"event_loop::2","time":{"start":1727142298407,"stop":1727142298407,"duration":0},"status":"passed","steps":[],"attachments":[],"parameters":[],"stepsCount":0,"shouldDisplayMessage":false,"attachmentsCount":0,"hasContent":false,"attachmentStep":false},{"name":"event_loop::_close_event_loop","time":{"start":1727142298407,"stop":1727142298407,"duration":0},"status":"passed","steps":[],"attachments":[],"parameters":[],"stepsCount":0,"shouldDisplayMessage":false,"attachmentsCount":0,"hasContent":false,"attachmentStep":false},{"name":"event_loop::_provide_clean_event_loop","time":{"start":1727142298407,"stop":1727142298407,"duration":0},"status":"passed","steps":[],"attachments":[],"parameters":[],"stepsCount":0,"shouldDisplayMessage":false,"attachmentsCount":0,"hasContent":false,"attachmentStep":false}],"labels":[{"name":"tag","value":"group(2)"},{"name":"tag","value":"asyncio"},{"name":"parentSuite","value":"tests.integration.ha_tests"},{"name":"suite","value":"test_self_healing"},{"name":"host","value":"fv-az883-666"},{"name":"thread","value":"13274-MainThread"},{"name":"framework","value":"pytest"},{"name":"language","value":"cpython3"},{"name":"package","value":"tests.integration.ha_tests.test_self_healing"},{"name":"resultFormat","value":"allure2"}],"parameters":[],"links":[],"hidden":false,"retry":false,"extra":{"severity":"normal","retries":[{"uid":"7b2e1f82950de761","status":"unknown","time":{}}],"categories":[{"name":"Product defects","matchedStatuses":[],"flaky":false}],"history":{"statistic":{"failed":23,"broken":4,"skipped":1,"passed":90,"unknown":3,"total":121},"items":[{"uid":"ae289680deeaf4f5","reportUrl":"../3046//#testresult/ae289680deeaf4f5","status":"passed","time":{"start":1727055185917,"stop":1727055830084,"duration":644167}},{"uid":"ff4fae4b4dc310a7","reportUrl":"../3044//#testresult/ff4fae4b4dc310a7","status":"unknown","time":{}},{"uid":"dbc5face19ca3c06","reportUrl":"../3043//#testresult/dbc5face19ca3c06","status":"passed","time":{"start":1726882313830,"stop":1726883003768,"duration":689938}},{"uid":"71d237fd27e0825e","reportUrl":"../3040//#testresult/71d237fd27e0825e","status":"passed","time":{"start":1726796006130,"stop":1726796668997,"duration":662867}},{"uid":"d7a2a16394c1c555","reportUrl":"../3036//#testresult/d7a2a16394c1c555","status":"passed","time":{"start":1726709597631,"stop":1726710375146,"duration":777515}},{"uid":"a5c36e684466ab5c","reportUrl":"../3033//#testresult/a5c36e684466ab5c","status":"failed","statusDetails":"AssertionError: test.postgresql-k8s-0: writes to the db were missed: count of actual writes (15390) on test.postgresql-k8s-0 different from the max number written (15397).","time":{"start":1726623113016,"stop":1726623819860,"duration":706844}},{"uid":"c5e47b2e5871ce8b","reportUrl":"../3027//#testresult/c5e47b2e5871ce8b","status":"passed","time":{"start":1726536667858,"stop":1726537268054,"duration":600196}},{"uid":"879b73a5573ff889","reportUrl":"../3013//#testresult/879b73a5573ff889","status":"failed","statusDetails":"AssertionError: members report different lists of cluster members.","time":{"start":1726450303174,"stop":1726450897717,"duration":594543}},{"uid":"622287f484ba307f","reportUrl":"../3012//#testresult/622287f484ba307f","status":"passed","time":{"start":1726363965527,"stop":1726364633680,"duration":668153}},{"uid":"230b39ee059511da","reportUrl":"../3011//#testresult/230b39ee059511da","status":"passed","time":{"start":1726277570484,"stop":1726278225952,"duration":655468}},{"uid":"6f7ef06f96a4e0e6","reportUrl":"../3005//#testresult/6f7ef06f96a4e0e6","status":"passed","time":{"start":1726191171144,"stop":1726191786054,"duration":614910}},{"uid":"d23c2b7edd84d247","reportUrl":"../2999//#testresult/d23c2b7edd84d247","status":"passed","time":{"start":1726104727200,"stop":1726105409262,"duration":682062}},{"uid":"13bc492554d67005","reportUrl":"../2986//#testresult/13bc492554d67005","status":"passed","time":{"start":1726018308647,"stop":1726018958661,"duration":650014}},{"uid":"be7db531df12086e","reportUrl":"../2978//#testresult/be7db531df12086e","status":"failed","statusDetails":"AssertionError: test.postgresql-k8s-0: writes to the db were missed: count of actual writes (17963) on test.postgresql-k8s-0 different from the max number written (17975).","time":{"start":1725931935211,"stop":1725932653068,"duration":717857}},{"uid":"92993af98e82183c","reportUrl":"../2971//#testresult/92993af98e82183c","status":"passed","time":{"start":1725845612724,"stop":1725846271329,"duration":658605}},{"uid":"3d757b777b9adb32","reportUrl":"../2970//#testresult/3d757b777b9adb32","status":"passed","time":{"start":1725759157189,"stop":1725759841831,"duration":684642}},{"uid":"eb6857f7b52e85b7","reportUrl":"../2969//#testresult/eb6857f7b52e85b7","status":"passed","time":{"start":1725673043156,"stop":1725673683946,"duration":640790}},{"uid":"aefbb5f62602a93c","reportUrl":"../2967//#testresult/aefbb5f62602a93c","status":"failed","statusDetails":"AssertionError: test.postgresql-k8s-0: writes to the db were missed: count of actual writes (11249) on test.postgresql-k8s-0 different from the max number written (11250).","time":{"start":1725586396602,"stop":1725587040944,"duration":644342}},{"uid":"f3d1d5549537d3e1","reportUrl":"../2955//#testresult/f3d1d5549537d3e1","status":"passed","time":{"start":1725500107191,"stop":1725500789028,"duration":681837}},{"uid":"cec98d210719d1fa","reportUrl":"../2947//#testresult/cec98d210719d1fa","status":"failed","statusDetails":"AssertionError: test.postgresql-k8s-0: writes to the db were missed: count of actual writes (14486) on test.postgresql-k8s-0 different from the max number written (14487).","time":{"start":1725413621484,"stop":1725414325604,"duration":704120}}]},"tags":["asyncio","group(2)"]},"source":"7f58d07c0e6d2bad.json","parameterValues":[]}