[32mINFO    [0m juju.model:__init__.py:2301 Deploying local:postgresql-k8s-1
[32mINFO    [0m integration.ha_tests.test_smoke:test_smoke.py:171 waiting for idle
[32mINFO    [0m juju.model:__init__.py:3254 Waiting for model:
  postgresql-k8s2/0 [allocating] waiting: installing agent
[32mINFO    [0m juju.model:__init__.py:3254 Waiting for model:
  postgresql-k8s2/0 [executing] maintenance: installing charm software
[32mINFO    [0m juju.model:__init__.py:3254 Waiting for model:
  postgresql-k8s2/0 [idle] active: Primary
[32mINFO    [0m integration.ha_tests.test_smoke:test_smoke.py:181 get pvc for postgresql-k8s2/0
[32mINFO    [0m httpx:_client.py:1025 HTTP Request: GET https://10.1.0.69:16443/api/v1/namespaces/testing/persistentvolumeclaims "HTTP/1.1 200 OK"
[32mINFO    [0m integration.ha_tests.helpers:helpers.py:1087 got pvc for archive storage: postgresql-k8s2-archive-6758d3ed-postgresql-k8s2-0
[32mINFO    [0m integration.ha_tests.helpers:helpers.py:1087 got pvc for data storage: postgresql-k8s2-data-6758d3ed-postgresql-k8s2-0
[32mINFO    [0m integration.ha_tests.helpers:helpers.py:1087 got pvc for logs storage: postgresql-k8s2-logs-6758d3ed-postgresql-k8s2-0
[32mINFO    [0m integration.ha_tests.helpers:helpers.py:1087 got pvc for temp storage: postgresql-k8s2-temp-6758d3ed-postgresql-k8s2-0
[32mINFO    [0m integration.ha_tests.test_smoke:test_smoke.py:186 scale to 0
[32mINFO    [0m integration.ha_tests.test_smoke:test_smoke.py:190 load and change pv-name config for pvc postgresql-k8s2-archive-6758d3ed-postgresql-k8s2-0
[32mINFO    [0m integration.ha_tests.test_smoke:test_smoke.py:190 load and change pv-name config for pvc postgresql-k8s2-data-6758d3ed-postgresql-k8s2-0
[32mINFO    [0m integration.ha_tests.test_smoke:test_smoke.py:190 load and change pv-name config for pvc postgresql-k8s2-logs-6758d3ed-postgresql-k8s2-0
[32mINFO    [0m integration.ha_tests.test_smoke:test_smoke.py:190 load and change pv-name config for pvc postgresql-k8s2-temp-6758d3ed-postgresql-k8s2-0
[32mINFO    [0m integration.ha_tests.test_smoke:test_smoke.py:196 delete pvc postgresql-k8s2-archive-6758d3ed-postgresql-k8s2-0
[32mINFO    [0m httpx:_client.py:1025 HTTP Request: DELETE https://10.1.0.69:16443/api/v1/namespaces/testing/persistentvolumeclaims/postgresql-k8s2-archive-6758d3ed-postgresql-k8s2-0 "HTTP/1.1 200 OK"
[32mINFO    [0m integration.ha_tests.test_smoke:test_smoke.py:196 delete pvc postgresql-k8s2-data-6758d3ed-postgresql-k8s2-0
[32mINFO    [0m httpx:_client.py:1025 HTTP Request: DELETE https://10.1.0.69:16443/api/v1/namespaces/testing/persistentvolumeclaims/postgresql-k8s2-data-6758d3ed-postgresql-k8s2-0 "HTTP/1.1 200 OK"
[32mINFO    [0m integration.ha_tests.test_smoke:test_smoke.py:196 delete pvc postgresql-k8s2-logs-6758d3ed-postgresql-k8s2-0
[32mINFO    [0m httpx:_client.py:1025 HTTP Request: DELETE https://10.1.0.69:16443/api/v1/namespaces/testing/persistentvolumeclaims/postgresql-k8s2-logs-6758d3ed-postgresql-k8s2-0 "HTTP/1.1 200 OK"
[32mINFO    [0m integration.ha_tests.test_smoke:test_smoke.py:196 delete pvc postgresql-k8s2-temp-6758d3ed-postgresql-k8s2-0
[32mINFO    [0m httpx:_client.py:1025 HTTP Request: DELETE https://10.1.0.69:16443/api/v1/namespaces/testing/persistentvolumeclaims/postgresql-k8s2-temp-6758d3ed-postgresql-k8s2-0 "HTTP/1.1 200 OK"
[32mINFO    [0m integration.ha_tests.test_smoke:test_smoke.py:200 remove claimref from pv pvc-84c5c5f8-ee99-4654-a2fc-497f043ffe43
[32mINFO    [0m httpx:_client.py:1025 HTTP Request: PATCH https://10.1.0.69:16443/api/v1/persistentvolumes/pvc-84c5c5f8-ee99-4654-a2fc-497f043ffe43 "HTTP/1.1 200 OK"
[32mINFO    [0m integration.ha_tests.test_smoke:test_smoke.py:200 remove claimref from pv pvc-965194c2-0a34-40cd-97ea-078ef342f1e7
[32mINFO    [0m httpx:_client.py:1025 HTTP Request: PATCH https://10.1.0.69:16443/api/v1/persistentvolumes/pvc-965194c2-0a34-40cd-97ea-078ef342f1e7 "HTTP/1.1 200 OK"
[32mINFO    [0m integration.ha_tests.test_smoke:test_smoke.py:200 remove claimref from pv pvc-a1a49fe0-8fe8-46f8-a715-9be820cbf350
[32mINFO    [0m httpx:_client.py:1025 HTTP Request: PATCH https://10.1.0.69:16443/api/v1/persistentvolumes/pvc-a1a49fe0-8fe8-46f8-a715-9be820cbf350 "HTTP/1.1 200 OK"
[32mINFO    [0m integration.ha_tests.test_smoke:test_smoke.py:200 remove claimref from pv pvc-cca609d9-b837-4cbc-9e55-ecd2abeb8833
[32mINFO    [0m httpx:_client.py:1025 HTTP Request: PATCH https://10.1.0.69:16443/api/v1/persistentvolumes/pvc-cca609d9-b837-4cbc-9e55-ecd2abeb8833 "HTTP/1.1 200 OK"
[32mINFO    [0m integration.ha_tests.test_smoke:test_smoke.py:204 apply pvc postgresql-k8s2-archive-6758d3ed-postgresql-k8s2-0
[32mINFO    [0m httpx:_client.py:1025 HTTP Request: PATCH https://10.1.0.69:16443/api/v1/namespaces/testing/persistentvolumeclaims/postgresql-k8s2-archive-6758d3ed-postgresql-k8s2-0?fieldManager=lightkube "HTTP/1.1 201 Created"
[32mINFO    [0m integration.ha_tests.test_smoke:test_smoke.py:204 apply pvc postgresql-k8s2-data-6758d3ed-postgresql-k8s2-0
[32mINFO    [0m httpx:_client.py:1025 HTTP Request: PATCH https://10.1.0.69:16443/api/v1/namespaces/testing/persistentvolumeclaims/postgresql-k8s2-data-6758d3ed-postgresql-k8s2-0?fieldManager=lightkube "HTTP/1.1 201 Created"
[32mINFO    [0m integration.ha_tests.test_smoke:test_smoke.py:204 apply pvc postgresql-k8s2-logs-6758d3ed-postgresql-k8s2-0
[32mINFO    [0m httpx:_client.py:1025 HTTP Request: PATCH https://10.1.0.69:16443/api/v1/namespaces/testing/persistentvolumeclaims/postgresql-k8s2-logs-6758d3ed-postgresql-k8s2-0?fieldManager=lightkube "HTTP/1.1 201 Created"
[32mINFO    [0m integration.ha_tests.test_smoke:test_smoke.py:204 apply pvc postgresql-k8s2-temp-6758d3ed-postgresql-k8s2-0
[32mINFO    [0m httpx:_client.py:1025 HTTP Request: PATCH https://10.1.0.69:16443/api/v1/namespaces/testing/persistentvolumeclaims/postgresql-k8s2-temp-6758d3ed-postgresql-k8s2-0?fieldManager=lightkube "HTTP/1.1 201 Created"
[32mINFO    [0m integration.ha_tests.test_smoke:test_smoke.py:207 scale to 1
[32mINFO    [0m integration.ha_tests.test_smoke:test_smoke.py:210 waiting for duplicate application to be blocked
[32mINFO    [0m juju.model:__init__.py:3254 Waiting for model:
  postgresql-k8s2 (not enough units yet - 0/1)
[32mINFO    [0m juju.model:__init__.py:3254 Waiting for model:
  postgresql-k8s2/0 [idle] maintenance: installing charm software
[32mINFO    [0m juju.model:__init__.py:3254 Waiting for model:
  postgresql-k8s2/0 [idle] maintenance: installing charm software
[32mINFO    [0m juju.model:__init__.py:3254 Waiting for model:
  postgresql-k8s2/0 [executing] waiting: awaiting for cluster to start
[32mINFO    [0m juju.model:__init__.py:3254 Waiting for model:
  postgresql-k8s2/0 [executing] waiting: awaiting for cluster to start
[32mINFO    [0m juju.model:__init__.py:3254 Waiting for model:
  postgresql-k8s2/0 [executing] waiting: awaiting for primary endpoint to be ready
[32mINFO    [0m juju.model:__init__.py:3254 Waiting for model:
  postgresql-k8s2/0 [executing] waiting: awaiting for cluster to start
[32mINFO    [0m juju.model:__init__.py:3254 Waiting for model:
  postgresql-k8s2/0 [executing] waiting: awaiting for primary endpoint to be ready
[32mINFO    [0m juju.model:__init__.py:3254 Waiting for model:
  postgresql-k8s2/0 [executing] waiting: awaiting for cluster to start
[32mINFO    [0m juju.model:__init__.py:3254 Waiting for model:
  postgresql-k8s2/0 [executing] waiting: awaiting for cluster to start
[32mINFO    [0m juju.model:__init__.py:3254 Waiting for model:
  postgresql-k8s2/0 [executing] waiting: awaiting for cluster to start
[32mINFO    [0m juju.model:__init__.py:3254 Waiting for model:
  postgresql-k8s2/0 [executing] waiting: awaiting for cluster to start
[32mINFO    [0m juju.model:__init__.py:3254 Waiting for model:
  postgresql-k8s2/0 [executing] waiting: awaiting for cluster to start
[32mINFO    [0m juju.model:__init__.py:3254 Waiting for model:
  postgresql-k8s2/0 [executing] waiting: awaiting for cluster to start
[32mINFO    [0m juju.model:__init__.py:3254 Waiting for model:
  postgresql-k8s2/0 [executing] waiting: awaiting for cluster to start
[32mINFO    [0m juju.model:__init__.py:3254 Waiting for model:
  postgresql-k8s2/0 [executing] waiting: awaiting for cluster to start
[32mINFO    [0m juju.model:__init__.py:3254 Waiting for model:
  postgresql-k8s2/0 [executing] waiting: awaiting for cluster to start
[32mINFO    [0m integration.ha_tests.test_smoke:test_smoke.py:216 Application is not in blocked state. Checking logs...
[32mINFO    [0m integration.ha_tests.test_smoke:test_smoke.py:219 checking operator password auth
[32mINFO    [0m pytest_operator.plugin:plugin.py:951 Model status:

Model    Controller          Cloud/Region        Version  SLA          Timestamp
testing  concierge-microk8s  microk8s/localhost  3.6.14   unsupported  02:04:54Z

App              Version  Status   Scale  Charm           Channel  Rev  Address         Exposed  Message
postgresql-k8s2  16.11    waiting      1  postgresql-k8s             1  10.152.183.222  no       installing agent

Unit                Workload  Agent      Address       Ports  Message
postgresql-k8s2/0*  waiting   executing  10.1.100.223         awaiting for cluster to start

[32mINFO    [0m pytest_operator.plugin:plugin.py:957 Juju error logs:

unit-postgresql-k8s-0: 01:51:08 ERROR unit.postgresql-k8s/0.juju-log __main__:failed to patch k8s Service patroni-postgresql-k8s-config
Traceback (most recent call last):
  File "/var/lib/juju/agents/unit-postgresql-k8s-0/charm/venv/lib/python3.12/site-packages/lightkube/core/generic_client.py", line 262, in raise_for_status
    resp.raise_for_status()
  File "/var/lib/juju/agents/unit-postgresql-k8s-0/charm/venv/lib/python3.12/site-packages/httpx/_models.py", line 829, in raise_for_status
    raise HTTPStatusError(message, request=request, response=self)
httpx.HTTPStatusError: Client error '409 Conflict' for url 'https://10.152.183.1/api/v1/namespaces/testing/services/patroni-postgresql-k8s-config?force=true&fieldManager=postgresql-k8s'
For more information check: https://developer.mozilla.org/en-US/docs/Web/HTTP/Status/409

The above exception was the direct cause of the following exception:

Traceback (most recent call last):
  File "/var/lib/juju/agents/unit-postgresql-k8s-0/charm/src/charm.py", line 1715, in _on_stop
    client.apply(
  File "/var/lib/juju/agents/unit-postgresql-k8s-0/charm/venv/lib/python3.12/site-packages/lightkube/core/client.py", line 814, in apply
    return self.patch(
           ^^^^^^^^^^^
  File "/var/lib/juju/agents/unit-postgresql-k8s-0/charm/venv/lib/python3.12/site-packages/lightkube/core/client.py", line 479, in patch
    return self._client.request(
           ^^^^^^^^^^^^^^^^^^^^^
  File "/var/lib/juju/agents/unit-postgresql-k8s-0/charm/venv/lib/python3.12/site-packages/lightkube/core/generic_client.py", line 342, in request
    return self.handle_response(method, resp, br)
           ^^^^^^^^^^^^^^^^^^^^^^^^^^^^^^^^^^^^^^
  File "/var/lib/juju/agents/unit-postgresql-k8s-0/charm/venv/lib/python3.12/site-packages/lightkube/core/generic_client.py", line 276, in handle_response
    self.raise_for_status(resp)
  File "/var/lib/juju/agents/unit-postgresql-k8s-0/charm/venv/lib/python3.12/site-packages/lightkube/core/generic_client.py", line 264, in raise_for_status
    raise transform_exception(e) from e
lightkube.core.exceptions.ApiError: Operation cannot be fulfilled on services "patroni-postgresql-k8s-config": the object has been modified; please apply your changes to the latest version and try again
unit-postgresql-k8s-0: 01:51:49 ERROR unit.postgresql-k8s/0.juju-log root:Uncaught exception while in charm code:
Traceback (most recent call last):
  File "/var/lib/juju/agents/unit-postgresql-k8s-0/charm/src/charm.py", line 3061, in <module>
    main(PostgresqlOperatorCharm, use_juju_for_storage=True)
  File "/var/lib/juju/agents/unit-postgresql-k8s-0/charm/venv/lib/python3.12/site-packages/ops/__init__.py", line 356, in __call__
    return _main.main(charm_class=charm_class, use_juju_for_storage=use_juju_for_storage)
           ^^^^^^^^^^^^^^^^^^^^^^^^^^^^^^^^^^^^^^^^^^^^^^^^^^^^^^^^^^^^^^^^^^^^^^^^^^^^^^
  File "/var/lib/juju/agents/unit-postgresql-k8s-0/charm/venv/lib/python3.12/site-packages/ops/_main.py", line 502, in main
    manager.run()
  File "/var/lib/juju/agents/unit-postgresql-k8s-0/charm/venv/lib/python3.12/site-packages/ops/_main.py", line 486, in run
    self._emit()
  File "/var/lib/juju/agents/unit-postgresql-k8s-0/charm/venv/lib/python3.12/site-packages/ops/_main.py", line 421, in _emit
    self._emit_charm_event(self.dispatcher.event_name)
  File "/var/lib/juju/agents/unit-postgresql-k8s-0/charm/venv/lib/python3.12/site-packages/ops/_main.py", line 465, in _emit_charm_event
    event_to_emit.emit(*args, **kwargs)
  File "/var/lib/juju/agents/unit-postgresql-k8s-0/charm/venv/lib/python3.12/site-packages/ops/framework.py", line 351, in emit
    framework._emit(event)
  File "/var/lib/juju/agents/unit-postgresql-k8s-0/charm/venv/lib/python3.12/site-packages/ops/framework.py", line 924, in _emit
    self._reemit(event_path)
  File "/var/lib/juju/agents/unit-postgresql-k8s-0/charm/venv/lib/python3.12/site-packages/ops/framework.py", line 1030, in _reemit
    custom_handler(event)
  File "/var/lib/juju/agents/unit-postgresql-k8s-0/charm/lib/charms/tempo_coordinator_k8s/v0/charm_tracing.py", line 1153, in wrapped_function
    return callable(*args, **kwargs)  # type: ignore
           ^^^^^^^^^^^^^^^^^^^^^^^^^
  File "/var/lib/juju/agents/unit-postgresql-k8s-0/charm/src/charm.py", line 1236, in _on_postgresql_pebble_ready
    if self.unit.is_leader() and not self._initialize_cluster(event):
                                     ^^^^^^^^^^^^^^^^^^^^^^^^^^^^^^^
  File "/var/lib/juju/agents/unit-postgresql-k8s-0/charm/lib/charms/tempo_coordinator_k8s/v0/charm_tracing.py", line 1153, in wrapped_function
    return callable(*args, **kwargs)  # type: ignore
           ^^^^^^^^^^^^^^^^^^^^^^^^^
  File "/var/lib/juju/agents/unit-postgresql-k8s-0/charm/src/charm.py", line 1323, in _initialize_cluster
    self._setup_users()
  File "/var/lib/juju/agents/unit-postgresql-k8s-0/charm/lib/charms/tempo_coordinator_k8s/v0/charm_tracing.py", line 1153, in wrapped_function
    return callable(*args, **kwargs)  # type: ignore
           ^^^^^^^^^^^^^^^^^^^^^^^^^
  File "/var/lib/juju/agents/unit-postgresql-k8s-0/charm/src/charm.py", line 1350, in _setup_users
    self.postgresql.create_predefined_instance_roles()
  File "/var/lib/juju/agents/unit-postgresql-k8s-0/charm/lib/charms/tempo_coordinator_k8s/v0/charm_tracing.py", line 1153, in wrapped_function
    return callable(*args, **kwargs)  # type: ignore
           ^^^^^^^^^^^^^^^^^^^^^^^^^
  File "/var/lib/juju/agents/unit-postgresql-k8s-0/charm/venv/lib/python3.12/site-packages/single_kernel_postgresql/utils/postgresql.py", line 555, in create_predefined_instance_roles
    cursor.execute(SQL("CREATE EXTENSION IF NOT EXISTS set_user;"))
psycopg2.errors.ReadOnlySqlTransaction: cannot execute CREATE EXTENSION in a read-only transaction

unit-postgresql-k8s-0: 01:51:50 ERROR juju.worker.uniter.operation hook "postgresql-pebble-ready" (via hook dispatching script: dispatch) failed: exit status 1
unit-postgresql-k8s-0: 01:51:50 ERROR juju.worker.uniter pebble poll failed for container "postgresql": failed to send pebble-ready event: hook failed
unit-postgresql-k8s2-0: 01:55:45 ERROR unit.postgresql-k8s2/0.juju-log __main__:failed to change plugins: 
Traceback (most recent call last):
  File "/var/lib/juju/agents/unit-postgresql-k8s2-0/charm/venv/lib/python3.12/site-packages/single_kernel_postgresql/utils/postgresql.py", line 804, in enable_disable_extensions
    with self._connect_to_database() as connection, connection.cursor() as cursor:
         ^^^^^^^^^^^^^^^^^^^^^^^^^^^
  File "/var/lib/juju/agents/unit-postgresql-k8s2-0/charm/lib/charms/tempo_coordinator_k8s/v0/charm_tracing.py", line 1153, in wrapped_function
    return callable(*args, **kwargs)  # type: ignore
           ^^^^^^^^^^^^^^^^^^^^^^^^^
  File "/var/lib/juju/agents/unit-postgresql-k8s2-0/charm/venv/lib/python3.12/site-packages/single_kernel_postgresql/utils/postgresql.py", line 304, in _connect_to_database
    connection = psycopg2.connect(
                 ^^^^^^^^^^^^^^^^^
  File "/var/lib/juju/agents/unit-postgresql-k8s2-0/charm/venv/lib/python3.12/site-packages/psycopg2/__init__.py", line 122, in connect
    conn = _connect(dsn, connection_factory=connection_factory, **kwasync)
           ^^^^^^^^^^^^^^^^^^^^^^^^^^^^^^^^^^^^^^^^^^^^^^^^^^^^^^^^^^^^^^^
psycopg2.OperationalError: connection to server at "postgresql-k8s2-primary.testing.svc.cluster.local" (10.152.183.91), port 5432 failed: Connection refused
	Is the server running on that host and accepting TCP/IP connections?


The above exception was the direct cause of the following exception:

Traceback (most recent call last):
  File "/var/lib/juju/agents/unit-postgresql-k8s2-0/charm/src/charm.py", line 930, in _handle_enable_disable_extensions
    self.postgresql.enable_disable_extensions(extensions, database)
  File "/var/lib/juju/agents/unit-postgresql-k8s2-0/charm/lib/charms/tempo_coordinator_k8s/v0/charm_tracing.py", line 1153, in wrapped_function
    return callable(*args, **kwargs)  # type: ignore
           ^^^^^^^^^^^^^^^^^^^^^^^^^
  File "/var/lib/juju/agents/unit-postgresql-k8s2-0/charm/venv/lib/python3.12/site-packages/single_kernel_postgresql/utils/postgresql.py", line 833, in enable_disable_extensions
    raise PostgreSQLEnableDisableExtensionError() from e
single_kernel_postgresql.utils.postgresql.PostgreSQLEnableDisableExtensionError
unit-postgresql-k8s2-0: 01:56:19 ERROR unit.postgresql-k8s2/0.juju-log __main__:failed to patch k8s Service patroni-postgresql-k8s2-config
Traceback (most recent call last):
  File "/var/lib/juju/agents/unit-postgresql-k8s2-0/charm/venv/lib/python3.12/site-packages/lightkube/core/generic_client.py", line 262, in raise_for_status
    resp.raise_for_status()
  File "/var/lib/juju/agents/unit-postgresql-k8s2-0/charm/venv/lib/python3.12/site-packages/httpx/_models.py", line 829, in raise_for_status
    raise HTTPStatusError(message, request=request, response=self)
httpx.HTTPStatusError: Client error '409 Conflict' for url 'https://10.152.183.1/api/v1/namespaces/testing/services/patroni-postgresql-k8s2-config?force=true&fieldManager=postgresql-k8s2'
For more information check: https://developer.mozilla.org/en-US/docs/Web/HTTP/Status/409

The above exception was the direct cause of the following exception:

Traceback (most recent call last):
  File "/var/lib/juju/agents/unit-postgresql-k8s2-0/charm/src/charm.py", line 1715, in _on_stop
    client.apply(
  File "/var/lib/juju/agents/unit-postgresql-k8s2-0/charm/venv/lib/python3.12/site-packages/lightkube/core/client.py", line 814, in apply
    return self.patch(
           ^^^^^^^^^^^
  File "/var/lib/juju/agents/unit-postgresql-k8s2-0/charm/venv/lib/python3.12/site-packages/lightkube/core/client.py", line 479, in patch
    return self._client.request(
           ^^^^^^^^^^^^^^^^^^^^^
  File "/var/lib/juju/agents/unit-postgresql-k8s2-0/charm/venv/lib/python3.12/site-packages/lightkube/core/generic_client.py", line 342, in request
    return self.handle_response(method, resp, br)
           ^^^^^^^^^^^^^^^^^^^^^^^^^^^^^^^^^^^^^^
  File "/var/lib/juju/agents/unit-postgresql-k8s2-0/charm/venv/lib/python3.12/site-packages/lightkube/core/generic_client.py", line 276, in handle_response
    self.raise_for_status(resp)
  File "/var/lib/juju/agents/unit-postgresql-k8s2-0/charm/venv/lib/python3.12/site-packages/lightkube/core/generic_client.py", line 264, in raise_for_status
    raise transform_exception(e) from e
lightkube.core.exceptions.ApiError: Operation cannot be fulfilled on services "patroni-postgresql-k8s2-config": the object has been modified; please apply your changes to the latest version and try again
unit-postgresql-k8s2-0: 01:59:05 ERROR unit.postgresql-k8s2/0.juju-log __main__:calling self.fix_leader_annotation()
unit-postgresql-k8s2-0: 01:59:17 ERROR unit.postgresql-k8s2/0.juju-log __main__:calling self.fix_leader_annotation()
unit-postgresql-k8s2-0: 01:59:29 ERROR unit.postgresql-k8s2/0.juju-log __main__:calling self.fix_leader_annotation()
unit-postgresql-k8s2-0: 01:59:41 ERROR unit.postgresql-k8s2/0.juju-log __main__:calling self.fix_leader_annotation()
unit-postgresql-k8s2-0: 01:59:53 ERROR unit.postgresql-k8s2/0.juju-log __main__:calling self.fix_leader_annotation()
unit-postgresql-k8s2-0: 02:00:06 ERROR unit.postgresql-k8s2/0.juju-log __main__:calling self.fix_leader_annotation()
unit-postgresql-k8s2-0: 02:00:18 ERROR unit.postgresql-k8s2/0.juju-log __main__:calling self.fix_leader_annotation()
unit-postgresql-k8s2-0: 02:00:30 ERROR unit.postgresql-k8s2/0.juju-log __main__:calling self.fix_leader_annotation()
unit-postgresql-k8s2-0: 02:00:43 ERROR unit.postgresql-k8s2/0.juju-log __main__:calling self.fix_leader_annotation()
unit-postgresql-k8s2-0: 02:00:55 ERROR unit.postgresql-k8s2/0.juju-log __main__:calling self.fix_leader_annotation()
unit-postgresql-k8s2-0: 02:01:07 ERROR unit.postgresql-k8s2/0.juju-log __main__:calling self.fix_leader_annotation()
unit-postgresql-k8s2-0: 02:01:19 ERROR unit.postgresql-k8s2/0.juju-log __main__:calling self.fix_leader_annotation()
unit-postgresql-k8s2-0: 02:01:32 ERROR unit.postgresql-k8s2/0.juju-log __main__:calling self.fix_leader_annotation()
unit-postgresql-k8s2-0: 02:01:44 ERROR unit.postgresql-k8s2/0.juju-log __main__:calling self.fix_leader_annotation()
unit-postgresql-k8s2-0: 02:01:56 ERROR unit.postgresql-k8s2/0.juju-log __main__:calling self.fix_leader_annotation()
unit-postgresql-k8s2-0: 02:02:08 ERROR unit.postgresql-k8s2/0.juju-log __main__:calling self.fix_leader_annotation()
unit-postgresql-k8s2-0: 02:02:21 ERROR unit.postgresql-k8s2/0.juju-log __main__:calling self.fix_leader_annotation()
unit-postgresql-k8s2-0: 02:02:33 ERROR unit.postgresql-k8s2/0.juju-log __main__:calling self.fix_leader_annotation()
unit-postgresql-k8s2-0: 02:02:45 ERROR unit.postgresql-k8s2/0.juju-log __main__:calling self.fix_leader_annotation()
unit-postgresql-k8s2-0: 02:02:57 ERROR unit.postgresql-k8s2/0.juju-log __main__:calling self.fix_leader_annotation()
unit-postgresql-k8s2-0: 02:03:10 ERROR unit.postgresql-k8s2/0.juju-log __main__:calling self.fix_leader_annotation()
unit-postgresql-k8s2-0: 02:03:22 ERROR unit.postgresql-k8s2/0.juju-log __main__:calling self.fix_leader_annotation()
unit-postgresql-k8s2-0: 02:03:34 ERROR unit.postgresql-k8s2/0.juju-log __main__:calling self.fix_leader_annotation()
unit-postgresql-k8s2-0: 02:03:47 ERROR unit.postgresql-k8s2/0.juju-log __main__:calling self.fix_leader_annotation()
unit-postgresql-k8s2-0: 02:03:59 ERROR unit.postgresql-k8s2/0.juju-log __main__:calling self.fix_leader_annotation()
unit-postgresql-k8s2-0: 02:04:11 ERROR unit.postgresql-k8s2/0.juju-log __main__:calling self.fix_leader_annotation()
unit-postgresql-k8s2-0: 02:04:23 ERROR unit.postgresql-k8s2/0.juju-log __main__:calling self.fix_leader_annotation()
unit-postgresql-k8s2-0: 02:04:36 ERROR unit.postgresql-k8s2/0.juju-log __main__:calling self.fix_leader_annotation()
unit-postgresql-k8s2-0: 02:04:48 ERROR unit.postgresql-k8s2/0.juju-log __main__:calling self.fix_leader_annotation()

[32mINFO    [0m pytest_operator.plugin:plugin.py:1039 Forgetting model main...