[33mWARNING [0m juju.client.connection:connection.py:858 unexpected facade SSHServer received from the controller
[32mINFO    [0m pytest_operator.plugin:plugin.py:806 Connecting to existing model concierge-microk8s:testing on unspecified cloud
[33mWARNING [0m juju.client.connection:connection.py:858 unexpected facade SSHServer received from the controller
[33mWARNING [0m juju.client.connection:connection.py:858 unexpected facade SSHSession received from the controller
[33mWARNING [0m juju.client.connection:connection.py:858 unexpected facade SSHTunneler received from the controller
[33mWARNING [0m juju.client.connection:connection.py:858 unexpected facade SSHServer received from the controller
[33mWARNING [0m juju.client.connection:connection.py:858 unexpected facade SSHServer received from the controller
[32mINFO    [0m juju.model:__init__.py:2301 Deploying local:postgresql-k8s-0
[32mINFO    [0m juju.model:__init__.py:3254 Waiting for model:
  postgresql-k8s (waiting for exactly 3 units, current : 2)
[32mINFO    [0m juju.model:__init__.py:3254 Waiting for model:
  postgresql-k8s/0 [executing] maintenance: installing charm software
  postgresql-k8s/1 [allocating] waiting: installing agent
  postgresql-k8s/2 [allocating] waiting: agent initialising
[32mINFO    [0m pytest_operator.plugin:plugin.py:951 Model status:

Model    Controller          Cloud/Region        Version  SLA          Timestamp
testing  concierge-microk8s  microk8s/localhost  3.6.14   unsupported  01:31:06Z

App             Version  Status   Scale  Charm           Channel  Rev  Address         Exposed  Message
postgresql-k8s  16.11    waiting      3  postgresql-k8s             0  10.152.183.246  no       installing agent

Unit               Workload     Agent      Address      Ports  Message
postgresql-k8s/0*  blocked      executing  10.1.76.143         Failed to create pre-defined roles
postgresql-k8s/1   maintenance  executing  10.1.76.152         installing charm software
postgresql-k8s/2   maintenance  executing  10.1.76.151         installing charm software

[32mINFO    [0m pytest_operator.plugin:plugin.py:957 Juju error logs:

unit-postgresql-k8s-0: 01:31:06 ERROR unit.postgresql-k8s/0.juju-log single_kernel_postgresql.utils.postgresql:Failed to create predefined instance roles: connection to server at "postgresql-k8s-primary.testing.svc.cluster.local" (10.152.183.196), port 5432 failed: Connection refused
	Is the server running on that host and accepting TCP/IP connections?

unit-postgresql-k8s-0: 01:31:06 ERROR unit.postgresql-k8s/0.juju-log __main__:Failed to create pre-defined roles
Traceback (most recent call last):
  File "/var/lib/juju/agents/unit-postgresql-k8s-0/charm/venv/lib/python3.12/site-packages/single_kernel_postgresql/utils/postgresql.py", line 591, in create_predefined_instance_roles
    with self._connect_to_database(
         ^^^^^^^^^^^^^^^^^^^^^^^^^^
  File "/var/lib/juju/agents/unit-postgresql-k8s-0/charm/lib/charms/tempo_coordinator_k8s/v0/charm_tracing.py", line 946, in wrapped_function
    return callable(*args, **kwargs)  # type: ignore
           ^^^^^^^^^^^^^^^^^^^^^^^^^
  File "/var/lib/juju/agents/unit-postgresql-k8s-0/charm/venv/lib/python3.12/site-packages/single_kernel_postgresql/utils/postgresql.py", line 306, in _connect_to_database
    connection = psycopg2.connect(
                 ^^^^^^^^^^^^^^^^^
  File "/var/lib/juju/agents/unit-postgresql-k8s-0/charm/venv/lib/python3.12/site-packages/psycopg2/__init__.py", line 122, in connect
    conn = _connect(dsn, connection_factory=connection_factory, **kwasync)
           ^^^^^^^^^^^^^^^^^^^^^^^^^^^^^^^^^^^^^^^^^^^^^^^^^^^^^^^^^^^^^^^
psycopg2.OperationalError: connection to server at "postgresql-k8s-primary.testing.svc.cluster.local" (10.152.183.196), port 5432 failed: Connection refused
	Is the server running on that host and accepting TCP/IP connections?


The above exception was the direct cause of the following exception:

Traceback (most recent call last):
  File "/var/lib/juju/agents/unit-postgresql-k8s-0/charm/src/charm.py", line 1325, in _initialize_cluster
    self._setup_users()
  File "/var/lib/juju/agents/unit-postgresql-k8s-0/charm/lib/charms/tempo_coordinator_k8s/v0/charm_tracing.py", line 946, in wrapped_function
    return callable(*args, **kwargs)  # type: ignore
           ^^^^^^^^^^^^^^^^^^^^^^^^^
  File "/var/lib/juju/agents/unit-postgresql-k8s-0/charm/src/charm.py", line 1352, in _setup_users
    self.postgresql.create_predefined_instance_roles()
  File "/var/lib/juju/agents/unit-postgresql-k8s-0/charm/lib/charms/tempo_coordinator_k8s/v0/charm_tracing.py", line 946, in wrapped_function
    return callable(*args, **kwargs)  # type: ignore
           ^^^^^^^^^^^^^^^^^^^^^^^^^
  File "/var/lib/juju/agents/unit-postgresql-k8s-0/charm/venv/lib/python3.12/site-packages/single_kernel_postgresql/utils/postgresql.py", line 606, in create_predefined_instance_roles
    raise PostgreSQLCreatePredefinedRolesError() from e
single_kernel_postgresql.utils.postgresql.PostgreSQLCreatePredefinedRolesError

[32mINFO    [0m pytest_operator.plugin:plugin.py:1039 Forgetting model main...