[32mINFO    [0m juju.model:__init__.py:2301 Deploying ch:amd64/focal/indico-301
[32mINFO    [0m juju.model:__init__.py:2301 Deploying ch:amd64/jammy/redis-k8s-42
[32mINFO    [0m juju.model:__init__.py:2301 Deploying ch:amd64/jammy/redis-k8s-42
[33mWARNING [0m juju.model:__init__.py:1683 relate is deprecated and will be removed. Use integrate instead.
[33mWARNING [0m juju.model:__init__.py:1683 relate is deprecated and will be removed. Use integrate instead.
[32mINFO    [0m juju.model:__init__.py:3254 Waiting for model:
  indico/0 [allocating] waiting: installing agent
[32mINFO    [0m juju.model:__init__.py:3254 Waiting for model:
  indico/0 [executing] maintenance: installing charm software
[32mINFO    [0m juju.model:__init__.py:3254 Waiting for model:
  indico/0 [idle] waiting: Waiting for database availability
[32mINFO    [0m integration.new_relations.test_new_relations_2:test_new_relations_2.py:171 Verifying that the charm doesn't block when the extensions are enabled
[32mINFO    [0m juju.model:__init__.py:3254 Waiting for model:
  database/0 [executing] active: 
  database/1 [executing] active: 
  database/2 [executing] active: Primary
[32mINFO    [0m juju.model:__init__.py:3254 Waiting for model:
  database/0 [idle] active: 
  database/1 [idle] active: 
  database/2 [idle] active: Primary
[33mWARNING [0m juju.model:__init__.py:1683 relate is deprecated and will be removed. Use integrate instead.
[32mINFO    [0m juju.model:__init__.py:3254 Waiting for model:
  database/0 [idle] active: 
  database/1 [idle] active: 
  database/2 [idle] active: Primary
  indico/0 [executing] waiting: Waiting for database availability
[32mINFO    [0m juju.model:__init__.py:3254 Waiting for model:
  database/0 [executing] active: 
  database/1 [executing] active: 
  database/2 [executing] active: Primary
  indico/0 [idle] waiting: Waiting for pebble
[32mINFO    [0m juju.model:__init__.py:3254 Waiting for model:
  indico/0 [executing] maintenance: Adding indico layer to pebble
[32mINFO    [0m juju.model:__init__.py:3254 Waiting for model:
  indico/0 [idle] active:
[32mINFO    [0m pytest_operator.plugin:plugin.py:951 Model status:

Model    Controller          Cloud/Region        Version  SLA          Timestamp
testing  concierge-microk8s  microk8s/localhost  3.6.14   unsupported  00:23:25Z

App                  Version  Status  Scale  Charm           Channel        Rev  Address         Exposed  Message
database             14.20    active      3  postgresql-k8s                   0  10.152.183.220  no       
indico               3.3.9    active      1  indico          latest/edge    301  10.152.183.111  no       
other-discourse-k8s  3.5.3    active      1  discourse-k8s   latest/stable  229  10.152.183.201  no       
redis-broker         7.2.5    active      1  redis-k8s       latest/edge     42  10.152.183.36   no       
redis-cache          7.2.5    active      1  redis-k8s       latest/edge     42  10.152.183.146  no       
redis-k8s            7.2.5    active      1  redis-k8s       latest/edge     42  10.152.183.254  no       

Unit                    Workload  Agent  Address      Ports  Message
database/0              active    idle   10.1.76.139         
database/1              active    idle   10.1.76.140         
database/2*             active    idle   10.1.76.141         Primary
indico/0*               active    idle   10.1.76.146         
other-discourse-k8s/0*  active    idle   10.1.76.145         
redis-broker/0*         active    idle   10.1.76.148         
redis-cache/0*          active    idle   10.1.76.150         
redis-k8s/0*            active    idle   10.1.76.144         

[32mINFO    [0m pytest_operator.plugin:plugin.py:957 Juju error logs:

unit-database-0: 00:10:37 ERROR unit.database/0.juju-log Uncaught exception while in charm code:
Traceback (most recent call last):
  File "/var/lib/juju/agents/unit-database-0/charm/venv/lib/python3.10/site-packages/ops/model.py", line 3570, in _wrap_hookcmd
    yield
  File "/var/lib/juju/agents/unit-database-0/charm/venv/lib/python3.10/site-packages/ops/model.py", line 3921, in secret_get
    return hookcmds.secret_get(
  File "/var/lib/juju/agents/unit-database-0/charm/venv/lib/python3.10/site-packages/ops/hookcmds/_secret.py", line 153, in secret_get
    stdout = run('secret-get', '--format=json', *args)
  File "/var/lib/juju/agents/unit-database-0/charm/venv/lib/python3.10/site-packages/ops/hookcmds/_utils.py", line 53, in run
    raise Error(returncode=e.returncode, cmd=e.cmd, stdout=e.stdout, stderr=e.stderr) from None
ops.hookcmds._utils.Error: command ('secret-get', '--format=json', '--label', 'database-peers.database.app') exited with status 1

The above exception was the direct cause of the following exception:

Traceback (most recent call last):
  File "/var/lib/juju/agents/unit-database-0/charm/src/charm.py", line 2785, in <module>
    main(PostgresqlOperatorCharm, use_juju_for_storage=True)
  File "/var/lib/juju/agents/unit-database-0/charm/venv/lib/python3.10/site-packages/ops/__init__.py", line 360, in __call__
    return _main.main(charm_class=charm_class, use_juju_for_storage=use_juju_for_storage)
  File "/var/lib/juju/agents/unit-database-0/charm/venv/lib/python3.10/site-packages/ops/_main.py", line 507, in main
    manager.run()
  File "/var/lib/juju/agents/unit-database-0/charm/venv/lib/python3.10/site-packages/ops/_main.py", line 491, in run
    self._emit()
  File "/var/lib/juju/agents/unit-database-0/charm/venv/lib/python3.10/site-packages/ops/_main.py", line 426, in _emit
    self._emit_charm_event(self.dispatcher.event_name)
  File "/var/lib/juju/agents/unit-database-0/charm/venv/lib/python3.10/site-packages/ops/_main.py", line 470, in _emit_charm_event
    event_to_emit.emit(*args, **kwargs)
  File "/var/lib/juju/agents/unit-database-0/charm/venv/lib/python3.10/site-packages/ops/framework.py", line 337, in emit
    framework._emit(event)
  File "/var/lib/juju/agents/unit-database-0/charm/venv/lib/python3.10/site-packages/ops/framework.py", line 910, in _emit
    self._reemit(event_path)
  File "/var/lib/juju/agents/unit-database-0/charm/venv/lib/python3.10/site-packages/ops/framework.py", line 1028, in _reemit
    custom_handler(event)
  File "/var/lib/juju/agents/unit-database-0/charm/lib/charms/tempo_coordinator_k8s/v0/charm_tracing.py", line 946, in wrapped_function
    return callable(*args, **kwargs)  # type: ignore
  File "/var/lib/juju/agents/unit-database-0/charm/src/charm.py", line 993, in _on_postgresql_pebble_ready
    self.unit.set_workload_version(self._patroni.rock_postgresql_version)
  File "/usr/lib/python3.10/functools.py", line 981, in __get__
    val = self.func(instance)
  File "/var/lib/juju/agents/unit-database-0/charm/src/charm.py", line 1653, in _patroni
    self.get_secret(APP_SCOPE, REWIND_PASSWORD_KEY),
  File "/var/lib/juju/agents/unit-database-0/charm/lib/charms/tempo_coordinator_k8s/v0/charm_tracing.py", line 946, in wrapped_function
    return callable(*args, **kwargs)  # type: ignore
  File "/var/lib/juju/agents/unit-database-0/charm/src/charm.py", line 396, in get_secret
    return self.peer_relation_data(scope).get_secret(peers.id, secret_key)
  File "/var/lib/juju/agents/unit-database-0/charm/lib/charms/data_platform_libs/v0/data_interfaces.py", line 649, in wrapper
    return f(self, *args, **kwargs)
  File "/var/lib/juju/agents/unit-database-0/charm/lib/charms/data_platform_libs/v0/data_interfaces.py", line 2542, in get_secret
    and field not in self.current_secret_fields
  File "/var/lib/juju/agents/unit-database-0/charm/lib/charms/data_platform_libs/v0/data_interfaces.py", line 2498, in current_secret_fields
    if content := self._get_group_secret_contents(relation, group):
  File "/var/lib/juju/agents/unit-database-0/charm/lib/charms/data_platform_libs/v0/data_interfaces.py", line 2839, in _get_group_secret_contents
    result = super()._get_group_secret_contents(relation, group, secret_fields)
  File "/var/lib/juju/agents/unit-database-0/charm/lib/charms/data_platform_libs/v0/data_interfaces.py", line 1499, in _get_group_secret_contents
    if (secret := self._get_relation_secret(relation.id, group)) and (
  File "/var/lib/juju/agents/unit-database-0/charm/lib/charms/data_platform_libs/v0/data_interfaces.py", line 636, in wrapper
    return f(self, *args, **kwargs)
  File "/var/lib/juju/agents/unit-database-0/charm/lib/charms/data_platform_libs/v0/data_interfaces.py", line 2826, in _get_relation_secret
    return self.secrets.get(
  File "/var/lib/juju/agents/unit-database-0/charm/lib/charms/data_platform_libs/v0/data_interfaces.py", line 981, in get
    if secret.meta:
  File "/var/lib/juju/agents/unit-database-0/charm/lib/charms/data_platform_libs/v0/data_interfaces.py", line 804, in meta
    self._secret_meta = self._model.get_secret(label=self.label)
  File "/var/lib/juju/agents/unit-database-0/charm/venv/lib/python3.10/site-packages/ops/model.py", line 309, in get_secret
    content = self._backend.secret_get(id=id, label=label)
  File "/var/lib/juju/agents/unit-database-0/charm/venv/lib/python3.10/site-packages/ops/model.py", line 3920, in secret_get
    with self._wrap_hookcmd('secret-get', id=id, label=label, refresh=refresh, peek=peek):
  File "/usr/lib/python3.10/contextlib.py", line 153, in __exit__
    self.gen.throw(typ, value, traceback)
  File "/var/lib/juju/agents/unit-database-0/charm/venv/lib/python3.10/site-packages/ops/model.py", line 3580, in _wrap_hookcmd
    raise ModelError(e.stderr) from e
ops.model.ModelError: ERROR permission denied

unit-database-0: 00:10:37 ERROR juju.worker.uniter.operation hook "postgresql-pebble-ready" (via hook dispatching script: dispatch) failed: exit status 1
unit-database-0: 00:10:37 ERROR juju.worker.uniter pebble poll failed for container "postgresql": failed to send pebble-ready event: hook failed
unit-database-2: 00:10:52 ERROR unit.database/2.juju-log failed to change plugins: 
Traceback (most recent call last):
  File "/var/lib/juju/agents/unit-database-2/charm/lib/charms/postgresql_k8s/v0/postgresql.py", line 442, in enable_disable_extensions
    with self._connect_to_database() as connection, connection.cursor() as cursor:
  File "/var/lib/juju/agents/unit-database-2/charm/lib/charms/tempo_coordinator_k8s/v0/charm_tracing.py", line 946, in wrapped_function
    return callable(*args, **kwargs)  # type: ignore
  File "/var/lib/juju/agents/unit-database-2/charm/lib/charms/postgresql_k8s/v0/postgresql.py", line 184, in _connect_to_database
    connection = psycopg2.connect(
  File "/var/lib/juju/agents/unit-database-2/charm/venv/lib/python3.10/site-packages/psycopg2/__init__.py", line 122, in connect
    conn = _connect(dsn, connection_factory=connection_factory, **kwasync)
psycopg2.OperationalError: connection to server at "database-primary.testing.svc.cluster.local" (10.152.183.79), port 5432 failed: Connection refused
	Is the server running on that host and accepting TCP/IP connections?


The above exception was the direct cause of the following exception:

Traceback (most recent call last):
  File "/var/lib/juju/agents/unit-database-2/charm/src/charm.py", line 783, in _handle_enable_disable_extensions
    self.postgresql.enable_disable_extensions(extensions, database)
  File "/var/lib/juju/agents/unit-database-2/charm/lib/charms/tempo_coordinator_k8s/v0/charm_tracing.py", line 946, in wrapped_function
    return callable(*args, **kwargs)  # type: ignore
  File "/var/lib/juju/agents/unit-database-2/charm/lib/charms/postgresql_k8s/v0/postgresql.py", line 471, in enable_disable_extensions
    raise PostgreSQLEnableDisableExtensionError() from e
charms.postgresql_k8s.v0.postgresql.PostgreSQLEnableDisableExtensionError
unit-database-0: 00:11:15 ERROR unit.database/0.juju-log database-peers:0: Failed to list PostgreSQL database users: connection to server at "database-0.database-endpoints.testing.svc.cluster.local" (10.1.76.139), port 5432 failed: Connection refused
	Is the server running on that host and accepting TCP/IP connections?

unit-database-1: 00:11:28 ERROR unit.database/1.juju-log database-peers:0: Failed to list PostgreSQL database users: connection to server at "database-1.database-endpoints.testing.svc.cluster.local" (10.1.76.140), port 5432 failed: Connection refused
	Is the server running on that host and accepting TCP/IP connections?

unit-redis-k8s-0: 00:12:53 ERROR unit.redis-k8s/0.juju-log redis-peers:3: Error when connecting to sentinel: Error 111 connecting to 0.0.0.0:26379. Connection refused.
unit-redis-k8s-0: 00:12:53 ERROR unit.redis-k8s/0.juju-log redis-peers:3: Unit redis-k8s/0 doesn't agree on tracked master
unit-redis-k8s-0: 00:12:53 ERROR unit.redis-k8s/0.juju-log redis-peers:3: Error when connecting to sentinel: Error 111 connecting to localhost:26379. Connection refused.
unit-database-2: 00:19:11 ERROR juju.worker.dependency "log-sender" manifold worker returned unexpected error: sending log message: websocket: close 1005 (no status): websocket: close sent
unit-database-1: 00:19:11 ERROR juju.worker.dependency "log-sender" manifold worker returned unexpected error: sending log message: websocket: close 1005 (no status): websocket: close sent
unit-database-0: 00:19:11 ERROR juju.worker.dependency "log-sender" manifold worker returned unexpected error: sending log message: websocket: close 1005 (no status): websocket: close sent
unit-redis-k8s-0: 00:19:19 ERROR juju.worker.dependency "log-sender" manifold worker returned unexpected error: sending log message: websocket: close 1005 (no status): websocket: close sent
unit-other-discourse-k8s-0: 00:19:28 ERROR juju.worker.dependency "log-sender" manifold worker returned unexpected error: sending log message: websocket: close 1005 (no status): websocket: close sent
unit-database-2: 00:22:36 ERROR juju.worker.dependency "log-sender" manifold worker returned unexpected error: sending log message: websocket: close 1005 (no status): websocket: close sent
unit-database-1: 00:22:38 ERROR juju.worker.dependency "log-sender" manifold worker returned unexpected error: sending log message: websocket: close 1005 (no status): websocket: close sent
unit-database-0: 00:22:38 ERROR juju.worker.dependency "log-sender" manifold worker returned unexpected error: sending log message: websocket: close 1005 (no status): websocket: close sent

[32mINFO    [0m pytest_operator.plugin:plugin.py:1039 Forgetting model main...