[32mINFO    [0m integration.conftest:conftest.py:116 Setting up TLS certificates
[32mINFO    [0m integration.conftest:conftest.py:181 Setting up microceph
[32mINFO    [0m integration.conftest:conftest.py:210 Set up microceph
[33mWARNING [0m juju.client.connection:connection.py:858 unexpected facade SSHServer received from the controller
[32mINFO    [0m pytest_operator.plugin:plugin.py:806 Connecting to existing model concierge-microk8s:testing on unspecified cloud
[33mWARNING [0m juju.client.connection:connection.py:858 unexpected facade SSHServer received from the controller
[33mWARNING [0m juju.client.connection:connection.py:858 unexpected facade SSHSession received from the controller
[33mWARNING [0m juju.client.connection:connection.py:858 unexpected facade SSHTunneler received from the controller
[33mWARNING [0m juju.client.connection:connection.py:858 unexpected facade SSHServer received from the controller
[33mWARNING [0m juju.client.connection:connection.py:858 unexpected facade SSHServer received from the controller
[32mINFO    [0m juju.model:__init__.py:2301 Deploying ch:amd64/jammy/s3-integrator-145
[32mINFO    [0m juju.model:__init__.py:2301 Deploying ch:amd64/noble/self-signed-certificates-317
[32mINFO    [0m juju.model:__init__.py:2301 Deploying local:postgresql-k8s-0
[33mWARNING [0m juju.model:__init__.py:1683 relate is deprecated and will be removed. Use integrate instead.
[32mINFO    [0m juju.model:__init__.py:3254 Waiting for model:
  postgresql-k8s-ceph/0 [allocating] waiting: installing agent
  postgresql-k8s-ceph/1 [allocating] waiting: installing agent
[32mINFO    [0m juju.model:__init__.py:3254 Waiting for model:
  postgresql-k8s-ceph/0 [allocating] waiting: agent initialising
  postgresql-k8s-ceph/1 [allocating] waiting: agent initialising
[32mINFO    [0m juju.model:__init__.py:3254 Waiting for model:
  postgresql-k8s-ceph/0 [executing] unknown: 
  postgresql-k8s-ceph/1 [executing] active: Primary (degraded)
[32mINFO    [0m juju.model:__init__.py:3254 Waiting for model:
  postgresql-k8s-ceph/0 [idle] waiting: awaiting for cluster to start
  postgresql-k8s-ceph/1 [idle] maintenance: reconfiguring cluster
[32mINFO    [0m juju.model:__init__.py:3254 Waiting for model:
  postgresql-k8s-ceph/0 [executing] active: 
  postgresql-k8s-ceph/1 [executing] active: Primary
[33mWARNING [0m juju.model:__init__.py:1683 relate is deprecated and will be removed. Use integrate instead.
[32mINFO    [0m integration.backup_helpers:backup_helpers.py:56 configuring S3 integrator for ceph
[32mINFO    [0m juju.model:__init__.py:3254 Waiting for model:
  postgresql-k8s-ceph/0 [executing] active: 
  postgresql-k8s-ceph/1 [executing] active: Primary
  s3-integrator/0 [executing] blocked: Missing parameters: ['access-key', 'secret-key']
[32mINFO    [0m juju.model:__init__.py:3254 Waiting for model:
  postgresql-k8s-ceph/0 [idle] active: 
  postgresql-k8s-ceph/1 [idle] maintenance: checking stanza
  s3-integrator/0 [idle] active: 
[32mINFO    [0m juju.model:__init__.py:3254 Waiting for model:
  postgresql-k8s-ceph/0 [idle] active: 
  postgresql-k8s-ceph/1 [idle] active: Primary
[32mINFO    [0m integration.backup_helpers:backup_helpers.py:104 creating a table in the database
[32mINFO    [0m juju.model:__init__.py:3254 Waiting for model:
  s3-integrator/0 [idle] active: 
  self-signed-certificates/0 [idle] active: 
  postgresql-k8s-ceph/0 [idle] active: 
  postgresql-k8s-ceph/1 [idle] active: Primary
[32mINFO    [0m integration.backup_helpers:backup_helpers.py:115 creating a backup
[32mINFO    [0m juju.model:__init__.py:3254 Waiting for model:
  s3-integrator/0 [idle] active: 
  self-signed-certificates/0 [idle] active: 
  postgresql-k8s-ceph/0 [idle] active: 
  postgresql-k8s-ceph/1 [executing] active: Primary
[32mINFO    [0m integration.backup_helpers:backup_helpers.py:124 listing the available backups
[32mINFO    [0m juju.model:__init__.py:3254 Waiting for model:
  s3-integrator/0 [idle] active: 
  self-signed-certificates/0 [idle] active: 
  postgresql-k8s-ceph/0 [idle] active: 
  postgresql-k8s-ceph/1 [idle] active: Primary
[32mINFO    [0m integration.backup_helpers:backup_helpers.py:133 creating a second table in the database
[32mINFO    [0m integration.backup_helpers:backup_helpers.py:140 creating a backup
[32mINFO    [0m juju.model:__init__.py:3254 Waiting for model:
  s3-integrator/0 [idle] active: 
  self-signed-certificates/0 [idle] active: 
  postgresql-k8s-ceph/0 [idle] active: 
  postgresql-k8s-ceph/1 [idle] active: Primary
[32mINFO    [0m integration.backup_helpers:backup_helpers.py:151 listing the available backups
[32mINFO    [0m juju.model:__init__.py:3254 Waiting for model:
  s3-integrator/0 [idle] active: 
  self-signed-certificates/0 [idle] active: 
  postgresql-k8s-ceph/0 [idle] active: 
  postgresql-k8s-ceph/1 [idle] active: Primary
[32mINFO    [0m integration.backup_helpers:backup_helpers.py:160 creating a second table in the database
[32mINFO    [0m juju.model:__init__.py:3254 Waiting for model:
  postgresql-k8s-ceph (waiting for exactly 1 units, current : 2)
[32mINFO    [0m juju.model:__init__.py:3254 Waiting for model:
  postgresql-k8s-ceph (waiting for exactly 1 units, current : 2)
[32mINFO    [0m juju.model:__init__.py:3254 Waiting for model:
  postgresql-k8s-ceph/0 [idle] active: Primary
[32mINFO    [0m integration.backup_helpers:backup_helpers.py:176 restoring the backup
[32mINFO    [0m juju.model:__init__.py:3254 Waiting for model:
  s3-integrator/0 [idle] active: 
  self-signed-certificates/0 [idle] active: 
  postgresql-k8s-ceph/0 [executing] maintenance: restoring backup
[32mINFO    [0m juju.model:__init__.py:3254 Waiting for model:
  postgresql-k8s-ceph/0 [idle] maintenance: restoring backup
[32mINFO    [0m juju.model:__init__.py:3254 Waiting for model:
  postgresql-k8s-ceph/0 [idle] active: Primary
[32mINFO    [0m integration.backup_helpers:backup_helpers.py:189 checking that the backup was correctly restored
[32mINFO    [0m integration.backup_helpers:backup_helpers.py:221 restoring the backup
[32mINFO    [0m juju.model:__init__.py:3254 Waiting for model:
  s3-integrator/0 [idle] active: 
  self-signed-certificates/0 [idle] active: 
  postgresql-k8s-ceph/0 [idle] maintenance: restoring backup
[32mINFO    [0m juju.model:__init__.py:3254 Waiting for model:
  postgresql-k8s-ceph/0 [idle] maintenance: restoring backup
[32mINFO    [0m juju.model:__init__.py:3254 Waiting for model:
  postgresql-k8s-ceph/0 [idle] active: Primary
[32mINFO    [0m integration.backup_helpers:backup_helpers.py:234 checking that the backup was correctly restored
[32mINFO    [0m pytest_operator.plugin:plugin.py:951 Model status:

Model    Controller          Cloud/Region        Version  SLA          Timestamp
testing  concierge-microk8s  microk8s/localhost  3.6.14   unsupported  00:20:44Z

App                       Version  Status  Scale  Charm                     Channel        Rev  Address         Exposed  Message
postgresql-k8s-ceph       14.20    active      1  postgresql-k8s                             0  10.152.183.77   no       
s3-integrator                      active      1  s3-integrator             latest/stable  145  10.152.183.235  no       
self-signed-certificates           active      1  self-signed-certificates  1/stable       317  10.152.183.157  no       

Unit                         Workload  Agent  Address      Ports  Message
postgresql-k8s-ceph/0*       active    idle   10.1.76.140         Primary
s3-integrator/0*             active    idle   10.1.76.136         
self-signed-certificates/0*  active    idle   10.1.76.137         

[32mINFO    [0m pytest_operator.plugin:plugin.py:957 Juju error logs:

unit-self-signed-certificates-0: 00:11:29 ERROR unit.self-signed-certificates/0.juju-log certificates:4: At least 1 matching relation ID not found with the relation name 'send-ca-cert'
unit-self-signed-certificates-0: 00:11:32 ERROR unit.self-signed-certificates/0.juju-log certificates:4: At least 1 matching relation ID not found with the relation name 'send-ca-cert'
unit-self-signed-certificates-0: 00:11:48 ERROR unit.self-signed-certificates/0.juju-log certificates:4: At least 1 matching relation ID not found with the relation name 'send-ca-cert'
unit-self-signed-certificates-0: 00:11:50 ERROR unit.self-signed-certificates/0.juju-log At least 1 matching relation ID not found with the relation name 'send-ca-cert'
unit-postgresql-k8s-ceph-1: 00:11:51 ERROR unit.postgresql-k8s-ceph/1.juju-log failed to change plugins: 
Traceback (most recent call last):
  File "/var/lib/juju/agents/unit-postgresql-k8s-ceph-1/charm/lib/charms/postgresql_k8s/v0/postgresql.py", line 442, in enable_disable_extensions
    with self._connect_to_database() as connection, connection.cursor() as cursor:
  File "/var/lib/juju/agents/unit-postgresql-k8s-ceph-1/charm/lib/charms/tempo_coordinator_k8s/v0/charm_tracing.py", line 946, in wrapped_function
    return callable(*args, **kwargs)  # type: ignore
  File "/var/lib/juju/agents/unit-postgresql-k8s-ceph-1/charm/lib/charms/postgresql_k8s/v0/postgresql.py", line 184, in _connect_to_database
    connection = psycopg2.connect(
  File "/var/lib/juju/agents/unit-postgresql-k8s-ceph-1/charm/venv/lib/python3.10/site-packages/psycopg2/__init__.py", line 122, in connect
    conn = _connect(dsn, connection_factory=connection_factory, **kwasync)
psycopg2.OperationalError: connection to server at "postgresql-k8s-ceph-primary.testing.svc.cluster.local" (10.152.183.221), port 5432 failed: Connection refused
	Is the server running on that host and accepting TCP/IP connections?


The above exception was the direct cause of the following exception:

Traceback (most recent call last):
  File "/var/lib/juju/agents/unit-postgresql-k8s-ceph-1/charm/src/charm.py", line 783, in _handle_enable_disable_extensions
    self.postgresql.enable_disable_extensions(extensions, database)
  File "/var/lib/juju/agents/unit-postgresql-k8s-ceph-1/charm/lib/charms/tempo_coordinator_k8s/v0/charm_tracing.py", line 946, in wrapped_function
    return callable(*args, **kwargs)  # type: ignore
  File "/var/lib/juju/agents/unit-postgresql-k8s-ceph-1/charm/lib/charms/postgresql_k8s/v0/postgresql.py", line 471, in enable_disable_extensions
    raise PostgreSQLEnableDisableExtensionError() from e
charms.postgresql_k8s.v0.postgresql.PostgreSQLEnableDisableExtensionError
unit-self-signed-certificates-0: 00:11:57 ERROR unit.self-signed-certificates/0.juju-log certificates:4: At least 1 matching relation ID not found with the relation name 'send-ca-cert'
unit-postgresql-k8s-ceph-0: 00:12:25 ERROR unit.postgresql-k8s-ceph/0.juju-log certificates:4: Failed to list PostgreSQL database users: connection to server at "postgresql-k8s-ceph-0.postgresql-k8s-ceph-endpoints.testing.svc.cluster.local" (10.1.76.140), port 5432 failed: Connection refused
	Is the server running on that host and accepting TCP/IP connections?

unit-self-signed-certificates-0: 00:12:38 ERROR unit.self-signed-certificates/0.juju-log At least 1 matching relation ID not found with the relation name 'send-ca-cert'
unit-self-signed-certificates-0: 00:14:11 ERROR unit.self-signed-certificates/0.juju-log At least 1 matching relation ID not found with the relation name 'send-ca-cert'
unit-self-signed-certificates-0: 00:14:34 ERROR unit.self-signed-certificates/0.juju-log At least 1 matching relation ID not found with the relation name 'send-ca-cert'
unit-self-signed-certificates-0: 00:14:46 ERROR unit.self-signed-certificates/0.juju-log At least 1 matching relation ID not found with the relation name 'send-ca-cert'
unit-self-signed-certificates-0: 00:15:26 ERROR unit.self-signed-certificates/0.juju-log At least 1 matching relation ID not found with the relation name 'send-ca-cert'
unit-self-signed-certificates-0: 00:15:34 ERROR unit.self-signed-certificates/0.juju-log At least 1 matching relation ID not found with the relation name 'send-ca-cert'
unit-self-signed-certificates-0: 00:16:20 ERROR unit.self-signed-certificates/0.juju-log At least 1 matching relation ID not found with the relation name 'send-ca-cert'
unit-postgresql-k8s-ceph-1: 00:17:17 ERROR unit.postgresql-k8s-ceph/1.juju-log failed to patch k8s Service patroni-postgresql-k8s-ceph-config
Traceback (most recent call last):
  File "/var/lib/juju/agents/unit-postgresql-k8s-ceph-1/charm/venv/lib/python3.10/site-packages/lightkube/core/generic_client.py", line 262, in raise_for_status
    resp.raise_for_status()
  File "/var/lib/juju/agents/unit-postgresql-k8s-ceph-1/charm/venv/lib/python3.10/site-packages/httpx/_models.py", line 829, in raise_for_status
    raise HTTPStatusError(message, request=request, response=self)
httpx.HTTPStatusError: Client error '409 Conflict' for url 'https://10.152.183.1/api/v1/namespaces/testing/services/patroni-postgresql-k8s-ceph-config?force=true&fieldManager=postgresql-k8s-ceph'
For more information check: https://developer.mozilla.org/en-US/docs/Web/HTTP/Status/409

The above exception was the direct cause of the following exception:

Traceback (most recent call last):
  File "/var/lib/juju/agents/unit-postgresql-k8s-ceph-1/charm/src/charm.py", line 1483, in _on_stop
    client.apply(
  File "/var/lib/juju/agents/unit-postgresql-k8s-ceph-1/charm/venv/lib/python3.10/site-packages/lightkube/core/client.py", line 814, in apply
    return self.patch(
  File "/var/lib/juju/agents/unit-postgresql-k8s-ceph-1/charm/venv/lib/python3.10/site-packages/lightkube/core/client.py", line 479, in patch
    return self._client.request(
  File "/var/lib/juju/agents/unit-postgresql-k8s-ceph-1/charm/venv/lib/python3.10/site-packages/lightkube/core/generic_client.py", line 342, in request
    return self.handle_response(method, resp, br)
  File "/var/lib/juju/agents/unit-postgresql-k8s-ceph-1/charm/venv/lib/python3.10/site-packages/lightkube/core/generic_client.py", line 276, in handle_response
    self.raise_for_status(resp)
  File "/var/lib/juju/agents/unit-postgresql-k8s-ceph-1/charm/venv/lib/python3.10/site-packages/lightkube/core/generic_client.py", line 264, in raise_for_status
    raise transform_exception(e) from e
lightkube.core.exceptions.ApiError: Operation cannot be fulfilled on services "patroni-postgresql-k8s-ceph-config": the object has been modified; please apply your changes to the latest version and try again
unit-postgresql-k8s-ceph-0: 00:19:39 ERROR juju.worker.dependency "log-sender" manifold worker returned unexpected error: sending log message: websocket: close 1005 (no status): websocket: close sent
unit-self-signed-certificates-0: 00:19:48 ERROR juju.worker.dependency "log-sender" manifold worker returned unexpected error: sending log message: websocket: close 1005 (no status): websocket: close sent
unit-self-signed-certificates-0: 00:19:49 ERROR unit.self-signed-certificates/0.juju-log At least 1 matching relation ID not found with the relation name 'send-ca-cert'
unit-s3-integrator-0: 00:19:50 ERROR juju.worker.dependency "log-sender" manifold worker returned unexpected error: sending log message: websocket: close 1005 (no status): websocket: close sent
unit-self-signed-certificates-0: 00:19:59 ERROR unit.self-signed-certificates/0.juju-log At least 1 matching relation ID not found with the relation name 'send-ca-cert'
unit-self-signed-certificates-0: 00:20:07 ERROR unit.self-signed-certificates/0.juju-log At least 1 matching relation ID not found with the relation name 'send-ca-cert'
unit-self-signed-certificates-0: 00:20:19 ERROR unit.self-signed-certificates/0.juju-log At least 1 matching relation ID not found with the relation name 'send-ca-cert'
unit-self-signed-certificates-0: 00:20:29 ERROR unit.self-signed-certificates/0.juju-log At least 1 matching relation ID not found with the relation name 'send-ca-cert'
unit-self-signed-certificates-0: 00:20:40 ERROR unit.self-signed-certificates/0.juju-log At least 1 matching relation ID not found with the relation name 'send-ca-cert'

[32mINFO    [0m pytest_operator.plugin:plugin.py:1039 Forgetting model main...