[32mINFO    [0m juju.model:__init__.py:3254 Waiting for model:
  postgresql-test-app/0 [idle] active: received database credentials of the first database
  postgresql-test-app/1 [idle] active: received database credentials of the first database
  database/0 [executing] active: Primary
  database/1 [executing] active: 
  database/2 [executing] active: 
  another-database/0 [idle] active: Primary
  another-database/1 [idle] active: 
  another-database/2 [idle] active: 
[32mINFO    [0m juju.model:__init__.py:3254 Waiting for model:
  database/0 [idle] active: Primary
  database/1 [idle] active: 
  database/2 [idle] active: 
[32mINFO    [0m juju.model:__init__.py:2301 Deploying ch:amd64/jammy/data-integrator-371
[32mINFO    [0m juju.model:__init__.py:3254 Waiting for model:
  another-data-integrator/0 [allocating] waiting: installing agent
[32mINFO    [0m juju.model:__init__.py:3254 Waiting for model:
  data-integrator/0 [executing] blocked: Please relate the data-integrator with the desired product
  another-data-integrator/0 [executing] blocked: Please specify either topic, index, database name, or prefix
[33mWARNING [0m juju.model:__init__.py:1683 relate is deprecated and will be removed. Use integrate instead.
[33mWARNING [0m juju.model:__init__.py:1683 relate is deprecated and will be removed. Use integrate instead.
[32mINFO    [0m juju.model:__init__.py:3254 Waiting for model:
  database/0 [idle] active: Primary
  database/1 [executing] active: 
  database/2 [executing] active: 
[32mINFO    [0m juju.model:__init__.py:3254 Waiting for model:
  database/0 [executing] active: Primary
  database/1 [executing] active: 
  database/2 [executing] active: 
[32mINFO    [0m juju.model:__init__.py:3254 Waiting for model:
  database/0 [executing] active: Primary
  database/1 [idle] active: 
  database/2 [idle] active: 
[32mINFO    [0m juju.model:__init__.py:3254 Waiting for model:
  database/0 [idle] blocked: invalid role(s) for extra user roles
[32mINFO    [0m juju.model:__init__.py:3254 Waiting for model:
  database/0 [executing] blocked: invalid role(s) for extra user roles
  database/1 [executing] active: 
  database/2 [executing] active: 
[32mINFO    [0m juju.model:__init__.py:3254 Waiting for model:
  database/0 [idle] blocked: invalid role(s) for extra user roles
  database/1 [idle] active: 
  database/2 [idle] active: 
[32mINFO    [0m juju.model:__init__.py:3254 Waiting for model:
  database/0 [executing] blocked: invalid role(s) for extra user roles
  database/1 [idle] active: 
  database/2 [idle] active: 
[32mINFO    [0m juju.model:__init__.py:3254 Waiting for model:
  database/0 [idle] active: Primary
  database/1 [idle] active: 
  database/2 [idle] active:
[32mINFO    [0m pytest_operator.plugin:plugin.py:951 Model status:

Model    Controller          Cloud/Region        Version  SLA          Timestamp
testing  concierge-microk8s  microk8s/localhost  3.6.14   unsupported  00:40:42Z

App                      Version  Status   Scale  Charm                Channel      Rev  Address         Exposed  Message
another-application               active       1  postgresql-test-app  latest/edge  444  10.152.183.22   no       received database credentials of the first database
another-data-integrator           blocked      1  data-integrator      latest/edge  371  10.152.183.68   no       Please relate the data-integrator with the desired product
another-database         14.20    active       3  postgresql-k8s                      1  10.152.183.138  no       
data-integrator                   blocked      1  data-integrator      latest/edge  371  10.152.183.163  no       Please relate the data-integrator with the desired product
database                 14.20    active       3  postgresql-k8s                      0  10.152.183.88   no       
postgresql-test-app               active       2  postgresql-test-app  latest/edge  444  10.152.183.186  no       received database credentials of the first database

Unit                        Workload  Agent  Address      Ports  Message
another-application/0*      active    idle   10.1.76.151         received database credentials of the first database
another-data-integrator/0*  blocked   idle   10.1.76.155         Please relate the data-integrator with the desired product
another-database/0*         active    idle   10.1.76.147         Primary
another-database/1          active    idle   10.1.76.150         
another-database/2          active    idle   10.1.76.149         
data-integrator/0*          blocked   idle   10.1.76.154         Please relate the data-integrator with the desired product
database/0*                 active    idle   10.1.76.146         Primary
database/1                  active    idle   10.1.76.152         
database/2                  active    idle   10.1.76.153         
postgresql-test-app/0       active    idle   10.1.76.136         received database credentials of the first database
postgresql-test-app/1*      active    idle   10.1.76.137         received database credentials of the first database

[32mINFO    [0m pytest_operator.plugin:plugin.py:957 Juju error logs:

unit-database-1: 00:15:51 ERROR unit.database/1.juju-log database:7: Failed to list PostgreSQL database users: connection to server at "database-1.database-endpoints.testing.svc.cluster.local" (10.1.76.145), port 5432 failed: Connection refused
	Is the server running on that host and accepting TCP/IP connections?

unit-another-database-2: 00:16:19 ERROR unit.another-database/2.juju-log pgdata folder not found in /var/lib/postgresql/data/pgdata
unit-another-database-2: 00:16:25 ERROR unit.another-database/2.juju-log pgdata folder not found in /var/lib/postgresql/data/pgdata
unit-database-2: 00:25:46 ERROR unit.database/2.juju-log failed to patch k8s Service patroni-database-config
Traceback (most recent call last):
  File "/var/lib/juju/agents/unit-database-2/charm/venv/lib/python3.10/site-packages/lightkube/core/generic_client.py", line 262, in raise_for_status
    resp.raise_for_status()
  File "/var/lib/juju/agents/unit-database-2/charm/venv/lib/python3.10/site-packages/httpx/_models.py", line 829, in raise_for_status
    raise HTTPStatusError(message, request=request, response=self)
httpx.HTTPStatusError: Client error '409 Conflict' for url 'https://10.152.183.1/api/v1/namespaces/testing/services/patroni-database-config?force=true&fieldManager=database'
For more information check: https://developer.mozilla.org/en-US/docs/Web/HTTP/Status/409

The above exception was the direct cause of the following exception:

Traceback (most recent call last):
  File "/var/lib/juju/agents/unit-database-2/charm/src/charm.py", line 1485, in _on_stop
    client.apply(
  File "/var/lib/juju/agents/unit-database-2/charm/venv/lib/python3.10/site-packages/lightkube/core/client.py", line 814, in apply
    return self.patch(
  File "/var/lib/juju/agents/unit-database-2/charm/venv/lib/python3.10/site-packages/lightkube/core/client.py", line 479, in patch
    return self._client.request(
  File "/var/lib/juju/agents/unit-database-2/charm/venv/lib/python3.10/site-packages/lightkube/core/generic_client.py", line 342, in request
    return self.handle_response(method, resp, br)
  File "/var/lib/juju/agents/unit-database-2/charm/venv/lib/python3.10/site-packages/lightkube/core/generic_client.py", line 276, in handle_response
    self.raise_for_status(resp)
  File "/var/lib/juju/agents/unit-database-2/charm/venv/lib/python3.10/site-packages/lightkube/core/generic_client.py", line 264, in raise_for_status
    raise transform_exception(e) from e
lightkube.core.exceptions.ApiError: Operation cannot be fulfilled on services "patroni-database-config": the object has been modified; please apply your changes to the latest version and try again
unit-postgresql-test-app-1: 00:27:00 ERROR juju.worker.dependency "log-sender" manifold worker returned unexpected error: sending log message: websocket: close 1005 (no status): websocket: close sent
unit-postgresql-test-app-0: 00:27:00 ERROR juju.worker.dependency "log-sender" manifold worker returned unexpected error: sending log message: websocket: close 1005 (no status): websocket: close sent
unit-another-application-0: 00:27:00 ERROR juju.worker.dependency "log-sender" manifold worker returned unexpected error: sending log message: websocket: close 1005 (no status): websocket: close sent
unit-database-0: 00:27:01 ERROR juju.worker.dependency "log-sender" manifold worker returned unexpected error: sending log message: websocket: close 1005 (no status): websocket: close sent
unit-another-database-0: 00:27:06 ERROR juju.worker.dependency "log-sender" manifold worker returned unexpected error: sending log message: websocket: close 1005 (no status): websocket: close sent
unit-another-database-2: 00:27:07 ERROR juju.worker.dependency "log-sender" manifold worker returned unexpected error: sending log message: websocket: close 1005 (no status): websocket: close sent
unit-another-database-1: 00:27:07 ERROR juju.worker.dependency "log-sender" manifold worker returned unexpected error: sending log message: websocket: close 1005 (no status): websocket: close sent
unit-database-0: 00:29:00 ERROR juju.worker.dependency "log-sender" manifold worker returned unexpected error: sending log message: websocket: close 1005 (no status): websocket: close sent
unit-another-application-0: 00:29:05 ERROR juju.worker.dependency "log-sender" manifold worker returned unexpected error: sending log message: websocket: close 1005 (no status): websocket: close sent
unit-postgresql-test-app-1: 00:29:05 ERROR juju.worker.dependency "log-sender" manifold worker returned unexpected error: sending log message: websocket: close 1005 (no status): websocket: close sent
unit-postgresql-test-app-0: 00:29:05 ERROR juju.worker.dependency "log-sender" manifold worker returned unexpected error: sending log message: websocket: close 1005 (no status): websocket: close sent
unit-database-1: 00:29:44 ERROR juju.worker.dependency "log-sender" manifold worker returned unexpected error: sending log message: websocket: close 1005 (no status): websocket: close sent
unit-database-2: 00:29:48 ERROR juju.worker.dependency "log-sender" manifold worker returned unexpected error: sending log message: websocket: close 1005 (no status): websocket: close sent
unit-postgresql-test-app-0: 00:32:33 ERROR juju.worker.dependency "log-sender" manifold worker returned unexpected error: sending log message: websocket: close 1005 (no status): websocket: close sent
unit-postgresql-test-app-1: 00:32:33 ERROR juju.worker.dependency "log-sender" manifold worker returned unexpected error: sending log message: websocket: close 1005 (no status): websocket: close sent
unit-another-application-0: 00:32:49 ERROR juju.worker.dependency "log-sender" manifold worker returned unexpected error: sending log message: websocket: close 1005 (no status): websocket: close sent
unit-another-database-1: 00:34:08 ERROR juju.worker.dependency "log-sender" manifold worker returned unexpected error: sending log message: websocket: close 1005 (no status): websocket: close sent
unit-another-database-2: 00:34:08 ERROR juju.worker.dependency "log-sender" manifold worker returned unexpected error: sending log message: websocket: close 1005 (no status): websocket: close sent
unit-another-database-0: 00:34:09 ERROR juju.worker.dependency "log-sender" manifold worker returned unexpected error: sending log message: websocket: close 1005 (no status): websocket: close sent
unit-database-0: 00:34:49 ERROR juju.worker.dependency "log-sender" manifold worker returned unexpected error: sending log message: websocket: close 1005 (no status): websocket: close sent
unit-database-1: 00:36:21 ERROR juju.worker.dependency "log-sender" manifold worker returned unexpected error: sending log message: websocket: close 1005 (no status): websocket: close sent
unit-postgresql-test-app-0: 00:38:43 ERROR juju.worker.dependency "log-sender" manifold worker returned unexpected error: sending log message: websocket: close 1005 (no status): websocket: close sent
unit-postgresql-test-app-1: 00:38:43 ERROR juju.worker.dependency "log-sender" manifold worker returned unexpected error: sending log message: websocket: close 1005 (no status): websocket: close sent
unit-database-2: 00:39:34 ERROR juju.worker.dependency "log-sender" manifold worker returned unexpected error: sending log message: websocket: close 1005 (no status): websocket: close sent
unit-another-database-1: 00:39:36 ERROR juju.worker.dependency "log-sender" manifold worker returned unexpected error: sending log message: websocket: close 1005 (no status): websocket: close sent
unit-another-database-2: 00:39:37 ERROR juju.worker.dependency "log-sender" manifold worker returned unexpected error: sending log message: websocket: close 1005 (no status): websocket: close sent
unit-another-database-0: 00:39:43 ERROR juju.worker.dependency "log-sender" manifold worker returned unexpected error: sending log message: websocket: close 1005 (no status): websocket: close sent

[32mINFO    [0m pytest_operator.plugin:plugin.py:1039 Forgetting model main...