[32mINFO    [0m integration.test_backups_gcp:test_backups_gcp.py:255 waiting for the database charm to become blocked
[32mINFO    [0m integration.conftest:conftest.py:56 deleting the previously created backups
[32mINFO    [0m pytest_operator.plugin:plugin.py:951 Model status:

Model    Controller          Cloud/Region        Version  SLA          Timestamp
testing  concierge-microk8s  microk8s/localhost  3.6.13   unsupported  01:52:30Z

App                 Version  Status   Scale  Charm           Channel        Rev  Address         Exposed  Message
new-postgresql-k8s  16.11    waiting      1  postgresql-k8s                   2  10.152.183.60   no       waiting for units to settle down
s3-integrator                active       1  s3-integrator   latest/stable  145  10.152.183.235  no       

Unit                   Workload  Agent  Address      Ports  Message
new-postgresql-k8s/0*  blocked   idle   10.1.12.163         failed to initialize stanza, check your S3 settings
s3-integrator/0*       active    idle   10.1.12.136         

[32mINFO    [0m pytest_operator.plugin:plugin.py:957 Juju error logs:

unit-self-signed-certificates-0: 01:31:31 ERROR unit.self-signed-certificates/0.juju-log certificates:5: At least 1 matching relation ID not found with the relation name 'send-ca-cert'
unit-self-signed-certificates-0: 01:31:33 ERROR unit.self-signed-certificates/0.juju-log certificates:4: At least 1 matching relation ID not found with the relation name 'send-ca-cert'
unit-self-signed-certificates-0: 01:31:35 ERROR unit.self-signed-certificates/0.juju-log certificates:5: At least 1 matching relation ID not found with the relation name 'send-ca-cert'
unit-self-signed-certificates-0: 01:31:42 ERROR unit.self-signed-certificates/0.juju-log certificates:4: At least 1 matching relation ID not found with the relation name 'send-ca-cert'
unit-self-signed-certificates-0: 01:31:43 ERROR unit.self-signed-certificates/0.juju-log certificates:4: At least 1 matching relation ID not found with the relation name 'send-ca-cert'
unit-self-signed-certificates-0: 01:31:44 ERROR unit.self-signed-certificates/0.juju-log certificates:5: At least 1 matching relation ID not found with the relation name 'send-ca-cert'
unit-self-signed-certificates-0: 01:31:49 ERROR unit.self-signed-certificates/0.juju-log certificates:4: At least 1 matching relation ID not found with the relation name 'send-ca-cert'
unit-self-signed-certificates-0: 01:32:08 ERROR unit.self-signed-certificates/0.juju-log certificates:4: At least 1 matching relation ID not found with the relation name 'send-ca-cert'
unit-self-signed-certificates-0: 01:32:09 ERROR unit.self-signed-certificates/0.juju-log certificates:5: At least 1 matching relation ID not found with the relation name 'send-ca-cert'
unit-self-signed-certificates-0: 01:32:17 ERROR unit.self-signed-certificates/0.juju-log At least 1 matching relation ID not found with the relation name 'send-ca-cert'
unit-self-signed-certificates-0: 01:33:18 ERROR unit.self-signed-certificates/0.juju-log At least 1 matching relation ID not found with the relation name 'send-ca-cert'
unit-self-signed-certificates-0: 01:33:35 ERROR unit.self-signed-certificates/0.juju-log certificates:5: At least 1 matching relation ID not found with the relation name 'send-ca-cert'
unit-self-signed-certificates-0: 01:33:37 ERROR unit.self-signed-certificates/0.juju-log certificates:4: At least 1 matching relation ID not found with the relation name 'send-ca-cert'
unit-self-signed-certificates-0: 01:34:15 ERROR unit.self-signed-certificates/0.juju-log At least 1 matching relation ID not found with the relation name 'send-ca-cert'
unit-self-signed-certificates-0: 01:35:17 ERROR unit.self-signed-certificates/0.juju-log At least 1 matching relation ID not found with the relation name 'send-ca-cert'
unit-self-signed-certificates-0: 01:36:11 ERROR unit.self-signed-certificates/0.juju-log At least 1 matching relation ID not found with the relation name 'send-ca-cert'
unit-self-signed-certificates-0: 01:37:54 ERROR unit.self-signed-certificates/0.juju-log At least 1 matching relation ID not found with the relation name 'send-ca-cert'
unit-self-signed-certificates-0: 01:38:26 ERROR unit.self-signed-certificates/0.juju-log At least 1 matching relation ID not found with the relation name 'send-ca-cert'
unit-self-signed-certificates-0: 01:38:35 ERROR unit.self-signed-certificates/0.juju-log At least 1 matching relation ID not found with the relation name 'send-ca-cert'
unit-self-signed-certificates-0: 01:38:47 ERROR unit.self-signed-certificates/0.juju-log At least 1 matching relation ID not found with the relation name 'send-ca-cert'
unit-self-signed-certificates-0: 01:39:22 ERROR unit.self-signed-certificates/0.juju-log At least 1 matching relation ID not found with the relation name 'send-ca-cert'
unit-self-signed-certificates-0: 01:39:32 ERROR unit.self-signed-certificates/0.juju-log At least 1 matching relation ID not found with the relation name 'send-ca-cert'
unit-self-signed-certificates-0: 01:40:30 ERROR unit.self-signed-certificates/0.juju-log At least 1 matching relation ID not found with the relation name 'send-ca-cert'
unit-self-signed-certificates-0: 01:40:40 ERROR unit.self-signed-certificates/0.juju-log At least 1 matching relation ID not found with the relation name 'send-ca-cert'
unit-postgresql-k8s-gcp-0: 01:44:52 ERROR juju.worker.dependency "log-sender" manifold worker returned unexpected error: sending log message: websocket: close 1005 (no status): websocket: close sent
unit-self-signed-certificates-0: 01:44:56 ERROR juju.worker.dependency "log-sender" manifold worker returned unexpected error: sending log message: websocket: close 1005 (no status): websocket: close sent
unit-self-signed-certificates-0: 01:44:56 ERROR unit.self-signed-certificates/0.juju-log At least 1 matching relation ID not found with the relation name 'send-ca-cert'
unit-s3-integrator-0: 01:44:58 ERROR juju.worker.dependency "log-sender" manifold worker returned unexpected error: sending log message: websocket: close 1005 (no status): websocket: close sent
unit-self-signed-certificates-0: 01:45:05 ERROR unit.self-signed-certificates/0.juju-log At least 1 matching relation ID not found with the relation name 'send-ca-cert'
unit-self-signed-certificates-0: 01:45:14 ERROR unit.self-signed-certificates/0.juju-log At least 1 matching relation ID not found with the relation name 'send-ca-cert'
unit-self-signed-certificates-0: 01:45:22 ERROR unit.self-signed-certificates/0.juju-log At least 1 matching relation ID not found with the relation name 'send-ca-cert'
unit-self-signed-certificates-0: 01:45:34 ERROR unit.self-signed-certificates/0.juju-log At least 1 matching relation ID not found with the relation name 'send-ca-cert'
unit-self-signed-certificates-0: 01:45:44 ERROR unit.self-signed-certificates/0.juju-log At least 1 matching relation ID not found with the relation name 'send-ca-cert'
unit-new-postgresql-k8s-0: 01:47:46 ERROR unit.new-postgresql-k8s/0.juju-log __main__:failed to change plugins: 
Traceback (most recent call last):
  File "/var/lib/juju/agents/unit-new-postgresql-k8s-0/charm/venv/lib/python3.12/site-packages/single_kernel_postgresql/utils/postgresql.py", line 802, in enable_disable_extensions
    with self._connect_to_database() as connection, connection.cursor() as cursor:
         ^^^^^^^^^^^^^^^^^^^^^^^^^^^
  File "/var/lib/juju/agents/unit-new-postgresql-k8s-0/charm/lib/charms/tempo_coordinator_k8s/v0/charm_tracing.py", line 1153, in wrapped_function
    return callable(*args, **kwargs)  # type: ignore
           ^^^^^^^^^^^^^^^^^^^^^^^^^
  File "/var/lib/juju/agents/unit-new-postgresql-k8s-0/charm/venv/lib/python3.12/site-packages/single_kernel_postgresql/utils/postgresql.py", line 304, in _connect_to_database
    connection = psycopg2.connect(
                 ^^^^^^^^^^^^^^^^^
  File "/var/lib/juju/agents/unit-new-postgresql-k8s-0/charm/venv/lib/python3.12/site-packages/psycopg2/__init__.py", line 122, in connect
    conn = _connect(dsn, connection_factory=connection_factory, **kwasync)
           ^^^^^^^^^^^^^^^^^^^^^^^^^^^^^^^^^^^^^^^^^^^^^^^^^^^^^^^^^^^^^^^
psycopg2.OperationalError: connection to server at "new-postgresql-k8s-primary.testing.svc.cluster.local" (10.152.183.182), port 5432 failed: Connection refused
	Is the server running on that host and accepting TCP/IP connections?


The above exception was the direct cause of the following exception:

Traceback (most recent call last):
  File "/var/lib/juju/agents/unit-new-postgresql-k8s-0/charm/src/charm.py", line 930, in _handle_enable_disable_extensions
    self.postgresql.enable_disable_extensions(extensions, database)
  File "/var/lib/juju/agents/unit-new-postgresql-k8s-0/charm/lib/charms/tempo_coordinator_k8s/v0/charm_tracing.py", line 1153, in wrapped_function
    return callable(*args, **kwargs)  # type: ignore
           ^^^^^^^^^^^^^^^^^^^^^^^^^
  File "/var/lib/juju/agents/unit-new-postgresql-k8s-0/charm/venv/lib/python3.12/site-packages/single_kernel_postgresql/utils/postgresql.py", line 831, in enable_disable_extensions
    raise PostgreSQLEnableDisableExtensionError() from e
single_kernel_postgresql.utils.postgresql.PostgreSQLEnableDisableExtensionError
unit-old-postgresql-k8s-gcp-0: 01:47:59 ERROR unit.old-postgresql-k8s-gcp/0.juju-log __main__:calling self.fix_leader_annotation()
unit-new-postgresql-k8s-0: 01:50:49 ERROR juju.worker.dependency "log-sender" manifold worker returned unexpected error: sending log message: websocket: close 1005 (no status): websocket: close sent
unit-new-postgresql-k8s-0: 01:51:40 ERROR unit.new-postgresql-k8s/0.juju-log __main__:failed to patch k8s Service patroni-new-postgresql-k8s-config
Traceback (most recent call last):
  File "/var/lib/juju/agents/unit-new-postgresql-k8s-0/charm/venv/lib/python3.12/site-packages/lightkube/core/generic_client.py", line 262, in raise_for_status
    resp.raise_for_status()
  File "/var/lib/juju/agents/unit-new-postgresql-k8s-0/charm/venv/lib/python3.12/site-packages/httpx/_models.py", line 829, in raise_for_status
    raise HTTPStatusError(message, request=request, response=self)
httpx.HTTPStatusError: Client error '409 Conflict' for url 'https://10.152.183.1/api/v1/namespaces/testing/services/patroni-new-postgresql-k8s-config?force=true&fieldManager=new-postgresql-k8s'
For more information check: https://developer.mozilla.org/en-US/docs/Web/HTTP/Status/409

The above exception was the direct cause of the following exception:

Traceback (most recent call last):
  File "/var/lib/juju/agents/unit-new-postgresql-k8s-0/charm/src/charm.py", line 1715, in _on_stop
    client.apply(
  File "/var/lib/juju/agents/unit-new-postgresql-k8s-0/charm/venv/lib/python3.12/site-packages/lightkube/core/client.py", line 812, in apply
    return self.patch(
           ^^^^^^^^^^^
  File "/var/lib/juju/agents/unit-new-postgresql-k8s-0/charm/venv/lib/python3.12/site-packages/lightkube/core/client.py", line 477, in patch
    return self._client.request(
           ^^^^^^^^^^^^^^^^^^^^^
  File "/var/lib/juju/agents/unit-new-postgresql-k8s-0/charm/venv/lib/python3.12/site-packages/lightkube/core/generic_client.py", line 342, in request
    return self.handle_response(method, resp, br)
           ^^^^^^^^^^^^^^^^^^^^^^^^^^^^^^^^^^^^^^
  File "/var/lib/juju/agents/unit-new-postgresql-k8s-0/charm/venv/lib/python3.12/site-packages/lightkube/core/generic_client.py", line 276, in handle_response
    self.raise_for_status(resp)
  File "/var/lib/juju/agents/unit-new-postgresql-k8s-0/charm/venv/lib/python3.12/site-packages/lightkube/core/generic_client.py", line 264, in raise_for_status
    raise transform_exception(e) from e
lightkube.core.exceptions.ApiError: Operation cannot be fulfilled on services "patroni-new-postgresql-k8s-config": the object has been modified; please apply your changes to the latest version and try again
unit-new-postgresql-k8s-0: 01:52:26 ERROR unit.new-postgresql-k8s/0.juju-log s3-parameters:14: backups:Invalid stanza name from s3

[32mINFO    [0m pytest_operator.plugin:plugin.py:1039 Forgetting model main...