[32mINFO    [0m juju.model:__init__.py:2301 Deploying local:postgresql-k8s-3
[32mINFO    [0m juju.model:__init__.py:3254 Waiting for model:
  test-storage-postgresql-k8s/0 [allocating] waiting: agent initialising
[32mINFO    [0m juju.model:__init__.py:3254 Waiting for model:
  test-storage-postgresql-k8s/0 [idle] waiting: awaiting for cluster to start
[32mINFO    [0m juju.model:__init__.py:3254 Waiting for model:
  test-storage-postgresql-k8s/0 [executing] active: Primary
[32mINFO    [0m juju.model:__init__.py:3254 Waiting for model:
  test-storage-postgresql-k8s/0 [idle] active: Primary
[32mINFO    [0m pytest_operator.plugin:plugin.py:903 Model status:

Model  Controller          Cloud/Region        Version  SLA          Timestamp
test   microk8s-localhost  microk8s/localhost  3.6.1    unsupported  02:08:31Z

App                          Version  Status  Scale  Charm           Channel  Rev  Address         Exposed  Message
postgresql-k8s               14.13    active      3  postgresql-k8s             2  10.152.183.196  no       
test-storage-postgresql-k8s  14.13    active      1  postgresql-k8s             3  10.152.183.197  no       

Unit                            Workload  Agent  Address       Ports  Message
postgresql-k8s/0                active    idle   10.1.204.220         
postgresql-k8s/1                active    idle   10.1.204.222         
postgresql-k8s/2*               active    idle   10.1.204.221         Primary
test-storage-postgresql-k8s/0*  active    idle   10.1.204.224         Primary

[32mINFO    [0m pytest_operator.plugin:plugin.py:909 Juju error logs:

unit-postgresql-k8s-1: 01:33:10 ERROR unit.postgresql-k8s/1.juju-log pgdata folder not found in /var/lib/postgresql/data/pgdata
unit-postgresql-k8s-0: 01:33:21 ERROR unit.postgresql-k8s/0.juju-log pgdata folder not found in /var/lib/postgresql/data/pgdata
unit-postgresql-k8s-2: 01:36:40 ERROR unit.postgresql-k8s/2.juju-log Cluster upgrade failed, ensure pre-upgrade checks are ran first.
unit-postgresql-k8s-0: 01:49:12 ERROR unit.postgresql-k8s/0.juju-log Cluster upgrade failed, ensure pre-upgrade checks are ran first.
unit-postgresql-k8s-0: 01:49:12 ERROR unit.postgresql-k8s/0.juju-log Kubernetes service get failed: services "postgresql-k8s" not found
unit-postgresql-k8s-0: 01:49:12 ERROR unit.postgresql-k8s/0.juju-log Kubernetes service patch failed: services "postgresql-k8s" not found
unit-postgresql-k8s-2: 01:49:54 ERROR unit.postgresql-k8s/2.juju-log Kubernetes service get failed: services "postgresql-k8s" not found
unit-postgresql-k8s-2: 01:49:54 ERROR unit.postgresql-k8s/2.juju-log Kubernetes service patch failed: services "postgresql-k8s" not found
unit-postgresql-k8s-1: 01:50:23 ERROR unit.postgresql-k8s/1.juju-log Kubernetes service get failed: services "postgresql-k8s" not found
unit-postgresql-k8s-1: 01:50:23 ERROR unit.postgresql-k8s/1.juju-log Kubernetes service patch failed: services "postgresql-k8s" not found
unit-postgresql-k8s-1: 01:54:51 ERROR unit.postgresql-k8s/1.juju-log Kubernetes service get failed: services "postgresql-k8s" not found
unit-postgresql-k8s-1: 01:54:51 ERROR unit.postgresql-k8s/1.juju-log Kubernetes service patch failed: services "postgresql-k8s" not found
unit-postgresql-k8s-0: 01:54:56 ERROR unit.postgresql-k8s/0.juju-log Kubernetes service get failed: services "postgresql-k8s" not found
unit-postgresql-k8s-0: 01:54:56 ERROR unit.postgresql-k8s/0.juju-log Kubernetes service patch failed: services "postgresql-k8s" not found
unit-postgresql-k8s-2: 01:55:36 ERROR unit.postgresql-k8s/2.juju-log Kubernetes service get failed: services "postgresql-k8s" not found
unit-postgresql-k8s-2: 01:55:36 ERROR unit.postgresql-k8s/2.juju-log Kubernetes service patch failed: services "postgresql-k8s" not found
unit-postgresql-k8s-1: 01:59:43 ERROR unit.postgresql-k8s/1.juju-log pgdata folder not found in /var/lib/postgresql/data/pgdata
unit-postgresql-k8s-0: 01:59:43 ERROR unit.postgresql-k8s/0.juju-log pgdata folder not found in /var/lib/postgresql/data/pgdata
controller-0: 02:01:52 ERROR juju.worker.caasapplicationprovisioner.runner exited "postgresql-k8s": finding filesystem info for postgresql-k8s-pgdata-d0489143: unable to get persistent volume claim: k8s: persistentvolumeclaims "postgresql-k8s-pgdata-d0489143-postgresql-k8s-1" not found
unit-postgresql-k8s-1: 02:04:31 ERROR unit.postgresql-k8s/1.juju-log pgdata folder not found in /var/lib/postgresql/data/pgdata
unit-postgresql-k8s-0: 02:04:31 ERROR unit.postgresql-k8s/0.juju-log pgdata folder not found in /var/lib/postgresql/data/pgdata
unit-test-storage-postgresql-k8s-0: 02:07:31 ERROR unit.test-storage-postgresql-k8s/0.juju-log failed to change plugins: 
Traceback (most recent call last):
  File "/var/lib/juju/agents/unit-test-storage-postgresql-k8s-0/charm/lib/charms/postgresql_k8s/v0/postgresql.py", line 338, in enable_disable_extensions
    with self._connect_to_database() as connection, connection.cursor() as cursor:
  File "/var/lib/juju/agents/unit-test-storage-postgresql-k8s-0/charm/lib/charms/tempo_coordinator_k8s/v0/charm_tracing.py", line 1064, in wrapped_function
    return callable(*args, **kwargs)  # type: ignore
  File "/var/lib/juju/agents/unit-test-storage-postgresql-k8s-0/charm/lib/charms/postgresql_k8s/v0/postgresql.py", line 153, in _connect_to_database
    connection = psycopg2.connect(
  File "/var/lib/juju/agents/unit-test-storage-postgresql-k8s-0/charm/venv/lib/python3.10/site-packages/psycopg2/__init__.py", line 122, in connect
    conn = _connect(dsn, connection_factory=connection_factory, **kwasync)
psycopg2.OperationalError: connection to server at "test-storage-postgresql-k8s-primary.test.svc.cluster.local" (10.152.183.206), port 5432 failed: Connection refused
	Is the server running on that host and accepting TCP/IP connections?


The above exception was the direct cause of the following exception:

Traceback (most recent call last):
  File "/var/lib/juju/agents/unit-test-storage-postgresql-k8s-0/charm/src/charm.py", line 723, in _handle_enable_disable_extensions
    self.postgresql.enable_disable_extensions(extensions, database)
  File "/var/lib/juju/agents/unit-test-storage-postgresql-k8s-0/charm/lib/charms/tempo_coordinator_k8s/v0/charm_tracing.py", line 1064, in wrapped_function
    return callable(*args, **kwargs)  # type: ignore
  File "/var/lib/juju/agents/unit-test-storage-postgresql-k8s-0/charm/lib/charms/postgresql_k8s/v0/postgresql.py", line 365, in enable_disable_extensions
    raise PostgreSQLEnableDisableExtensionError() from e
charms.postgresql_k8s.v0.postgresql.PostgreSQLEnableDisableExtensionError
unit-test-storage-postgresql-k8s-0: 02:07:44 ERROR unit.test-storage-postgresql-k8s/0.juju-log failed to change plugins: 
Traceback (most recent call last):
  File "/var/lib/juju/agents/unit-test-storage-postgresql-k8s-0/charm/lib/charms/postgresql_k8s/v0/postgresql.py", line 338, in enable_disable_extensions
    with self._connect_to_database() as connection, connection.cursor() as cursor:
  File "/var/lib/juju/agents/unit-test-storage-postgresql-k8s-0/charm/lib/charms/tempo_coordinator_k8s/v0/charm_tracing.py", line 1064, in wrapped_function
    return callable(*args, **kwargs)  # type: ignore
  File "/var/lib/juju/agents/unit-test-storage-postgresql-k8s-0/charm/lib/charms/postgresql_k8s/v0/postgresql.py", line 153, in _connect_to_database
    connection = psycopg2.connect(
  File "/var/lib/juju/agents/unit-test-storage-postgresql-k8s-0/charm/venv/lib/python3.10/site-packages/psycopg2/__init__.py", line 122, in connect
    conn = _connect(dsn, connection_factory=connection_factory, **kwasync)
psycopg2.OperationalError: connection to server at "test-storage-postgresql-k8s-primary.test.svc.cluster.local" (10.152.183.206), port 5432 failed: Connection refused
	Is the server running on that host and accepting TCP/IP connections?


The above exception was the direct cause of the following exception:

Traceback (most recent call last):
  File "/var/lib/juju/agents/unit-test-storage-postgresql-k8s-0/charm/src/charm.py", line 723, in _handle_enable_disable_extensions
    self.postgresql.enable_disable_extensions(extensions, database)
  File "/var/lib/juju/agents/unit-test-storage-postgresql-k8s-0/charm/lib/charms/tempo_coordinator_k8s/v0/charm_tracing.py", line 1064, in wrapped_function
    return callable(*args, **kwargs)  # type: ignore
  File "/var/lib/juju/agents/unit-test-storage-postgresql-k8s-0/charm/lib/charms/postgresql_k8s/v0/postgresql.py", line 365, in enable_disable_extensions
    raise PostgreSQLEnableDisableExtensionError() from e
charms.postgresql_k8s.v0.postgresql.PostgreSQLEnableDisableExtensionError

[32mINFO    [0m pytest_operator.plugin:plugin.py:991 Forgetting model main...