[33mWARNING [0m juju.client.connection:connection.py:858 unexpected facade SSHServer received from the controller
[32mINFO    [0m pytest_operator.plugin:plugin.py:806 Connecting to existing model concierge-microk8s:testing on unspecified cloud
[33mWARNING [0m juju.client.connection:connection.py:858 unexpected facade SSHServer received from the controller
[33mWARNING [0m juju.client.connection:connection.py:858 unexpected facade SSHSession received from the controller
[33mWARNING [0m juju.client.connection:connection.py:858 unexpected facade SSHTunneler received from the controller
[33mWARNING [0m juju.client.connection:connection.py:858 unexpected facade SSHServer received from the controller
[33mWARNING [0m juju.client.connection:connection.py:858 unexpected facade SSHServer received from the controller
[32mINFO    [0m integration.test_backups_pitr_gcp:test_backups_pitr_gcp.py:61 deploying the next charms: s3-integrator, self-signed-certificates, postgresql
[32mINFO    [0m juju.model:__init__.py:2301 Deploying ch:amd64/jammy/s3-integrator-145
[32mINFO    [0m juju.model:__init__.py:2301 Deploying ch:amd64/noble/self-signed-certificates-317
[32mINFO    [0m juju.model:__init__.py:2301 Deploying local:postgresql-k8s-0
[32mINFO    [0m integration.test_backups_pitr_gcp:test_backups_pitr_gcp.py:70 integrating self-signed-certificates with postgresql and waiting them to stabilize
[33mWARNING [0m juju.model:__init__.py:1683 relate is deprecated and will be removed. Use integrate instead.
[32mINFO    [0m juju.model:__init__.py:3254 Waiting for model:
  postgresql-k8s-gcp/0 [allocating] waiting: installing agent
  postgresql-k8s-gcp/1 [allocating] waiting: installing agent
  self-signed-certificates/0 [allocating] waiting: installing agent
[32mINFO    [0m juju.model:__init__.py:3254 Waiting for model:
  postgresql-k8s-gcp/0 [allocating] waiting: agent initialising
  postgresql-k8s-gcp/1 [allocating] waiting: agent initialising
  self-signed-certificates/0 [idle] active: 
[32mINFO    [0m juju.model:__init__.py:3254 Waiting for model:
  postgresql-k8s-gcp/0 [executing] unknown: 
  postgresql-k8s-gcp/1 [idle] waiting: awaiting for cluster to start
  self-signed-certificates/0 [idle] active: 
[32mINFO    [0m juju.model:__init__.py:3254 Waiting for model:
  postgresql-k8s-gcp/0 [executing] unknown: 
  postgresql-k8s-gcp/1 [executing] waiting: awaiting for primary endpoint to be ready
[32mINFO    [0m juju.model:__init__.py:3254 Waiting for model:
  postgresql-k8s-gcp/0 [idle] unknown: 
  postgresql-k8s-gcp/1 [executing] maintenance: Executing restart operation
  self-signed-certificates/0 [idle] active: 
[32mINFO    [0m juju.model:__init__.py:3254 Waiting for model:
  postgresql-k8s-gcp/0 [idle] waiting: awaiting for cluster to start
  postgresql-k8s-gcp/1 [executing] active: Primary (degraded)
[32mINFO    [0m juju.model:__init__.py:3254 Waiting for model:
  postgresql-k8s-gcp/0 [idle] active: 
  postgresql-k8s-gcp/1 [idle] active: Primary
[32mINFO    [0m integration.test_backups_pitr_gcp:test_backups_pitr_gcp.py:85 configuring S3 integrator for gcp
[32mINFO    [0m integration.test_backups_pitr_gcp:test_backups_pitr_gcp.py:93 integrating s3-integrator with postgresql and waiting model to stabilize
[33mWARNING [0m juju.model:__init__.py:1683 relate is deprecated and will be removed. Use integrate instead.
[32mINFO    [0m juju.model:__init__.py:3254 Waiting for model:
  s3-integrator/0 [executing] active: 
  self-signed-certificates/0 [idle] active: 
  postgresql-k8s-gcp/0 [executing] active: 
  postgresql-k8s-gcp/1 [executing] active: Primary
[32mINFO    [0m juju.model:__init__.py:3254 Waiting for model:
  postgresql-k8s-gcp/0 [idle] active: 
  postgresql-k8s-gcp/1 [idle] maintenance: checking stanza
[32mINFO    [0m integration.test_backups_pitr_gcp:test_backups_pitr_gcp.py:106 1: creating table
[32mINFO    [0m integration.test_backups_pitr_gcp:test_backups_pitr_gcp.py:109 1: creating backup b1
[32mINFO    [0m juju.model:__init__.py:3254 Waiting for model:
  s3-integrator/0 [idle] active: 
  self-signed-certificates/0 [idle] active: 
  postgresql-k8s-gcp/0 [idle] active: 
  postgresql-k8s-gcp/1 [executing] active: Primary
[32mINFO    [0m integration.test_backups_pitr_gcp:test_backups_pitr_gcp.py:402 listing the available backups
[32mINFO    [0m juju.model:__init__.py:3254 Waiting for model:
  s3-integrator/0 [idle] active: 
  self-signed-certificates/0 [idle] active: 
  postgresql-k8s-gcp/0 [idle] active: 
  postgresql-k8s-gcp/1 [idle] active: Primary
[32mINFO    [0m integration.test_backups_pitr_gcp:test_backups_pitr_gcp.py:118 1: creating test data td1
[32mINFO    [0m integration.test_backups_pitr_gcp:test_backups_pitr_gcp.py:121 1: get timestamp ts1
[32mINFO    [0m integration.test_backups_pitr_gcp:test_backups_pitr_gcp.py:131 1: creating test data td2
[32mINFO    [0m integration.test_backups_pitr_gcp:test_backups_pitr_gcp.py:134 1: switching wal
[32mINFO    [0m integration.test_backups_pitr_gcp:test_backups_pitr_gcp.py:137 1: scaling down to do restore
[32mINFO    [0m juju.model:__init__.py:3254 Waiting for model:
  postgresql-k8s-gcp (waiting for exactly 1 units, current : 2)
[32mINFO    [0m juju.model:__init__.py:3254 Waiting for model:
  postgresql-k8s-gcp (waiting for exactly 1 units, current : 2)
[32mINFO    [0m juju.model:__init__.py:3254 Waiting for model:
  postgresql-k8s-gcp/0 [idle] maintenance: checking stanza
[32mINFO    [0m integration.test_backups_pitr_gcp:test_backups_pitr_gcp.py:142 1: restoring the backup b1 with bad restore-to-time parameter
[32mINFO    [0m integration.test_backups_pitr_gcp:test_backups_pitr_gcp.py:151 1: restoring the backup b1 with unreachable restore-to-time parameter
[32mINFO    [0m integration.test_backups_pitr_gcp:test_backups_pitr_gcp.py:156 1: waiting for the database charm to become blocked after restore
[32mINFO    [0m integration.test_backups_pitr_gcp:test_backups_pitr_gcp.py:165 1: database charm become in blocked state after restore, as supposed to be with unreachable PITR parameter
[32mINFO    [0m integration.test_backups_pitr_gcp:test_backups_pitr_gcp.py:173 1: restoring to the timestamp ts1
[32mINFO    [0m juju.model:__init__.py:3254 Waiting for model:
  s3-integrator/0 [idle] active: 
  self-signed-certificates/0 [idle] active: 
  postgresql-k8s-gcp/0 [executing] maintenance: restoring backup
[32mINFO    [0m juju.model:__init__.py:3254 Waiting for model:
  postgresql-k8s-gcp/0 [idle] maintenance: restoring backup
[32mINFO    [0m juju.model:__init__.py:3254 Waiting for model:
  postgresql-k8s-gcp/0 [idle] maintenance: restoring backup
[32mINFO    [0m juju.model:__init__.py:3254 Waiting for model:
  postgresql-k8s-gcp/0 [idle] maintenance: restoring backup
[32mINFO    [0m juju.model:__init__.py:3254 Waiting for model:
  postgresql-k8s-gcp/0 [idle] maintenance: restoring backup
[32mINFO    [0m juju.model:__init__.py:3254 Waiting for model:
  postgresql-k8s-gcp/0 [idle] maintenance: restoring backup
[32mINFO    [0m juju.model:__init__.py:3254 Waiting for model:
  postgresql-k8s-gcp/0 [idle] maintenance: restoring backup
[32mINFO    [0m juju.model:__init__.py:3254 Waiting for model:
  postgresql-k8s-gcp/0 [idle] maintenance: restoring backup
[32mINFO    [0m juju.model:__init__.py:3254 Waiting for model:
  postgresql-k8s-gcp/0 [idle] maintenance: restoring backup
[32mINFO    [0m juju.model:__init__.py:3254 Waiting for model:
  postgresql-k8s-gcp/0 [idle] maintenance: restoring backup
[32mINFO    [0m juju.model:__init__.py:3254 Waiting for model:
  postgresql-k8s-gcp/0 [idle] maintenance: restoring backup
[32mINFO    [0m juju.model:__init__.py:3254 Waiting for model:
  postgresql-k8s-gcp/0 [idle] active: Primary
[32mINFO    [0m integration.test_backups_pitr_gcp:test_backups_pitr_gcp.py:182 2: successful restore
[32mINFO    [0m integration.test_backups_pitr_gcp:test_backups_pitr_gcp.py:402 listing the available backups
[32mINFO    [0m juju.model:__init__.py:3254 Waiting for model:
  s3-integrator/0 [idle] active: 
  self-signed-certificates/0 [idle] active: 
  postgresql-k8s-gcp/0 [idle] active: Primary
[32mINFO    [0m integration.test_backups_pitr_gcp:test_backups_pitr_gcp.py:188 2: checking test data td1
[32mINFO    [0m integration.test_backups_pitr_gcp:test_backups_pitr_gcp.py:191 2: checking not test data td2
[32mINFO    [0m integration.test_backups_pitr_gcp:test_backups_pitr_gcp.py:196 2: creating test data td3
[32mINFO    [0m integration.test_backups_pitr_gcp:test_backups_pitr_gcp.py:199 2: get timestamp ts2
[32mINFO    [0m integration.test_backups_pitr_gcp:test_backups_pitr_gcp.py:205 2: creating test data td4
[32mINFO    [0m integration.test_backups_pitr_gcp:test_backups_pitr_gcp.py:208 2: switching wal
[32mINFO    [0m integration.test_backups_pitr_gcp:test_backups_pitr_gcp.py:215 2: restoring the backup b1 to the latest
[32mINFO    [0m juju.model:__init__.py:3254 Waiting for model:
  s3-integrator/0 [idle] active: 
  self-signed-certificates/0 [idle] active: 
  postgresql-k8s-gcp/0 [idle] maintenance: restoring backup
[32mINFO    [0m juju.model:__init__.py:3254 Waiting for model:
  postgresql-k8s-gcp/0 [idle] maintenance: restoring backup
[32mINFO    [0m juju.model:__init__.py:3254 Waiting for model:
  postgresql-k8s-gcp/0 [idle] maintenance: restoring backup
[32mINFO    [0m juju.model:__init__.py:3254 Waiting for model:
  postgresql-k8s-gcp/0 [idle] maintenance: restoring backup
[32mINFO    [0m juju.model:__init__.py:3254 Waiting for model:
  postgresql-k8s-gcp/0 [idle] maintenance: restoring backup
[32mINFO    [0m juju.model:__init__.py:3254 Waiting for model:
  postgresql-k8s-gcp/0 [idle] maintenance: restoring backup
[32mINFO    [0m juju.model:__init__.py:3254 Waiting for model:
  postgresql-k8s-gcp/0 [idle] maintenance: restoring backup
[32mINFO    [0m juju.model:__init__.py:3254 Waiting for model:
  postgresql-k8s-gcp/0 [idle] active: Primary
[32mINFO    [0m integration.test_backups_pitr_gcp:test_backups_pitr_gcp.py:224 3: successful restore
[32mINFO    [0m integration.test_backups_pitr_gcp:test_backups_pitr_gcp.py:402 listing the available backups
[32mINFO    [0m juju.model:__init__.py:3254 Waiting for model:
  s3-integrator/0 [idle] active: 
  self-signed-certificates/0 [idle] active: 
  postgresql-k8s-gcp/0 [idle] active: Primary
[32mINFO    [0m integration.test_backups_pitr_gcp:test_backups_pitr_gcp.py:232 3: checking test data td1
[32mINFO    [0m integration.test_backups_pitr_gcp:test_backups_pitr_gcp.py:235 3: checking test data td2
[32mINFO    [0m integration.test_backups_pitr_gcp:test_backups_pitr_gcp.py:238 3: checking not test data td3
[32mINFO    [0m integration.test_backups_pitr_gcp:test_backups_pitr_gcp.py:243 3: checking not test data td4
[32mINFO    [0m integration.test_backups_pitr_gcp:test_backups_pitr_gcp.py:248 3: switching wal
[32mINFO    [0m integration.test_backups_pitr_gcp:test_backups_pitr_gcp.py:255 3: restoring the timeline 2 to the latest
[32mINFO    [0m juju.model:__init__.py:3254 Waiting for model:
  s3-integrator/0 [idle] active: 
  self-signed-certificates/0 [idle] active: 
  postgresql-k8s-gcp/0 [idle] maintenance: restoring backup
[32mINFO    [0m juju.model:__init__.py:3254 Waiting for model:
  postgresql-k8s-gcp/0 [idle] maintenance: restoring backup
[32mINFO    [0m juju.model:__init__.py:3254 Waiting for model:
  postgresql-k8s-gcp/0 [idle] maintenance: restoring backup
[32mINFO    [0m juju.model:__init__.py:3254 Waiting for model:
  postgresql-k8s-gcp/0 [idle] maintenance: restoring backup
[32mINFO    [0m juju.model:__init__.py:3254 Waiting for model:
  postgresql-k8s-gcp/0 [idle] maintenance: restoring backup
[32mINFO    [0m juju.model:__init__.py:3254 Waiting for model:
  postgresql-k8s-gcp/0 [idle] maintenance: restoring backup
[32mINFO    [0m juju.model:__init__.py:3254 Waiting for model:
  postgresql-k8s-gcp/0 [idle] maintenance: restoring backup
[32mINFO    [0m juju.model:__init__.py:3254 Waiting for model:
  postgresql-k8s-gcp/0 [idle] maintenance: restoring backup
[32mINFO    [0m juju.model:__init__.py:3254 Waiting for model:
  postgresql-k8s-gcp/0 [idle] maintenance: restoring backup
[32mINFO    [0m juju.model:__init__.py:3254 Waiting for model:
  postgresql-k8s-gcp/0 [idle] active: Primary
[32mINFO    [0m integration.test_backups_pitr_gcp:test_backups_pitr_gcp.py:264 4: successful restore
[32mINFO    [0m integration.test_backups_pitr_gcp:test_backups_pitr_gcp.py:402 listing the available backups
[32mINFO    [0m juju.model:__init__.py:3254 Waiting for model:
  s3-integrator/0 [idle] active: 
  self-signed-certificates/0 [idle] active: 
  postgresql-k8s-gcp/0 [idle] active: Primary
[32mINFO    [0m integration.test_backups_pitr_gcp:test_backups_pitr_gcp.py:272 4: checking test data td1
[32mINFO    [0m integration.test_backups_pitr_gcp:test_backups_pitr_gcp.py:275 4: checking not test data td2
[32mINFO    [0m integration.test_backups_pitr_gcp:test_backups_pitr_gcp.py:280 4: checking test data td3
[32mINFO    [0m integration.test_backups_pitr_gcp:test_backups_pitr_gcp.py:283 4: checking test data td4
[32mINFO    [0m integration.test_backups_pitr_gcp:test_backups_pitr_gcp.py:286 4: switching wal
[32mINFO    [0m integration.test_backups_pitr_gcp:test_backups_pitr_gcp.py:293 4: restoring to the timestamp ts2
[32mINFO    [0m juju.model:__init__.py:3254 Waiting for model:
  s3-integrator/0 [idle] active: 
  self-signed-certificates/0 [idle] active: 
  postgresql-k8s-gcp/0 [idle] maintenance: restoring backup
[32mINFO    [0m juju.model:__init__.py:3254 Waiting for model:
  postgresql-k8s-gcp/0 [idle] maintenance: restoring backup
[32mINFO    [0m juju.model:__init__.py:3254 Waiting for model:
  postgresql-k8s-gcp/0 [idle] maintenance: restoring backup
[32mINFO    [0m juju.model:__init__.py:3254 Waiting for model:
  postgresql-k8s-gcp/0 [idle] maintenance: restoring backup
[32mINFO    [0m juju.model:__init__.py:3254 Waiting for model:
  postgresql-k8s-gcp/0 [idle] maintenance: restoring backup
[32mINFO    [0m juju.model:__init__.py:3254 Waiting for model:
  postgresql-k8s-gcp/0 [idle] maintenance: restoring backup
[32mINFO    [0m juju.model:__init__.py:3254 Waiting for model:
  postgresql-k8s-gcp/0 [idle] active: Primary
[32mINFO    [0m integration.test_backups_pitr_gcp:test_backups_pitr_gcp.py:302 5: successful restore
[32mINFO    [0m integration.test_backups_pitr_gcp:test_backups_pitr_gcp.py:402 listing the available backups
[32mINFO    [0m juju.model:__init__.py:3254 Waiting for model:
  s3-integrator/0 [idle] active: 
  self-signed-certificates/0 [idle] active: 
  postgresql-k8s-gcp/0 [idle] active: Primary
[32mINFO    [0m integration.test_backups_pitr_gcp:test_backups_pitr_gcp.py:313 5: checking test data td1
[32mINFO    [0m integration.test_backups_pitr_gcp:test_backups_pitr_gcp.py:316 5: checking not test data td2
[32mINFO    [0m integration.test_backups_pitr_gcp:test_backups_pitr_gcp.py:321 5: checking test data td3
[32mINFO    [0m integration.test_backups_pitr_gcp:test_backups_pitr_gcp.py:324 5: checking not test data td4
[32mINFO    [0m juju.model:__init__.py:3254 Waiting for model:
  s3-integrator/0 [idle] active: 
  self-signed-certificates/0 [idle] active: 
  postgresql-k8s-gcp/0 [idle] active: Primary
[32mINFO    [0m integration.conftest:conftest.py:54 deleting the previously created backups
[32mINFO    [0m pytest_operator.plugin:plugin.py:951 Model status:

Model    Controller          Cloud/Region        Version  SLA          Timestamp
testing  concierge-microk8s  microk8s/localhost  3.6.13   unsupported  00:39:06Z

App            Version  Status  Scale  Charm          Channel        Rev  Address        Exposed  Message
s3-integrator           active      1  s3-integrator  latest/stable  145  10.152.183.59  no       

Unit              Workload  Agent  Address      Ports  Message
s3-integrator/0*  active    idle   10.1.12.136         

[32mINFO    [0m pytest_operator.plugin:plugin.py:957 Juju error logs:

unit-self-signed-certificates-0: 00:09:06 ERROR unit.self-signed-certificates/0.juju-log certificates:4: At least 1 matching relation ID not found with the relation name 'send-ca-cert'
unit-self-signed-certificates-0: 00:09:09 ERROR unit.self-signed-certificates/0.juju-log certificates:4: At least 1 matching relation ID not found with the relation name 'send-ca-cert'
unit-self-signed-certificates-0: 00:09:22 ERROR unit.self-signed-certificates/0.juju-log certificates:4: At least 1 matching relation ID not found with the relation name 'send-ca-cert'
unit-self-signed-certificates-0: 00:09:34 ERROR unit.self-signed-certificates/0.juju-log At least 1 matching relation ID not found with the relation name 'send-ca-cert'
unit-self-signed-certificates-0: 00:10:24 ERROR unit.self-signed-certificates/0.juju-log certificates:4: At least 1 matching relation ID not found with the relation name 'send-ca-cert'
unit-self-signed-certificates-0: 00:10:40 ERROR unit.self-signed-certificates/0.juju-log At least 1 matching relation ID not found with the relation name 'send-ca-cert'
unit-self-signed-certificates-0: 00:13:17 ERROR unit.self-signed-certificates/0.juju-log At least 1 matching relation ID not found with the relation name 'send-ca-cert'
unit-postgresql-k8s-gcp-1: 00:14:21 ERROR unit.postgresql-k8s-gcp/1.juju-log failed to patch k8s Service patroni-postgresql-k8s-gcp-config
Traceback (most recent call last):
  File "/var/lib/juju/agents/unit-postgresql-k8s-gcp-1/charm/venv/lib/python3.10/site-packages/lightkube/core/generic_client.py", line 262, in raise_for_status
    resp.raise_for_status()
  File "/var/lib/juju/agents/unit-postgresql-k8s-gcp-1/charm/venv/lib/python3.10/site-packages/httpx/_models.py", line 829, in raise_for_status
    raise HTTPStatusError(message, request=request, response=self)
httpx.HTTPStatusError: Client error '409 Conflict' for url 'https://10.152.183.1/api/v1/namespaces/testing/services/patroni-postgresql-k8s-gcp-config?force=true&fieldManager=postgresql-k8s-gcp'
For more information check: https://developer.mozilla.org/en-US/docs/Web/HTTP/Status/409

The above exception was the direct cause of the following exception:

Traceback (most recent call last):
  File "/var/lib/juju/agents/unit-postgresql-k8s-gcp-1/charm/src/charm.py", line 1481, in _on_stop
    client.apply(
  File "/var/lib/juju/agents/unit-postgresql-k8s-gcp-1/charm/venv/lib/python3.10/site-packages/lightkube/core/client.py", line 812, in apply
    return self.patch(
  File "/var/lib/juju/agents/unit-postgresql-k8s-gcp-1/charm/venv/lib/python3.10/site-packages/lightkube/core/client.py", line 477, in patch
    return self._client.request(
  File "/var/lib/juju/agents/unit-postgresql-k8s-gcp-1/charm/venv/lib/python3.10/site-packages/lightkube/core/generic_client.py", line 342, in request
    return self.handle_response(method, resp, br)
  File "/var/lib/juju/agents/unit-postgresql-k8s-gcp-1/charm/venv/lib/python3.10/site-packages/lightkube/core/generic_client.py", line 276, in handle_response
    self.raise_for_status(resp)
  File "/var/lib/juju/agents/unit-postgresql-k8s-gcp-1/charm/venv/lib/python3.10/site-packages/lightkube/core/generic_client.py", line 264, in raise_for_status
    raise transform_exception(e) from e
lightkube.core.exceptions.ApiError: Operation cannot be fulfilled on services "patroni-postgresql-k8s-gcp-config": the object has been modified; please apply your changes to the latest version and try again
unit-postgresql-k8s-gcp-0: 00:23:09 ERROR juju.worker.dependency "log-sender" manifold worker returned unexpected error: sending log message: websocket: close 1005 (no status): websocket: close sent
unit-s3-integrator-0: 00:25:56 ERROR juju.worker.dependency "log-sender" manifold worker returned unexpected error: sending log message: websocket: close 1005 (no status): websocket: close sent
unit-self-signed-certificates-0: 00:28:27 ERROR juju.worker.dependency "log-sender" manifold worker returned unexpected error: sending log message: websocket: close 1005 (no status): websocket: close sent
unit-self-signed-certificates-0: 00:28:28 ERROR unit.self-signed-certificates/0.juju-log At least 1 matching relation ID not found with the relation name 'send-ca-cert'
unit-self-signed-certificates-0: 00:32:57 ERROR unit.self-signed-certificates/0.juju-log At least 1 matching relation ID not found with the relation name 'send-ca-cert'
unit-self-signed-certificates-0: 00:37:34 ERROR unit.self-signed-certificates/0.juju-log At least 1 matching relation ID not found with the relation name 'send-ca-cert'

[32mINFO    [0m pytest_operator.plugin:plugin.py:1039 Forgetting model main...