{"uid":"a4b4d691f3fc6808","name":"test_redeploy_charm_same_model_after_forcing_removal","fullName":"tests.integration.test_charm#test_redeploy_charm_same_model_after_forcing_removal","historyId":"ca9aac0977186ec16e8b66c76fd09de6","time":{"start":1742781712326,"stop":1742782723082,"duration":1010756},"description":"Redeploy the charm in the same model to test that it works after a forceful removal.","descriptionHtml":"<p>Redeploy the charm in the same model to test that it works after a forceful removal.</p>\n","status":"broken","statusMessage":"TimeoutError: Timed out waiting for model:\n  postgresql-k8s/0 [allocating] waiting: installing agent\n  postgresql-k8s/1 [allocating] waiting: installing agent\n  postgresql-k8s/2 [allocating] waiting: installing agent","statusTrace":"Traceback (most recent call last):\n  File \"/root/spread_project/.tox/integration/lib/python3.12/site-packages/_pytest/runner.py\", line 341, in from_call\n    result: TResult | None = func()\n                             ^^^^^^\n  File \"/root/spread_project/.tox/integration/lib/python3.12/site-packages/_pytest/runner.py\", line 242, in <lambda>\n    lambda: runtest_hook(item=item, **kwds), when=when, reraise=reraise\n            ^^^^^^^^^^^^^^^^^^^^^^^^^^^^^^^\n  File \"/root/spread_project/.tox/integration/lib/python3.12/site-packages/pluggy/_hooks.py\", line 513, in __call__\n    return self._hookexec(self.name, self._hookimpls.copy(), kwargs, firstresult)\n           ^^^^^^^^^^^^^^^^^^^^^^^^^^^^^^^^^^^^^^^^^^^^^^^^^^^^^^^^^^^^^^^^^^^^^^\n  File \"/root/spread_project/.tox/integration/lib/python3.12/site-packages/pluggy/_manager.py\", line 120, in _hookexec\n    return self._inner_hookexec(hook_name, methods, kwargs, firstresult)\n           ^^^^^^^^^^^^^^^^^^^^^^^^^^^^^^^^^^^^^^^^^^^^^^^^^^^^^^^^^^^^^\n  File \"/root/spread_project/.tox/integration/lib/python3.12/site-packages/pluggy/_callers.py\", line 182, in _multicall\n    return outcome.get_result()\n           ^^^^^^^^^^^^^^^^^^^^\n  File \"/root/spread_project/.tox/integration/lib/python3.12/site-packages/pluggy/_result.py\", line 100, in get_result\n    raise exc.with_traceback(exc.__traceback__)\n  File \"/root/spread_project/.tox/integration/lib/python3.12/site-packages/pluggy/_callers.py\", line 167, in _multicall\n    teardown.throw(outcome._exception)\n  File \"/root/spread_project/.tox/integration/lib/python3.12/site-packages/_pytest/threadexception.py\", line 92, in pytest_runtest_call\n    yield from thread_exception_runtest_hook()\n  File \"/root/spread_project/.tox/integration/lib/python3.12/site-packages/_pytest/threadexception.py\", line 68, in thread_exception_runtest_hook\n    yield\n  File \"/root/spread_project/.tox/integration/lib/python3.12/site-packages/pluggy/_callers.py\", line 167, in _multicall\n    teardown.throw(outcome._exception)\n  File \"/root/spread_project/.tox/integration/lib/python3.12/site-packages/_pytest/unraisableexception.py\", line 95, in pytest_runtest_call\n    yield from unraisable_exception_runtest_hook()\n  File \"/root/spread_project/.tox/integration/lib/python3.12/site-packages/_pytest/unraisableexception.py\", line 70, in unraisable_exception_runtest_hook\n    yield\n  File \"/root/spread_project/.tox/integration/lib/python3.12/site-packages/pluggy/_callers.py\", line 167, in _multicall\n    teardown.throw(outcome._exception)\n  File \"/root/spread_project/.tox/integration/lib/python3.12/site-packages/_pytest/logging.py\", line 846, in pytest_runtest_call\n    yield from self._runtest_for(item, \"call\")\n  File \"/root/spread_project/.tox/integration/lib/python3.12/site-packages/_pytest/logging.py\", line 829, in _runtest_for\n    yield\n  File \"/root/spread_project/.tox/integration/lib/python3.12/site-packages/pluggy/_callers.py\", line 167, in _multicall\n    teardown.throw(outcome._exception)\n  File \"/root/spread_project/.tox/integration/lib/python3.12/site-packages/_pytest/capture.py\", line 880, in pytest_runtest_call\n    return (yield)\n            ^^^^^\n  File \"/root/spread_project/.tox/integration/lib/python3.12/site-packages/pluggy/_callers.py\", line 167, in _multicall\n    teardown.throw(outcome._exception)\n  File \"/root/spread_project/.tox/integration/lib/python3.12/site-packages/_pytest/skipping.py\", line 257, in pytest_runtest_call\n    return (yield)\n            ^^^^^\n  File \"/root/spread_project/.tox/integration/lib/python3.12/site-packages/pluggy/_callers.py\", line 103, in _multicall\n    res = hook_impl.function(*args)\n          ^^^^^^^^^^^^^^^^^^^^^^^^^\n  File \"/root/spread_project/.tox/integration/lib/python3.12/site-packages/_pytest/runner.py\", line 174, in pytest_runtest_call\n    item.runtest()\n  File \"/root/spread_project/.tox/integration/lib/python3.12/site-packages/_pytest/python.py\", line 1627, in runtest\n    self.ihook.pytest_pyfunc_call(pyfuncitem=self)\n  File \"/root/spread_project/.tox/integration/lib/python3.12/site-packages/pluggy/_hooks.py\", line 513, in __call__\n    return self._hookexec(self.name, self._hookimpls.copy(), kwargs, firstresult)\n           ^^^^^^^^^^^^^^^^^^^^^^^^^^^^^^^^^^^^^^^^^^^^^^^^^^^^^^^^^^^^^^^^^^^^^^\n  File \"/root/spread_project/.tox/integration/lib/python3.12/site-packages/pluggy/_manager.py\", line 120, in _hookexec\n    return self._inner_hookexec(hook_name, methods, kwargs, firstresult)\n           ^^^^^^^^^^^^^^^^^^^^^^^^^^^^^^^^^^^^^^^^^^^^^^^^^^^^^^^^^^^^^\n  File \"/root/spread_project/.tox/integration/lib/python3.12/site-packages/pluggy/_callers.py\", line 182, in _multicall\n    return outcome.get_result()\n           ^^^^^^^^^^^^^^^^^^^^\n  File \"/root/spread_project/.tox/integration/lib/python3.12/site-packages/pluggy/_result.py\", line 100, in get_result\n    raise exc.with_traceback(exc.__traceback__)\n  File \"/root/spread_project/.tox/integration/lib/python3.12/site-packages/pluggy/_callers.py\", line 103, in _multicall\n    res = hook_impl.function(*args)\n          ^^^^^^^^^^^^^^^^^^^^^^^^^\n  File \"/root/spread_project/.tox/integration/lib/python3.12/site-packages/_pytest/python.py\", line 159, in pytest_pyfunc_call\n    result = testfunction(**testargs)\n             ^^^^^^^^^^^^^^^^^^^^^^^^\n  File \"/root/spread_project/.tox/integration/lib/python3.12/site-packages/pytest_asyncio/plugin.py\", line 529, in inner\n    _loop.run_until_complete(task)\n  File \"/usr/lib/python3.12/asyncio/base_events.py\", line 687, in run_until_complete\n    return future.result()\n           ^^^^^^^^^^^^^^^\n  File \"/root/spread_project/tests/integration/test_charm.py\", line 440, in test_redeploy_charm_same_model_after_forcing_removal\n    await ops_test.model.wait_for_idle(\n  File \"/root/spread_project/.tox/integration/lib/python3.12/site-packages/juju/model/__init__.py\", line 3250, in wait_for_idle\n    raise asyncio.TimeoutError(\nTimeoutError: Timed out waiting for model:\n  postgresql-k8s/0 [allocating] waiting: installing agent\n  postgresql-k8s/1 [allocating] waiting: installing agent\n  postgresql-k8s/2 [allocating] waiting: installing agent","flaky":false,"newFailed":false,"newBroken":true,"newPassed":false,"retriesCount":1,"retriesStatusChange":true,"beforeStages":[{"name":"event_loop","time":{"start":1742779828760,"stop":1742779828760,"duration":0},"status":"passed","steps":[],"attachments":[],"parameters":[],"shouldDisplayMessage":false,"stepsCount":0,"attachmentsCount":0,"hasContent":false,"attachmentStep":false},{"name":"ops_test","time":{"start":1742779828761,"stop":1742779828985,"duration":224},"status":"passed","steps":[],"attachments":[],"parameters":[],"shouldDisplayMessage":false,"stepsCount":0,"attachmentsCount":0,"hasContent":false,"attachmentStep":false},{"name":"charm","time":{"start":1742779828761,"stop":1742779828761,"duration":0},"status":"passed","steps":[],"attachments":[],"parameters":[],"shouldDisplayMessage":false,"stepsCount":0,"attachmentsCount":0,"hasContent":false,"attachmentStep":false},{"name":"tmp_path_factory","time":{"start":1742779828761,"stop":1742779828761,"duration":0},"status":"passed","steps":[],"attachments":[],"parameters":[],"shouldDisplayMessage":false,"stepsCount":0,"attachmentsCount":0,"hasContent":false,"attachmentStep":false},{"name":"abort_on_fail","time":{"start":1742781712326,"stop":1742781712326,"duration":0},"status":"passed","steps":[],"attachments":[],"parameters":[],"shouldDisplayMessage":false,"stepsCount":0,"attachmentsCount":0,"hasContent":false,"attachmentStep":false}],"testStage":{"description":"Redeploy the charm in the same model to test that it works after a forceful removal.","status":"broken","statusMessage":"TimeoutError: Timed out waiting for model:\n  postgresql-k8s/0 [allocating] waiting: installing agent\n  postgresql-k8s/1 [allocating] waiting: installing agent\n  postgresql-k8s/2 [allocating] waiting: installing agent","statusTrace":"Traceback (most recent call last):\n  File \"/root/spread_project/.tox/integration/lib/python3.12/site-packages/_pytest/runner.py\", line 341, in from_call\n    result: TResult | None = func()\n                             ^^^^^^\n  File \"/root/spread_project/.tox/integration/lib/python3.12/site-packages/_pytest/runner.py\", line 242, in <lambda>\n    lambda: runtest_hook(item=item, **kwds), when=when, reraise=reraise\n            ^^^^^^^^^^^^^^^^^^^^^^^^^^^^^^^\n  File \"/root/spread_project/.tox/integration/lib/python3.12/site-packages/pluggy/_hooks.py\", line 513, in __call__\n    return self._hookexec(self.name, self._hookimpls.copy(), kwargs, firstresult)\n           ^^^^^^^^^^^^^^^^^^^^^^^^^^^^^^^^^^^^^^^^^^^^^^^^^^^^^^^^^^^^^^^^^^^^^^\n  File \"/root/spread_project/.tox/integration/lib/python3.12/site-packages/pluggy/_manager.py\", line 120, in _hookexec\n    return self._inner_hookexec(hook_name, methods, kwargs, firstresult)\n           ^^^^^^^^^^^^^^^^^^^^^^^^^^^^^^^^^^^^^^^^^^^^^^^^^^^^^^^^^^^^^\n  File \"/root/spread_project/.tox/integration/lib/python3.12/site-packages/pluggy/_callers.py\", line 182, in _multicall\n    return outcome.get_result()\n           ^^^^^^^^^^^^^^^^^^^^\n  File \"/root/spread_project/.tox/integration/lib/python3.12/site-packages/pluggy/_result.py\", line 100, in get_result\n    raise exc.with_traceback(exc.__traceback__)\n  File \"/root/spread_project/.tox/integration/lib/python3.12/site-packages/pluggy/_callers.py\", line 167, in _multicall\n    teardown.throw(outcome._exception)\n  File \"/root/spread_project/.tox/integration/lib/python3.12/site-packages/_pytest/threadexception.py\", line 92, in pytest_runtest_call\n    yield from thread_exception_runtest_hook()\n  File \"/root/spread_project/.tox/integration/lib/python3.12/site-packages/_pytest/threadexception.py\", line 68, in thread_exception_runtest_hook\n    yield\n  File \"/root/spread_project/.tox/integration/lib/python3.12/site-packages/pluggy/_callers.py\", line 167, in _multicall\n    teardown.throw(outcome._exception)\n  File \"/root/spread_project/.tox/integration/lib/python3.12/site-packages/_pytest/unraisableexception.py\", line 95, in pytest_runtest_call\n    yield from unraisable_exception_runtest_hook()\n  File \"/root/spread_project/.tox/integration/lib/python3.12/site-packages/_pytest/unraisableexception.py\", line 70, in unraisable_exception_runtest_hook\n    yield\n  File \"/root/spread_project/.tox/integration/lib/python3.12/site-packages/pluggy/_callers.py\", line 167, in _multicall\n    teardown.throw(outcome._exception)\n  File \"/root/spread_project/.tox/integration/lib/python3.12/site-packages/_pytest/logging.py\", line 846, in pytest_runtest_call\n    yield from self._runtest_for(item, \"call\")\n  File \"/root/spread_project/.tox/integration/lib/python3.12/site-packages/_pytest/logging.py\", line 829, in _runtest_for\n    yield\n  File \"/root/spread_project/.tox/integration/lib/python3.12/site-packages/pluggy/_callers.py\", line 167, in _multicall\n    teardown.throw(outcome._exception)\n  File \"/root/spread_project/.tox/integration/lib/python3.12/site-packages/_pytest/capture.py\", line 880, in pytest_runtest_call\n    return (yield)\n            ^^^^^\n  File \"/root/spread_project/.tox/integration/lib/python3.12/site-packages/pluggy/_callers.py\", line 167, in _multicall\n    teardown.throw(outcome._exception)\n  File \"/root/spread_project/.tox/integration/lib/python3.12/site-packages/_pytest/skipping.py\", line 257, in pytest_runtest_call\n    return (yield)\n            ^^^^^\n  File \"/root/spread_project/.tox/integration/lib/python3.12/site-packages/pluggy/_callers.py\", line 103, in _multicall\n    res = hook_impl.function(*args)\n          ^^^^^^^^^^^^^^^^^^^^^^^^^\n  File \"/root/spread_project/.tox/integration/lib/python3.12/site-packages/_pytest/runner.py\", line 174, in pytest_runtest_call\n    item.runtest()\n  File \"/root/spread_project/.tox/integration/lib/python3.12/site-packages/_pytest/python.py\", line 1627, in runtest\n    self.ihook.pytest_pyfunc_call(pyfuncitem=self)\n  File \"/root/spread_project/.tox/integration/lib/python3.12/site-packages/pluggy/_hooks.py\", line 513, in __call__\n    return self._hookexec(self.name, self._hookimpls.copy(), kwargs, firstresult)\n           ^^^^^^^^^^^^^^^^^^^^^^^^^^^^^^^^^^^^^^^^^^^^^^^^^^^^^^^^^^^^^^^^^^^^^^\n  File \"/root/spread_project/.tox/integration/lib/python3.12/site-packages/pluggy/_manager.py\", line 120, in _hookexec\n    return self._inner_hookexec(hook_name, methods, kwargs, firstresult)\n           ^^^^^^^^^^^^^^^^^^^^^^^^^^^^^^^^^^^^^^^^^^^^^^^^^^^^^^^^^^^^^\n  File \"/root/spread_project/.tox/integration/lib/python3.12/site-packages/pluggy/_callers.py\", line 182, in _multicall\n    return outcome.get_result()\n           ^^^^^^^^^^^^^^^^^^^^\n  File \"/root/spread_project/.tox/integration/lib/python3.12/site-packages/pluggy/_result.py\", line 100, in get_result\n    raise exc.with_traceback(exc.__traceback__)\n  File \"/root/spread_project/.tox/integration/lib/python3.12/site-packages/pluggy/_callers.py\", line 103, in _multicall\n    res = hook_impl.function(*args)\n          ^^^^^^^^^^^^^^^^^^^^^^^^^\n  File \"/root/spread_project/.tox/integration/lib/python3.12/site-packages/_pytest/python.py\", line 159, in pytest_pyfunc_call\n    result = testfunction(**testargs)\n             ^^^^^^^^^^^^^^^^^^^^^^^^\n  File \"/root/spread_project/.tox/integration/lib/python3.12/site-packages/pytest_asyncio/plugin.py\", line 529, in inner\n    _loop.run_until_complete(task)\n  File \"/usr/lib/python3.12/asyncio/base_events.py\", line 687, in run_until_complete\n    return future.result()\n           ^^^^^^^^^^^^^^^\n  File \"/root/spread_project/tests/integration/test_charm.py\", line 440, in test_redeploy_charm_same_model_after_forcing_removal\n    await ops_test.model.wait_for_idle(\n  File \"/root/spread_project/.tox/integration/lib/python3.12/site-packages/juju/model/__init__.py\", line 3250, in wait_for_idle\n    raise asyncio.TimeoutError(\nTimeoutError: Timed out waiting for model:\n  postgresql-k8s/0 [allocating] waiting: installing agent\n  postgresql-k8s/1 [allocating] waiting: installing agent\n  postgresql-k8s/2 [allocating] waiting: installing agent","steps":[],"attachments":[{"uid":"7f27fe3833e3ce4b","name":"log","source":"7f27fe3833e3ce4b.txt","type":"text/plain","size":8234}],"parameters":[],"shouldDisplayMessage":true,"stepsCount":0,"attachmentsCount":1,"hasContent":true,"attachmentStep":false},"afterStages":[{"name":"abort_on_fail::0","time":{"start":1742782723088,"stop":1742782723088,"duration":0},"status":"passed","steps":[],"attachments":[],"parameters":[],"shouldDisplayMessage":false,"stepsCount":0,"attachmentsCount":0,"hasContent":false,"attachmentStep":false},{"name":"ops_test::finalizer","time":{"start":1742782843346,"stop":1742782843669,"duration":323},"status":"passed","steps":[],"attachments":[],"parameters":[],"shouldDisplayMessage":false,"stepsCount":0,"attachmentsCount":0,"hasContent":false,"attachmentStep":false},{"name":"event_loop::2","time":{"start":1742782843670,"stop":1742782843670,"duration":0},"status":"passed","steps":[],"attachments":[],"parameters":[],"shouldDisplayMessage":false,"stepsCount":0,"attachmentsCount":0,"hasContent":false,"attachmentStep":false},{"name":"event_loop::_close_event_loop","time":{"start":1742782843670,"stop":1742782843670,"duration":0},"status":"passed","steps":[],"attachments":[],"parameters":[],"shouldDisplayMessage":false,"stepsCount":0,"attachmentsCount":0,"hasContent":false,"attachmentStep":false},{"name":"event_loop::_provide_clean_event_loop","time":{"start":1742782843670,"stop":1742782843670,"duration":0},"status":"passed","steps":[],"attachments":[],"parameters":[],"shouldDisplayMessage":false,"stepsCount":0,"attachmentsCount":0,"hasContent":false,"attachmentStep":false}],"labels":[{"name":"tag","value":"asyncio"},{"name":"parentSuite","value":"tests.integration"},{"name":"suite","value":"test_charm"},{"name":"host","value":"fv-az1276-397"},{"name":"thread","value":"19383-MainThread"},{"name":"framework","value":"pytest"},{"name":"language","value":"cpython3"},{"name":"package","value":"tests.integration.test_charm"},{"name":"resultFormat","value":"allure2"}],"parameters":[],"links":[],"hidden":false,"retry":false,"extra":{"severity":"normal","retries":[{"uid":"2d0628cca59fb0ba","status":"unknown","time":{}}],"categories":[{"name":"Test defects","matchedStatuses":[]}],"history":{"statistic":{"failed":3,"broken":24,"skipped":1,"passed":259,"unknown":4,"total":291},"items":[{"uid":"4c9797b2f33b3210","reportUrl":"../3786//#testresult/4c9797b2f33b3210","status":"passed","time":{"start":1742695302484,"stop":1742695598306,"duration":295822}},{"uid":"27fb052406a967a0","reportUrl":"../3785//#testresult/27fb052406a967a0","status":"passed","time":{"start":1742608859866,"stop":1742609168045,"duration":308179}},{"uid":"61acfb553c562bbf","reportUrl":"../3776//#testresult/61acfb553c562bbf","status":"passed","time":{"start":1742522610393,"stop":1742522888997,"duration":278604}},{"uid":"45b9a3463127f922","reportUrl":"../3767//#testresult/45b9a3463127f922","status":"passed","time":{"start":1742436194038,"stop":1742436475477,"duration":281439}},{"uid":"8cac1dbbd7348ab9","reportUrl":"../3755//#testresult/8cac1dbbd7348ab9","status":"passed","time":{"start":1742349689961,"stop":1742349970830,"duration":280869}},{"uid":"cf7fa8d6f4adc62a","reportUrl":"../3743//#testresult/cf7fa8d6f4adc62a","status":"broken","statusDetails":"TimeoutError: Timed out waiting for model:\n  postgresql-k8s/0 [allocating] waiting: installing agent\n  postgresql-k8s/1 [allocating] waiting: installing agent\n  postgresql-k8s/2 [allocating] waiting: installing agent","time":{"start":1742263638578,"stop":1742264648594,"duration":1010016}},{"uid":"95d62a5d94daa301","reportUrl":"../3742//#testresult/95d62a5d94daa301","status":"passed","time":{"start":1742004162631,"stop":1742004454040,"duration":291409}},{"uid":"48f884abbb8a80b5","reportUrl":"../3739//#testresult/48f884abbb8a80b5","status":"passed","time":{"start":1741917905111,"stop":1741918196355,"duration":291244}},{"uid":"c0da9deeec37b235","reportUrl":"../3725//#testresult/c0da9deeec37b235","status":"broken","statusDetails":"TimeoutError: Timed out waiting for model:\n  postgresql-k8s/0 [allocating] waiting: installing agent\n  postgresql-k8s/1 [allocating] waiting: installing agent\n  postgresql-k8s/2 [allocating] waiting: installing agent","time":{"start":1741831316821,"stop":1741832327310,"duration":1010489}},{"uid":"4e83ae34871259ab","reportUrl":"../3724//#testresult/4e83ae34871259ab","status":"passed","time":{"start":1741745033787,"stop":1741745308390,"duration":274603}},{"uid":"c3201452984cad2","reportUrl":"../3718//#testresult/c3201452984cad2","status":"passed","time":{"start":1741658461718,"stop":1741658796001,"duration":334283}},{"uid":"347b2765d2733892","reportUrl":"../3715//#testresult/347b2765d2733892","status":"passed","time":{"start":1741572030973,"stop":1741572325529,"duration":294556}},{"uid":"37b21719d114517f","reportUrl":"../3714//#testresult/37b21719d114517f","status":"passed","time":{"start":1741485645739,"stop":1741485938043,"duration":292304}},{"uid":"527fbc7b20b12205","reportUrl":"../3712//#testresult/527fbc7b20b12205","status":"broken","statusDetails":"TimeoutError: Timed out waiting for model:\n  postgresql-k8s/0 [allocating] waiting: installing agent\n  postgresql-k8s/1 [allocating] waiting: installing agent\n  postgresql-k8s/2 [allocating] waiting: installing agent","time":{"start":1741399280773,"stop":1741400290103,"duration":1009330}},{"uid":"98911d22f0fe39fb","reportUrl":"../3696//#testresult/98911d22f0fe39fb","status":"broken","statusDetails":"TimeoutError: Timed out waiting for model:\n  postgresql-k8s/0 [allocating] waiting: installing agent\n  postgresql-k8s/1 [allocating] waiting: installing agent\n  postgresql-k8s/2 [allocating] waiting: installing agent","time":{"start":1741312825756,"stop":1741313835105,"duration":1009349}},{"uid":"21614ab06053e3f1","reportUrl":"../3680//#testresult/21614ab06053e3f1","status":"passed","time":{"start":1741226539728,"stop":1741226826399,"duration":286671}},{"uid":"52a596e05349bdf6","reportUrl":"../3676//#testresult/52a596e05349bdf6","status":"passed","time":{"start":1741139997241,"stop":1741140326101,"duration":328860}},{"uid":"a8580ae2d6e680d6","reportUrl":"../3669//#testresult/a8580ae2d6e680d6","status":"passed","time":{"start":1741054615265,"stop":1741054913377,"duration":298112}},{"uid":"c453e94a6261b859","reportUrl":"../3667//#testresult/c453e94a6261b859","status":"broken","statusDetails":"TimeoutError: Timed out waiting for model:\n  postgresql-k8s/0 [allocating] waiting: installing agent\n  postgresql-k8s/1 [allocating] waiting: installing agent\n  postgresql-k8s/2 [allocating] waiting: installing agent","time":{"start":1740967335671,"stop":1740968345183,"duration":1009512}},{"uid":"92241358e2f19c69","reportUrl":"../3666//#testresult/92241358e2f19c69","status":"passed","time":{"start":1740880910562,"stop":1740881242020,"duration":331458}}]},"tags":["asyncio"]},"source":"a4b4d691f3fc6808.json","parameterValues":[]}