[32mINFO    [0m juju.model:__init__.py:3254 Waiting for model:
  postgresql-test-app/0 [idle] active: received database credentials of the first database
  postgresql-test-app/1 [idle] active: received database credentials of the first database
  database/0 [executing] active: Primary
  database/1 [executing] active: 
  database/2 [executing] active: 
  another-database/0 [idle] active: Primary
  another-database/1 [idle] active: 
  another-database/2 [idle] active: 
[32mINFO    [0m juju.model:__init__.py:2301 Deploying ch:amd64/jammy/data-integrator-78
[32mINFO    [0m juju.model:__init__.py:3254 Waiting for model:
  another-data-integrator/0 [allocating] waiting: installing agent
[32mINFO    [0m juju.model:__init__.py:3254 Waiting for model:
  data-integrator/0 [executing] blocked: Please relate the data-integrator with the desired product
  another-data-integrator/0 [executing] blocked: Please specify either topic, index, or database name
[33mWARNING [0m juju.model:__init__.py:1683 relate is deprecated and will be removed. Use integrate instead.
[33mWARNING [0m juju.model:__init__.py:1683 relate is deprecated and will be removed. Use integrate instead.
[32mINFO    [0m juju.model:__init__.py:3254 Waiting for model:
  database/0 [idle] active: Primary
  database/1 [idle] active: 
  database/2 [idle] active: 
[32mINFO    [0m juju.model:__init__.py:3254 Waiting for model:
  database/0 [idle] blocked: invalid role(s) for extra user roles
  database/1 [idle] active: 
  database/2 [idle] active: 
[32mINFO    [0m juju.model:__init__.py:3254 Waiting for model:
  database/0 [idle] blocked: invalid role(s) for extra user roles
  database/1 [executing] active: 
  database/2 [idle] active: 
[32mINFO    [0m juju.model:__init__.py:3254 Waiting for model:
  database/0 [idle] blocked: invalid role(s) for extra user roles
  database/1 [executing] active: 
  database/2 [executing] active:
[32mINFO    [0m pytest_operator.plugin:plugin.py:936 Model status:

Model    Controller          Cloud/Region        Version  SLA          Timestamp
testing  concierge-microk8s  microk8s/localhost  3.6.4    unsupported  01:53:13Z

App                      Version  Status   Scale  Charm                Channel        Rev  Address         Exposed  Message
another-application               active       1  postgresql-test-app  latest/edge    375  10.152.183.232  no       received database credentials of the first database
another-data-integrator           blocked      1  data-integrator      latest/stable   78  10.152.183.50   no       Please relate the data-integrator with the desired product
another-database         14.17    active       3  postgresql-k8s                        1  10.152.183.205  no       
data-integrator                   blocked      1  data-integrator      latest/stable   78  10.152.183.80   no       Please relate the data-integrator with the desired product
database                 14.17    active       3  postgresql-k8s                        0  10.152.183.176  no       
postgresql-test-app               active       2  postgresql-test-app  latest/edge    375  10.152.183.172  no       received database credentials of the first database

Unit                        Workload  Agent  Address       Ports  Message
another-application/0*      active    idle   10.1.228.214         received database credentials of the first database
another-data-integrator/0*  blocked   idle   10.1.228.218         Please relate the data-integrator with the desired product
another-database/0*         active    idle   10.1.228.211         Primary
another-database/1          active    idle   10.1.228.213         
another-database/2          active    idle   10.1.228.212         
data-integrator/0*          blocked   idle   10.1.228.217         Please relate the data-integrator with the desired product
database/0*                 active    idle   10.1.228.207         Primary
database/1                  active    idle   10.1.228.216         
database/2                  active    idle   10.1.228.215         
postgresql-test-app/0       active    idle   10.1.228.200         received database credentials of the first database
postgresql-test-app/1*      active    idle   10.1.228.201         received database credentials of the first database

[32mINFO    [0m pytest_operator.plugin:plugin.py:942 Juju error logs:

unit-database-1: 01:32:28 ERROR unit.database/1.juju-log Uncaught exception while in charm code:
Traceback (most recent call last):
  File "/var/lib/juju/agents/unit-database-1/charm/venv/lib/python3.10/site-packages/websocket/_socket.py", line 118, in recv
    bytes_ = _recv()
  File "/var/lib/juju/agents/unit-database-1/charm/venv/lib/python3.10/site-packages/websocket/_socket.py", line 97, in _recv
    return sock.recv(bufsize)
TimeoutError: timed out

During handling of the above exception, another exception occurred:

Traceback (most recent call last):
  File "/var/lib/juju/agents/unit-database-1/charm/venv/lib/python3.10/site-packages/ops/pebble.py", line 2906, in exec
    control_ws = self._connect_websocket(task_id, 'control')
  File "/var/lib/juju/agents/unit-database-1/charm/venv/lib/python3.10/site-packages/ops/pebble.py", line 2994, in _connect_websocket
    ws.connect(url, socket=sock)
  File "/var/lib/juju/agents/unit-database-1/charm/venv/lib/python3.10/site-packages/websocket/_core.py", line 261, in connect
    self.handshake_response = handshake(self.sock, url, *addrs, **options)
  File "/var/lib/juju/agents/unit-database-1/charm/venv/lib/python3.10/site-packages/websocket/_handshake.py", line 65, in handshake
    status, resp = _get_resp_headers(sock)
  File "/var/lib/juju/agents/unit-database-1/charm/venv/lib/python3.10/site-packages/websocket/_handshake.py", line 141, in _get_resp_headers
    status, resp_headers, status_message = read_headers(sock)
  File "/var/lib/juju/agents/unit-database-1/charm/venv/lib/python3.10/site-packages/websocket/_http.py", line 351, in read_headers
    line = recv_line(sock)
  File "/var/lib/juju/agents/unit-database-1/charm/venv/lib/python3.10/site-packages/websocket/_socket.py", line 140, in recv_line
    c = recv(sock, 1)
  File "/var/lib/juju/agents/unit-database-1/charm/venv/lib/python3.10/site-packages/websocket/_socket.py", line 120, in recv
    raise WebSocketTimeoutException("Connection timed out")
websocket._exceptions.WebSocketTimeoutException: Connection timed out

The above exception was the direct cause of the following exception:

Traceback (most recent call last):
  File "/var/lib/juju/agents/unit-database-1/charm/src/charm.py", line 2474, in <module>
    main(PostgresqlOperatorCharm, use_juju_for_storage=True)
  File "/var/lib/juju/agents/unit-database-1/charm/venv/lib/python3.10/site-packages/ops/__init__.py", line 343, in __call__
    return _main.main(charm_class=charm_class, use_juju_for_storage=use_juju_for_storage)
  File "/var/lib/juju/agents/unit-database-1/charm/venv/lib/python3.10/site-packages/ops/_main.py", line 558, in main
    manager.run()
  File "/var/lib/juju/agents/unit-database-1/charm/venv/lib/python3.10/site-packages/ops/_main.py", line 543, in run
    self._emit()
  File "/var/lib/juju/agents/unit-database-1/charm/venv/lib/python3.10/site-packages/ops/_main.py", line 499, in _emit
    self.framework.reemit()
  File "/var/lib/juju/agents/unit-database-1/charm/venv/lib/python3.10/site-packages/ops/framework.py", line 916, in reemit
    self._reemit()
  File "/var/lib/juju/agents/unit-database-1/charm/venv/lib/python3.10/site-packages/ops/framework.py", line 996, in _reemit
    custom_handler(event)
  File "/var/lib/juju/agents/unit-database-1/charm/lib/charms/tempo_coordinator_k8s/v0/charm_tracing.py", line 1109, in wrapped_function
    return callable(*args, **kwargs)  # type: ignore
  File "/var/lib/juju/agents/unit-database-1/charm/src/charm.py", line 984, in _on_postgresql_pebble_ready
    self._create_pgdata(container)
  File "/var/lib/juju/agents/unit-database-1/charm/lib/charms/tempo_coordinator_k8s/v0/charm_tracing.py", line 1109, in wrapped_function
    return callable(*args, **kwargs)  # type: ignore
  File "/var/lib/juju/agents/unit-database-1/charm/src/charm.py", line 960, in _create_pgdata
    container.exec([
  File "/var/lib/juju/agents/unit-database-1/charm/venv/lib/python3.10/site-packages/ops/model.py", line 2997, in exec
    return self._pebble.exec(
  File "/var/lib/juju/agents/unit-database-1/charm/venv/lib/python3.10/site-packages/ops/pebble.py", line 2915, in exec
    raise ChangeError(change.err, change) from e
ops.pebble.ChangeError: cannot perform the following tasks:
- Execute command "chown" (exec 3: timeout waiting for websocket connections: context deadline exceeded)
----- Logs from task 0 -----
2025-04-09T01:32:28Z ERROR exec 3: timeout waiting for websocket connections: context deadline exceeded
-----
unit-database-1: 01:32:29 ERROR juju.worker.uniter.operation hook "config-changed" (via hook dispatching script: dispatch) failed: exit status 1
unit-database-2: 01:35:05 ERROR unit.database/2.juju-log pgdata folder not found in /var/lib/postgresql/data/pgdata
unit-database-2: 01:35:57 ERROR unit.database/2.juju-log pgdata folder not found in /var/lib/postgresql/data/pgdata
unit-database-1: 01:36:45 ERROR unit.database/1.juju-log pgdata folder not found in /var/lib/postgresql/data/pgdata
unit-another-database-2: 01:42:43 ERROR juju.worker.dependency "log-sender" manifold worker returned unexpected error: sending log message: websocket: close 1005 (no status): websocket: close sent
unit-another-database-0: 01:42:43 ERROR juju.worker.dependency "log-sender" manifold worker returned unexpected error: sending log message: websocket: close 1005 (no status): websocket: close sent
unit-another-database-1: 01:42:44 ERROR juju.worker.dependency "log-sender" manifold worker returned unexpected error: sending log message: websocket: close 1005 (no status): websocket: close sent
unit-database-0: 01:42:46 ERROR juju.worker.dependency "log-sender" manifold worker returned unexpected error: sending log message: websocket: close 1005 (no status): websocket: close sent
unit-another-application-0: 01:42:48 ERROR juju.worker.dependency "log-sender" manifold worker returned unexpected error: sending log message: websocket: close 1005 (no status): websocket: close sent
unit-postgresql-test-app-1: 01:42:50 ERROR juju.worker.dependency "log-sender" manifold worker returned unexpected error: sending log message: websocket: close 1005 (no status): websocket: close sent
unit-postgresql-test-app-0: 01:42:50 ERROR juju.worker.dependency "log-sender" manifold worker returned unexpected error: sending log message: websocket: close 1005 (no status): websocket: close sent
unit-database-1: 01:46:12 ERROR juju.worker.dependency "log-sender" manifold worker returned unexpected error: sending log message: websocket: close 1005 (no status): websocket: close sent
unit-database-2: 01:46:12 ERROR juju.worker.dependency "log-sender" manifold worker returned unexpected error: sending log message: websocket: close 1005 (no status): websocket: close sent
unit-database-2: 01:46:13 ERROR unit.database/2.juju-log pgdata folder not found in /var/lib/postgresql/data/pgdata
unit-database-2: 01:46:24 ERROR unit.database/2.juju-log pgdata folder not found in /var/lib/postgresql/data/pgdata
unit-database-2: 01:46:33 ERROR unit.database/2.juju-log pgdata folder not found in /var/lib/postgresql/data/pgdata
unit-database-2: 01:46:43 ERROR unit.database/2.juju-log pgdata folder not found in /var/lib/postgresql/data/pgdata
unit-database-2: 01:46:53 ERROR unit.database/2.juju-log pgdata folder not found in /var/lib/postgresql/data/pgdata
unit-another-database-0: 01:46:54 ERROR juju.worker.dependency "log-sender" manifold worker returned unexpected error: sending log message: websocket: close 1005 (no status): websocket: close sent
unit-another-database-1: 01:46:55 ERROR juju.worker.dependency "log-sender" manifold worker returned unexpected error: sending log message: websocket: close 1005 (no status): websocket: close sent
unit-database-0: 01:49:27 ERROR juju.worker.dependency "log-sender" manifold worker returned unexpected error: sending log message: websocket: close 1005 (no status): websocket: close sent
unit-another-database-2: 01:50:25 ERROR juju.worker.dependency "log-sender" manifold worker returned unexpected error: sending log message: websocket: close 1005 (no status): websocket: close sent
unit-database-2: 01:50:27 ERROR juju.worker.dependency "log-sender" manifold worker returned unexpected error: sending log message: websocket: close 1005 (no status): websocket: close sent
unit-database-1: 01:50:27 ERROR juju.worker.dependency "log-sender" manifold worker returned unexpected error: sending log message: websocket: close 1005 (no status): websocket: close sent

[32mINFO    [0m pytest_operator.plugin:plugin.py:1024 Forgetting model main...