{"uid":"f14771e30376ad12","name":"test_scaling_to_zero","fullName":"tests.integration.ha_tests.test_self_healing_2#test_scaling_to_zero","historyId":"abca29d0a5f9d2523a764de7ac4796a1","time":{"start":1743816926155,"stop":1743817399128,"duration":472973},"description":"Scale the database to zero units and scale up again.","descriptionHtml":"<p>Scale the database to zero units and scale up again.</p>\n","status":"failed","statusMessage":"AssertionError: testing.postgresql-k8s-0: writes to the db were missed: count of actual writes (14581) on testing.postgresql-k8s-0 different from the max number written (14597).","statusTrace":"Traceback (most recent call last):\n  File \"/root/spread_project/.tox/integration/lib/python3.12/site-packages/_pytest/runner.py\", line 341, in from_call\n    result: TResult | None = func()\n                             ^^^^^^\n  File \"/root/spread_project/.tox/integration/lib/python3.12/site-packages/_pytest/runner.py\", line 242, in <lambda>\n    lambda: runtest_hook(item=item, **kwds), when=when, reraise=reraise\n            ^^^^^^^^^^^^^^^^^^^^^^^^^^^^^^^\n  File \"/root/spread_project/.tox/integration/lib/python3.12/site-packages/pluggy/_hooks.py\", line 513, in __call__\n    return self._hookexec(self.name, self._hookimpls.copy(), kwargs, firstresult)\n           ^^^^^^^^^^^^^^^^^^^^^^^^^^^^^^^^^^^^^^^^^^^^^^^^^^^^^^^^^^^^^^^^^^^^^^\n  File \"/root/spread_project/.tox/integration/lib/python3.12/site-packages/pluggy/_manager.py\", line 120, in _hookexec\n    return self._inner_hookexec(hook_name, methods, kwargs, firstresult)\n           ^^^^^^^^^^^^^^^^^^^^^^^^^^^^^^^^^^^^^^^^^^^^^^^^^^^^^^^^^^^^^\n  File \"/root/spread_project/.tox/integration/lib/python3.12/site-packages/pluggy/_callers.py\", line 182, in _multicall\n    return outcome.get_result()\n           ^^^^^^^^^^^^^^^^^^^^\n  File \"/root/spread_project/.tox/integration/lib/python3.12/site-packages/pluggy/_result.py\", line 100, in get_result\n    raise exc.with_traceback(exc.__traceback__)\n  File \"/root/spread_project/.tox/integration/lib/python3.12/site-packages/pluggy/_callers.py\", line 167, in _multicall\n    teardown.throw(outcome._exception)\n  File \"/root/spread_project/.tox/integration/lib/python3.12/site-packages/_pytest/threadexception.py\", line 92, in pytest_runtest_call\n    yield from thread_exception_runtest_hook()\n  File \"/root/spread_project/.tox/integration/lib/python3.12/site-packages/_pytest/threadexception.py\", line 68, in thread_exception_runtest_hook\n    yield\n  File \"/root/spread_project/.tox/integration/lib/python3.12/site-packages/pluggy/_callers.py\", line 167, in _multicall\n    teardown.throw(outcome._exception)\n  File \"/root/spread_project/.tox/integration/lib/python3.12/site-packages/_pytest/unraisableexception.py\", line 95, in pytest_runtest_call\n    yield from unraisable_exception_runtest_hook()\n  File \"/root/spread_project/.tox/integration/lib/python3.12/site-packages/_pytest/unraisableexception.py\", line 70, in unraisable_exception_runtest_hook\n    yield\n  File \"/root/spread_project/.tox/integration/lib/python3.12/site-packages/pluggy/_callers.py\", line 167, in _multicall\n    teardown.throw(outcome._exception)\n  File \"/root/spread_project/.tox/integration/lib/python3.12/site-packages/_pytest/logging.py\", line 846, in pytest_runtest_call\n    yield from self._runtest_for(item, \"call\")\n  File \"/root/spread_project/.tox/integration/lib/python3.12/site-packages/_pytest/logging.py\", line 829, in _runtest_for\n    yield\n  File \"/root/spread_project/.tox/integration/lib/python3.12/site-packages/pluggy/_callers.py\", line 167, in _multicall\n    teardown.throw(outcome._exception)\n  File \"/root/spread_project/.tox/integration/lib/python3.12/site-packages/_pytest/capture.py\", line 880, in pytest_runtest_call\n    return (yield)\n            ^^^^^\n  File \"/root/spread_project/.tox/integration/lib/python3.12/site-packages/pluggy/_callers.py\", line 167, in _multicall\n    teardown.throw(outcome._exception)\n  File \"/root/spread_project/.tox/integration/lib/python3.12/site-packages/_pytest/skipping.py\", line 257, in pytest_runtest_call\n    return (yield)\n            ^^^^^\n  File \"/root/spread_project/.tox/integration/lib/python3.12/site-packages/pluggy/_callers.py\", line 103, in _multicall\n    res = hook_impl.function(*args)\n          ^^^^^^^^^^^^^^^^^^^^^^^^^\n  File \"/root/spread_project/.tox/integration/lib/python3.12/site-packages/_pytest/runner.py\", line 174, in pytest_runtest_call\n    item.runtest()\n  File \"/root/spread_project/.tox/integration/lib/python3.12/site-packages/_pytest/python.py\", line 1627, in runtest\n    self.ihook.pytest_pyfunc_call(pyfuncitem=self)\n  File \"/root/spread_project/.tox/integration/lib/python3.12/site-packages/pluggy/_hooks.py\", line 513, in __call__\n    return self._hookexec(self.name, self._hookimpls.copy(), kwargs, firstresult)\n           ^^^^^^^^^^^^^^^^^^^^^^^^^^^^^^^^^^^^^^^^^^^^^^^^^^^^^^^^^^^^^^^^^^^^^^\n  File \"/root/spread_project/.tox/integration/lib/python3.12/site-packages/pluggy/_manager.py\", line 120, in _hookexec\n    return self._inner_hookexec(hook_name, methods, kwargs, firstresult)\n           ^^^^^^^^^^^^^^^^^^^^^^^^^^^^^^^^^^^^^^^^^^^^^^^^^^^^^^^^^^^^^\n  File \"/root/spread_project/.tox/integration/lib/python3.12/site-packages/pluggy/_callers.py\", line 182, in _multicall\n    return outcome.get_result()\n           ^^^^^^^^^^^^^^^^^^^^\n  File \"/root/spread_project/.tox/integration/lib/python3.12/site-packages/pluggy/_result.py\", line 100, in get_result\n    raise exc.with_traceback(exc.__traceback__)\n  File \"/root/spread_project/.tox/integration/lib/python3.12/site-packages/pluggy/_callers.py\", line 103, in _multicall\n    res = hook_impl.function(*args)\n          ^^^^^^^^^^^^^^^^^^^^^^^^^\n  File \"/root/spread_project/.tox/integration/lib/python3.12/site-packages/_pytest/python.py\", line 159, in pytest_pyfunc_call\n    result = testfunction(**testargs)\n             ^^^^^^^^^^^^^^^^^^^^^^^^\n  File \"/root/spread_project/.tox/integration/lib/python3.12/site-packages/pytest_asyncio/plugin.py\", line 529, in inner\n    _loop.run_until_complete(task)\n  File \"/usr/lib/python3.12/asyncio/base_events.py\", line 687, in run_until_complete\n    return future.result()\n           ^^^^^^^^^^^^^^^\n  File \"/root/spread_project/tests/integration/ha_tests/test_self_healing_2.py\", line 97, in test_scaling_to_zero\n    await check_writes(ops_test)\n  File \"/root/spread_project/tests/integration/ha_tests/helpers.py\", line 227, in check_writes\n    assert count == max_number_written[member], (\n           ^^^^^^^^^^^^^^^^^^^^^^^^^^^^^^^^^^^\nAssertionError: testing.postgresql-k8s-0: writes to the db were missed: count of actual writes (14581) on testing.postgresql-k8s-0 different from the max number written (14597).","flaky":true,"newFailed":false,"newBroken":false,"newPassed":false,"retriesCount":1,"retriesStatusChange":true,"beforeStages":[{"name":"event_loop","time":{"start":1743816611454,"stop":1743816611454,"duration":0},"status":"passed","steps":[],"attachments":[],"parameters":[],"shouldDisplayMessage":false,"stepsCount":0,"attachmentsCount":0,"hasContent":false,"attachmentStep":false},{"name":"tmp_path_factory","time":{"start":1743816611455,"stop":1743816611455,"duration":0},"status":"passed","steps":[],"attachments":[],"parameters":[],"shouldDisplayMessage":false,"stepsCount":0,"attachmentsCount":0,"hasContent":false,"attachmentStep":false},{"name":"ops_test","time":{"start":1743816611455,"stop":1743816611656,"duration":201},"status":"passed","steps":[],"attachments":[],"parameters":[],"shouldDisplayMessage":false,"stepsCount":0,"attachmentsCount":0,"hasContent":false,"attachmentStep":false},{"name":"abort_on_fail","time":{"start":1743816926154,"stop":1743816926154,"duration":0},"status":"passed","steps":[],"attachments":[],"parameters":[],"shouldDisplayMessage":false,"stepsCount":0,"attachmentsCount":0,"hasContent":false,"attachmentStep":false},{"name":"continuous_writes","time":{"start":1743816926154,"stop":1743816926155,"duration":1},"status":"passed","steps":[],"attachments":[],"parameters":[],"shouldDisplayMessage":false,"stepsCount":0,"attachmentsCount":0,"hasContent":false,"attachmentStep":false}],"testStage":{"description":"Scale the database to zero units and scale up again.","status":"failed","statusMessage":"AssertionError: testing.postgresql-k8s-0: writes to the db were missed: count of actual writes (14581) on testing.postgresql-k8s-0 different from the max number written (14597).","statusTrace":"Traceback (most recent call last):\n  File \"/root/spread_project/.tox/integration/lib/python3.12/site-packages/_pytest/runner.py\", line 341, in from_call\n    result: TResult | None = func()\n                             ^^^^^^\n  File \"/root/spread_project/.tox/integration/lib/python3.12/site-packages/_pytest/runner.py\", line 242, in <lambda>\n    lambda: runtest_hook(item=item, **kwds), when=when, reraise=reraise\n            ^^^^^^^^^^^^^^^^^^^^^^^^^^^^^^^\n  File \"/root/spread_project/.tox/integration/lib/python3.12/site-packages/pluggy/_hooks.py\", line 513, in __call__\n    return self._hookexec(self.name, self._hookimpls.copy(), kwargs, firstresult)\n           ^^^^^^^^^^^^^^^^^^^^^^^^^^^^^^^^^^^^^^^^^^^^^^^^^^^^^^^^^^^^^^^^^^^^^^\n  File \"/root/spread_project/.tox/integration/lib/python3.12/site-packages/pluggy/_manager.py\", line 120, in _hookexec\n    return self._inner_hookexec(hook_name, methods, kwargs, firstresult)\n           ^^^^^^^^^^^^^^^^^^^^^^^^^^^^^^^^^^^^^^^^^^^^^^^^^^^^^^^^^^^^^\n  File \"/root/spread_project/.tox/integration/lib/python3.12/site-packages/pluggy/_callers.py\", line 182, in _multicall\n    return outcome.get_result()\n           ^^^^^^^^^^^^^^^^^^^^\n  File \"/root/spread_project/.tox/integration/lib/python3.12/site-packages/pluggy/_result.py\", line 100, in get_result\n    raise exc.with_traceback(exc.__traceback__)\n  File \"/root/spread_project/.tox/integration/lib/python3.12/site-packages/pluggy/_callers.py\", line 167, in _multicall\n    teardown.throw(outcome._exception)\n  File \"/root/spread_project/.tox/integration/lib/python3.12/site-packages/_pytest/threadexception.py\", line 92, in pytest_runtest_call\n    yield from thread_exception_runtest_hook()\n  File \"/root/spread_project/.tox/integration/lib/python3.12/site-packages/_pytest/threadexception.py\", line 68, in thread_exception_runtest_hook\n    yield\n  File \"/root/spread_project/.tox/integration/lib/python3.12/site-packages/pluggy/_callers.py\", line 167, in _multicall\n    teardown.throw(outcome._exception)\n  File \"/root/spread_project/.tox/integration/lib/python3.12/site-packages/_pytest/unraisableexception.py\", line 95, in pytest_runtest_call\n    yield from unraisable_exception_runtest_hook()\n  File \"/root/spread_project/.tox/integration/lib/python3.12/site-packages/_pytest/unraisableexception.py\", line 70, in unraisable_exception_runtest_hook\n    yield\n  File \"/root/spread_project/.tox/integration/lib/python3.12/site-packages/pluggy/_callers.py\", line 167, in _multicall\n    teardown.throw(outcome._exception)\n  File \"/root/spread_project/.tox/integration/lib/python3.12/site-packages/_pytest/logging.py\", line 846, in pytest_runtest_call\n    yield from self._runtest_for(item, \"call\")\n  File \"/root/spread_project/.tox/integration/lib/python3.12/site-packages/_pytest/logging.py\", line 829, in _runtest_for\n    yield\n  File \"/root/spread_project/.tox/integration/lib/python3.12/site-packages/pluggy/_callers.py\", line 167, in _multicall\n    teardown.throw(outcome._exception)\n  File \"/root/spread_project/.tox/integration/lib/python3.12/site-packages/_pytest/capture.py\", line 880, in pytest_runtest_call\n    return (yield)\n            ^^^^^\n  File \"/root/spread_project/.tox/integration/lib/python3.12/site-packages/pluggy/_callers.py\", line 167, in _multicall\n    teardown.throw(outcome._exception)\n  File \"/root/spread_project/.tox/integration/lib/python3.12/site-packages/_pytest/skipping.py\", line 257, in pytest_runtest_call\n    return (yield)\n            ^^^^^\n  File \"/root/spread_project/.tox/integration/lib/python3.12/site-packages/pluggy/_callers.py\", line 103, in _multicall\n    res = hook_impl.function(*args)\n          ^^^^^^^^^^^^^^^^^^^^^^^^^\n  File \"/root/spread_project/.tox/integration/lib/python3.12/site-packages/_pytest/runner.py\", line 174, in pytest_runtest_call\n    item.runtest()\n  File \"/root/spread_project/.tox/integration/lib/python3.12/site-packages/_pytest/python.py\", line 1627, in runtest\n    self.ihook.pytest_pyfunc_call(pyfuncitem=self)\n  File \"/root/spread_project/.tox/integration/lib/python3.12/site-packages/pluggy/_hooks.py\", line 513, in __call__\n    return self._hookexec(self.name, self._hookimpls.copy(), kwargs, firstresult)\n           ^^^^^^^^^^^^^^^^^^^^^^^^^^^^^^^^^^^^^^^^^^^^^^^^^^^^^^^^^^^^^^^^^^^^^^\n  File \"/root/spread_project/.tox/integration/lib/python3.12/site-packages/pluggy/_manager.py\", line 120, in _hookexec\n    return self._inner_hookexec(hook_name, methods, kwargs, firstresult)\n           ^^^^^^^^^^^^^^^^^^^^^^^^^^^^^^^^^^^^^^^^^^^^^^^^^^^^^^^^^^^^^\n  File \"/root/spread_project/.tox/integration/lib/python3.12/site-packages/pluggy/_callers.py\", line 182, in _multicall\n    return outcome.get_result()\n           ^^^^^^^^^^^^^^^^^^^^\n  File \"/root/spread_project/.tox/integration/lib/python3.12/site-packages/pluggy/_result.py\", line 100, in get_result\n    raise exc.with_traceback(exc.__traceback__)\n  File \"/root/spread_project/.tox/integration/lib/python3.12/site-packages/pluggy/_callers.py\", line 103, in _multicall\n    res = hook_impl.function(*args)\n          ^^^^^^^^^^^^^^^^^^^^^^^^^\n  File \"/root/spread_project/.tox/integration/lib/python3.12/site-packages/_pytest/python.py\", line 159, in pytest_pyfunc_call\n    result = testfunction(**testargs)\n             ^^^^^^^^^^^^^^^^^^^^^^^^\n  File \"/root/spread_project/.tox/integration/lib/python3.12/site-packages/pytest_asyncio/plugin.py\", line 529, in inner\n    _loop.run_until_complete(task)\n  File \"/usr/lib/python3.12/asyncio/base_events.py\", line 687, in run_until_complete\n    return future.result()\n           ^^^^^^^^^^^^^^^\n  File \"/root/spread_project/tests/integration/ha_tests/test_self_healing_2.py\", line 97, in test_scaling_to_zero\n    await check_writes(ops_test)\n  File \"/root/spread_project/tests/integration/ha_tests/helpers.py\", line 227, in check_writes\n    assert count == max_number_written[member], (\n           ^^^^^^^^^^^^^^^^^^^^^^^^^^^^^^^^^^^\nAssertionError: testing.postgresql-k8s-0: writes to the db were missed: count of actual writes (14581) on testing.postgresql-k8s-0 different from the max number written (14597).","steps":[],"attachments":[{"uid":"4662155a475588b8","name":"log","source":"4662155a475588b8.txt","type":"text/plain","size":8223}],"parameters":[],"shouldDisplayMessage":true,"stepsCount":0,"attachmentsCount":1,"hasContent":true,"attachmentStep":false},"afterStages":[{"name":"continuous_writes::finalizer","time":{"start":1743817399290,"stop":1743817400311,"duration":1021},"status":"passed","steps":[],"attachments":[],"parameters":[],"shouldDisplayMessage":false,"stepsCount":0,"attachmentsCount":0,"hasContent":false,"attachmentStep":false},{"name":"abort_on_fail::0","time":{"start":1743817400311,"stop":1743817400311,"duration":0},"status":"passed","steps":[],"attachments":[],"parameters":[],"shouldDisplayMessage":false,"stepsCount":0,"attachmentsCount":0,"hasContent":false,"attachmentStep":false},{"name":"ops_test::finalizer","time":{"start":1743817400311,"stop":1743817400674,"duration":363},"status":"passed","steps":[],"attachments":[],"parameters":[],"shouldDisplayMessage":false,"stepsCount":0,"attachmentsCount":0,"hasContent":false,"attachmentStep":false},{"name":"event_loop::2","time":{"start":1743817400675,"stop":1743817400675,"duration":0},"status":"passed","steps":[],"attachments":[],"parameters":[],"shouldDisplayMessage":false,"stepsCount":0,"attachmentsCount":0,"hasContent":false,"attachmentStep":false},{"name":"event_loop::_close_event_loop","time":{"start":1743817400675,"stop":1743817400675,"duration":0},"status":"passed","steps":[],"attachments":[],"parameters":[],"shouldDisplayMessage":false,"stepsCount":0,"attachmentsCount":0,"hasContent":false,"attachmentStep":false},{"name":"event_loop::_provide_clean_event_loop","time":{"start":1743817400675,"stop":1743817400676,"duration":1},"status":"passed","steps":[],"attachments":[],"parameters":[],"shouldDisplayMessage":false,"stepsCount":0,"attachmentsCount":0,"hasContent":false,"attachmentStep":false}],"labels":[{"name":"tag","value":"abort_on_fail"},{"name":"tag","value":"asyncio"},{"name":"parentSuite","value":"tests.integration.ha_tests"},{"name":"suite","value":"test_self_healing_2"},{"name":"host","value":"fv-az1712-710"},{"name":"thread","value":"19066-MainThread"},{"name":"framework","value":"pytest"},{"name":"language","value":"cpython3"},{"name":"package","value":"tests.integration.ha_tests.test_self_healing_2"},{"name":"resultFormat","value":"allure2"}],"parameters":[],"links":[],"hidden":false,"retry":false,"extra":{"severity":"normal","retries":[{"uid":"f569d800de29f42d","status":"unknown","time":{}}],"categories":[{"name":"Product defects","matchedStatuses":[]}],"history":{"statistic":{"failed":8,"broken":9,"skipped":0,"passed":33,"unknown":0,"total":50},"items":[{"uid":"f6c3ec81b9f361f4","reportUrl":"../3845//#testresult/f6c3ec81b9f361f4","status":"failed","statusDetails":"AssertionError: testing.postgresql-k8s-0: writes to the db were missed: count of actual writes (38844) on testing.postgresql-k8s-0 different from the max number written (38845).","time":{"start":1743730565957,"stop":1743731373210,"duration":807253}},{"uid":"8086fff54a972c7f","reportUrl":"../3835//#testresult/8086fff54a972c7f","status":"passed","time":{"start":1743644136402,"stop":1743644576818,"duration":440416}},{"uid":"42e703f08583038b","reportUrl":"../3834//#testresult/42e703f08583038b","status":"passed","time":{"start":1743557792322,"stop":1743558500626,"duration":708304}},{"uid":"c2e209ba871b3611","reportUrl":"../3828//#testresult/c2e209ba871b3611","status":"failed","statusDetails":"AssertionError: testing.postgresql-k8s-0: writes to the db were missed: count of actual writes (29440) on testing.postgresql-k8s-0 different from the max number written (29443).","time":{"start":1743471869667,"stop":1743472549723,"duration":680056}},{"uid":"86fd73666d477b8","reportUrl":"../3827//#testresult/86fd73666d477b8","status":"failed","statusDetails":"AssertionError: testing.postgresql-k8s-0: writes to the db were missed: count of actual writes (12806) on testing.postgresql-k8s-0 different from the max number written (12809).","time":{"start":1743384944844,"stop":1743385382383,"duration":437539}},{"uid":"defffa1ef0887ad2","reportUrl":"../3826//#testresult/defffa1ef0887ad2","status":"passed","time":{"start":1743298622170,"stop":1743299262926,"duration":640756}},{"uid":"723ebde7e35248c0","reportUrl":"../3824//#testresult/723ebde7e35248c0","status":"passed","time":{"start":1743212281230,"stop":1743212735311,"duration":454081}},{"uid":"f1c327b2349f640f","reportUrl":"../3818//#testresult/f1c327b2349f640f","status":"passed","time":{"start":1743125694213,"stop":1743126197879,"duration":503666}},{"uid":"25f0b351a113c247","reportUrl":"../3814//#testresult/25f0b351a113c247","status":"broken","statusDetails":"TimeoutError: Timed out waiting for model:\n  postgresql-k8s/0 [idle] active: Primary (degraded)\n  postgresql-k8s/1 [idle] active: \n  postgresql-k8s/2 [idle] maintenance: reinitialising replica","time":{"start":1743039739942,"stop":1743040805777,"duration":1065835}},{"uid":"ca83d9f2401ff6e9","reportUrl":"../3808//#testresult/ca83d9f2401ff6e9","status":"passed","time":{"start":1742952950513,"stop":1742953464547,"duration":514034}},{"uid":"c7d1ea45a2e6d460","reportUrl":"../3796//#testresult/c7d1ea45a2e6d460","status":"passed","time":{"start":1742867419201,"stop":1742868180588,"duration":761387}},{"uid":"f4722b6bc508a4ec","reportUrl":"../3787//#testresult/f4722b6bc508a4ec","status":"passed","time":{"start":1742780133794,"stop":1742780799970,"duration":666176}},{"uid":"422349fe7e87111d","reportUrl":"../3786//#testresult/422349fe7e87111d","status":"broken","statusDetails":"TimeoutError: Timed out waiting for model:\n  postgresql-k8s/0 [idle] active: Primary (degraded)\n  postgresql-k8s/1 [idle] active: \n  postgresql-k8s/2 [idle] maintenance: reinitialising replica","time":{"start":1742693790370,"stop":1742694849525,"duration":1059155}},{"uid":"6845a01fcd26f1d7","reportUrl":"../3785//#testresult/6845a01fcd26f1d7","status":"passed","time":{"start":1742607308112,"stop":1742608007911,"duration":699799}},{"uid":"26e521cc72c51d20","reportUrl":"../3776//#testresult/26e521cc72c51d20","status":"broken","statusDetails":"TimeoutError: Timed out waiting for model:\n  postgresql-k8s/0 [idle] maintenance: reinitialising replica\n  postgresql-k8s/1 [idle] active: Primary (degraded)\n  postgresql-k8s/2 [idle] active:","time":{"start":1742520965193,"stop":1742522027374,"duration":1062181}},{"uid":"da8bcdeaaf0dafe8","reportUrl":"../3767//#testresult/da8bcdeaaf0dafe8","status":"passed","time":{"start":1742434529380,"stop":1742434891430,"duration":362050}},{"uid":"c049d2d626f0812d","reportUrl":"../3755//#testresult/c049d2d626f0812d","status":"passed","time":{"start":1742348109161,"stop":1742348753795,"duration":644634}},{"uid":"3b3440e061cf2df6","reportUrl":"../3743//#testresult/3b3440e061cf2df6","status":"failed","statusDetails":"AssertionError: testing.postgresql-k8s-0: writes to the db were missed: count of actual writes (29005) on testing.postgresql-k8s-0 different from the max number written (29012).","time":{"start":1742262131008,"stop":1742262805920,"duration":674912}},{"uid":"eb8d321684dc704b","reportUrl":"../3742//#testresult/eb8d321684dc704b","status":"passed","time":{"start":1742002549716,"stop":1742003009846,"duration":460130}},{"uid":"31983418a1344c40","reportUrl":"../3739//#testresult/31983418a1344c40","status":"passed","time":{"start":1741916170612,"stop":1741916627582,"duration":456970}}]},"tags":["asyncio","abort_on_fail"]},"source":"f14771e30376ad12.json","parameterValues":[]}