[33mWARNING [0m juju.client.connection:connection.py:858 unexpected facade SSHServer received from the controller
[32mINFO    [0m pytest_operator.plugin:plugin.py:806 Connecting to existing model concierge-microk8s:testing on unspecified cloud
[33mWARNING [0m juju.client.connection:connection.py:858 unexpected facade SSHServer received from the controller
[33mWARNING [0m juju.client.connection:connection.py:858 unexpected facade SSHSession received from the controller
[33mWARNING [0m juju.client.connection:connection.py:858 unexpected facade SSHTunneler received from the controller
[33mWARNING [0m juju.client.connection:connection.py:858 unexpected facade SSHServer received from the controller
[33mWARNING [0m juju.client.connection:connection.py:858 unexpected facade SSHServer received from the controller
[32mINFO    [0m juju.model:__init__.py:2301 Deploying local:postgresql-k8s-0
[32mINFO    [0m juju.model:__init__.py:3254 Waiting for model:
  postgresql-k8s/0 [allocating] waiting: installing agent
[32mINFO    [0m juju.model:__init__.py:3254 Waiting for model:
  postgresql-k8s/0 [executing] maintenance: installing charm software
[32mINFO    [0m juju.model:__init__.py:3254 Waiting for model:
  postgresql-k8s/0 [idle] active: Primary
[32mINFO    [0m juju.model:__init__.py:3254 Waiting for model:
  postgresql-k8s/0 [idle] active: Primary
[32mINFO    [0m integration.test_config:test_config.py:215 synchronous_node_count
[32mINFO    [0m integration.test_config:test_config.py:215 synchronous_node_count
[32mINFO    [0m integration.test_config:test_config.py:215 connection_authentication_timeout
[32mINFO    [0m integration.test_config:test_config.py:215 connection_statement_timeout
[32mINFO    [0m integration.test_config:test_config.py:215 durability_synchronous_commit
[32mINFO    [0m integration.test_config:test_config.py:215 instance_default_text_search_config
[32mINFO    [0m integration.test_config:test_config.py:215 instance_max_locks_per_transaction
[32mINFO    [0m integration.test_config:test_config.py:215 instance_password_encryption
[32mINFO    [0m integration.test_config:test_config.py:215 logging_client_min_messages
[32mINFO    [0m integration.test_config:test_config.py:215 logging_log_min_duration_statement
[32mINFO    [0m integration.test_config:test_config.py:215 logging_track_functions
[32mINFO    [0m integration.test_config:test_config.py:215 memory_maintenance_work_mem
[32mINFO    [0m integration.test_config:test_config.py:215 memory_max_prepared_transactions
[32mINFO    [0m integration.test_config:test_config.py:215 memory_shared_buffers
[32mINFO    [0m integration.test_config:test_config.py:215 memory_temp_buffers
[32mINFO    [0m integration.test_config:test_config.py:215 memory_work_mem
[32mINFO    [0m integration.test_config:test_config.py:215 optimizer_constraint_exclusion
[32mINFO    [0m integration.test_config:test_config.py:215 optimizer_cpu_index_tuple_cost
[32mINFO    [0m integration.test_config:test_config.py:215 optimizer_cpu_operator_cost
[32mINFO    [0m integration.test_config:test_config.py:215 optimizer_cpu_tuple_cost
[32mINFO    [0m integration.test_config:test_config.py:215 optimizer_cursor_tuple_fraction
[32mINFO    [0m integration.test_config:test_config.py:215 optimizer_default_statistics_target
[32mINFO    [0m integration.test_config:test_config.py:215 optimizer_from_collapse_limit
[32mINFO    [0m integration.test_config:test_config.py:215 optimizer_geqo_effort
[32mINFO    [0m integration.test_config:test_config.py:215 optimizer_geqo_generations
[32mINFO    [0m integration.test_config:test_config.py:215 optimizer_geqo_pool_size
[32mINFO    [0m integration.test_config:test_config.py:215 optimizer_geqo_seed
[32mINFO    [0m integration.test_config:test_config.py:215 optimizer_geqo_selection_bias
[32mINFO    [0m integration.test_config:test_config.py:215 optimizer_geqo_threshold
[32mINFO    [0m integration.test_config:test_config.py:215 optimizer_jit_above_cost
[32mINFO    [0m integration.test_config:test_config.py:215 optimizer_jit_inline_above_cost
[32mINFO    [0m integration.test_config:test_config.py:215 optimizer_jit_optimize_above_cost
[32mINFO    [0m integration.test_config:test_config.py:215 optimizer_join_collapse_limit
[32mINFO    [0m integration.test_config:test_config.py:215 optimizer_min_parallel_index_scan_size
[32mINFO    [0m integration.test_config:test_config.py:215 optimizer_min_parallel_table_scan_size
[32mINFO    [0m integration.test_config:test_config.py:215 optimizer_parallel_setup_cost
[32mINFO    [0m integration.test_config:test_config.py:215 optimizer_parallel_tuple_cost
[32mINFO    [0m integration.test_config:test_config.py:215 profile
[32mINFO    [0m integration.test_config:test_config.py:215 profile_limit_memory
[32mINFO    [0m integration.test_config:test_config.py:215 request_backslash_quote
[32mINFO    [0m integration.test_config:test_config.py:215 request_date_style
[32mINFO    [0m integration.test_config:test_config.py:215 request_deadlock_timeout
[32mINFO    [0m integration.test_config:test_config.py:215 request_default_transaction_isolation
[32mINFO    [0m integration.test_config:test_config.py:215 request_lock_timeout
[32mINFO    [0m integration.test_config:test_config.py:215 request_time_zone
[32mINFO    [0m integration.test_config:test_config.py:215 request_track_activity_query_size
[32mINFO    [0m integration.test_config:test_config.py:215 request_xmlbinary
[32mINFO    [0m integration.test_config:test_config.py:215 request_xmloption
[32mINFO    [0m integration.test_config:test_config.py:215 response_bytea_output
[32mINFO    [0m integration.test_config:test_config.py:215 response_extra_float_digits
[32mINFO    [0m integration.test_config:test_config.py:215 response_gin_fuzzy_search_limit
[32mINFO    [0m integration.test_config:test_config.py:215 response_lc_monetary
[32mINFO    [0m integration.test_config:test_config.py:215 response_lc_numeric
[32mINFO    [0m integration.test_config:test_config.py:215 response_lc_time
[32mINFO    [0m integration.test_config:test_config.py:215 session_idle_in_transaction_session_timeout
[32mINFO    [0m integration.test_config:test_config.py:215 storage_bgwriter_lru_maxpages
[32mINFO    [0m integration.test_config:test_config.py:215 storage_bgwriter_lru_multiplier
[32mINFO    [0m integration.test_config:test_config.py:215 storage_default_table_access_method
[32mINFO    [0m integration.test_config:test_config.py:215 storage_gin_pending_list_limit
[32mINFO    [0m integration.test_config:test_config.py:215 storage_old_snapshot_threshold
[32mINFO    [0m integration.test_config:test_config.py:215 vacuum_autovacuum_analyze_scale_factor
[32mINFO    [0m integration.test_config:test_config.py:215 vacuum_autovacuum_analyze_threshold
[32mINFO    [0m integration.test_config:test_config.py:215 vacuum_autovacuum_freeze_max_age
[32mINFO    [0m integration.test_config:test_config.py:215 vacuum_autovacuum_naptime
[32mINFO    [0m integration.test_config:test_config.py:215 vacuum_autovacuum_vacuum_cost_delay
[32mINFO    [0m integration.test_config:test_config.py:215 vacuum_autovacuum_vacuum_cost_limit
[32mINFO    [0m integration.test_config:test_config.py:215 vacuum_autovacuum_vacuum_insert_scale_factor
[32mINFO    [0m integration.test_config:test_config.py:215 vacuum_autovacuum_vacuum_insert_threshold
[32mINFO    [0m integration.test_config:test_config.py:215 vacuum_autovacuum_vacuum_scale_factor
[32mINFO    [0m integration.test_config:test_config.py:215 vacuum_autovacuum_vacuum_threshold
[32mINFO    [0m integration.test_config:test_config.py:215 vacuum_vacuum_cost_delay
[32mINFO    [0m integration.test_config:test_config.py:215 vacuum_vacuum_cost_limit
[32mINFO    [0m integration.test_config:test_config.py:215 vacuum_vacuum_cost_page_dirty
[32mINFO    [0m integration.test_config:test_config.py:215 vacuum_vacuum_cost_page_hit
[32mINFO    [0m integration.test_config:test_config.py:215 vacuum_vacuum_cost_page_miss
[32mINFO    [0m integration.test_config:test_config.py:215 vacuum_vacuum_failsafe_age
[32mINFO    [0m integration.test_config:test_config.py:215 vacuum_vacuum_freeze_min_age
[32mINFO    [0m integration.test_config:test_config.py:215 vacuum_vacuum_freeze_table_age
[32mINFO    [0m integration.test_config:test_config.py:215 vacuum_vacuum_multixact_failsafe_age
[32mINFO    [0m integration.test_config:test_config.py:215 vacuum_vacuum_multixact_freeze_min_age
[32mINFO    [0m integration.test_config:test_config.py:215 vacuum_vacuum_multixact_freeze_table_age
[32mINFO    [0m pytest_operator.plugin:plugin.py:951 Model status:

Model    Controller          Cloud/Region        Version  SLA          Timestamp
testing  concierge-microk8s  microk8s/localhost  3.6.12   unsupported  01:34:27Z

App             Version  Status       Scale  Charm           Channel  Rev  Address         Exposed  Message
postgresql-k8s  14.19    maintenance      1  postgresql-k8s             0  10.152.183.244  no       Beginning rolling restart

Unit               Workload  Agent      Address      Ports  Message
postgresql-k8s/0*  active    executing  10.1.16.138         (config-changed) 

[32mINFO    [0m pytest_operator.plugin:plugin.py:957 Juju error logs:

unit-postgresql-k8s-0: 01:33:24 ERROR unit.postgresql-k8s/0.juju-log Uncaught exception while in charm code:
Traceback (most recent call last):
  File "/var/lib/juju/agents/unit-postgresql-k8s-0/charm/venv/lib/python3.10/site-packages/ops/model.py", line 3637, in _run
    result = subprocess.run(args, **kwargs)  # type: ignore
  File "/usr/lib/python3.10/subprocess.py", line 526, in run
    raise CalledProcessError(retcode, process.args,
subprocess.CalledProcessError: Command '('/var/lib/juju/tools/unit-postgresql-k8s-0/secret-get', '--label', 'database-peers.postgresql-k8s.app', '--format=json')' returned non-zero exit status 1.

The above exception was the direct cause of the following exception:

Traceback (most recent call last):
  File "/var/lib/juju/agents/unit-postgresql-k8s-0/charm/src/charm.py", line 2551, in <module>
    main(PostgresqlOperatorCharm, use_juju_for_storage=True)
  File "/var/lib/juju/agents/unit-postgresql-k8s-0/charm/venv/lib/python3.10/site-packages/ops/__init__.py", line 356, in __call__
    return _main.main(charm_class=charm_class, use_juju_for_storage=use_juju_for_storage)
  File "/var/lib/juju/agents/unit-postgresql-k8s-0/charm/venv/lib/python3.10/site-packages/ops/_main.py", line 502, in main
    manager.run()
  File "/var/lib/juju/agents/unit-postgresql-k8s-0/charm/venv/lib/python3.10/site-packages/ops/_main.py", line 486, in run
    self._emit()
  File "/var/lib/juju/agents/unit-postgresql-k8s-0/charm/venv/lib/python3.10/site-packages/ops/_main.py", line 421, in _emit
    self._emit_charm_event(self.dispatcher.event_name)
  File "/var/lib/juju/agents/unit-postgresql-k8s-0/charm/venv/lib/python3.10/site-packages/ops/_main.py", line 465, in _emit_charm_event
    event_to_emit.emit(*args, **kwargs)
  File "/var/lib/juju/agents/unit-postgresql-k8s-0/charm/venv/lib/python3.10/site-packages/ops/framework.py", line 351, in emit
    framework._emit(event)
  File "/var/lib/juju/agents/unit-postgresql-k8s-0/charm/venv/lib/python3.10/site-packages/ops/framework.py", line 924, in _emit
    self._reemit(event_path)
  File "/var/lib/juju/agents/unit-postgresql-k8s-0/charm/venv/lib/python3.10/site-packages/ops/framework.py", line 1030, in _reemit
    custom_handler(event)
  File "/var/lib/juju/agents/unit-postgresql-k8s-0/charm/lib/charms/tempo_coordinator_k8s/v0/charm_tracing.py", line 1153, in wrapped_function
    return callable(*args, **kwargs)  # type: ignore
  File "/var/lib/juju/agents/unit-postgresql-k8s-0/charm/src/charm.py", line 991, in _on_postgresql_pebble_ready
    self.unit.set_workload_version(self._patroni.rock_postgresql_version)
  File "/var/lib/juju/agents/unit-postgresql-k8s-0/charm/src/charm.py", line 1636, in _patroni
    self.get_secret(APP_SCOPE, USER_PASSWORD_KEY),
  File "/var/lib/juju/agents/unit-postgresql-k8s-0/charm/lib/charms/tempo_coordinator_k8s/v0/charm_tracing.py", line 1153, in wrapped_function
    return callable(*args, **kwargs)  # type: ignore
  File "/var/lib/juju/agents/unit-postgresql-k8s-0/charm/src/charm.py", line 387, in get_secret
    if result := self.peer_relation_data(scope).fetch_my_relation_field(peers.id, key):
  File "/var/lib/juju/agents/unit-postgresql-k8s-0/charm/lib/charms/data_platform_libs/v0/data_interfaces.py", line 1732, in fetch_my_relation_field
    if relation_data := self.fetch_my_relation_data([relation_id], [field], relation_name):
  File "/var/lib/juju/agents/unit-postgresql-k8s-0/charm/lib/charms/data_platform_libs/v0/data_interfaces.py", line 1721, in fetch_my_relation_data
    data[relation.id] = self._fetch_my_specific_relation_data(relation, fields)
  File "/var/lib/juju/agents/unit-postgresql-k8s-0/charm/lib/charms/data_platform_libs/v0/data_interfaces.py", line 656, in wrapper
    return f(self, *args, **kwargs)
  File "/var/lib/juju/agents/unit-postgresql-k8s-0/charm/lib/charms/data_platform_libs/v0/data_interfaces.py", line 2613, in _fetch_my_specific_relation_data
    self.component, self.local_secret_fields, relation, fields
  File "/var/lib/juju/agents/unit-postgresql-k8s-0/charm/lib/charms/data_platform_libs/v0/data_interfaces.py", line 2235, in local_secret_fields
    self.static_secret_fields if self.static_secret_fields else self.current_secret_fields
  File "/var/lib/juju/agents/unit-postgresql-k8s-0/charm/lib/charms/data_platform_libs/v0/data_interfaces.py", line 2259, in current_secret_fields
    if content := self._get_group_secret_contents(relation, group):
  File "/var/lib/juju/agents/unit-postgresql-k8s-0/charm/lib/charms/data_platform_libs/v0/data_interfaces.py", line 2600, in _get_group_secret_contents
    result = super()._get_group_secret_contents(relation, group, secret_fields)
  File "/var/lib/juju/agents/unit-postgresql-k8s-0/charm/lib/charms/data_platform_libs/v0/data_interfaces.py", line 1452, in _get_group_secret_contents
    if (secret := self._get_relation_secret(relation.id, group)) and (
  File "/var/lib/juju/agents/unit-postgresql-k8s-0/charm/lib/charms/data_platform_libs/v0/data_interfaces.py", line 628, in wrapper
    return f(self, *args, **kwargs)
  File "/var/lib/juju/agents/unit-postgresql-k8s-0/charm/lib/charms/data_platform_libs/v0/data_interfaces.py", line 2587, in _get_relation_secret
    return self.secrets.get(
  File "/var/lib/juju/agents/unit-postgresql-k8s-0/charm/lib/charms/data_platform_libs/v0/data_interfaces.py", line 934, in get
    if secret.meta:
  File "/var/lib/juju/agents/unit-postgresql-k8s-0/charm/lib/charms/data_platform_libs/v0/data_interfaces.py", line 764, in meta
    self._secret_meta = self._model.get_secret(label=self.label)
  File "/var/lib/juju/agents/unit-postgresql-k8s-0/charm/venv/lib/python3.10/site-packages/ops/model.py", line 325, in get_secret
    content = self._backend.secret_get(id=id, label=label)
  File "/var/lib/juju/agents/unit-postgresql-k8s-0/charm/venv/lib/python3.10/site-packages/ops/model.py", line 4023, in secret_get
    result = self._run('secret-get', *args, return_output=True, use_json=True)
  File "/var/lib/juju/agents/unit-postgresql-k8s-0/charm/venv/lib/python3.10/site-packages/ops/model.py", line 3639, in _run
    raise ModelError(e.stderr) from e
ops.model.ModelError: ERROR secrets "d50bdoh3f2hs7biibvc0-1" is forbidden: User "system:serviceaccount:testing:unit-postgresql-k8s-0" cannot get resource "secrets" in API group "" in the namespace "testing"

unit-postgresql-k8s-0: 01:33:25 ERROR juju.worker.uniter.operation hook "postgresql-pebble-ready" (via hook dispatching script: dispatch) failed: exit status 1
unit-postgresql-k8s-0: 01:33:25 ERROR juju.worker.uniter pebble poll failed for container "postgresql": failed to send pebble-ready event: hook failed
unit-postgresql-k8s-0: 01:33:46 ERROR unit.postgresql-k8s/0.juju-log failed to change plugins: 
Traceback (most recent call last):
  File "/var/lib/juju/agents/unit-postgresql-k8s-0/charm/lib/charms/postgresql_k8s/v0/postgresql.py", line 438, in enable_disable_extensions
    with self._connect_to_database() as connection, connection.cursor() as cursor:
  File "/var/lib/juju/agents/unit-postgresql-k8s-0/charm/lib/charms/tempo_coordinator_k8s/v0/charm_tracing.py", line 1153, in wrapped_function
    return callable(*args, **kwargs)  # type: ignore
  File "/var/lib/juju/agents/unit-postgresql-k8s-0/charm/lib/charms/postgresql_k8s/v0/postgresql.py", line 184, in _connect_to_database
    connection = psycopg2.connect(
  File "/var/lib/juju/agents/unit-postgresql-k8s-0/charm/venv/lib/python3.10/site-packages/psycopg2/__init__.py", line 122, in connect
    conn = _connect(dsn, connection_factory=connection_factory, **kwasync)
psycopg2.OperationalError: connection to server at "postgresql-k8s-primary.testing.svc.cluster.local" (10.152.183.214), port 5432 failed: Connection refused
	Is the server running on that host and accepting TCP/IP connections?


The above exception was the direct cause of the following exception:

Traceback (most recent call last):
  File "/var/lib/juju/agents/unit-postgresql-k8s-0/charm/src/charm.py", line 781, in _handle_enable_disable_extensions
    self.postgresql.enable_disable_extensions(extensions, database)
  File "/var/lib/juju/agents/unit-postgresql-k8s-0/charm/lib/charms/tempo_coordinator_k8s/v0/charm_tracing.py", line 1153, in wrapped_function
    return callable(*args, **kwargs)  # type: ignore
  File "/var/lib/juju/agents/unit-postgresql-k8s-0/charm/lib/charms/postgresql_k8s/v0/postgresql.py", line 467, in enable_disable_extensions
    raise PostgreSQLEnableDisableExtensionError() from e
charms.postgresql_k8s.v0.postgresql.PostgreSQLEnableDisableExtensionError
unit-postgresql-k8s-0: 01:34:23 ERROR unit.postgresql-k8s/0.juju-log Invalid configuration: 2 validation errors for CharmConfig
synchronous_node_count
  unexpected value; permitted: 'all', 'majority' (type=value_error.const; given=0; permitted=('all', 'majority'))
synchronous_node_count
  ensure this value is greater than 0 (type=value_error.number.not_gt; limit_value=0)

[32mINFO    [0m pytest_operator.plugin:plugin.py:1039 Forgetting model main...