[32mINFO    [0m pytest_operator.plugin:plugin.py:794 Connecting to existing model concierge-microk8s:testing on unspecified cloud
[32mINFO    [0m juju.model:__init__.py:2301 Deploying ch:amd64/jammy/s3-integrator-77
[32mINFO    [0m juju.model:__init__.py:2301 Deploying ch:amd64/jammy/self-signed-certificates-155
[32mINFO    [0m juju.model:__init__.py:2301 Deploying local:postgresql-k8s-0
[33mWARNING [0m juju.model:__init__.py:1683 relate is deprecated and will be removed. Use integrate instead.
[32mINFO    [0m juju.model:__init__.py:3254 Waiting for model:
  postgresql-k8s-aws/0 [allocating] waiting: installing agent
  postgresql-k8s-aws/1 [allocating] waiting: installing agent
[32mINFO    [0m juju.model:__init__.py:3254 Waiting for model:
  postgresql-k8s-aws/0 [executing] maintenance: installing charm software
  postgresql-k8s-aws/1 [executing] maintenance: installing charm software
[32mINFO    [0m juju.model:__init__.py:3254 Waiting for model:
  postgresql-k8s-aws/0 [idle] waiting: awaiting for cluster to start
  postgresql-k8s-aws/1 [idle] unknown: 
[32mINFO    [0m juju.model:__init__.py:3254 Waiting for model:
  postgresql-k8s-aws/0 [executing] waiting: awaiting for primary endpoint to be ready
  postgresql-k8s-aws/1 [idle] unknown: 
[32mINFO    [0m juju.model:__init__.py:3254 Waiting for model:
  postgresql-k8s-aws/0 [idle] waiting: awaiting for primary endpoint to be ready
  postgresql-k8s-aws/1 [idle] unknown: 
[32mINFO    [0m juju.model:__init__.py:3254 Waiting for model:
  postgresql-k8s-aws/0 [idle] maintenance: Executing restart operation
  postgresql-k8s-aws/1 [idle] waiting: awaiting for cluster to start
[32mINFO    [0m juju.model:__init__.py:3254 Waiting for model:
  postgresql-k8s-aws/0 [idle] active: Primary
  postgresql-k8s-aws/1 [idle] waiting: awaiting for cluster to start
[32mINFO    [0m juju.model:__init__.py:3254 Waiting for model:
  postgresql-k8s-aws/0 [idle] maintenance: reconfiguring cluster
  postgresql-k8s-aws/1 [idle] waiting: awaiting for cluster to start
[32mINFO    [0m juju.model:__init__.py:3254 Waiting for model:
  postgresql-k8s-aws/0 [executing] active: Primary
  postgresql-k8s-aws/1 [idle] waiting: awaiting for member to start
[32mINFO    [0m juju.model:__init__.py:3254 Waiting for model:
  postgresql-k8s-aws/0 [idle] active: Primary
  postgresql-k8s-aws/1 [idle] active: 
[33mWARNING [0m juju.model:__init__.py:1683 relate is deprecated and will be removed. Use integrate instead.
[32mINFO    [0m integration.helpers:helpers.py:851 configuring S3 integrator for AWS
[32mINFO    [0m juju.model:__init__.py:3254 Waiting for model:
  postgresql-k8s-aws/0 [executing] active: Primary
  postgresql-k8s-aws/1 [idle] active: 
  s3-integrator/0 [executing] blocked: Missing parameters: ['access-key', 'secret-key']
[32mINFO    [0m juju.model:__init__.py:3254 Waiting for model:
  postgresql-k8s-aws/0 [executing] maintenance: initialising stanza
  postgresql-k8s-aws/1 [idle] active: 
  s3-integrator/0 [idle] active: 
[32mINFO    [0m juju.model:__init__.py:3254 Waiting for model:
  postgresql-k8s-aws/0 [idle] maintenance: initialising stanza
[32mINFO    [0m juju.model:__init__.py:3254 Waiting for model:
  postgresql-k8s-aws/0 [idle] maintenance: initialising stanza
  postgresql-k8s-aws/1 [idle] active: 
[32mINFO    [0m juju.model:__init__.py:3254 Waiting for model:
  postgresql-k8s-aws/0 [idle] active: Primary
  postgresql-k8s-aws/1 [idle] active: 
[32mINFO    [0m juju.model:__init__.py:3254 Waiting for model:
  postgresql-k8s-aws/0 [idle] active: Primary
  postgresql-k8s-aws/1 [idle] active: 
[32mINFO    [0m integration.helpers:helpers.py:872 creating a table in the database
[32mINFO    [0m juju.model:__init__.py:3254 Waiting for model:
  s3-integrator/0 [idle] active: 
  self-signed-certificates/0 [idle] active: 
  postgresql-k8s-aws/0 [idle] active: Primary
  postgresql-k8s-aws/1 [idle] active: 
[32mINFO    [0m integration.helpers:helpers.py:883 creating a backup
[32mINFO    [0m juju.model:__init__.py:3254 Waiting for model:
  s3-integrator/0 [idle] active: 
  self-signed-certificates/0 [idle] active: 
  postgresql-k8s-aws/0 [executing] active: Primary
  postgresql-k8s-aws/1 [idle] active: 
[32mINFO    [0m juju.model:__init__.py:3254 Waiting for model:
  postgresql-k8s-aws/0 [idle] active: Primary
[32mINFO    [0m integration.helpers:helpers.py:892 listing the available backups
[32mINFO    [0m juju.model:__init__.py:3254 Waiting for model:
  s3-integrator/0 [idle] active: 
  self-signed-certificates/0 [idle] active: 
  postgresql-k8s-aws/0 [idle] active: Primary
  postgresql-k8s-aws/1 [idle] active: 
[32mINFO    [0m integration.helpers:helpers.py:901 creating a second table in the database
[32mINFO    [0m integration.helpers:helpers.py:908 creating a backup
[32mINFO    [0m juju.model:__init__.py:3254 Waiting for model:
  s3-integrator/0 [idle] active: 
  self-signed-certificates/0 [idle] active: 
  postgresql-k8s-aws/0 [idle] active: Primary
  postgresql-k8s-aws/1 [idle] active: 
[32mINFO    [0m integration.helpers:helpers.py:919 listing the available backups
[32mINFO    [0m juju.model:__init__.py:3254 Waiting for model:
  s3-integrator/0 [idle] active: 
  self-signed-certificates/0 [idle] active: 
  postgresql-k8s-aws/0 [idle] active: Primary
  postgresql-k8s-aws/1 [idle] active: 
[32mINFO    [0m integration.helpers:helpers.py:928 creating a second table in the database
[32mINFO    [0m juju.model:__init__.py:3254 Waiting for model:
  postgresql-k8s-aws (waiting for exactly 1 units, current : 2)
[32mINFO    [0m juju.model:__init__.py:3254 Waiting for model:
  postgresql-k8s-aws/0 [idle] active: Primary
[32mINFO    [0m integration.helpers:helpers.py:944 restoring the backup
[32mINFO    [0m juju.model:__init__.py:3254 Waiting for model:
  s3-integrator/0 [idle] active: 
  self-signed-certificates/0 [idle] active: 
  postgresql-k8s-aws/0 [idle] maintenance: restoring backup
[32mINFO    [0m juju.model:__init__.py:3254 Waiting for model:
  postgresql-k8s-aws/0 [idle] maintenance: restoring backup
[32mINFO    [0m juju.model:__init__.py:3254 Waiting for model:
  postgresql-k8s-aws/0 [idle] maintenance: restoring backup
[32mINFO    [0m juju.model:__init__.py:3254 Waiting for model:
  postgresql-k8s-aws/0 [idle] active: Primary
[32mINFO    [0m integration.helpers:helpers.py:957 checking that the backup was correctly restored
[32mINFO    [0m integration.helpers:helpers.py:989 restoring the backup
[32mINFO    [0m juju.model:__init__.py:3254 Waiting for model:
  s3-integrator/0 [idle] active: 
  self-signed-certificates/0 [idle] active: 
  postgresql-k8s-aws/0 [idle] maintenance: restoring backup
[32mINFO    [0m juju.model:__init__.py:3254 Waiting for model:
  postgresql-k8s-aws/0 [idle] maintenance: restoring backup
[32mINFO    [0m juju.model:__init__.py:3254 Waiting for model:
  postgresql-k8s-aws/0 [idle] maintenance: restoring backup
[32mINFO    [0m juju.model:__init__.py:3254 Waiting for model:
  postgresql-k8s-aws/0 [idle] active: Primary
[32mINFO    [0m integration.helpers:helpers.py:1002 checking that the backup was correctly restored
[32mINFO    [0m integration.test_backups_aws:test_backups_aws.py:113 removing the TLS relation
[32mINFO    [0m juju.model:__init__.py:3254 Waiting for model:
  postgresql-k8s-aws (waiting for exactly 2 units, current : 1)
[32mINFO    [0m juju.model:__init__.py:3254 Waiting for model:
  postgresql-k8s-aws/0 [idle] active: 
  postgresql-k8s-aws/1 [idle] waiting: awaiting for cluster to start
[32mINFO    [0m integration.test_backups_aws:test_backups_aws.py:77 deleting the previously created backups
[32mINFO    [0m pytest_operator.plugin:plugin.py:936 Model status:

Model    Controller          Cloud/Region        Version  SLA          Timestamp
testing  concierge-microk8s  microk8s/localhost  3.6.2    unsupported  01:58:26Z

App                       Version  Status   Scale  Charm                     Channel        Rev  Address         Exposed  Message
postgresql-k8s-aws        14.15    waiting      2  postgresql-k8s                             0  10.152.183.124  no       installing agent
s3-integrator                      active       1  s3-integrator             latest/stable   77  10.152.183.123  no       
self-signed-certificates           active       1  self-signed-certificates  latest/stable  155  10.152.183.101  no       

Unit                         Workload     Agent  Address      Ports  Message
postgresql-k8s-aws/0*        maintenance  idle   10.1.169.76         reconfiguring cluster
postgresql-k8s-aws/1         error        idle   10.1.169.78         hook failed: "config-changed"
s3-integrator/0*             active       idle   10.1.169.72         
self-signed-certificates/0*  active       idle   10.1.169.73         

[32mINFO    [0m pytest_operator.plugin:plugin.py:942 Juju error logs:

unit-postgresql-k8s-aws-0: 01:56:34 ERROR unit.postgresql-k8s-aws/0.juju-log Failed to get PostgreSQL current timeline id: connection to server at "postgresql-k8s-aws-primary.testing.svc.cluster.local" (10.152.183.187), port 5432 failed: Connection refused
	Is the server running on that host and accepting TCP/IP connections?

unit-postgresql-k8s-aws-1: 01:58:23 ERROR unit.postgresql-k8s-aws/1.juju-log Uncaught exception while in charm code:
Traceback (most recent call last):
  File "/var/lib/juju/agents/unit-postgresql-k8s-aws-1/charm/lib/charms/postgresql_k8s/v0/postgresql.py", line 483, in get_postgresql_timezones
    cursor.execute("SELECT name FROM pg_timezone_names;")
psycopg2.OperationalError: terminating connection due to administrator command
server closed the connection unexpectedly
	This probably means the server terminated abnormally
	before or while processing the request.


During handling of the above exception, another exception occurred:

Traceback (most recent call last):
  File "/var/lib/juju/agents/unit-postgresql-k8s-aws-1/charm/src/charm.py", line 2311, in <module>
    main(PostgresqlOperatorCharm, use_juju_for_storage=True)
  File "/var/lib/juju/agents/unit-postgresql-k8s-aws-1/charm/venv/lib/python3.10/site-packages/ops/__init__.py", line 343, in __call__
    return _main.main(charm_class=charm_class, use_juju_for_storage=use_juju_for_storage)
  File "/var/lib/juju/agents/unit-postgresql-k8s-aws-1/charm/venv/lib/python3.10/site-packages/ops/_main.py", line 558, in main
    manager.run()
  File "/var/lib/juju/agents/unit-postgresql-k8s-aws-1/charm/venv/lib/python3.10/site-packages/ops/_main.py", line 543, in run
    self._emit()
  File "/var/lib/juju/agents/unit-postgresql-k8s-aws-1/charm/venv/lib/python3.10/site-packages/ops/_main.py", line 502, in _emit
    self._emit_charm_event(self.dispatcher.event_name)
  File "/var/lib/juju/agents/unit-postgresql-k8s-aws-1/charm/venv/lib/python3.10/site-packages/ops/_main.py", line 530, in _emit_charm_event
    event_to_emit.emit(*args, **kwargs)
  File "/var/lib/juju/agents/unit-postgresql-k8s-aws-1/charm/venv/lib/python3.10/site-packages/ops/framework.py", line 347, in emit
    framework._emit(event)
  File "/var/lib/juju/agents/unit-postgresql-k8s-aws-1/charm/venv/lib/python3.10/site-packages/ops/framework.py", line 906, in _emit
    self._reemit(event_path)
  File "/var/lib/juju/agents/unit-postgresql-k8s-aws-1/charm/venv/lib/python3.10/site-packages/ops/framework.py", line 996, in _reemit
    custom_handler(event)
  File "/var/lib/juju/agents/unit-postgresql-k8s-aws-1/charm/lib/charms/tempo_coordinator_k8s/v0/charm_tracing.py", line 1106, in wrapped_function
    return callable(*args, **kwargs)  # type: ignore
  File "/var/lib/juju/agents/unit-postgresql-k8s-aws-1/charm/src/charm.py", line 683, in _on_config_changed
    self._validate_config_options()
  File "/var/lib/juju/agents/unit-postgresql-k8s-aws-1/charm/lib/charms/tempo_coordinator_k8s/v0/charm_tracing.py", line 1106, in wrapped_function
    return callable(*args, **kwargs)  # type: ignore
  File "/var/lib/juju/agents/unit-postgresql-k8s-aws-1/charm/src/charm.py", line 1996, in _validate_config_options
    if self.config.request_time_zone not in self.postgresql.get_postgresql_timezones():
  File "/var/lib/juju/agents/unit-postgresql-k8s-aws-1/charm/lib/charms/tempo_coordinator_k8s/v0/charm_tracing.py", line 1106, in wrapped_function
    return callable(*args, **kwargs)  # type: ignore
  File "/var/lib/juju/agents/unit-postgresql-k8s-aws-1/charm/lib/charms/postgresql_k8s/v0/postgresql.py", line 480, in get_postgresql_timezones
    with self._connect_to_database(
psycopg2.InterfaceError: connection already closed
unit-postgresql-k8s-aws-1: 01:58:24 ERROR juju.worker.uniter.operation hook "config-changed" (via hook dispatching script: dispatch) failed: exit status 1

[32mINFO    [0m pytest_operator.plugin:plugin.py:1024 Forgetting model main...