{"uid":"ef4912b823ece4fb","name":"test_application_created_required_resources","fullName":"tests.integration.test_charm#test_application_created_required_resources","historyId":"4e68de64c8a12999ffd84b230698e6d0","time":{"start":1768786440172,"stop":1768786440396,"duration":224},"status":"failed","statusMessage":"AssertionError: assert {'Endpoints/p...k8s-replicas'} == {'Endpoints/p...-config', ...}\n  \n  Extra items in the right set:\n  \u001B[0m\u001B[33m'\u001B[39;49;00m\u001B[33mEndpoints/patroni-postgresql-k8s-sync\u001B[39;49;00m\u001B[33m'\u001B[39;49;00m\u001B[90m\u001B[39;49;00m\n  \u001B[0m\u001B[33m'\u001B[39;49;00m\u001B[33mEndpoints/patroni-postgresql-k8s\u001B[39;49;00m\u001B[33m'\u001B[39;49;00m\u001B[90m\u001B[39;49;00m\n  \u001B[0m\u001B[33m'\u001B[39;49;00m\u001B[33mEndpoints/patroni-postgresql-k8s-config\u001B[39;49;00m\u001B[33m'\u001B[39;49;00m\u001B[90m\u001B[39;49;00m\n  \n  Full diff:\n  \u001B[0m\u001B[90m \u001B[39;49;00m {\u001B[90m\u001B[39;49;00m\n  \u001B[91m-     'Endpoints/patroni-postgresql-k8s',\u001B[39;49;00m\u001B[90m\u001B[39;49;00m\n  \u001B[91m-     'Endpoints/patroni-postgresql-k8s-config',\u001B[39;49;00m\u001B[90m\u001B[39;49;00m\n  \u001B[91m-     'Endpoints/patroni-postgresql-k8s-sync',\u001B[39;49;00m\u001B[90m\u001B[39;49;00m\n  \u001B[90m \u001B[39;49;00m     'Endpoints/postgresql-k8s-primary',\u001B[90m\u001B[39;49;00m\n  \u001B[90m \u001B[39;49;00m     'Endpoints/postgresql-k8s-replicas',\u001B[90m\u001B[39;49;00m\n  \u001B[90m \u001B[39;49;00m     'Service/patroni-postgresql-k8s-config',\u001B[90m\u001B[39;49;00m\n  \u001B[90m \u001B[39;49;00m     'Service/postgresql-k8s-primary',\u001B[90m\u001B[39;49;00m\n  \u001B[90m \u001B[39;49;00m     'Service/postgresql-k8s-replicas',\u001B[90m\u001B[39;49;00m\n  \u001B[90m \u001B[39;49;00m }\u001B[90m\u001B[39;49;00m","statusTrace":"Traceback (most recent call last):\n  File \"/root/spread_project/.tox/integration/lib/python3.12/site-packages/_pytest/runner.py\", line 353, in from_call\n    result: TResult | None = func()\n                             ^^^^^^\n  File \"/root/spread_project/.tox/integration/lib/python3.12/site-packages/_pytest/runner.py\", line 245, in <lambda>\n    lambda: runtest_hook(item=item, **kwds),\n            ^^^^^^^^^^^^^^^^^^^^^^^^^^^^^^^\n  File \"/root/spread_project/.tox/integration/lib/python3.12/site-packages/pluggy/_hooks.py\", line 512, in __call__\n    return self._hookexec(self.name, self._hookimpls.copy(), kwargs, firstresult)\n           ^^^^^^^^^^^^^^^^^^^^^^^^^^^^^^^^^^^^^^^^^^^^^^^^^^^^^^^^^^^^^^^^^^^^^^\n  File \"/root/spread_project/.tox/integration/lib/python3.12/site-packages/pluggy/_manager.py\", line 120, in _hookexec\n    return self._inner_hookexec(hook_name, methods, kwargs, firstresult)\n           ^^^^^^^^^^^^^^^^^^^^^^^^^^^^^^^^^^^^^^^^^^^^^^^^^^^^^^^^^^^^^\n  File \"/root/spread_project/.tox/integration/lib/python3.12/site-packages/pluggy/_callers.py\", line 167, in _multicall\n    raise exception\n  File \"/root/spread_project/.tox/integration/lib/python3.12/site-packages/pluggy/_callers.py\", line 139, in _multicall\n    teardown.throw(exception)\n  File \"/root/spread_project/.tox/integration/lib/python3.12/site-packages/_pytest/logging.py\", line 850, in pytest_runtest_call\n    yield\n  File \"/root/spread_project/.tox/integration/lib/python3.12/site-packages/pluggy/_callers.py\", line 139, in _multicall\n    teardown.throw(exception)\n  File \"/root/spread_project/.tox/integration/lib/python3.12/site-packages/pluggy/_callers.py\", line 53, in run_old_style_hookwrapper\n    return result.get_result()\n           ^^^^^^^^^^^^^^^^^^^\n  File \"/root/spread_project/.tox/integration/lib/python3.12/site-packages/pluggy/_result.py\", line 103, in get_result\n    raise exc.with_traceback(tb)\n  File \"/root/spread_project/.tox/integration/lib/python3.12/site-packages/pluggy/_callers.py\", line 38, in run_old_style_hookwrapper\n    res = yield\n          ^^^^^\n  File \"/root/spread_project/.tox/integration/lib/python3.12/site-packages/pluggy/_callers.py\", line 139, in _multicall\n    teardown.throw(exception)\n  File \"/root/spread_project/.tox/integration/lib/python3.12/site-packages/_pytest/capture.py\", line 900, in pytest_runtest_call\n    return (yield)\n            ^^^^^\n  File \"/root/spread_project/.tox/integration/lib/python3.12/site-packages/pluggy/_callers.py\", line 139, in _multicall\n    teardown.throw(exception)\n  File \"/root/spread_project/.tox/integration/lib/python3.12/site-packages/_pytest/skipping.py\", line 268, in pytest_runtest_call\n    return (yield)\n            ^^^^^\n  File \"/root/spread_project/.tox/integration/lib/python3.12/site-packages/pluggy/_callers.py\", line 121, in _multicall\n    res = hook_impl.function(*args)\n          ^^^^^^^^^^^^^^^^^^^^^^^^^\n  File \"/root/spread_project/.tox/integration/lib/python3.12/site-packages/_pytest/runner.py\", line 179, in pytest_runtest_call\n    item.runtest()\n  File \"/root/spread_project/.tox/integration/lib/python3.12/site-packages/_pytest/python.py\", line 1720, in runtest\n    self.ihook.pytest_pyfunc_call(pyfuncitem=self)\n  File \"/root/spread_project/.tox/integration/lib/python3.12/site-packages/pluggy/_hooks.py\", line 512, in __call__\n    return self._hookexec(self.name, self._hookimpls.copy(), kwargs, firstresult)\n           ^^^^^^^^^^^^^^^^^^^^^^^^^^^^^^^^^^^^^^^^^^^^^^^^^^^^^^^^^^^^^^^^^^^^^^\n  File \"/root/spread_project/.tox/integration/lib/python3.12/site-packages/pluggy/_manager.py\", line 120, in _hookexec\n    return self._inner_hookexec(hook_name, methods, kwargs, firstresult)\n           ^^^^^^^^^^^^^^^^^^^^^^^^^^^^^^^^^^^^^^^^^^^^^^^^^^^^^^^^^^^^^\n  File \"/root/spread_project/.tox/integration/lib/python3.12/site-packages/pluggy/_callers.py\", line 167, in _multicall\n    raise exception\n  File \"/root/spread_project/.tox/integration/lib/python3.12/site-packages/pluggy/_callers.py\", line 139, in _multicall\n    teardown.throw(exception)\n  File \"/root/spread_project/.tox/integration/lib/python3.12/site-packages/pluggy/_callers.py\", line 53, in run_old_style_hookwrapper\n    return result.get_result()\n           ^^^^^^^^^^^^^^^^^^^\n  File \"/root/spread_project/.tox/integration/lib/python3.12/site-packages/pluggy/_result.py\", line 103, in get_result\n    raise exc.with_traceback(tb)\n  File \"/root/spread_project/.tox/integration/lib/python3.12/site-packages/pluggy/_callers.py\", line 38, in run_old_style_hookwrapper\n    res = yield\n          ^^^^^\n  File \"/root/spread_project/.tox/integration/lib/python3.12/site-packages/pluggy/_callers.py\", line 121, in _multicall\n    res = hook_impl.function(*args)\n          ^^^^^^^^^^^^^^^^^^^^^^^^^\n  File \"/root/spread_project/.tox/integration/lib/python3.12/site-packages/_pytest/python.py\", line 166, in pytest_pyfunc_call\n    result = testfunction(**testargs)\n             ^^^^^^^^^^^^^^^^^^^^^^^^\n  File \"/root/spread_project/.tox/integration/lib/python3.12/site-packages/pytest_asyncio/plugin.py\", line 529, in inner\n    _loop.run_until_complete(task)\n  File \"/usr/lib/python3.12/asyncio/base_events.py\", line 687, in run_until_complete\n    return future.result()\n           ^^^^^^^^^^^^^^^\n  File \"/root/spread_project/tests/integration/test_charm.py\", line 63, in test_application_created_required_resources\n    assert set(existing_resources) == set(expected_resources)\nAssertionError: assert {'Endpoints/p...k8s-replicas'} == {'Endpoints/p...-config', ...}\n  \n  Extra items in the right set:\n  \u001B[0m\u001B[33m'\u001B[39;49;00m\u001B[33mEndpoints/patroni-postgresql-k8s-sync\u001B[39;49;00m\u001B[33m'\u001B[39;49;00m\u001B[90m\u001B[39;49;00m\n  \u001B[0m\u001B[33m'\u001B[39;49;00m\u001B[33mEndpoints/patroni-postgresql-k8s\u001B[39;49;00m\u001B[33m'\u001B[39;49;00m\u001B[90m\u001B[39;49;00m\n  \u001B[0m\u001B[33m'\u001B[39;49;00m\u001B[33mEndpoints/patroni-postgresql-k8s-config\u001B[39;49;00m\u001B[33m'\u001B[39;49;00m\u001B[90m\u001B[39;49;00m\n  \n  Full diff:\n  \u001B[0m\u001B[90m \u001B[39;49;00m {\u001B[90m\u001B[39;49;00m\n  \u001B[91m-     'Endpoints/patroni-postgresql-k8s',\u001B[39;49;00m\u001B[90m\u001B[39;49;00m\n  \u001B[91m-     'Endpoints/patroni-postgresql-k8s-config',\u001B[39;49;00m\u001B[90m\u001B[39;49;00m\n  \u001B[91m-     'Endpoints/patroni-postgresql-k8s-sync',\u001B[39;49;00m\u001B[90m\u001B[39;49;00m\n  \u001B[90m \u001B[39;49;00m     'Endpoints/postgresql-k8s-primary',\u001B[90m\u001B[39;49;00m\n  \u001B[90m \u001B[39;49;00m     'Endpoints/postgresql-k8s-replicas',\u001B[90m\u001B[39;49;00m\n  \u001B[90m \u001B[39;49;00m     'Service/patroni-postgresql-k8s-config',\u001B[90m\u001B[39;49;00m\n  \u001B[90m \u001B[39;49;00m     'Service/postgresql-k8s-primary',\u001B[90m\u001B[39;49;00m\n  \u001B[90m \u001B[39;49;00m     'Service/postgresql-k8s-replicas',\u001B[90m\u001B[39;49;00m\n  \u001B[90m \u001B[39;49;00m }\u001B[90m\u001B[39;49;00m","flaky":false,"newFailed":true,"newBroken":false,"newPassed":false,"retriesCount":1,"retriesStatusChange":true,"beforeStages":[{"name":"event_loop","time":{"start":1768786262504,"stop":1768786262504,"duration":0},"status":"passed","steps":[],"attachments":[],"parameters":[],"shouldDisplayMessage":false,"stepsCount":0,"attachmentsCount":0,"hasContent":false,"attachmentStep":false},{"name":"ops_test","time":{"start":1768786262505,"stop":1768786262786,"duration":281},"status":"passed","steps":[],"attachments":[],"parameters":[],"shouldDisplayMessage":false,"stepsCount":0,"attachmentsCount":0,"hasContent":false,"attachmentStep":false},{"name":"tmp_path_factory","time":{"start":1768786262505,"stop":1768786262505,"duration":0},"status":"passed","steps":[],"attachments":[],"parameters":[],"shouldDisplayMessage":false,"stepsCount":0,"attachmentsCount":0,"hasContent":false,"attachmentStep":false},{"name":"abort_on_fail","time":{"start":1768786440172,"stop":1768786440172,"duration":0},"status":"passed","steps":[],"attachments":[],"parameters":[],"shouldDisplayMessage":false,"stepsCount":0,"attachmentsCount":0,"hasContent":false,"attachmentStep":false}],"testStage":{"status":"failed","statusMessage":"AssertionError: assert {'Endpoints/p...k8s-replicas'} == {'Endpoints/p...-config', ...}\n  \n  Extra items in the right set:\n  \u001B[0m\u001B[33m'\u001B[39;49;00m\u001B[33mEndpoints/patroni-postgresql-k8s-sync\u001B[39;49;00m\u001B[33m'\u001B[39;49;00m\u001B[90m\u001B[39;49;00m\n  \u001B[0m\u001B[33m'\u001B[39;49;00m\u001B[33mEndpoints/patroni-postgresql-k8s\u001B[39;49;00m\u001B[33m'\u001B[39;49;00m\u001B[90m\u001B[39;49;00m\n  \u001B[0m\u001B[33m'\u001B[39;49;00m\u001B[33mEndpoints/patroni-postgresql-k8s-config\u001B[39;49;00m\u001B[33m'\u001B[39;49;00m\u001B[90m\u001B[39;49;00m\n  \n  Full diff:\n  \u001B[0m\u001B[90m \u001B[39;49;00m {\u001B[90m\u001B[39;49;00m\n  \u001B[91m-     'Endpoints/patroni-postgresql-k8s',\u001B[39;49;00m\u001B[90m\u001B[39;49;00m\n  \u001B[91m-     'Endpoints/patroni-postgresql-k8s-config',\u001B[39;49;00m\u001B[90m\u001B[39;49;00m\n  \u001B[91m-     'Endpoints/patroni-postgresql-k8s-sync',\u001B[39;49;00m\u001B[90m\u001B[39;49;00m\n  \u001B[90m \u001B[39;49;00m     'Endpoints/postgresql-k8s-primary',\u001B[90m\u001B[39;49;00m\n  \u001B[90m \u001B[39;49;00m     'Endpoints/postgresql-k8s-replicas',\u001B[90m\u001B[39;49;00m\n  \u001B[90m \u001B[39;49;00m     'Service/patroni-postgresql-k8s-config',\u001B[90m\u001B[39;49;00m\n  \u001B[90m \u001B[39;49;00m     'Service/postgresql-k8s-primary',\u001B[90m\u001B[39;49;00m\n  \u001B[90m \u001B[39;49;00m     'Service/postgresql-k8s-replicas',\u001B[90m\u001B[39;49;00m\n  \u001B[90m \u001B[39;49;00m }\u001B[90m\u001B[39;49;00m","statusTrace":"Traceback (most recent call last):\n  File \"/root/spread_project/.tox/integration/lib/python3.12/site-packages/_pytest/runner.py\", line 353, in from_call\n    result: TResult | None = func()\n                             ^^^^^^\n  File \"/root/spread_project/.tox/integration/lib/python3.12/site-packages/_pytest/runner.py\", line 245, in <lambda>\n    lambda: runtest_hook(item=item, **kwds),\n            ^^^^^^^^^^^^^^^^^^^^^^^^^^^^^^^\n  File \"/root/spread_project/.tox/integration/lib/python3.12/site-packages/pluggy/_hooks.py\", line 512, in __call__\n    return self._hookexec(self.name, self._hookimpls.copy(), kwargs, firstresult)\n           ^^^^^^^^^^^^^^^^^^^^^^^^^^^^^^^^^^^^^^^^^^^^^^^^^^^^^^^^^^^^^^^^^^^^^^\n  File \"/root/spread_project/.tox/integration/lib/python3.12/site-packages/pluggy/_manager.py\", line 120, in _hookexec\n    return self._inner_hookexec(hook_name, methods, kwargs, firstresult)\n           ^^^^^^^^^^^^^^^^^^^^^^^^^^^^^^^^^^^^^^^^^^^^^^^^^^^^^^^^^^^^^\n  File \"/root/spread_project/.tox/integration/lib/python3.12/site-packages/pluggy/_callers.py\", line 167, in _multicall\n    raise exception\n  File \"/root/spread_project/.tox/integration/lib/python3.12/site-packages/pluggy/_callers.py\", line 139, in _multicall\n    teardown.throw(exception)\n  File \"/root/spread_project/.tox/integration/lib/python3.12/site-packages/_pytest/logging.py\", line 850, in pytest_runtest_call\n    yield\n  File \"/root/spread_project/.tox/integration/lib/python3.12/site-packages/pluggy/_callers.py\", line 139, in _multicall\n    teardown.throw(exception)\n  File \"/root/spread_project/.tox/integration/lib/python3.12/site-packages/pluggy/_callers.py\", line 53, in run_old_style_hookwrapper\n    return result.get_result()\n           ^^^^^^^^^^^^^^^^^^^\n  File \"/root/spread_project/.tox/integration/lib/python3.12/site-packages/pluggy/_result.py\", line 103, in get_result\n    raise exc.with_traceback(tb)\n  File \"/root/spread_project/.tox/integration/lib/python3.12/site-packages/pluggy/_callers.py\", line 38, in run_old_style_hookwrapper\n    res = yield\n          ^^^^^\n  File \"/root/spread_project/.tox/integration/lib/python3.12/site-packages/pluggy/_callers.py\", line 139, in _multicall\n    teardown.throw(exception)\n  File \"/root/spread_project/.tox/integration/lib/python3.12/site-packages/_pytest/capture.py\", line 900, in pytest_runtest_call\n    return (yield)\n            ^^^^^\n  File \"/root/spread_project/.tox/integration/lib/python3.12/site-packages/pluggy/_callers.py\", line 139, in _multicall\n    teardown.throw(exception)\n  File \"/root/spread_project/.tox/integration/lib/python3.12/site-packages/_pytest/skipping.py\", line 268, in pytest_runtest_call\n    return (yield)\n            ^^^^^\n  File \"/root/spread_project/.tox/integration/lib/python3.12/site-packages/pluggy/_callers.py\", line 121, in _multicall\n    res = hook_impl.function(*args)\n          ^^^^^^^^^^^^^^^^^^^^^^^^^\n  File \"/root/spread_project/.tox/integration/lib/python3.12/site-packages/_pytest/runner.py\", line 179, in pytest_runtest_call\n    item.runtest()\n  File \"/root/spread_project/.tox/integration/lib/python3.12/site-packages/_pytest/python.py\", line 1720, in runtest\n    self.ihook.pytest_pyfunc_call(pyfuncitem=self)\n  File \"/root/spread_project/.tox/integration/lib/python3.12/site-packages/pluggy/_hooks.py\", line 512, in __call__\n    return self._hookexec(self.name, self._hookimpls.copy(), kwargs, firstresult)\n           ^^^^^^^^^^^^^^^^^^^^^^^^^^^^^^^^^^^^^^^^^^^^^^^^^^^^^^^^^^^^^^^^^^^^^^\n  File \"/root/spread_project/.tox/integration/lib/python3.12/site-packages/pluggy/_manager.py\", line 120, in _hookexec\n    return self._inner_hookexec(hook_name, methods, kwargs, firstresult)\n           ^^^^^^^^^^^^^^^^^^^^^^^^^^^^^^^^^^^^^^^^^^^^^^^^^^^^^^^^^^^^^\n  File \"/root/spread_project/.tox/integration/lib/python3.12/site-packages/pluggy/_callers.py\", line 167, in _multicall\n    raise exception\n  File \"/root/spread_project/.tox/integration/lib/python3.12/site-packages/pluggy/_callers.py\", line 139, in _multicall\n    teardown.throw(exception)\n  File \"/root/spread_project/.tox/integration/lib/python3.12/site-packages/pluggy/_callers.py\", line 53, in run_old_style_hookwrapper\n    return result.get_result()\n           ^^^^^^^^^^^^^^^^^^^\n  File \"/root/spread_project/.tox/integration/lib/python3.12/site-packages/pluggy/_result.py\", line 103, in get_result\n    raise exc.with_traceback(tb)\n  File \"/root/spread_project/.tox/integration/lib/python3.12/site-packages/pluggy/_callers.py\", line 38, in run_old_style_hookwrapper\n    res = yield\n          ^^^^^\n  File \"/root/spread_project/.tox/integration/lib/python3.12/site-packages/pluggy/_callers.py\", line 121, in _multicall\n    res = hook_impl.function(*args)\n          ^^^^^^^^^^^^^^^^^^^^^^^^^\n  File \"/root/spread_project/.tox/integration/lib/python3.12/site-packages/_pytest/python.py\", line 166, in pytest_pyfunc_call\n    result = testfunction(**testargs)\n             ^^^^^^^^^^^^^^^^^^^^^^^^\n  File \"/root/spread_project/.tox/integration/lib/python3.12/site-packages/pytest_asyncio/plugin.py\", line 529, in inner\n    _loop.run_until_complete(task)\n  File \"/usr/lib/python3.12/asyncio/base_events.py\", line 687, in run_until_complete\n    return future.result()\n           ^^^^^^^^^^^^^^^\n  File \"/root/spread_project/tests/integration/test_charm.py\", line 63, in test_application_created_required_resources\n    assert set(existing_resources) == set(expected_resources)\nAssertionError: assert {'Endpoints/p...k8s-replicas'} == {'Endpoints/p...-config', ...}\n  \n  Extra items in the right set:\n  \u001B[0m\u001B[33m'\u001B[39;49;00m\u001B[33mEndpoints/patroni-postgresql-k8s-sync\u001B[39;49;00m\u001B[33m'\u001B[39;49;00m\u001B[90m\u001B[39;49;00m\n  \u001B[0m\u001B[33m'\u001B[39;49;00m\u001B[33mEndpoints/patroni-postgresql-k8s\u001B[39;49;00m\u001B[33m'\u001B[39;49;00m\u001B[90m\u001B[39;49;00m\n  \u001B[0m\u001B[33m'\u001B[39;49;00m\u001B[33mEndpoints/patroni-postgresql-k8s-config\u001B[39;49;00m\u001B[33m'\u001B[39;49;00m\u001B[90m\u001B[39;49;00m\n  \n  Full diff:\n  \u001B[0m\u001B[90m \u001B[39;49;00m {\u001B[90m\u001B[39;49;00m\n  \u001B[91m-     'Endpoints/patroni-postgresql-k8s',\u001B[39;49;00m\u001B[90m\u001B[39;49;00m\n  \u001B[91m-     'Endpoints/patroni-postgresql-k8s-config',\u001B[39;49;00m\u001B[90m\u001B[39;49;00m\n  \u001B[91m-     'Endpoints/patroni-postgresql-k8s-sync',\u001B[39;49;00m\u001B[90m\u001B[39;49;00m\n  \u001B[90m \u001B[39;49;00m     'Endpoints/postgresql-k8s-primary',\u001B[90m\u001B[39;49;00m\n  \u001B[90m \u001B[39;49;00m     'Endpoints/postgresql-k8s-replicas',\u001B[90m\u001B[39;49;00m\n  \u001B[90m \u001B[39;49;00m     'Service/patroni-postgresql-k8s-config',\u001B[90m\u001B[39;49;00m\n  \u001B[90m \u001B[39;49;00m     'Service/postgresql-k8s-primary',\u001B[90m\u001B[39;49;00m\n  \u001B[90m \u001B[39;49;00m     'Service/postgresql-k8s-replicas',\u001B[90m\u001B[39;49;00m\n  \u001B[90m \u001B[39;49;00m }\u001B[90m\u001B[39;49;00m","steps":[],"attachments":[{"uid":"bb7695decf717f8d","name":"log","source":"bb7695decf717f8d.txt","type":"text/plain","size":3861}],"parameters":[],"shouldDisplayMessage":true,"stepsCount":0,"attachmentsCount":1,"hasContent":true,"attachmentStep":false},"afterStages":[{"name":"abort_on_fail::0","time":{"start":1768786440432,"stop":1768786440432,"duration":0},"status":"passed","steps":[],"attachments":[],"parameters":[],"shouldDisplayMessage":false,"stepsCount":0,"attachmentsCount":0,"hasContent":false,"attachmentStep":false},{"name":"ops_test::finalizer","time":{"start":1768786440432,"stop":1768786440862,"duration":430},"status":"passed","steps":[],"attachments":[],"parameters":[],"shouldDisplayMessage":false,"stepsCount":0,"attachmentsCount":0,"hasContent":false,"attachmentStep":false},{"name":"event_loop::2","time":{"start":1768786440862,"stop":1768786440863,"duration":1},"status":"passed","steps":[],"attachments":[],"parameters":[],"shouldDisplayMessage":false,"stepsCount":0,"attachmentsCount":0,"hasContent":false,"attachmentStep":false},{"name":"event_loop::_close_event_loop","time":{"start":1768786440863,"stop":1768786440863,"duration":0},"status":"passed","steps":[],"attachments":[],"parameters":[],"shouldDisplayMessage":false,"stepsCount":0,"attachmentsCount":0,"hasContent":false,"attachmentStep":false},{"name":"event_loop::_provide_clean_event_loop","time":{"start":1768786440863,"stop":1768786440863,"duration":0},"status":"passed","steps":[],"attachments":[],"parameters":[],"shouldDisplayMessage":false,"stepsCount":0,"attachmentsCount":0,"hasContent":false,"attachmentStep":false}],"labels":[{"name":"tag","value":"asyncio"},{"name":"parentSuite","value":"tests.integration"},{"name":"suite","value":"test_charm"},{"name":"host","value":"runnervmmtnos"},{"name":"thread","value":"20408-MainThread"},{"name":"framework","value":"pytest"},{"name":"language","value":"cpython3"},{"name":"package","value":"tests.integration.test_charm"},{"name":"resultFormat","value":"allure2"}],"parameters":[],"links":[],"hidden":false,"retry":false,"extra":{"severity":"normal","retries":[{"uid":"21cd7ea036ce3a92","status":"unknown","time":{}}],"categories":[{"name":"Product defects","matchedStatuses":[]}],"history":{"statistic":{"failed":1,"broken":0,"skipped":0,"passed":3,"unknown":1,"total":5},"items":[{"uid":"564ec0ac1abfe7ab","reportUrl":"../5038//#testresult/564ec0ac1abfe7ab","status":"unknown","time":{}},{"uid":"ccba559fa0350795","reportUrl":"../5036//#testresult/ccba559fa0350795","status":"passed","time":{"start":1768613570457,"stop":1768613570678,"duration":221}},{"uid":"769c15c22610d77e","reportUrl":"../5034//#testresult/769c15c22610d77e","status":"passed","time":{"start":1768527215438,"stop":1768527215657,"duration":219}},{"uid":"892a1013f342416d","reportUrl":"../5018//#testresult/892a1013f342416d","status":"passed","time":{"start":1768440796306,"stop":1768440796485,"duration":179}}]},"tags":["asyncio"]},"source":"ef4912b823ece4fb.json","parameterValues":[]}