[32mINFO    [0m juju.model:__init__.py:2301 Deploying local:postgresql-k8s-1
[32mINFO    [0m juju.model:__init__.py:3254 Waiting for model:
  second-postgresql-k8s/0 [allocating] waiting: installing agent
  second-postgresql-k8s/1 [allocating] waiting: installing agent
[32mINFO    [0m juju.model:__init__.py:3254 Waiting for model:
  second-postgresql-k8s/0 [idle] maintenance: installing charm software
  second-postgresql-k8s/1 [executing] maintenance: installing charm software
[32mINFO    [0m pytest_operator.plugin:plugin.py:951 Model status:

Model    Controller          Cloud/Region        Version  SLA          Timestamp
testing  concierge-microk8s  microk8s/localhost  3.6.9    unsupported  01:37:12Z

App                    Version  Status  Scale  Charm                Channel      Rev  Address         Exposed  Message
postgresql-k8s         14.19    active      3  postgresql-k8s                      0  10.152.183.131  no       
postgresql-test-app             active      1  postgresql-test-app  latest/edge  414  10.152.183.185  no       received database credentials of the first database
second-postgresql-k8s  14.19    error       2  postgresql-k8s                      1  10.152.183.230  no       hook failed: "storage-attached"

Unit                      Workload  Agent      Address      Ports  Message
postgresql-k8s/0*         active    idle       10.1.71.211         
postgresql-k8s/1          active    idle       10.1.71.205         
postgresql-k8s/2          active    idle       10.1.71.206         Primary
postgresql-test-app/0*    active    idle       10.1.71.210         received database credentials of the first database
second-postgresql-k8s/0*  error     idle       10.1.71.214         hook failed: "storage-attached"
second-postgresql-k8s/1   unknown   executing  10.1.71.215         

[32mINFO    [0m pytest_operator.plugin:plugin.py:957 Juju error logs:

unit-postgresql-k8s-0: 01:34:54 ERROR unit.postgresql-k8s/0.juju-log Cluster upgrade failed, ensure pre-upgrade checks are ran first.
unit-second-postgresql-k8s-0: 01:37:08 ERROR unit.second-postgresql-k8s/0.juju-log Failed to create access groups: connection to server at "second-postgresql-k8s-primary.testing.svc.cluster.local" (10.152.183.231), port 5432 failed: Connection refused
	Is the server running on that host and accepting TCP/IP connections?

unit-second-postgresql-k8s-0: 01:37:08 ERROR unit.second-postgresql-k8s/0.juju-log Uncaught exception while in charm code:
Traceback (most recent call last):
  File "/var/lib/juju/agents/unit-second-postgresql-k8s-0/charm/lib/charms/postgresql_k8s/v0/postgresql.py", line 195, in create_access_groups
    with self._connect_to_database() as connection, connection.cursor() as cursor:
  File "/var/lib/juju/agents/unit-second-postgresql-k8s-0/charm/lib/charms/tempo_coordinator_k8s/v0/charm_tracing.py", line 1153, in wrapped_function
    return callable(*args, **kwargs)  # type: ignore
  File "/var/lib/juju/agents/unit-second-postgresql-k8s-0/charm/lib/charms/postgresql_k8s/v0/postgresql.py", line 184, in _connect_to_database
    connection = psycopg2.connect(
  File "/var/lib/juju/agents/unit-second-postgresql-k8s-0/charm/venv/lib/python3.10/site-packages/psycopg2/__init__.py", line 122, in connect
    conn = _connect(dsn, connection_factory=connection_factory, **kwasync)
psycopg2.OperationalError: connection to server at "second-postgresql-k8s-primary.testing.svc.cluster.local" (10.152.183.231), port 5432 failed: Connection refused
	Is the server running on that host and accepting TCP/IP connections?


The above exception was the direct cause of the following exception:

Traceback (most recent call last):
  File "/var/lib/juju/agents/unit-second-postgresql-k8s-0/charm/src/charm.py", line 2545, in <module>
    main(PostgresqlOperatorCharm, use_juju_for_storage=True)
  File "/var/lib/juju/agents/unit-second-postgresql-k8s-0/charm/venv/lib/python3.10/site-packages/ops/__init__.py", line 356, in __call__
    return _main.main(charm_class=charm_class, use_juju_for_storage=use_juju_for_storage)
  File "/var/lib/juju/agents/unit-second-postgresql-k8s-0/charm/venv/lib/python3.10/site-packages/ops/_main.py", line 502, in main
    manager.run()
  File "/var/lib/juju/agents/unit-second-postgresql-k8s-0/charm/venv/lib/python3.10/site-packages/ops/_main.py", line 486, in run
    self._emit()
  File "/var/lib/juju/agents/unit-second-postgresql-k8s-0/charm/venv/lib/python3.10/site-packages/ops/_main.py", line 418, in _emit
    self.framework.reemit()
  File "/var/lib/juju/agents/unit-second-postgresql-k8s-0/charm/venv/lib/python3.10/site-packages/ops/framework.py", line 934, in reemit
    self._reemit()
  File "/var/lib/juju/agents/unit-second-postgresql-k8s-0/charm/venv/lib/python3.10/site-packages/ops/framework.py", line 1030, in _reemit
    custom_handler(event)
  File "/var/lib/juju/agents/unit-second-postgresql-k8s-0/charm/lib/charms/tempo_coordinator_k8s/v0/charm_tracing.py", line 1153, in wrapped_function
    return callable(*args, **kwargs)  # type: ignore
  File "/var/lib/juju/agents/unit-second-postgresql-k8s-0/charm/src/charm.py", line 1026, in _on_postgresql_pebble_ready
    if self.unit.is_leader() and not self._initialize_cluster(event):
  File "/var/lib/juju/agents/unit-second-postgresql-k8s-0/charm/lib/charms/tempo_coordinator_k8s/v0/charm_tracing.py", line 1153, in wrapped_function
    return callable(*args, **kwargs)  # type: ignore
  File "/var/lib/juju/agents/unit-second-postgresql-k8s-0/charm/src/charm.py", line 1120, in _initialize_cluster
    self.postgresql.create_access_groups()
  File "/var/lib/juju/agents/unit-second-postgresql-k8s-0/charm/lib/charms/tempo_coordinator_k8s/v0/charm_tracing.py", line 1153, in wrapped_function
    return callable(*args, **kwargs)  # type: ignore
  File "/var/lib/juju/agents/unit-second-postgresql-k8s-0/charm/lib/charms/postgresql_k8s/v0/postgresql.py", line 209, in create_access_groups
    raise PostgreSQLCreateGroupError() from e
charms.postgresql_k8s.v0.postgresql.PostgreSQLCreateGroupError
unit-second-postgresql-k8s-0: 01:37:08 ERROR juju.worker.uniter.operation hook "pgdata-storage-attached" (via hook dispatching script: dispatch) failed: exit status 1

[32mINFO    [0m pytest_operator.plugin:plugin.py:1039 Forgetting model main...