[32mINFO    [0m juju.model:__init__.py:2301 Deploying local:postgresql-k8s-1
[32mINFO    [0m juju.model:__init__.py:3254 Waiting for model:
  second-postgresql-k8s/0 [allocating] waiting: installing agent
  second-postgresql-k8s/1 [allocating] waiting: installing agent
[32mINFO    [0m juju.model:__init__.py:3254 Waiting for model:
  second-postgresql-k8s/0 [executing] maintenance: installing charm software
  second-postgresql-k8s/1 [allocating] waiting: agent initialising
[32mINFO    [0m juju.model:__init__.py:3254 Waiting for model:
  second-postgresql-k8s/0 [executing] active: Primary (degraded)
  second-postgresql-k8s/1 [executing] waiting: awaiting for cluster to start
[32mINFO    [0m juju.model:__init__.py:3254 Waiting for model:
  second-postgresql-k8s/0 [idle] active: Primary (degraded)
  second-postgresql-k8s/1 [idle] waiting: awaiting for member to start
[32mINFO    [0m juju.model:__init__.py:3254 Waiting for model:
  second-postgresql-k8s/0 [idle] active: Primary (degraded)
  second-postgresql-k8s/1 [executing] waiting: awaiting for member to start
[32mINFO    [0m httpx:_client.py:1025 HTTP Request: GET https://10.1.0.112:16443/api/v1/namespaces/testing/pods/postgresql-k8s-0 "HTTP/1.1 200 OK"
[32mINFO    [0m httpx:_client.py:1025 HTTP Request: GET https://10.1.0.112:16443/api/v1/namespaces/testing/pods/postgresql-k8s-2 "HTTP/1.1 200 OK"
[32mINFO    [0m integration.ha_tests.helpers:helpers.py:242 Initial writes {'testing.postgresql-k8s-0': 3, 'testing.postgresql-k8s-2': 3}
[32mINFO    [0m httpx:_client.py:1025 HTTP Request: GET https://10.1.0.112:16443/api/v1/namespaces/testing/pods/postgresql-k8s-0 "HTTP/1.1 200 OK"
[32mINFO    [0m httpx:_client.py:1025 HTTP Request: GET https://10.1.0.112:16443/api/v1/namespaces/testing/pods/postgresql-k8s-2 "HTTP/1.1 200 OK"
[32mINFO    [0m integration.ha_tests.helpers:helpers.py:248 Retry writes {'testing.postgresql-k8s-0': 5, 'testing.postgresql-k8s-2': 5}
[32mINFO    [0m httpx:_client.py:1025 HTTP Request: GET https://10.1.0.112:16443/api/v1/namespaces/testing/pods/postgresql-k8s-0 "HTTP/1.1 200 OK"
[32mINFO    [0m httpx:_client.py:1025 HTTP Request: GET https://10.1.0.112:16443/api/v1/namespaces/testing/pods/postgresql-k8s-1 "HTTP/1.1 200 OK"
[32mINFO    [0m httpx:_client.py:1025 HTTP Request: GET https://10.1.0.112:16443/api/v1/namespaces/testing/pods/postgresql-k8s-2 "HTTP/1.1 200 OK"
[32mINFO    [0m pytest_operator.plugin:plugin.py:951 Model status:

Model    Controller          Cloud/Region        Version  SLA          Timestamp
testing  concierge-microk8s  microk8s/localhost  3.6.13   unsupported  01:42:06Z

App                    Version  Status  Scale  Charm                Channel      Rev  Address         Exposed  Message
postgresql-k8s         16.11    active      3  postgresql-k8s                      0  10.152.183.207  no       
postgresql-test-app             active      1  postgresql-test-app  latest/edge  426  10.152.183.51   no       received database credentials of the first database
second-postgresql-k8s  16.11    active      2  postgresql-k8s                      1  10.152.183.81   no       

Unit                      Workload  Agent  Address     Ports  Message
postgresql-k8s/0*         active    idle   10.1.60.25         
postgresql-k8s/1          active    idle   10.1.60.24         Primary
postgresql-k8s/2          active    idle   10.1.60.23         
postgresql-test-app/0*    active    idle   10.1.60.12         received database credentials of the first database
second-postgresql-k8s/0*  active    idle   10.1.60.33         Primary
second-postgresql-k8s/1   active    idle   10.1.60.35         

[32mINFO    [0m pytest_operator.plugin:plugin.py:957 Juju error logs:

unit-postgresql-k8s-1: 01:33:54 ERROR unit.postgresql-k8s/1.juju-log __main__:calling self.fix_leader_annotation()
unit-postgresql-k8s-2: 01:33:54 ERROR unit.postgresql-k8s/2.juju-log __main__:calling self.fix_leader_annotation()
unit-postgresql-k8s-2: 01:34:05 ERROR unit.postgresql-k8s/2.juju-log __main__:calling self.fix_leader_annotation()
unit-postgresql-k8s-1: 01:34:06 ERROR unit.postgresql-k8s/1.juju-log __main__:calling self.fix_leader_annotation()
unit-postgresql-k8s-1: 01:34:15 ERROR unit.postgresql-k8s/1.juju-log __main__:calling self.fix_leader_annotation()
unit-postgresql-k8s-2: 01:34:15 ERROR unit.postgresql-k8s/2.juju-log __main__:calling self.fix_leader_annotation()
unit-postgresql-k8s-2: 01:34:23 ERROR unit.postgresql-k8s/2.juju-log __main__:calling self.fix_leader_annotation()
unit-postgresql-k8s-1: 01:34:24 ERROR unit.postgresql-k8s/1.juju-log __main__:calling self.fix_leader_annotation()
unit-postgresql-k8s-2: 01:34:33 ERROR unit.postgresql-k8s/2.juju-log __main__:calling self.fix_leader_annotation()
unit-postgresql-k8s-1: 01:34:36 ERROR unit.postgresql-k8s/1.juju-log __main__:calling self.fix_leader_annotation()
unit-postgresql-k8s-2: 01:34:44 ERROR unit.postgresql-k8s/2.juju-log __main__:calling self.fix_leader_annotation()
unit-postgresql-k8s-1: 01:34:47 ERROR unit.postgresql-k8s/1.juju-log __main__:calling self.fix_leader_annotation()
unit-postgresql-k8s-2: 01:34:55 ERROR unit.postgresql-k8s/2.juju-log __main__:calling self.fix_leader_annotation()
unit-postgresql-k8s-1: 01:34:56 ERROR unit.postgresql-k8s/1.juju-log __main__:calling self.fix_leader_annotation()
unit-postgresql-k8s-1: 01:35:06 ERROR unit.postgresql-k8s/1.juju-log __main__:calling self.fix_leader_annotation()
unit-postgresql-k8s-2: 01:35:07 ERROR unit.postgresql-k8s/2.juju-log __main__:calling self.fix_leader_annotation()
unit-postgresql-k8s-2: 01:35:16 ERROR unit.postgresql-k8s/2.juju-log __main__:calling self.fix_leader_annotation()
unit-postgresql-k8s-1: 01:35:16 ERROR unit.postgresql-k8s/1.juju-log __main__:calling self.fix_leader_annotation()
unit-postgresql-k8s-2: 01:35:24 ERROR unit.postgresql-k8s/2.juju-log __main__:calling self.fix_leader_annotation()
unit-postgresql-k8s-1: 01:35:27 ERROR unit.postgresql-k8s/1.juju-log __main__:calling self.fix_leader_annotation()
unit-postgresql-k8s-2: 01:35:34 ERROR unit.postgresql-k8s/2.juju-log __main__:calling self.fix_leader_annotation()
unit-postgresql-k8s-1: 01:35:38 ERROR unit.postgresql-k8s/1.juju-log __main__:calling self.fix_leader_annotation()
unit-postgresql-k8s-2: 01:35:45 ERROR unit.postgresql-k8s/2.juju-log __main__:calling self.fix_leader_annotation()
unit-postgresql-k8s-1: 01:35:50 ERROR unit.postgresql-k8s/1.juju-log __main__:calling self.fix_leader_annotation()
unit-postgresql-k8s-2: 01:35:56 ERROR unit.postgresql-k8s/2.juju-log __main__:calling self.fix_leader_annotation()
unit-postgresql-k8s-2: 01:36:05 ERROR unit.postgresql-k8s/2.juju-log __main__:calling self.fix_leader_annotation()
unit-postgresql-k8s-2: 01:36:15 ERROR unit.postgresql-k8s/2.juju-log __main__:calling self.fix_leader_annotation()
unit-second-postgresql-k8s-0: 01:40:18 ERROR unit.second-postgresql-k8s/0.juju-log __main__:failed to change plugins: 
Traceback (most recent call last):
  File "/var/lib/juju/agents/unit-second-postgresql-k8s-0/charm/venv/lib/python3.12/site-packages/single_kernel_postgresql/utils/postgresql.py", line 802, in enable_disable_extensions
    with self._connect_to_database() as connection, connection.cursor() as cursor:
         ^^^^^^^^^^^^^^^^^^^^^^^^^^^
  File "/var/lib/juju/agents/unit-second-postgresql-k8s-0/charm/lib/charms/tempo_coordinator_k8s/v0/charm_tracing.py", line 1153, in wrapped_function
    return callable(*args, **kwargs)  # type: ignore
           ^^^^^^^^^^^^^^^^^^^^^^^^^
  File "/var/lib/juju/agents/unit-second-postgresql-k8s-0/charm/venv/lib/python3.12/site-packages/single_kernel_postgresql/utils/postgresql.py", line 304, in _connect_to_database
    connection = psycopg2.connect(
                 ^^^^^^^^^^^^^^^^^
  File "/var/lib/juju/agents/unit-second-postgresql-k8s-0/charm/venv/lib/python3.12/site-packages/psycopg2/__init__.py", line 122, in connect
    conn = _connect(dsn, connection_factory=connection_factory, **kwasync)
           ^^^^^^^^^^^^^^^^^^^^^^^^^^^^^^^^^^^^^^^^^^^^^^^^^^^^^^^^^^^^^^^
psycopg2.OperationalError: connection to server at "second-postgresql-k8s-primary.testing.svc.cluster.local" (10.152.183.19), port 5432 failed: Connection refused
	Is the server running on that host and accepting TCP/IP connections?


The above exception was the direct cause of the following exception:

Traceback (most recent call last):
  File "/var/lib/juju/agents/unit-second-postgresql-k8s-0/charm/src/charm.py", line 930, in _handle_enable_disable_extensions
    self.postgresql.enable_disable_extensions(extensions, database)
  File "/var/lib/juju/agents/unit-second-postgresql-k8s-0/charm/lib/charms/tempo_coordinator_k8s/v0/charm_tracing.py", line 1153, in wrapped_function
    return callable(*args, **kwargs)  # type: ignore
           ^^^^^^^^^^^^^^^^^^^^^^^^^
  File "/var/lib/juju/agents/unit-second-postgresql-k8s-0/charm/venv/lib/python3.12/site-packages/single_kernel_postgresql/utils/postgresql.py", line 831, in enable_disable_extensions
    raise PostgreSQLEnableDisableExtensionError() from e
single_kernel_postgresql.utils.postgresql.PostgreSQLEnableDisableExtensionError

[32mINFO    [0m pytest_operator.plugin:plugin.py:1039 Forgetting model main...