[32mINFO    [0m integration.ha_tests.test_rollback_to_master_label:test_rollback_to_master_label.py:75 starting continuous writes to the database
[33mWARNING [0m juju.model:model.py:1564 relate is deprecated and will be removed. Use integrate instead.
[32mINFO    [0m juju.model:model.py:2972 Waiting for model:
  postgresql-k8s/0 [idle] active: Primary
  postgresql-k8s/1 [idle] active: 
  postgresql-k8s/2 [idle] active: 
  postgresql-test-app/0 [idle] active: 
[32mINFO    [0m integration.ha_tests.test_rollback_to_master_label:test_rollback_to_master_label.py:79 checking whether writes are increasing
[32mINFO    [0m httpx:_client.py:1038 HTTP Request: GET https://10.1.0.102:16443/api/v1/namespaces/test/pods/postgresql-k8s-0 "HTTP/1.1 200 OK"
[32mINFO    [0m httpx:_client.py:1038 HTTP Request: GET https://10.1.0.102:16443/api/v1/namespaces/test/pods/postgresql-k8s-1 "HTTP/1.1 200 OK"
[32mINFO    [0m integration.ha_tests.helpers:helpers.py:248 Initial writes {'test.postgresql-k8s-0': 176, 'test.postgresql-k8s-1': 178}
[32mINFO    [0m httpx:_client.py:1038 HTTP Request: GET https://10.1.0.102:16443/api/v1/namespaces/test/pods/postgresql-k8s-0 "HTTP/1.1 200 OK"
[32mINFO    [0m httpx:_client.py:1038 HTTP Request: GET https://10.1.0.102:16443/api/v1/namespaces/test/pods/postgresql-k8s-1 "HTTP/1.1 200 OK"
[32mINFO    [0m integration.ha_tests.helpers:helpers.py:254 Retry writes {'test.postgresql-k8s-0': 309, 'test.postgresql-k8s-1': 310}
[32mINFO    [0m integration.ha_tests.test_rollback_to_master_label:test_rollback_to_master_label.py:82 Get leader unit
[32mINFO    [0m integration.ha_tests.test_rollback_to_master_label:test_rollback_to_master_label.py:88 Run pre-upgrade-check action
[32mINFO    [0m integration.ha_tests.test_rollback_to_master_label:test_rollback_to_master_label.py:104 Inject dependency fault
[32mINFO    [0m integration.ha_tests.test_rollback_to_master_label:test_rollback_to_master_label.py:109 Refresh the charm
[32mINFO    [0m integration.ha_tests.test_rollback_to_master_label:test_rollback_to_master_label.py:112 Get first upgrading unit
[32mINFO    [0m integration.ha_tests.test_rollback_to_master_label:test_rollback_to_master_label.py:116 Wait for upgrade to fail on first upgrading unit
[32mINFO    [0m httpx:_client.py:1038 HTTP Request: GET https://10.1.0.102:16443/api/v1/namespaces/test/pods/postgresql-k8s-0 "HTTP/1.1 200 OK"
[32mINFO    [0m httpx:_client.py:1038 HTTP Request: GET https://10.1.0.102:16443/api/v1/namespaces/test/pods/postgresql-k8s-1 "HTTP/1.1 200 OK"
[32mINFO    [0m httpx:_client.py:1038 HTTP Request: GET https://10.1.0.102:16443/api/v1/namespaces/test/pods/postgresql-k8s-2 "HTTP/1.1 200 OK"
[32mINFO    [0m httpx:_client.py:1038 HTTP Request: GET https://10.1.0.102:16443/api/v1/namespaces/test/pods/postgresql-k8s-2 "HTTP/1.1 200 OK"
[32mINFO    [0m httpx:_client.py:1038 HTTP Request: GET https://10.1.0.102:16443/api/v1/namespaces/test/pods/postgresql-k8s-2 "HTTP/1.1 200 OK"
[32mINFO    [0m httpx:_client.py:1038 HTTP Request: GET https://10.1.0.102:16443/api/v1/namespaces/test/pods/postgresql-k8s-2 "HTTP/1.1 200 OK"
[32mINFO    [0m integration.ha_tests.test_rollback_to_master_label:test_rollback_to_master_label.py:127 Ensure continuous_writes while in failure state on remaining units
[32mINFO    [0m httpx:_client.py:1038 HTTP Request: GET https://10.1.0.102:16443/api/v1/namespaces/test/pods/postgresql-k8s-0 "HTTP/1.1 200 OK"
[32mINFO    [0m httpx:_client.py:1038 HTTP Request: GET https://10.1.0.102:16443/api/v1/namespaces/test/pods/postgresql-k8s-1 "HTTP/1.1 200 OK"
[32mINFO    [0m integration.ha_tests.helpers:helpers.py:248 Initial writes {'test.postgresql-k8s-0': 4075, 'test.postgresql-k8s-1': 4076}
[32mINFO    [0m httpx:_client.py:1038 HTTP Request: GET https://10.1.0.102:16443/api/v1/namespaces/test/pods/postgresql-k8s-0 "HTTP/1.1 200 OK"
[32mINFO    [0m httpx:_client.py:1038 HTTP Request: GET https://10.1.0.102:16443/api/v1/namespaces/test/pods/postgresql-k8s-1 "HTTP/1.1 200 OK"
[32mINFO    [0m integration.ha_tests.helpers:helpers.py:254 Retry writes {'test.postgresql-k8s-0': 4217, 'test.postgresql-k8s-1': 4218}
[32mINFO    [0m integration.ha_tests.test_rollback_to_master_label:test_rollback_to_master_label.py:130 Re-run pre-upgrade-check action
[32mINFO    [0m integration.ha_tests.test_rollback_to_master_label:test_rollback_to_master_label.py:134 Re-refresh the charm
[32mINFO    [0m juju.model:model.py:2972 Waiting for model:
  postgresql-k8s/0 [idle] blocked: ready to rollback application
  postgresql-k8s/1 [idle] waiting: other units upgrading first...
  postgresql-k8s/2 [idle] maintenance: upgrade completed
[32mINFO    [0m juju.model:model.py:2972 Waiting for model:
  postgresql-k8s/0 [idle] blocked: ready to rollback application
  postgresql-k8s/1 [idle] waiting: other units upgrading first...
  postgresql-k8s/2 [idle] maintenance: upgrade completed
[32mINFO    [0m integration.ha_tests.test_rollback_to_master_label:test_rollback_to_master_label.py:148 checking whether writes are increasing
[32mINFO    [0m httpx:_client.py:1038 HTTP Request: GET https://10.1.0.102:16443/api/v1/namespaces/test/pods/postgresql-k8s-0 "HTTP/1.1 200 OK"
[32mINFO    [0m httpx:_client.py:1038 HTTP Request: GET https://10.1.0.102:16443/api/v1/namespaces/test/pods/postgresql-k8s-1 "HTTP/1.1 200 OK"
[32mINFO    [0m integration.ha_tests.helpers:helpers.py:248 Initial writes {'test.postgresql-k8s-0': 22993, 'test.postgresql-k8s-1': 22995}
[32mINFO    [0m httpx:_client.py:1038 HTTP Request: GET https://10.1.0.102:16443/api/v1/namespaces/test/pods/postgresql-k8s-0 "HTTP/1.1 200 OK"
[32mINFO    [0m httpx:_client.py:1038 HTTP Request: GET https://10.1.0.102:16443/api/v1/namespaces/test/pods/postgresql-k8s-1 "HTTP/1.1 200 OK"
[32mINFO    [0m integration.ha_tests.helpers:helpers.py:254 Retry writes {'test.postgresql-k8s-0': 23137, 'test.postgresql-k8s-1': 23138}
[32mINFO    [0m httpx:_client.py:1038 HTTP Request: GET https://10.1.0.102:16443/api/v1/namespaces/test/pods/postgresql-k8s-0 "HTTP/1.1 200 OK"
[32mINFO    [0m httpx:_client.py:1038 HTTP Request: GET https://10.1.0.102:16443/api/v1/namespaces/test/pods/postgresql-k8s-1 "HTTP/1.1 200 OK"
[32mINFO    [0m httpx:_client.py:1038 HTTP Request: GET https://10.1.0.102:16443/api/v1/namespaces/test/pods/postgresql-k8s-2 "HTTP/1.1 200 OK"
[32mINFO    [0m integration.ha_tests.test_rollback_to_master_label:test_rollback_to_master_label.py:156 Resume upgrade
[32mINFO    [0m integration.ha_tests.test_rollback_to_master_label:test_rollback_to_master_label.py:160 Wait for application to recover
[32mINFO    [0m juju.model:model.py:2972 Waiting for model:
  postgresql-k8s/0 [idle] blocked: ready to rollback application
  postgresql-k8s/1 [executing] maintenance: stopping charm software
  postgresql-k8s/2 [idle] maintenance: upgrade completed
[32mINFO    [0m juju.model:model.py:2972 Waiting for model:
  postgresql-k8s/0 [idle] blocked: ready to rollback application
  postgresql-k8s/1 [idle] waiting: awaiting for cluster to start
  postgresql-k8s/2 [idle] maintenance: upgrade completed
[32mINFO    [0m juju.model:model.py:2972 Waiting for model:
  postgresql-k8s/0 [idle] blocked: ready to rollback application
  postgresql-k8s/1 [idle] waiting: awaiting for cluster to start
  postgresql-k8s/2 [idle] maintenance: upgrade completed
[32mINFO    [0m juju.model:model.py:2972 Waiting for model:
  postgresql-k8s/0 [idle] blocked: ready to rollback application
  postgresql-k8s/1 [idle] waiting: awaiting for cluster to start
  postgresql-k8s/2 [idle] maintenance: upgrade completed
[32mINFO    [0m juju.model:model.py:2972 Waiting for model:
  postgresql-k8s/0 [executing] maintenance: 
  postgresql-k8s/1 [idle] maintenance: upgrade completed
  postgresql-k8s/2 [idle] maintenance: upgrade completed
[32mINFO    [0m juju.model:model.py:2972 Waiting for model:
  postgresql-k8s/0 [executing] waiting: awaiting for cluster to start
  postgresql-k8s/1 [idle] maintenance: upgrade completed
  postgresql-k8s/2 [idle] maintenance: upgrade completed
[32mINFO    [0m juju.model:model.py:2972 Waiting for model:
  postgresql-k8s/0 [idle] active: 
  postgresql-k8s/1 [idle] maintenance: upgrade completed
  postgresql-k8s/2 [idle] maintenance: upgrade completed
[32mINFO    [0m juju.model:model.py:2972 Waiting for model:
  postgresql-k8s/0 [executing] active: 
  postgresql-k8s/1 [executing] active: 
  postgresql-k8s/2 [executing] active: Primary
[32mINFO    [0m juju.model:model.py:2972 Waiting for model:
  postgresql-k8s/0 [executing] active: 
  postgresql-k8s/1 [executing] active: 
  postgresql-k8s/2 [executing] active: 
[32mINFO    [0m juju.model:model.py:2972 Waiting for model:
  postgresql-k8s/0 [idle] active: 
[32mINFO    [0m httpx:_client.py:1038 HTTP Request: GET https://10.1.0.102:16443/api/v1/namespaces/test/pods/postgresql-k8s-0 "HTTP/1.1 200 OK"
[32mINFO    [0m httpx:_client.py:1038 HTTP Request: GET https://10.1.0.102:16443/api/v1/namespaces/test/pods/postgresql-k8s-1 "HTTP/1.1 200 OK"
[32mINFO    [0m httpx:_client.py:1038 HTTP Request: GET https://10.1.0.102:16443/api/v1/namespaces/test/pods/postgresql-k8s-2 "HTTP/1.1 200 OK"
[32mINFO    [0m pytest_operator.plugin:plugin.py:903 Model status:

Model  Controller          Cloud/Region        Version  SLA          Timestamp
test   microk8s-localhost  microk8s/localhost  3.4.6    unsupported  01:49:36Z

App                  Version  Status  Scale  Charm                Channel      Rev  Address         Exposed  Message
postgresql-k8s       14.12    active      3  postgresql-k8s       14/stable    381  10.152.183.249  no       
postgresql-test-app           active      1  postgresql-test-app  latest/edge  271  10.152.183.73   no       received database credentials of the first database

Unit                    Workload  Agent  Address      Ports  Message
postgresql-k8s/0*       active    idle   10.1.84.210         
postgresql-k8s/1        active    idle   10.1.84.209         
postgresql-k8s/2        active    idle   10.1.84.208         Primary
postgresql-test-app/0*  active    idle   10.1.84.203         received database credentials of the first database

[32mINFO    [0m pytest_operator.plugin:plugin.py:909 Juju error logs:

unit-postgresql-k8s-2: 01:39:56 ERROR unit.postgresql-k8s/2.juju-log charms.data_platform_libs.v0.upgrade.VersionError - {'message': 'Versions incompatible, charm 1 can not be upgraded to 15.0', 'cause': 'Upgrades only supported for specific versions, charm versions satisfying requirement ^15', 'resolution': ''}
unit-postgresql-k8s-2: 01:40:03 ERROR unit.postgresql-k8s/2.juju-log This operation (update_relation_data()) can only be performed by the leader unit
unit-postgresql-k8s-2: 01:40:03 ERROR unit.postgresql-k8s/2.juju-log This operation (update_relation_data()) can only be performed by the leader unit
unit-postgresql-k8s-2: 01:40:31 ERROR unit.postgresql-k8s/2.juju-log upgrade:1: This operation (update_relation_data()) can only be performed by the leader unit
unit-postgresql-k8s-2: 01:40:31 ERROR unit.postgresql-k8s/2.juju-log upgrade:1: This operation (update_relation_data()) can only be performed by the leader unit
unit-postgresql-k8s-2: 01:40:44 ERROR unit.postgresql-k8s/2.juju-log upgrade:1: This operation (update_relation_data()) can only be performed by the leader unit
unit-postgresql-k8s-2: 01:40:44 ERROR unit.postgresql-k8s/2.juju-log upgrade:1: This operation (update_relation_data()) can only be performed by the leader unit
unit-postgresql-k8s-2: 01:40:44 ERROR unit.postgresql-k8s/2.juju-log upgrade:1: failed to change plugins: 
Traceback (most recent call last):
  File "/var/lib/juju/agents/unit-postgresql-k8s-2/charm/lib/charms/postgresql_k8s/v0/postgresql.py", line 346, in enable_disable_extensions
    cursor.execute(
psycopg2.errors.UndefinedFile: could not open extension control file "/usr/share/postgresql/14/extension/pgaudit.control": No such file or directory


During handling of the above exception, another exception occurred:

Traceback (most recent call last):
  File "/var/lib/juju/agents/unit-postgresql-k8s-2/charm/./src/charm.py", line 725, in _handle_enable_disable_extensions
    self.postgresql.enable_disable_extensions(extensions, database)
  File "/var/lib/juju/agents/unit-postgresql-k8s-2/charm/lib/charms/tempo_coordinator_k8s/v0/charm_tracing.py", line 734, in wrapped_function
    return callable(*args, **kwargs)  # type: ignore
  File "/var/lib/juju/agents/unit-postgresql-k8s-2/charm/lib/charms/postgresql_k8s/v0/postgresql.py", line 357, in enable_disable_extensions
    raise PostgreSQLEnableDisableExtensionError()
charms.postgresql_k8s.v0.postgresql.PostgreSQLEnableDisableExtensionError
unit-postgresql-k8s-2: 01:40:56 ERROR unit.postgresql-k8s/2.juju-log upgrade:1: This operation (update_relation_data()) can only be performed by the leader unit
unit-postgresql-k8s-2: 01:40:56 ERROR unit.postgresql-k8s/2.juju-log upgrade:1: This operation (update_relation_data()) can only be performed by the leader unit

[32mINFO    [0m pytest_operator.plugin:plugin.py:991 Forgetting model main...