{"uid":"477d045939865388","name":"test_application_created_required_resources","fullName":"tests.integration.test_charm#test_application_created_required_resources","historyId":"4e68de64c8a12999ffd84b230698e6d0","time":{"start":1768867845514,"stop":1768867845926,"duration":412},"status":"failed","statusMessage":"AssertionError: assert {'Endpoints/p...k8s-replicas'} == {'Endpoints/p...-config', ...}\n  \n  Extra items in the right set:\n  \u001B[0m\u001B[33m'\u001B[39;49;00m\u001B[33mEndpoints/patroni-postgresql-k8s-sync\u001B[39;49;00m\u001B[33m'\u001B[39;49;00m\u001B[90m\u001B[39;49;00m\n  \u001B[0m\u001B[33m'\u001B[39;49;00m\u001B[33mEndpoints/patroni-postgresql-k8s-config\u001B[39;49;00m\u001B[33m'\u001B[39;49;00m\u001B[90m\u001B[39;49;00m\n  \u001B[0m\u001B[33m'\u001B[39;49;00m\u001B[33mEndpoints/patroni-postgresql-k8s\u001B[39;49;00m\u001B[33m'\u001B[39;49;00m\u001B[90m\u001B[39;49;00m\n  \n  Full diff:\n  \u001B[0m\u001B[90m \u001B[39;49;00m {\u001B[90m\u001B[39;49;00m\n  \u001B[91m-     'Endpoints/patroni-postgresql-k8s',\u001B[39;49;00m\u001B[90m\u001B[39;49;00m\n  \u001B[91m-     'Endpoints/patroni-postgresql-k8s-config',\u001B[39;49;00m\u001B[90m\u001B[39;49;00m\n  \u001B[91m-     'Endpoints/patroni-postgresql-k8s-sync',\u001B[39;49;00m\u001B[90m\u001B[39;49;00m\n  \u001B[90m \u001B[39;49;00m     'Endpoints/postgresql-k8s-primary',\u001B[90m\u001B[39;49;00m\n  \u001B[90m \u001B[39;49;00m     'Endpoints/postgresql-k8s-replicas',\u001B[90m\u001B[39;49;00m\n  \u001B[90m \u001B[39;49;00m     'Service/patroni-postgresql-k8s-config',\u001B[90m\u001B[39;49;00m\n  \u001B[90m \u001B[39;49;00m     'Service/postgresql-k8s-primary',\u001B[90m\u001B[39;49;00m\n  \u001B[90m \u001B[39;49;00m     'Service/postgresql-k8s-replicas',\u001B[90m\u001B[39;49;00m\n  \u001B[90m \u001B[39;49;00m }\u001B[90m\u001B[39;49;00m","statusTrace":"Traceback (most recent call last):\n  File \"/root/spread_project/.tox/integration/lib/python3.12/site-packages/_pytest/runner.py\", line 344, in from_call\n    result: TResult | None = func()\n                             ^^^^^^\n  File \"/root/spread_project/.tox/integration/lib/python3.12/site-packages/_pytest/runner.py\", line 246, in <lambda>\n    lambda: runtest_hook(item=item, **kwds), when=when, reraise=reraise\n            ^^^^^^^^^^^^^^^^^^^^^^^^^^^^^^^\n  File \"/root/spread_project/.tox/integration/lib/python3.12/site-packages/pluggy/_hooks.py\", line 512, in __call__\n    return self._hookexec(self.name, self._hookimpls.copy(), kwargs, firstresult)\n           ^^^^^^^^^^^^^^^^^^^^^^^^^^^^^^^^^^^^^^^^^^^^^^^^^^^^^^^^^^^^^^^^^^^^^^\n  File \"/root/spread_project/.tox/integration/lib/python3.12/site-packages/pluggy/_manager.py\", line 120, in _hookexec\n    return self._inner_hookexec(hook_name, methods, kwargs, firstresult)\n           ^^^^^^^^^^^^^^^^^^^^^^^^^^^^^^^^^^^^^^^^^^^^^^^^^^^^^^^^^^^^^\n  File \"/root/spread_project/.tox/integration/lib/python3.12/site-packages/pluggy/_callers.py\", line 167, in _multicall\n    raise exception\n  File \"/root/spread_project/.tox/integration/lib/python3.12/site-packages/pluggy/_callers.py\", line 139, in _multicall\n    teardown.throw(exception)\n  File \"/root/spread_project/.tox/integration/lib/python3.12/site-packages/_pytest/logging.py\", line 850, in pytest_runtest_call\n    yield\n  File \"/root/spread_project/.tox/integration/lib/python3.12/site-packages/pluggy/_callers.py\", line 139, in _multicall\n    teardown.throw(exception)\n  File \"/root/spread_project/.tox/integration/lib/python3.12/site-packages/pluggy/_callers.py\", line 53, in run_old_style_hookwrapper\n    return result.get_result()\n           ^^^^^^^^^^^^^^^^^^^\n  File \"/root/spread_project/.tox/integration/lib/python3.12/site-packages/pluggy/_result.py\", line 103, in get_result\n    raise exc.with_traceback(tb)\n  File \"/root/spread_project/.tox/integration/lib/python3.12/site-packages/pluggy/_callers.py\", line 38, in run_old_style_hookwrapper\n    res = yield\n          ^^^^^\n  File \"/root/spread_project/.tox/integration/lib/python3.12/site-packages/pluggy/_callers.py\", line 139, in _multicall\n    teardown.throw(exception)\n  File \"/root/spread_project/.tox/integration/lib/python3.12/site-packages/_pytest/capture.py\", line 900, in pytest_runtest_call\n    return (yield)\n            ^^^^^\n  File \"/root/spread_project/.tox/integration/lib/python3.12/site-packages/pluggy/_callers.py\", line 139, in _multicall\n    teardown.throw(exception)\n  File \"/root/spread_project/.tox/integration/lib/python3.12/site-packages/_pytest/skipping.py\", line 263, in pytest_runtest_call\n    return (yield)\n            ^^^^^\n  File \"/root/spread_project/.tox/integration/lib/python3.12/site-packages/pluggy/_callers.py\", line 121, in _multicall\n    res = hook_impl.function(*args)\n          ^^^^^^^^^^^^^^^^^^^^^^^^^\n  File \"/root/spread_project/.tox/integration/lib/python3.12/site-packages/_pytest/runner.py\", line 178, in pytest_runtest_call\n    item.runtest()\n  File \"/root/spread_project/.tox/integration/lib/python3.12/site-packages/_pytest/python.py\", line 1671, in runtest\n    self.ihook.pytest_pyfunc_call(pyfuncitem=self)\n  File \"/root/spread_project/.tox/integration/lib/python3.12/site-packages/pluggy/_hooks.py\", line 512, in __call__\n    return self._hookexec(self.name, self._hookimpls.copy(), kwargs, firstresult)\n           ^^^^^^^^^^^^^^^^^^^^^^^^^^^^^^^^^^^^^^^^^^^^^^^^^^^^^^^^^^^^^^^^^^^^^^\n  File \"/root/spread_project/.tox/integration/lib/python3.12/site-packages/pluggy/_manager.py\", line 120, in _hookexec\n    return self._inner_hookexec(hook_name, methods, kwargs, firstresult)\n           ^^^^^^^^^^^^^^^^^^^^^^^^^^^^^^^^^^^^^^^^^^^^^^^^^^^^^^^^^^^^^\n  File \"/root/spread_project/.tox/integration/lib/python3.12/site-packages/pluggy/_callers.py\", line 167, in _multicall\n    raise exception\n  File \"/root/spread_project/.tox/integration/lib/python3.12/site-packages/pluggy/_callers.py\", line 139, in _multicall\n    teardown.throw(exception)\n  File \"/root/spread_project/.tox/integration/lib/python3.12/site-packages/pluggy/_callers.py\", line 53, in run_old_style_hookwrapper\n    return result.get_result()\n           ^^^^^^^^^^^^^^^^^^^\n  File \"/root/spread_project/.tox/integration/lib/python3.12/site-packages/pluggy/_result.py\", line 103, in get_result\n    raise exc.with_traceback(tb)\n  File \"/root/spread_project/.tox/integration/lib/python3.12/site-packages/pluggy/_callers.py\", line 38, in run_old_style_hookwrapper\n    res = yield\n          ^^^^^\n  File \"/root/spread_project/.tox/integration/lib/python3.12/site-packages/pluggy/_callers.py\", line 121, in _multicall\n    res = hook_impl.function(*args)\n          ^^^^^^^^^^^^^^^^^^^^^^^^^\n  File \"/root/spread_project/.tox/integration/lib/python3.12/site-packages/_pytest/python.py\", line 157, in pytest_pyfunc_call\n    result = testfunction(**testargs)\n             ^^^^^^^^^^^^^^^^^^^^^^^^\n  File \"/root/spread_project/.tox/integration/lib/python3.12/site-packages/pytest_asyncio/plugin.py\", line 529, in inner\n    _loop.run_until_complete(task)\n  File \"/usr/lib/python3.12/asyncio/base_events.py\", line 687, in run_until_complete\n    return future.result()\n           ^^^^^^^^^^^^^^^\n  File \"/root/spread_project/tests/integration/test_charm.py\", line 59, in test_application_created_required_resources\n    assert set(existing_resources) == set(expected_resources)\nAssertionError: assert {'Endpoints/p...k8s-replicas'} == {'Endpoints/p...-config', ...}\n  \n  Extra items in the right set:\n  \u001B[0m\u001B[33m'\u001B[39;49;00m\u001B[33mEndpoints/patroni-postgresql-k8s-sync\u001B[39;49;00m\u001B[33m'\u001B[39;49;00m\u001B[90m\u001B[39;49;00m\n  \u001B[0m\u001B[33m'\u001B[39;49;00m\u001B[33mEndpoints/patroni-postgresql-k8s-config\u001B[39;49;00m\u001B[33m'\u001B[39;49;00m\u001B[90m\u001B[39;49;00m\n  \u001B[0m\u001B[33m'\u001B[39;49;00m\u001B[33mEndpoints/patroni-postgresql-k8s\u001B[39;49;00m\u001B[33m'\u001B[39;49;00m\u001B[90m\u001B[39;49;00m\n  \n  Full diff:\n  \u001B[0m\u001B[90m \u001B[39;49;00m {\u001B[90m\u001B[39;49;00m\n  \u001B[91m-     'Endpoints/patroni-postgresql-k8s',\u001B[39;49;00m\u001B[90m\u001B[39;49;00m\n  \u001B[91m-     'Endpoints/patroni-postgresql-k8s-config',\u001B[39;49;00m\u001B[90m\u001B[39;49;00m\n  \u001B[91m-     'Endpoints/patroni-postgresql-k8s-sync',\u001B[39;49;00m\u001B[90m\u001B[39;49;00m\n  \u001B[90m \u001B[39;49;00m     'Endpoints/postgresql-k8s-primary',\u001B[90m\u001B[39;49;00m\n  \u001B[90m \u001B[39;49;00m     'Endpoints/postgresql-k8s-replicas',\u001B[90m\u001B[39;49;00m\n  \u001B[90m \u001B[39;49;00m     'Service/patroni-postgresql-k8s-config',\u001B[90m\u001B[39;49;00m\n  \u001B[90m \u001B[39;49;00m     'Service/postgresql-k8s-primary',\u001B[90m\u001B[39;49;00m\n  \u001B[90m \u001B[39;49;00m     'Service/postgresql-k8s-replicas',\u001B[90m\u001B[39;49;00m\n  \u001B[90m \u001B[39;49;00m }\u001B[90m\u001B[39;49;00m","flaky":false,"newFailed":false,"newBroken":false,"newPassed":false,"retriesCount":1,"retriesStatusChange":true,"beforeStages":[{"name":"event_loop","time":{"start":1768867646722,"stop":1768867646722,"duration":0},"status":"passed","steps":[],"attachments":[],"parameters":[],"shouldDisplayMessage":false,"stepsCount":0,"attachmentsCount":0,"hasContent":false,"attachmentStep":false},{"name":"ops_test","time":{"start":1768867646722,"stop":1768867646986,"duration":264},"status":"passed","steps":[],"attachments":[],"parameters":[],"shouldDisplayMessage":false,"stepsCount":0,"attachmentsCount":0,"hasContent":false,"attachmentStep":false},{"name":"tmp_path_factory","time":{"start":1768867646722,"stop":1768867646722,"duration":0},"status":"passed","steps":[],"attachments":[],"parameters":[],"shouldDisplayMessage":false,"stepsCount":0,"attachmentsCount":0,"hasContent":false,"attachmentStep":false},{"name":"abort_on_fail","time":{"start":1768867845514,"stop":1768867845514,"duration":0},"status":"passed","steps":[],"attachments":[],"parameters":[],"shouldDisplayMessage":false,"stepsCount":0,"attachmentsCount":0,"hasContent":false,"attachmentStep":false}],"testStage":{"status":"failed","statusMessage":"AssertionError: assert {'Endpoints/p...k8s-replicas'} == {'Endpoints/p...-config', ...}\n  \n  Extra items in the right set:\n  \u001B[0m\u001B[33m'\u001B[39;49;00m\u001B[33mEndpoints/patroni-postgresql-k8s-sync\u001B[39;49;00m\u001B[33m'\u001B[39;49;00m\u001B[90m\u001B[39;49;00m\n  \u001B[0m\u001B[33m'\u001B[39;49;00m\u001B[33mEndpoints/patroni-postgresql-k8s-config\u001B[39;49;00m\u001B[33m'\u001B[39;49;00m\u001B[90m\u001B[39;49;00m\n  \u001B[0m\u001B[33m'\u001B[39;49;00m\u001B[33mEndpoints/patroni-postgresql-k8s\u001B[39;49;00m\u001B[33m'\u001B[39;49;00m\u001B[90m\u001B[39;49;00m\n  \n  Full diff:\n  \u001B[0m\u001B[90m \u001B[39;49;00m {\u001B[90m\u001B[39;49;00m\n  \u001B[91m-     'Endpoints/patroni-postgresql-k8s',\u001B[39;49;00m\u001B[90m\u001B[39;49;00m\n  \u001B[91m-     'Endpoints/patroni-postgresql-k8s-config',\u001B[39;49;00m\u001B[90m\u001B[39;49;00m\n  \u001B[91m-     'Endpoints/patroni-postgresql-k8s-sync',\u001B[39;49;00m\u001B[90m\u001B[39;49;00m\n  \u001B[90m \u001B[39;49;00m     'Endpoints/postgresql-k8s-primary',\u001B[90m\u001B[39;49;00m\n  \u001B[90m \u001B[39;49;00m     'Endpoints/postgresql-k8s-replicas',\u001B[90m\u001B[39;49;00m\n  \u001B[90m \u001B[39;49;00m     'Service/patroni-postgresql-k8s-config',\u001B[90m\u001B[39;49;00m\n  \u001B[90m \u001B[39;49;00m     'Service/postgresql-k8s-primary',\u001B[90m\u001B[39;49;00m\n  \u001B[90m \u001B[39;49;00m     'Service/postgresql-k8s-replicas',\u001B[90m\u001B[39;49;00m\n  \u001B[90m \u001B[39;49;00m }\u001B[90m\u001B[39;49;00m","statusTrace":"Traceback (most recent call last):\n  File \"/root/spread_project/.tox/integration/lib/python3.12/site-packages/_pytest/runner.py\", line 344, in from_call\n    result: TResult | None = func()\n                             ^^^^^^\n  File \"/root/spread_project/.tox/integration/lib/python3.12/site-packages/_pytest/runner.py\", line 246, in <lambda>\n    lambda: runtest_hook(item=item, **kwds), when=when, reraise=reraise\n            ^^^^^^^^^^^^^^^^^^^^^^^^^^^^^^^\n  File \"/root/spread_project/.tox/integration/lib/python3.12/site-packages/pluggy/_hooks.py\", line 512, in __call__\n    return self._hookexec(self.name, self._hookimpls.copy(), kwargs, firstresult)\n           ^^^^^^^^^^^^^^^^^^^^^^^^^^^^^^^^^^^^^^^^^^^^^^^^^^^^^^^^^^^^^^^^^^^^^^\n  File \"/root/spread_project/.tox/integration/lib/python3.12/site-packages/pluggy/_manager.py\", line 120, in _hookexec\n    return self._inner_hookexec(hook_name, methods, kwargs, firstresult)\n           ^^^^^^^^^^^^^^^^^^^^^^^^^^^^^^^^^^^^^^^^^^^^^^^^^^^^^^^^^^^^^\n  File \"/root/spread_project/.tox/integration/lib/python3.12/site-packages/pluggy/_callers.py\", line 167, in _multicall\n    raise exception\n  File \"/root/spread_project/.tox/integration/lib/python3.12/site-packages/pluggy/_callers.py\", line 139, in _multicall\n    teardown.throw(exception)\n  File \"/root/spread_project/.tox/integration/lib/python3.12/site-packages/_pytest/logging.py\", line 850, in pytest_runtest_call\n    yield\n  File \"/root/spread_project/.tox/integration/lib/python3.12/site-packages/pluggy/_callers.py\", line 139, in _multicall\n    teardown.throw(exception)\n  File \"/root/spread_project/.tox/integration/lib/python3.12/site-packages/pluggy/_callers.py\", line 53, in run_old_style_hookwrapper\n    return result.get_result()\n           ^^^^^^^^^^^^^^^^^^^\n  File \"/root/spread_project/.tox/integration/lib/python3.12/site-packages/pluggy/_result.py\", line 103, in get_result\n    raise exc.with_traceback(tb)\n  File \"/root/spread_project/.tox/integration/lib/python3.12/site-packages/pluggy/_callers.py\", line 38, in run_old_style_hookwrapper\n    res = yield\n          ^^^^^\n  File \"/root/spread_project/.tox/integration/lib/python3.12/site-packages/pluggy/_callers.py\", line 139, in _multicall\n    teardown.throw(exception)\n  File \"/root/spread_project/.tox/integration/lib/python3.12/site-packages/_pytest/capture.py\", line 900, in pytest_runtest_call\n    return (yield)\n            ^^^^^\n  File \"/root/spread_project/.tox/integration/lib/python3.12/site-packages/pluggy/_callers.py\", line 139, in _multicall\n    teardown.throw(exception)\n  File \"/root/spread_project/.tox/integration/lib/python3.12/site-packages/_pytest/skipping.py\", line 263, in pytest_runtest_call\n    return (yield)\n            ^^^^^\n  File \"/root/spread_project/.tox/integration/lib/python3.12/site-packages/pluggy/_callers.py\", line 121, in _multicall\n    res = hook_impl.function(*args)\n          ^^^^^^^^^^^^^^^^^^^^^^^^^\n  File \"/root/spread_project/.tox/integration/lib/python3.12/site-packages/_pytest/runner.py\", line 178, in pytest_runtest_call\n    item.runtest()\n  File \"/root/spread_project/.tox/integration/lib/python3.12/site-packages/_pytest/python.py\", line 1671, in runtest\n    self.ihook.pytest_pyfunc_call(pyfuncitem=self)\n  File \"/root/spread_project/.tox/integration/lib/python3.12/site-packages/pluggy/_hooks.py\", line 512, in __call__\n    return self._hookexec(self.name, self._hookimpls.copy(), kwargs, firstresult)\n           ^^^^^^^^^^^^^^^^^^^^^^^^^^^^^^^^^^^^^^^^^^^^^^^^^^^^^^^^^^^^^^^^^^^^^^\n  File \"/root/spread_project/.tox/integration/lib/python3.12/site-packages/pluggy/_manager.py\", line 120, in _hookexec\n    return self._inner_hookexec(hook_name, methods, kwargs, firstresult)\n           ^^^^^^^^^^^^^^^^^^^^^^^^^^^^^^^^^^^^^^^^^^^^^^^^^^^^^^^^^^^^^\n  File \"/root/spread_project/.tox/integration/lib/python3.12/site-packages/pluggy/_callers.py\", line 167, in _multicall\n    raise exception\n  File \"/root/spread_project/.tox/integration/lib/python3.12/site-packages/pluggy/_callers.py\", line 139, in _multicall\n    teardown.throw(exception)\n  File \"/root/spread_project/.tox/integration/lib/python3.12/site-packages/pluggy/_callers.py\", line 53, in run_old_style_hookwrapper\n    return result.get_result()\n           ^^^^^^^^^^^^^^^^^^^\n  File \"/root/spread_project/.tox/integration/lib/python3.12/site-packages/pluggy/_result.py\", line 103, in get_result\n    raise exc.with_traceback(tb)\n  File \"/root/spread_project/.tox/integration/lib/python3.12/site-packages/pluggy/_callers.py\", line 38, in run_old_style_hookwrapper\n    res = yield\n          ^^^^^\n  File \"/root/spread_project/.tox/integration/lib/python3.12/site-packages/pluggy/_callers.py\", line 121, in _multicall\n    res = hook_impl.function(*args)\n          ^^^^^^^^^^^^^^^^^^^^^^^^^\n  File \"/root/spread_project/.tox/integration/lib/python3.12/site-packages/_pytest/python.py\", line 157, in pytest_pyfunc_call\n    result = testfunction(**testargs)\n             ^^^^^^^^^^^^^^^^^^^^^^^^\n  File \"/root/spread_project/.tox/integration/lib/python3.12/site-packages/pytest_asyncio/plugin.py\", line 529, in inner\n    _loop.run_until_complete(task)\n  File \"/usr/lib/python3.12/asyncio/base_events.py\", line 687, in run_until_complete\n    return future.result()\n           ^^^^^^^^^^^^^^^\n  File \"/root/spread_project/tests/integration/test_charm.py\", line 59, in test_application_created_required_resources\n    assert set(existing_resources) == set(expected_resources)\nAssertionError: assert {'Endpoints/p...k8s-replicas'} == {'Endpoints/p...-config', ...}\n  \n  Extra items in the right set:\n  \u001B[0m\u001B[33m'\u001B[39;49;00m\u001B[33mEndpoints/patroni-postgresql-k8s-sync\u001B[39;49;00m\u001B[33m'\u001B[39;49;00m\u001B[90m\u001B[39;49;00m\n  \u001B[0m\u001B[33m'\u001B[39;49;00m\u001B[33mEndpoints/patroni-postgresql-k8s-config\u001B[39;49;00m\u001B[33m'\u001B[39;49;00m\u001B[90m\u001B[39;49;00m\n  \u001B[0m\u001B[33m'\u001B[39;49;00m\u001B[33mEndpoints/patroni-postgresql-k8s\u001B[39;49;00m\u001B[33m'\u001B[39;49;00m\u001B[90m\u001B[39;49;00m\n  \n  Full diff:\n  \u001B[0m\u001B[90m \u001B[39;49;00m {\u001B[90m\u001B[39;49;00m\n  \u001B[91m-     'Endpoints/patroni-postgresql-k8s',\u001B[39;49;00m\u001B[90m\u001B[39;49;00m\n  \u001B[91m-     'Endpoints/patroni-postgresql-k8s-config',\u001B[39;49;00m\u001B[90m\u001B[39;49;00m\n  \u001B[91m-     'Endpoints/patroni-postgresql-k8s-sync',\u001B[39;49;00m\u001B[90m\u001B[39;49;00m\n  \u001B[90m \u001B[39;49;00m     'Endpoints/postgresql-k8s-primary',\u001B[90m\u001B[39;49;00m\n  \u001B[90m \u001B[39;49;00m     'Endpoints/postgresql-k8s-replicas',\u001B[90m\u001B[39;49;00m\n  \u001B[90m \u001B[39;49;00m     'Service/patroni-postgresql-k8s-config',\u001B[90m\u001B[39;49;00m\n  \u001B[90m \u001B[39;49;00m     'Service/postgresql-k8s-primary',\u001B[90m\u001B[39;49;00m\n  \u001B[90m \u001B[39;49;00m     'Service/postgresql-k8s-replicas',\u001B[90m\u001B[39;49;00m\n  \u001B[90m \u001B[39;49;00m }\u001B[90m\u001B[39;49;00m","steps":[],"attachments":[{"uid":"89c2e54239033043","name":"log","source":"89c2e54239033043.txt","type":"text/plain","size":382}],"parameters":[],"shouldDisplayMessage":true,"stepsCount":0,"attachmentsCount":1,"hasContent":true,"attachmentStep":false},"afterStages":[{"name":"abort_on_fail::0","time":{"start":1768867845954,"stop":1768867845955,"duration":1},"status":"passed","steps":[],"attachments":[],"parameters":[],"shouldDisplayMessage":false,"stepsCount":0,"attachmentsCount":0,"hasContent":false,"attachmentStep":false},{"name":"ops_test::finalizer","time":{"start":1768869327152,"stop":1768869327609,"duration":457},"status":"passed","steps":[],"attachments":[],"parameters":[],"shouldDisplayMessage":false,"stepsCount":0,"attachmentsCount":0,"hasContent":false,"attachmentStep":false},{"name":"event_loop::2","time":{"start":1768869327610,"stop":1768869327610,"duration":0},"status":"passed","steps":[],"attachments":[],"parameters":[],"shouldDisplayMessage":false,"stepsCount":0,"attachmentsCount":0,"hasContent":false,"attachmentStep":false},{"name":"event_loop::_close_event_loop","time":{"start":1768869327610,"stop":1768869327610,"duration":0},"status":"passed","steps":[],"attachments":[],"parameters":[],"shouldDisplayMessage":false,"stepsCount":0,"attachmentsCount":0,"hasContent":false,"attachmentStep":false},{"name":"event_loop::_provide_clean_event_loop","time":{"start":1768869327610,"stop":1768869327610,"duration":0},"status":"passed","steps":[],"attachments":[],"parameters":[],"shouldDisplayMessage":false,"stepsCount":0,"attachmentsCount":0,"hasContent":false,"attachmentStep":false}],"labels":[{"name":"tag","value":"asyncio"},{"name":"parentSuite","value":"tests.integration"},{"name":"suite","value":"test_charm"},{"name":"host","value":"runnervmmtnos"},{"name":"thread","value":"19556-MainThread"},{"name":"framework","value":"pytest"},{"name":"language","value":"cpython3"},{"name":"package","value":"tests.integration.test_charm"},{"name":"resultFormat","value":"allure2"}],"parameters":[],"links":[],"hidden":false,"retry":false,"extra":{"severity":"normal","retries":[{"uid":"8c68de76112bbe78","status":"unknown","time":{}}],"categories":[{"name":"Product defects","matchedStatuses":[]}],"history":{"statistic":{"failed":2,"broken":0,"skipped":2,"passed":550,"unknown":18,"total":572},"items":[{"uid":"ef4e4441d5726e46","reportUrl":"../5040//#testresult/ef4e4441d5726e46","status":"failed","statusDetails":"AssertionError: assert {'Endpoints/p...k8s-replicas'} == {'Endpoints/p...-config', ...}\n  \n  Extra items in the right set:\n  \u001B[0m\u001B[33m'\u001B[39;49;00m\u001B[33mEndpoints/patroni-postgresql-k8s-config\u001B[39;49;00m\u001B[33m'\u001B[39;49;00m\u001B[90m\u001B[39;49;00m\n  \u001B[0m\u001B[33m'\u001B[39;49;00m\u001B[33mEndpoints/patroni-postgresql-k8s\u001B[39;49;00m\u001B[33m'\u001B[39;49;00m\u001B[90m\u001B[39;49;00m\n  \u001B[0m\u001B[33m'\u001B[39;49;00m\u001B[33mEndpoints/patroni-postgresql-k8s-sync\u001B[39;49;00m\u001B[33m'\u001B[39;49;00m\u001B[90m\u001B[39;49;00m\n  \n  Full diff:\n  \u001B[0m\u001B[90m \u001B[39;49;00m {\u001B[90m\u001B[39;49;00m\n  \u001B[91m-     'Endpoints/patroni-postgresql-k8s',\u001B[39;49;00m\u001B[90m\u001B[39;49;00m\n  \u001B[91m-     'Endpoints/patroni-postgresql-k8s-config',\u001B[39;49;00m\u001B[90m\u001B[39;49;00m\n  \u001B[91m-     'Endpoints/patroni-postgresql-k8s-sync',\u001B[39;49;00m\u001B[90m\u001B[39;49;00m\n  \u001B[90m \u001B[39;49;00m     'Endpoints/postgresql-k8s-primary',\u001B[90m\u001B[39;49;00m\n  \u001B[90m \u001B[39;49;00m     'Endpoints/postgresql-k8s-replicas',\u001B[90m\u001B[39;49;00m\n  \u001B[90m \u001B[39;49;00m     'Service/patroni-postgresql-k8s-config',\u001B[90m\u001B[39;49;00m\n  \u001B[90m \u001B[39;49;00m     'Service/postgresql-k8s-primary',\u001B[90m\u001B[39;49;00m\n  \u001B[90m \u001B[39;49;00m     'Service/postgresql-k8s-replicas',\u001B[90m\u001B[39;49;00m\n  \u001B[90m \u001B[39;49;00m }\u001B[90m\u001B[39;49;00m","time":{"start":1768781479426,"stop":1768781479651,"duration":225}},{"uid":"c42f57e1399e0deb","reportUrl":"../5037//#testresult/c42f57e1399e0deb","status":"passed","time":{"start":1768695060877,"stop":1768695061075,"duration":198}},{"uid":"4895a95e6e3f4b11","reportUrl":"../5035//#testresult/4895a95e6e3f4b11","status":"passed","time":{"start":1768608614535,"stop":1768608614736,"duration":201}},{"uid":"b5ddb4ac6dedb706","reportUrl":"../5033//#testresult/b5ddb4ac6dedb706","status":"passed","time":{"start":1768522241706,"stop":1768522241886,"duration":180}},{"uid":"63254127f2d070","reportUrl":"../5017//#testresult/63254127f2d070","status":"passed","time":{"start":1768435838160,"stop":1768435838451,"duration":291}},{"uid":"1093595bba63bd7a","reportUrl":"../5016//#testresult/1093595bba63bd7a","status":"passed","time":{"start":1768354580554,"stop":1768354580745,"duration":191}},{"uid":"58e5017347530767","reportUrl":"../5012//#testresult/58e5017347530767","status":"passed","time":{"start":1768268136217,"stop":1768268136406,"duration":189}},{"uid":"4bcb9d434acbb4bf","reportUrl":"../5008//#testresult/4bcb9d434acbb4bf","status":"passed","time":{"start":1768181740365,"stop":1768181740672,"duration":307}},{"uid":"e4550431660ffb91","reportUrl":"../5007//#testresult/e4550431660ffb91","status":"passed","time":{"start":1768095325641,"stop":1768095325826,"duration":185}},{"uid":"b286eb82f606230c","reportUrl":"../5006//#testresult/b286eb82f606230c","status":"passed","time":{"start":1768008892880,"stop":1768008893062,"duration":182}},{"uid":"210744f1821790cf","reportUrl":"../5002//#testresult/210744f1821790cf","status":"passed","time":{"start":1767922487369,"stop":1767922487561,"duration":192}},{"uid":"9c4fb4f5ce6379c9","reportUrl":"../4998//#testresult/9c4fb4f5ce6379c9","status":"passed","time":{"start":1767836112345,"stop":1767836112531,"duration":186}},{"uid":"640c0eda475c9118","reportUrl":"../4997//#testresult/640c0eda475c9118","status":"passed","time":{"start":1767749735254,"stop":1767749735441,"duration":187}},{"uid":"b13365b7b50b1999","reportUrl":"../4990//#testresult/b13365b7b50b1999","status":"passed","time":{"start":1767663288375,"stop":1767663288570,"duration":195}},{"uid":"fab2ceeb1c8a1fbc","reportUrl":"../4989//#testresult/fab2ceeb1c8a1fbc","status":"passed","time":{"start":1767576943587,"stop":1767576943775,"duration":188}},{"uid":"3291e94784b06460","reportUrl":"../4988//#testresult/3291e94784b06460","status":"passed","time":{"start":1767490527477,"stop":1767490527670,"duration":193}},{"uid":"ebe3da8f13ec81fa","reportUrl":"../4987//#testresult/ebe3da8f13ec81fa","status":"passed","time":{"start":1767404067747,"stop":1767404067924,"duration":177}},{"uid":"4ca1e06296a21ad","reportUrl":"../4986//#testresult/4ca1e06296a21ad","status":"passed","time":{"start":1767317710601,"stop":1767317710790,"duration":189}},{"uid":"8529d404f9c0a4bb","reportUrl":"../4985//#testresult/8529d404f9c0a4bb","status":"passed","time":{"start":1767231341933,"stop":1767231342127,"duration":194}},{"uid":"714c120ea2e95129","reportUrl":"../4984//#testresult/714c120ea2e95129","status":"passed","time":{"start":1767144869759,"stop":1767144869939,"duration":180}}]},"tags":["asyncio"]},"source":"477d045939865388.json","parameterValues":[]}