{"uid":"5d52d6695468b03a","name":"test_interruption_db_process[SIGKILL-/usr/bin/patroni]","fullName":"tests.integration.ha_tests.test_self_healing_1#test_interruption_db_process","historyId":"6ac1f088d42ef4f77044c32d987fbe5f","time":{"start":1752112246019,"stop":1752112246019,"duration":0},"status":"skipped","statusMessage":"XFAIL aborted\n\n_pytest.outcomes.XFailed: aborted","statusTrace":"Traceback (most recent call last):\n  File \"/root/spread_project/.tox/integration/lib/python3.12/site-packages/_pytest/runner.py\", line 344, in from_call\n    result: TResult | None = func()\n                             ^^^^^^\n  File \"/root/spread_project/.tox/integration/lib/python3.12/site-packages/_pytest/runner.py\", line 246, in <lambda>\n    lambda: runtest_hook(item=item, **kwds), when=when, reraise=reraise\n            ^^^^^^^^^^^^^^^^^^^^^^^^^^^^^^^\n  File \"/root/spread_project/.tox/integration/lib/python3.12/site-packages/pluggy/_hooks.py\", line 512, in __call__\n    return self._hookexec(self.name, self._hookimpls.copy(), kwargs, firstresult)\n           ^^^^^^^^^^^^^^^^^^^^^^^^^^^^^^^^^^^^^^^^^^^^^^^^^^^^^^^^^^^^^^^^^^^^^^\n  File \"/root/spread_project/.tox/integration/lib/python3.12/site-packages/pluggy/_manager.py\", line 120, in _hookexec\n    return self._inner_hookexec(hook_name, methods, kwargs, firstresult)\n           ^^^^^^^^^^^^^^^^^^^^^^^^^^^^^^^^^^^^^^^^^^^^^^^^^^^^^^^^^^^^^\n  File \"/root/spread_project/.tox/integration/lib/python3.12/site-packages/pluggy/_callers.py\", line 167, in _multicall\n    raise exception\n  File \"/root/spread_project/.tox/integration/lib/python3.12/site-packages/pluggy/_callers.py\", line 139, in _multicall\n    teardown.throw(exception)\n  File \"/root/spread_project/.tox/integration/lib/python3.12/site-packages/_pytest/logging.py\", line 843, in pytest_runtest_setup\n    yield\n  File \"/root/spread_project/.tox/integration/lib/python3.12/site-packages/pluggy/_callers.py\", line 139, in _multicall\n    teardown.throw(exception)\n  File \"/root/spread_project/.tox/integration/lib/python3.12/site-packages/pluggy/_callers.py\", line 53, in run_old_style_hookwrapper\n    return result.get_result()\n           ^^^^^^^^^^^^^^^^^^^\n  File \"/root/spread_project/.tox/integration/lib/python3.12/site-packages/pluggy/_result.py\", line 103, in get_result\n    raise exc.with_traceback(tb)\n  File \"/root/spread_project/.tox/integration/lib/python3.12/site-packages/pluggy/_callers.py\", line 38, in run_old_style_hookwrapper\n    res = yield\n          ^^^^^\n  File \"/root/spread_project/.tox/integration/lib/python3.12/site-packages/pluggy/_callers.py\", line 139, in _multicall\n    teardown.throw(exception)\n  File \"/root/spread_project/.tox/integration/lib/python3.12/site-packages/_pytest/capture.py\", line 895, in pytest_runtest_setup\n    return (yield)\n            ^^^^^\n  File \"/root/spread_project/.tox/integration/lib/python3.12/site-packages/pluggy/_callers.py\", line 121, in _multicall\n    res = hook_impl.function(*args)\n          ^^^^^^^^^^^^^^^^^^^^^^^^^\n  File \"/root/spread_project/.tox/integration/lib/python3.12/site-packages/_pytest/runner.py\", line 164, in pytest_runtest_setup\n    item.session._setupstate.setup(item)\n  File \"/root/spread_project/.tox/integration/lib/python3.12/site-packages/_pytest/runner.py\", line 514, in setup\n    col.setup()\n  File \"/root/spread_project/.tox/integration/lib/python3.12/site-packages/_pytest/python.py\", line 1674, in setup\n    self._request._fillfixtures()\n  File \"/root/spread_project/.tox/integration/lib/python3.12/site-packages/_pytest/fixtures.py\", line 719, in _fillfixtures\n    item.funcargs[argname] = self.getfixturevalue(argname)\n                             ^^^^^^^^^^^^^^^^^^^^^^^^^^^^^\n  File \"/root/spread_project/.tox/integration/lib/python3.12/site-packages/_pytest/fixtures.py\", line 548, in getfixturevalue\n    fixturedef = self._get_active_fixturedef(argname)\n                 ^^^^^^^^^^^^^^^^^^^^^^^^^^^^^^^^^^^^\n  File \"/root/spread_project/.tox/integration/lib/python3.12/site-packages/_pytest/fixtures.py\", line 639, in _get_active_fixturedef\n    fixturedef.execute(request=subrequest)\n  File \"/root/spread_project/.tox/integration/lib/python3.12/site-packages/_pytest/fixtures.py\", line 1127, in execute\n    result = ihook.pytest_fixture_setup(fixturedef=self, request=request)\n             ^^^^^^^^^^^^^^^^^^^^^^^^^^^^^^^^^^^^^^^^^^^^^^^^^^^^^^^^^^^^\n  File \"/root/spread_project/.tox/integration/lib/python3.12/site-packages/pluggy/_hooks.py\", line 512, in __call__\n    return self._hookexec(self.name, self._hookimpls.copy(), kwargs, firstresult)\n           ^^^^^^^^^^^^^^^^^^^^^^^^^^^^^^^^^^^^^^^^^^^^^^^^^^^^^^^^^^^^^^^^^^^^^^\n  File \"/root/spread_project/.tox/integration/lib/python3.12/site-packages/pluggy/_manager.py\", line 120, in _hookexec\n    return self._inner_hookexec(hook_name, methods, kwargs, firstresult)\n           ^^^^^^^^^^^^^^^^^^^^^^^^^^^^^^^^^^^^^^^^^^^^^^^^^^^^^^^^^^^^^\n  File \"/root/spread_project/.tox/integration/lib/python3.12/site-packages/pluggy/_callers.py\", line 167, in _multicall\n    raise exception\n  File \"/root/spread_project/.tox/integration/lib/python3.12/site-packages/pluggy/_callers.py\", line 139, in _multicall\n    teardown.throw(exception)\n  File \"/root/spread_project/.tox/integration/lib/python3.12/site-packages/pluggy/_callers.py\", line 53, in run_old_style_hookwrapper\n    return result.get_result()\n           ^^^^^^^^^^^^^^^^^^^\n  File \"/root/spread_project/.tox/integration/lib/python3.12/site-packages/pluggy/_result.py\", line 103, in get_result\n    raise exc.with_traceback(tb)\n  File \"/root/spread_project/.tox/integration/lib/python3.12/site-packages/pluggy/_callers.py\", line 38, in run_old_style_hookwrapper\n    res = yield\n          ^^^^^\n  File \"/root/spread_project/.tox/integration/lib/python3.12/site-packages/pluggy/_callers.py\", line 139, in _multicall\n    teardown.throw(exception)\n  File \"/root/spread_project/.tox/integration/lib/python3.12/site-packages/pluggy/_callers.py\", line 53, in run_old_style_hookwrapper\n    return result.get_result()\n           ^^^^^^^^^^^^^^^^^^^\n  File \"/root/spread_project/.tox/integration/lib/python3.12/site-packages/pluggy/_result.py\", line 103, in get_result\n    raise exc.with_traceback(tb)\n  File \"/root/spread_project/.tox/integration/lib/python3.12/site-packages/pluggy/_callers.py\", line 38, in run_old_style_hookwrapper\n    res = yield\n          ^^^^^\n  File \"/root/spread_project/.tox/integration/lib/python3.12/site-packages/pluggy/_callers.py\", line 139, in _multicall\n    teardown.throw(exception)\n  File \"/root/spread_project/.tox/integration/lib/python3.12/site-packages/pluggy/_callers.py\", line 53, in run_old_style_hookwrapper\n    return result.get_result()\n           ^^^^^^^^^^^^^^^^^^^\n  File \"/root/spread_project/.tox/integration/lib/python3.12/site-packages/pluggy/_result.py\", line 103, in get_result\n    raise exc.with_traceback(tb)\n  File \"/root/spread_project/.tox/integration/lib/python3.12/site-packages/pluggy/_callers.py\", line 38, in run_old_style_hookwrapper\n    res = yield\n          ^^^^^\n  File \"/root/spread_project/.tox/integration/lib/python3.12/site-packages/pluggy/_callers.py\", line 139, in _multicall\n    teardown.throw(exception)\n  File \"/root/spread_project/.tox/integration/lib/python3.12/site-packages/_pytest/setuponly.py\", line 36, in pytest_fixture_setup\n    return (yield)\n            ^^^^^\n  File \"/root/spread_project/.tox/integration/lib/python3.12/site-packages/pluggy/_callers.py\", line 121, in _multicall\n    res = hook_impl.function(*args)\n          ^^^^^^^^^^^^^^^^^^^^^^^^^\n  File \"/root/spread_project/.tox/integration/lib/python3.12/site-packages/_pytest/fixtures.py\", line 1195, in pytest_fixture_setup\n    result = call_fixture_func(fixturefunc, request, kwargs)\n             ^^^^^^^^^^^^^^^^^^^^^^^^^^^^^^^^^^^^^^^^^^^^^^^\n  File \"/root/spread_project/.tox/integration/lib/python3.12/site-packages/_pytest/fixtures.py\", line 922, in call_fixture_func\n    fixture_result = next(generator)\n                     ^^^^^^^^^^^^^^^\n  File \"/root/spread_project/.tox/integration/lib/python3.12/site-packages/pytest_operator/plugin.py\", line 250, in abort_on_fail\n    pytest.xfail(\"aborted\")\n  File \"/root/spread_project/.tox/integration/lib/python3.12/site-packages/_pytest/outcomes.py\", line 205, in xfail\n    raise XFailed(reason)\n_pytest.outcomes.XFailed: aborted","flaky":false,"newFailed":false,"newBroken":false,"newPassed":false,"retriesCount":1,"retriesStatusChange":true,"beforeStages":[{"name":"event_loop","time":{"start":1752111123081,"stop":1752111123081,"duration":0},"status":"passed","steps":[],"attachments":[],"parameters":[],"shouldDisplayMessage":false,"stepsCount":0,"attachmentsCount":0,"hasContent":false,"attachmentStep":false},{"name":"tmp_path_factory","time":{"start":1752111123082,"stop":1752111123082,"duration":0},"status":"passed","steps":[],"attachments":[],"parameters":[],"shouldDisplayMessage":false,"stepsCount":0,"attachmentsCount":0,"hasContent":false,"attachmentStep":false},{"name":"ops_test","time":{"start":1752111123082,"stop":1752111123298,"duration":216},"status":"passed","steps":[],"attachments":[],"parameters":[],"shouldDisplayMessage":false,"stepsCount":0,"attachmentsCount":0,"hasContent":false,"attachmentStep":false},{"name":"primary_start_timeout","time":{"start":1752111474838,"stop":1752111483107,"duration":8269},"status":"passed","steps":[],"attachments":[],"parameters":[],"shouldDisplayMessage":false,"stepsCount":0,"attachmentsCount":0,"hasContent":false,"attachmentStep":false},{"name":"abort_on_fail","time":{"start":1752112246019,"stop":1752112246019,"duration":0},"status":"failed","statusMessage":"_pytest.outcomes.XFailed: aborted\n","statusTrace":"  File \"/root/spread_project/.tox/integration/lib/python3.12/site-packages/pluggy/_callers.py\", line 38, in run_old_style_hookwrapper\n    res = yield\n          ^^^^^\n  File \"/root/spread_project/.tox/integration/lib/python3.12/site-packages/pluggy/_callers.py\", line 139, in _multicall\n    teardown.throw(exception)\n  File \"/root/spread_project/.tox/integration/lib/python3.12/site-packages/pluggy/_callers.py\", line 53, in run_old_style_hookwrapper\n    return result.get_result()\n           ^^^^^^^^^^^^^^^^^^^\n  File \"/root/spread_project/.tox/integration/lib/python3.12/site-packages/pluggy/_result.py\", line 103, in get_result\n    raise exc.with_traceback(tb)\n  File \"/root/spread_project/.tox/integration/lib/python3.12/site-packages/pluggy/_callers.py\", line 38, in run_old_style_hookwrapper\n    res = yield\n          ^^^^^\n  File \"/root/spread_project/.tox/integration/lib/python3.12/site-packages/pluggy/_callers.py\", line 139, in _multicall\n    teardown.throw(exception)\n  File \"/root/spread_project/.tox/integration/lib/python3.12/site-packages/pluggy/_callers.py\", line 53, in run_old_style_hookwrapper\n    return result.get_result()\n           ^^^^^^^^^^^^^^^^^^^\n  File \"/root/spread_project/.tox/integration/lib/python3.12/site-packages/pluggy/_result.py\", line 103, in get_result\n    raise exc.with_traceback(tb)\n  File \"/root/spread_project/.tox/integration/lib/python3.12/site-packages/pluggy/_callers.py\", line 38, in run_old_style_hookwrapper\n    res = yield\n          ^^^^^\n  File \"/root/spread_project/.tox/integration/lib/python3.12/site-packages/pluggy/_callers.py\", line 139, in _multicall\n    teardown.throw(exception)\n  File \"/root/spread_project/.tox/integration/lib/python3.12/site-packages/_pytest/setuponly.py\", line 36, in pytest_fixture_setup\n    return (yield)\n            ^^^^^\n  File \"/root/spread_project/.tox/integration/lib/python3.12/site-packages/pluggy/_callers.py\", line 121, in _multicall\n    res = hook_impl.function(*args)\n          ^^^^^^^^^^^^^^^^^^^^^^^^^\n  File \"/root/spread_project/.tox/integration/lib/python3.12/site-packages/_pytest/fixtures.py\", line 1195, in pytest_fixture_setup\n    result = call_fixture_func(fixturefunc, request, kwargs)\n             ^^^^^^^^^^^^^^^^^^^^^^^^^^^^^^^^^^^^^^^^^^^^^^^\n  File \"/root/spread_project/.tox/integration/lib/python3.12/site-packages/_pytest/fixtures.py\", line 922, in call_fixture_func\n    fixture_result = next(generator)\n                     ^^^^^^^^^^^^^^^\n  File \"/root/spread_project/.tox/integration/lib/python3.12/site-packages/pytest_operator/plugin.py\", line 250, in abort_on_fail\n    pytest.xfail(\"aborted\")\n  File \"/root/spread_project/.tox/integration/lib/python3.12/site-packages/_pytest/outcomes.py\", line 205, in xfail\n    raise XFailed(reason)\n","steps":[],"attachments":[],"parameters":[],"shouldDisplayMessage":true,"stepsCount":0,"attachmentsCount":0,"hasContent":true,"attachmentStep":false}],"afterStages":[{"name":"primary_start_timeout::finalizer","time":{"start":1752112246049,"stop":1752112248130,"duration":2081},"status":"passed","steps":[],"attachments":[],"parameters":[],"shouldDisplayMessage":false,"stepsCount":0,"attachmentsCount":0,"hasContent":false,"attachmentStep":false},{"name":"ops_test::finalizer","time":{"start":1752112248131,"stop":1752112248781,"duration":650},"status":"passed","steps":[],"attachments":[],"parameters":[],"shouldDisplayMessage":false,"stepsCount":0,"attachmentsCount":0,"hasContent":false,"attachmentStep":false},{"name":"event_loop::2","time":{"start":1752112248782,"stop":1752112248782,"duration":0},"status":"passed","steps":[],"attachments":[],"parameters":[],"shouldDisplayMessage":false,"stepsCount":0,"attachmentsCount":0,"hasContent":false,"attachmentStep":false},{"name":"event_loop::_close_event_loop","time":{"start":1752112248782,"stop":1752112248782,"duration":0},"status":"passed","steps":[],"attachments":[],"parameters":[],"shouldDisplayMessage":false,"stepsCount":0,"attachmentsCount":0,"hasContent":false,"attachmentStep":false},{"name":"event_loop::_provide_clean_event_loop","time":{"start":1752112248782,"stop":1752112248782,"duration":0},"status":"passed","steps":[],"attachments":[],"parameters":[],"shouldDisplayMessage":false,"stepsCount":0,"attachmentsCount":0,"hasContent":false,"attachmentStep":false}],"labels":[{"name":"tag","value":"abort_on_fail"},{"name":"tag","value":"asyncio"},{"name":"tag","value":"asyncio"},{"name":"parentSuite","value":"tests.integration.ha_tests"},{"name":"suite","value":"test_self_healing_1"},{"name":"host","value":"pkrvmfkh1xnbeme"},{"name":"thread","value":"19860-MainThread"},{"name":"framework","value":"pytest"},{"name":"language","value":"cpython3"},{"name":"package","value":"tests.integration.ha_tests.test_self_healing_1"},{"name":"resultFormat","value":"allure2"}],"parameters":[{"name":"process","value":"'/usr/bin/patroni'"},{"name":"signal","value":"'SIGKILL'"}],"links":[],"hidden":false,"retry":false,"extra":{"severity":"normal","retries":[{"uid":"9b074eb2f23c383f","status":"unknown","time":{}}],"categories":[],"history":{"statistic":{"failed":9,"broken":0,"skipped":16,"passed":113,"unknown":2,"total":140},"items":[{"uid":"975b8e97432cbf17","reportUrl":"../4250//#testresult/975b8e97432cbf17","status":"passed","time":{"start":1752025779907,"stop":1752025888624,"duration":108717}},{"uid":"76e154b9a5faa3ac","reportUrl":"../4244//#testresult/76e154b9a5faa3ac","status":"skipped","statusDetails":"XFAIL aborted\n\n_pytest.outcomes.XFailed: aborted","time":{"start":1751939385927,"stop":1751939385927,"duration":0}},{"uid":"dd0c4c6f315abc9b","reportUrl":"../4241//#testresult/dd0c4c6f315abc9b","status":"passed","time":{"start":1751853023488,"stop":1751853133197,"duration":109709}},{"uid":"df8ce566434a044c","reportUrl":"../4240//#testresult/df8ce566434a044c","status":"skipped","statusDetails":"XFAIL aborted\n\n_pytest.outcomes.XFailed: aborted","time":{"start":1751766681038,"stop":1751766681038,"duration":0}},{"uid":"19a970131f7214f9","reportUrl":"../4239//#testresult/19a970131f7214f9","status":"failed","statusDetails":"AssertionError: testing.postgresql-k8s-0: writes to the db were missed.","time":{"start":1751680199938,"stop":1751680305577,"duration":105639}},{"uid":"a0e3795a37b0befa","reportUrl":"../4238//#testresult/a0e3795a37b0befa","status":"passed","time":{"start":1751593750998,"stop":1751593857262,"duration":106264}},{"uid":"29df4f78e317c117","reportUrl":"../4233//#testresult/29df4f78e317c117","status":"skipped","statusDetails":"XFAIL aborted\n\n_pytest.outcomes.XFailed: aborted","time":{"start":1751507443182,"stop":1751507443182,"duration":0}},{"uid":"752365bdc807cf31","reportUrl":"../4229//#testresult/752365bdc807cf31","status":"unknown","time":{}},{"uid":"30fe78e1c982b375","reportUrl":"../4218//#testresult/30fe78e1c982b375","status":"skipped","statusDetails":"XFAIL aborted\n\n_pytest.outcomes.XFailed: aborted","time":{"start":1751334679788,"stop":1751334679788,"duration":0}},{"uid":"399cbc83e8c52b3a","reportUrl":"../4214//#testresult/399cbc83e8c52b3a","status":"failed","statusDetails":"AssertionError: testing.postgresql-k8s-1: writes to the db were missed.","time":{"start":1751248269840,"stop":1751248372531,"duration":102691}},{"uid":"e9648a4345dd9380","reportUrl":"../4213//#testresult/e9648a4345dd9380","status":"skipped","statusDetails":"XFAIL aborted\n\n_pytest.outcomes.XFailed: aborted","time":{"start":1751161797204,"stop":1751161797204,"duration":0}},{"uid":"caf8f209c84aa8d","reportUrl":"../4212//#testresult/caf8f209c84aa8d","status":"skipped","statusDetails":"XFAIL aborted\n\n_pytest.outcomes.XFailed: aborted","time":{"start":1751075410937,"stop":1751075410937,"duration":0}},{"uid":"e0eea92235b7660","reportUrl":"../4211//#testresult/e0eea92235b7660","status":"skipped","statusDetails":"XFAIL aborted\n\n_pytest.outcomes.XFailed: aborted","time":{"start":1750988963670,"stop":1750988963670,"duration":0}},{"uid":"34c966c25dc06ebe","reportUrl":"../4205//#testresult/34c966c25dc06ebe","status":"skipped","statusDetails":"XFAIL aborted\n\n_pytest.outcomes.XFailed: aborted","time":{"start":1750902585562,"stop":1750902585562,"duration":0}},{"uid":"3e35cee3bbaa27a","reportUrl":"../4193//#testresult/3e35cee3bbaa27a","status":"passed","time":{"start":1750816011004,"stop":1750816127149,"duration":116145}},{"uid":"88173e4ad009203","reportUrl":"../4186//#testresult/88173e4ad009203","status":"skipped","statusDetails":"XFAIL aborted\n\n_pytest.outcomes.XFailed: aborted","time":{"start":1750729809884,"stop":1750729809884,"duration":0}},{"uid":"b9f314b004a99aae","reportUrl":"../4185//#testresult/b9f314b004a99aae","status":"skipped","statusDetails":"XFAIL aborted\n\n_pytest.outcomes.XFailed: aborted","time":{"start":1750643425732,"stop":1750643425732,"duration":0}},{"uid":"2f5630840ebda79f","reportUrl":"../4184//#testresult/2f5630840ebda79f","status":"skipped","statusDetails":"XFAIL aborted\n\n_pytest.outcomes.XFailed: aborted","time":{"start":1750556934008,"stop":1750556934008,"duration":0}},{"uid":"596d49f55b22640d","reportUrl":"../4183//#testresult/596d49f55b22640d","status":"passed","time":{"start":1750470626570,"stop":1750470821334,"duration":194764}},{"uid":"aa4638534cfbbccf","reportUrl":"../4177//#testresult/aa4638534cfbbccf","status":"skipped","statusDetails":"XFAIL aborted\n\n_pytest.outcomes.XFailed: aborted","time":{"start":1750384185735,"stop":1750384185735,"duration":0}}]},"tags":["asyncio","abort_on_fail"]},"source":"5d52d6695468b03a.json","parameterValues":["'/usr/bin/patroni'","'SIGKILL'"]}