[33mWARNING [0m juju.client.connection:connection.py:858 unexpected facade SSHServer received from the controller
[32mINFO    [0m pytest_operator.plugin:plugin.py:806 Connecting to existing model concierge-microk8s:testing on unspecified cloud
[33mWARNING [0m juju.client.connection:connection.py:858 unexpected facade SSHServer received from the controller
[33mWARNING [0m juju.client.connection:connection.py:858 unexpected facade SSHSession received from the controller
[33mWARNING [0m juju.client.connection:connection.py:858 unexpected facade SSHTunneler received from the controller
[33mWARNING [0m juju.client.connection:connection.py:858 unexpected facade SSHServer received from the controller
[33mWARNING [0m juju.client.connection:connection.py:858 unexpected facade SSHServer received from the controller
[32mINFO    [0m integration.test_backups_pitr_gcp:test_backups_pitr_gcp.py:58 deploying the next charms: s3-integrator, self-signed-certificates, postgresql
[32mINFO    [0m juju.model:__init__.py:2301 Deploying ch:amd64/jammy/s3-integrator-145
[32mINFO    [0m juju.model:__init__.py:2301 Deploying ch:amd64/jammy/self-signed-certificates-264
[32mINFO    [0m juju.model:__init__.py:2301 Deploying local:postgresql-k8s-0
[32mINFO    [0m integration.test_backups_pitr_gcp:test_backups_pitr_gcp.py:65 integrating self-signed-certificates with postgresql and waiting them to stabilize
[33mWARNING [0m juju.model:__init__.py:1683 relate is deprecated and will be removed. Use integrate instead.
[32mINFO    [0m juju.model:__init__.py:3254 Waiting for model:
  postgresql-k8s-gcp/0 [allocating] waiting: installing agent
  postgresql-k8s-gcp/1 [allocating] waiting: installing agent
  self-signed-certificates/0 [allocating] waiting: installing agent
[32mINFO    [0m juju.model:__init__.py:3254 Waiting for model:
  postgresql-k8s-gcp/0 [allocating] waiting: agent initialising
  postgresql-k8s-gcp/1 [allocating] waiting: agent initialising
[32mINFO    [0m juju.model:__init__.py:3254 Waiting for model:
  postgresql-k8s-gcp/0 [executing] unknown: 
  postgresql-k8s-gcp/1 [idle] waiting: awaiting for cluster to start
  self-signed-certificates/0 [idle] active: 
[32mINFO    [0m juju.model:__init__.py:3254 Waiting for model:
  postgresql-k8s-gcp/0 [executing] unknown: 
  postgresql-k8s-gcp/1 [executing] waiting: awaiting for primary endpoint to be ready
[32mINFO    [0m juju.model:__init__.py:3254 Waiting for model:
  postgresql-k8s-gcp/0 [idle] unknown: 
  postgresql-k8s-gcp/1 [idle] waiting: awaiting for primary endpoint to be ready
[32mINFO    [0m juju.model:__init__.py:3254 Waiting for model:
  postgresql-k8s-gcp/0 [idle] unknown: 
  postgresql-k8s-gcp/1 [executing] maintenance: Executing restart operation
  self-signed-certificates/0 [idle] active: 
[32mINFO    [0m juju.model:__init__.py:3254 Waiting for model:
  postgresql-k8s-gcp/0 [executing] waiting: awaiting for cluster to start
  postgresql-k8s-gcp/1 [idle] active: Primary (degraded)
[32mINFO    [0m juju.model:__init__.py:3254 Waiting for model:
  postgresql-k8s-gcp/0 [idle] waiting: awaiting for cluster to start
  postgresql-k8s-gcp/1 [idle] active: Primary (degraded)
[32mINFO    [0m juju.model:__init__.py:3254 Waiting for model:
  postgresql-k8s-gcp/0 [idle] waiting: awaiting for cluster to start
  postgresql-k8s-gcp/1 [idle] maintenance: reconfiguring cluster
[32mINFO    [0m juju.model:__init__.py:3254 Waiting for model:
  postgresql-k8s-gcp/0 [idle] waiting: awaiting for member to start
  postgresql-k8s-gcp/1 [idle] active: Primary
[32mINFO    [0m juju.model:__init__.py:3254 Waiting for model:
  postgresql-k8s-gcp/0 [idle] active: 
  postgresql-k8s-gcp/1 [idle] active: Primary
[32mINFO    [0m integration.test_backups_pitr_gcp:test_backups_pitr_gcp.py:80 configuring S3 integrator for gcp
[32mINFO    [0m integration.test_backups_pitr_gcp:test_backups_pitr_gcp.py:88 integrating s3-integrator with postgresql and waiting model to stabilize
[33mWARNING [0m juju.model:__init__.py:1683 relate is deprecated and will be removed. Use integrate instead.
[32mINFO    [0m juju.model:__init__.py:3254 Waiting for model:
  s3-integrator/0 [executing] active: 
  self-signed-certificates/0 [idle] active: 
  postgresql-k8s-gcp/0 [idle] active: 
  postgresql-k8s-gcp/1 [executing] active: Primary
[32mINFO    [0m juju.model:__init__.py:3254 Waiting for model:
  s3-integrator/0 [idle] active: 
  postgresql-k8s-gcp/0 [idle] active: 
  postgresql-k8s-gcp/1 [executing] maintenance: initialising stanza
[32mINFO    [0m integration.test_backups_pitr_gcp:test_backups_pitr_gcp.py:101 1: creating table
[32mINFO    [0m integration.test_backups_pitr_gcp:test_backups_pitr_gcp.py:104 1: creating backup b1
[32mINFO    [0m integration.conftest:conftest.py:54 deleting the previously created backups
[32mINFO    [0m pytest_operator.plugin:plugin.py:951 Model status:

Model    Controller          Cloud/Region        Version  SLA          Timestamp
testing  concierge-microk8s  microk8s/localhost  3.6.8    unsupported  01:38:23Z

App                       Version  Status   Scale  Charm                     Channel        Rev  Address         Exposed  Message
postgresql-k8s-gcp        14.18    waiting      2  postgresql-k8s                             0  10.152.183.246  no       installing agent
s3-integrator                      active       1  s3-integrator             latest/stable  145  10.152.183.171  no       
self-signed-certificates           active       1  self-signed-certificates  latest/stable  264  10.152.183.226  no       

Unit                         Workload     Agent  Address       Ports  Message
postgresql-k8s-gcp/0         maintenance  idle   10.1.130.140         creating backup
postgresql-k8s-gcp/1*        active       idle   10.1.130.141         Primary
s3-integrator/0*             active       idle   10.1.130.136         
self-signed-certificates/0*  active       idle   10.1.130.137         

[32mINFO    [0m pytest_operator.plugin:plugin.py:957 Juju error logs:

unit-postgresql-k8s-gcp-0: 01:38:19 ERROR unit.postgresql-k8s-gcp/0.juju-log non-zero exit code 101 executing ['pgbackrest', '--stanza=testing.patroni-postgresql-k8s-gcp', '--log-level-console=debug', '--type=full', 'backup']
Traceback (most recent call last):
  File "/var/lib/juju/agents/unit-postgresql-k8s-gcp-0/charm/src/backups.py", line 837, in _on_create_backup_action
    stdout, stderr = self._execute_command(command, stream=True)
  File "/var/lib/juju/agents/unit-postgresql-k8s-gcp-0/charm/lib/charms/tempo_coordinator_k8s/v0/charm_tracing.py", line 1116, in wrapped_function
    return callable(*args, **kwargs)  # type: ignore
  File "/var/lib/juju/agents/unit-postgresql-k8s-gcp-0/charm/src/backups.py", line 317, in _execute_command
    process.wait()
  File "/var/lib/juju/agents/unit-postgresql-k8s-gcp-0/charm/venv/lib/python3.10/site-packages/ops/pebble.py", line 1789, in wait
    raise ExecError(self._command, exit_code, None, None)
ops.pebble.ExecError: non-zero exit code 101 executing ['pgbackrest', '--stanza=testing.patroni-postgresql-k8s-gcp', '--log-level-console=debug', '--type=full', 'backup']
unit-postgresql-k8s-gcp-0: 01:38:19 ERROR unit.postgresql-k8s-gcp/0.juju-log Uncaught exception while in charm code:
Traceback (most recent call last):
  File "/var/lib/juju/agents/unit-postgresql-k8s-gcp-0/charm/src/backups.py", line 837, in _on_create_backup_action
    stdout, stderr = self._execute_command(command, stream=True)
  File "/var/lib/juju/agents/unit-postgresql-k8s-gcp-0/charm/lib/charms/tempo_coordinator_k8s/v0/charm_tracing.py", line 1116, in wrapped_function
    return callable(*args, **kwargs)  # type: ignore
  File "/var/lib/juju/agents/unit-postgresql-k8s-gcp-0/charm/src/backups.py", line 317, in _execute_command
    process.wait()
  File "/var/lib/juju/agents/unit-postgresql-k8s-gcp-0/charm/venv/lib/python3.10/site-packages/ops/pebble.py", line 1789, in wait
    raise ExecError(self._command, exit_code, None, None)
ops.pebble.ExecError: non-zero exit code 101 executing ['pgbackrest', '--stanza=testing.patroni-postgresql-k8s-gcp', '--log-level-console=debug', '--type=full', 'backup']

During handling of the above exception, another exception occurred:

Traceback (most recent call last):
  File "/var/lib/juju/agents/unit-postgresql-k8s-gcp-0/charm/src/charm.py", line 2561, in <module>
    main(PostgresqlOperatorCharm, use_juju_for_storage=True)
  File "/var/lib/juju/agents/unit-postgresql-k8s-gcp-0/charm/venv/lib/python3.10/site-packages/ops/__init__.py", line 356, in __call__
    return _main.main(charm_class=charm_class, use_juju_for_storage=use_juju_for_storage)
  File "/var/lib/juju/agents/unit-postgresql-k8s-gcp-0/charm/venv/lib/python3.10/site-packages/ops/_main.py", line 502, in main
    manager.run()
  File "/var/lib/juju/agents/unit-postgresql-k8s-gcp-0/charm/venv/lib/python3.10/site-packages/ops/_main.py", line 486, in run
    self._emit()
  File "/var/lib/juju/agents/unit-postgresql-k8s-gcp-0/charm/venv/lib/python3.10/site-packages/ops/_main.py", line 421, in _emit
    self._emit_charm_event(self.dispatcher.event_name)
  File "/var/lib/juju/agents/unit-postgresql-k8s-gcp-0/charm/venv/lib/python3.10/site-packages/ops/_main.py", line 465, in _emit_charm_event
    event_to_emit.emit(*args, **kwargs)
  File "/var/lib/juju/agents/unit-postgresql-k8s-gcp-0/charm/venv/lib/python3.10/site-packages/ops/framework.py", line 351, in emit
    framework._emit(event)
  File "/var/lib/juju/agents/unit-postgresql-k8s-gcp-0/charm/venv/lib/python3.10/site-packages/ops/framework.py", line 924, in _emit
    self._reemit(event_path)
  File "/var/lib/juju/agents/unit-postgresql-k8s-gcp-0/charm/venv/lib/python3.10/site-packages/ops/framework.py", line 1030, in _reemit
    custom_handler(event)
  File "/var/lib/juju/agents/unit-postgresql-k8s-gcp-0/charm/lib/charms/tempo_coordinator_k8s/v0/charm_tracing.py", line 1116, in wrapped_function
    return callable(*args, **kwargs)  # type: ignore
  File "/var/lib/juju/agents/unit-postgresql-k8s-gcp-0/charm/src/backups.py", line 843, in _on_create_backup_action
    backup_label_stdout_line = re.findall(
  File "/usr/lib/python3.10/re.py", line 240, in findall
    return _compile(pattern, flags).findall(string)
TypeError: expected string or bytes-like object

[32mINFO    [0m pytest_operator.plugin:plugin.py:1039 Forgetting model main...